ARM GAS  C:\Users\Xwx47\AppData\Local\Temp\ccKYbdoA.s 			page 1


   1              		.syntax unified
   2              		.cpu cortex-m0
   3              		.fpu softvfp
   4              		.eabi_attribute 20, 1
   5              		.eabi_attribute 21, 1
   6              		.eabi_attribute 23, 3
   7              		.eabi_attribute 24, 1
   8              		.eabi_attribute 25, 1
   9              		.eabi_attribute 26, 1
  10              		.eabi_attribute 30, 1
  11              		.eabi_attribute 34, 0
  12              		.eabi_attribute 18, 4
  13              		.thumb
  14              		.syntax unified
  15              		.file	"cyfitter_cfg.c"
  16              		.text
  17              	.Ltext0:
  18              		.cfi_sections	.debug_frame
  19              		.section	.text.CYMEMZERO,"ax",%progbits
  20              		.align	2
  21              		.code	16
  22              		.thumb_func
  23              		.type	CYMEMZERO, %function
  24              	CYMEMZERO:
  25              	.LFB0:
  26              		.file 1 "Generated_Source\\PSoC4\\cyfitter_cfg.c"
   1:Generated_Source\PSoC4/cyfitter_cfg.c **** 
   2:Generated_Source\PSoC4/cyfitter_cfg.c **** /*******************************************************************************
   3:Generated_Source\PSoC4/cyfitter_cfg.c **** * File Name: cyfitter_cfg.c
   4:Generated_Source\PSoC4/cyfitter_cfg.c **** * 
   5:Generated_Source\PSoC4/cyfitter_cfg.c **** * PSoC Creator  4.1 Update 1
   6:Generated_Source\PSoC4/cyfitter_cfg.c **** *
   7:Generated_Source\PSoC4/cyfitter_cfg.c **** * Description:
   8:Generated_Source\PSoC4/cyfitter_cfg.c **** * This file contains device initialization code.
   9:Generated_Source\PSoC4/cyfitter_cfg.c **** * Except for the user defined sections in CyClockStartupError(), this file should not be modified.
  10:Generated_Source\PSoC4/cyfitter_cfg.c **** * This file is automatically generated by PSoC Creator.
  11:Generated_Source\PSoC4/cyfitter_cfg.c **** *
  12:Generated_Source\PSoC4/cyfitter_cfg.c **** ********************************************************************************
  13:Generated_Source\PSoC4/cyfitter_cfg.c **** * Copyright (c) 2007-2017 Cypress Semiconductor.  All rights reserved.
  14:Generated_Source\PSoC4/cyfitter_cfg.c **** * You may use this file only in accordance with the license, terms, conditions, 
  15:Generated_Source\PSoC4/cyfitter_cfg.c **** * disclaimers, and limitations in the end user license agreement accompanying 
  16:Generated_Source\PSoC4/cyfitter_cfg.c **** * the software package with which this file was provided.
  17:Generated_Source\PSoC4/cyfitter_cfg.c **** ********************************************************************************/
  18:Generated_Source\PSoC4/cyfitter_cfg.c **** 
  19:Generated_Source\PSoC4/cyfitter_cfg.c **** #include <string.h>
  20:Generated_Source\PSoC4/cyfitter_cfg.c **** #include "cytypes.h"
  21:Generated_Source\PSoC4/cyfitter_cfg.c **** #include "cydevice_trm.h"
  22:Generated_Source\PSoC4/cyfitter_cfg.c **** #include "cyfitter.h"
  23:Generated_Source\PSoC4/cyfitter_cfg.c **** #include "CyLib.h"
  24:Generated_Source\PSoC4/cyfitter_cfg.c **** #include "CyLFClk.h"
  25:Generated_Source\PSoC4/cyfitter_cfg.c **** #include "cyfitter_cfg.h"
  26:Generated_Source\PSoC4/cyfitter_cfg.c **** #include "cyapicallbacks.h"
  27:Generated_Source\PSoC4/cyfitter_cfg.c **** 
  28:Generated_Source\PSoC4/cyfitter_cfg.c **** 
  29:Generated_Source\PSoC4/cyfitter_cfg.c **** #if defined(__GNUC__) || defined(__ARMCC_VERSION)
  30:Generated_Source\PSoC4/cyfitter_cfg.c ****     #define CYPACKED 
  31:Generated_Source\PSoC4/cyfitter_cfg.c ****     #define CYPACKED_ATTR __attribute__ ((packed))
ARM GAS  C:\Users\Xwx47\AppData\Local\Temp\ccKYbdoA.s 			page 2


  32:Generated_Source\PSoC4/cyfitter_cfg.c ****     #define CYALIGNED __attribute__ ((aligned))
  33:Generated_Source\PSoC4/cyfitter_cfg.c ****     #define CY_CFG_UNUSED __attribute__ ((unused))
  34:Generated_Source\PSoC4/cyfitter_cfg.c ****     #ifndef CY_CFG_SECTION
  35:Generated_Source\PSoC4/cyfitter_cfg.c ****         #define CY_CFG_SECTION __attribute__ ((section(".psocinit")))
  36:Generated_Source\PSoC4/cyfitter_cfg.c ****     #endif
  37:Generated_Source\PSoC4/cyfitter_cfg.c ****     
  38:Generated_Source\PSoC4/cyfitter_cfg.c ****     #if defined(__ARMCC_VERSION)
  39:Generated_Source\PSoC4/cyfitter_cfg.c ****         #define CY_CFG_MEMORY_BARRIER() __memory_changed()
  40:Generated_Source\PSoC4/cyfitter_cfg.c ****     #else
  41:Generated_Source\PSoC4/cyfitter_cfg.c ****         #define CY_CFG_MEMORY_BARRIER() __sync_synchronize()
  42:Generated_Source\PSoC4/cyfitter_cfg.c ****     #endif
  43:Generated_Source\PSoC4/cyfitter_cfg.c ****     
  44:Generated_Source\PSoC4/cyfitter_cfg.c **** #elif defined(__ICCARM__)
  45:Generated_Source\PSoC4/cyfitter_cfg.c ****     #include <intrinsics.h>
  46:Generated_Source\PSoC4/cyfitter_cfg.c **** 
  47:Generated_Source\PSoC4/cyfitter_cfg.c ****     #define CYPACKED __packed
  48:Generated_Source\PSoC4/cyfitter_cfg.c ****     #define CYPACKED_ATTR 
  49:Generated_Source\PSoC4/cyfitter_cfg.c ****     #define CYALIGNED _Pragma("data_alignment=4")
  50:Generated_Source\PSoC4/cyfitter_cfg.c ****     #define CY_CFG_UNUSED _Pragma("diag_suppress=Pe177")
  51:Generated_Source\PSoC4/cyfitter_cfg.c ****     #define CY_CFG_SECTION _Pragma("location=\".psocinit\"")
  52:Generated_Source\PSoC4/cyfitter_cfg.c ****     
  53:Generated_Source\PSoC4/cyfitter_cfg.c ****     #define CY_CFG_MEMORY_BARRIER() __DMB()
  54:Generated_Source\PSoC4/cyfitter_cfg.c ****     
  55:Generated_Source\PSoC4/cyfitter_cfg.c **** #else
  56:Generated_Source\PSoC4/cyfitter_cfg.c ****     #error Unsupported toolchain
  57:Generated_Source\PSoC4/cyfitter_cfg.c **** #endif
  58:Generated_Source\PSoC4/cyfitter_cfg.c **** 
  59:Generated_Source\PSoC4/cyfitter_cfg.c **** #ifndef CYCODE
  60:Generated_Source\PSoC4/cyfitter_cfg.c ****     #define CYCODE
  61:Generated_Source\PSoC4/cyfitter_cfg.c **** #endif
  62:Generated_Source\PSoC4/cyfitter_cfg.c **** #ifndef CYDATA
  63:Generated_Source\PSoC4/cyfitter_cfg.c ****     #define CYDATA
  64:Generated_Source\PSoC4/cyfitter_cfg.c **** #endif
  65:Generated_Source\PSoC4/cyfitter_cfg.c **** #ifndef CYFAR
  66:Generated_Source\PSoC4/cyfitter_cfg.c ****     #define CYFAR
  67:Generated_Source\PSoC4/cyfitter_cfg.c **** #endif
  68:Generated_Source\PSoC4/cyfitter_cfg.c **** #ifndef CYXDATA
  69:Generated_Source\PSoC4/cyfitter_cfg.c ****     #define CYXDATA
  70:Generated_Source\PSoC4/cyfitter_cfg.c **** #endif
  71:Generated_Source\PSoC4/cyfitter_cfg.c **** 
  72:Generated_Source\PSoC4/cyfitter_cfg.c **** 
  73:Generated_Source\PSoC4/cyfitter_cfg.c **** CY_CFG_UNUSED
  74:Generated_Source\PSoC4/cyfitter_cfg.c **** static void CYMEMZERO(void *s, size_t n);
  75:Generated_Source\PSoC4/cyfitter_cfg.c **** CY_CFG_UNUSED
  76:Generated_Source\PSoC4/cyfitter_cfg.c **** static void CYMEMZERO(void *s, size_t n)
  77:Generated_Source\PSoC4/cyfitter_cfg.c **** {
  27              		.loc 1 77 0
  28              		.cfi_startproc
  29              		@ args = 0, pretend = 0, frame = 0
  30              		@ frame_needed = 0, uses_anonymous_args = 0
  31              	.LVL0:
  32 0000 10B5     		push	{r4, lr}
  33              		.cfi_def_cfa_offset 8
  34              		.cfi_offset 4, -8
  35              		.cfi_offset 14, -4
  36 0002 0A00     		movs	r2, r1
  78:Generated_Source\PSoC4/cyfitter_cfg.c **** 	(void)memset(s, 0, n);
ARM GAS  C:\Users\Xwx47\AppData\Local\Temp\ccKYbdoA.s 			page 3


  37              		.loc 1 78 0
  38 0004 0021     		movs	r1, #0
  39              	.LVL1:
  40 0006 FFF7FEFF 		bl	memset
  41              	.LVL2:
  79:Generated_Source\PSoC4/cyfitter_cfg.c **** }
  42              		.loc 1 79 0
  43              		@ sp needed
  44 000a 10BD     		pop	{r4, pc}
  45              		.cfi_endproc
  46              	.LFE0:
  47              		.size	CYMEMZERO, .-CYMEMZERO
  48              		.section	.psocinit,"ax",%progbits
  49              		.align	2
  50              		.code	16
  51              		.thumb_func
  52              		.type	ClockSetup, %function
  53              	ClockSetup:
  54              	.LFB3:
  80:Generated_Source\PSoC4/cyfitter_cfg.c **** CY_CFG_UNUSED
  81:Generated_Source\PSoC4/cyfitter_cfg.c **** static void CYCONFIGCPY(void *dest, const void *src, size_t n);
  82:Generated_Source\PSoC4/cyfitter_cfg.c **** CY_CFG_UNUSED
  83:Generated_Source\PSoC4/cyfitter_cfg.c **** static void CYCONFIGCPY(void *dest, const void *src, size_t n)
  84:Generated_Source\PSoC4/cyfitter_cfg.c **** {
  85:Generated_Source\PSoC4/cyfitter_cfg.c **** 	(void)memcpy(dest, src, n);
  86:Generated_Source\PSoC4/cyfitter_cfg.c **** }
  87:Generated_Source\PSoC4/cyfitter_cfg.c **** CY_CFG_UNUSED
  88:Generated_Source\PSoC4/cyfitter_cfg.c **** static void CYCONFIGCPYCODE(void *dest, const void *src, size_t n);
  89:Generated_Source\PSoC4/cyfitter_cfg.c **** CY_CFG_UNUSED
  90:Generated_Source\PSoC4/cyfitter_cfg.c **** static void CYCONFIGCPYCODE(void *dest, const void *src, size_t n)
  91:Generated_Source\PSoC4/cyfitter_cfg.c **** {
  92:Generated_Source\PSoC4/cyfitter_cfg.c **** 	(void)memcpy(dest, src, n);
  93:Generated_Source\PSoC4/cyfitter_cfg.c **** }
  94:Generated_Source\PSoC4/cyfitter_cfg.c **** 
  95:Generated_Source\PSoC4/cyfitter_cfg.c **** 
  96:Generated_Source\PSoC4/cyfitter_cfg.c **** 
  97:Generated_Source\PSoC4/cyfitter_cfg.c **** 
  98:Generated_Source\PSoC4/cyfitter_cfg.c **** /* Clock startup error codes                                                   */
  99:Generated_Source\PSoC4/cyfitter_cfg.c **** #define CYCLOCKSTART_NO_ERROR    0u
 100:Generated_Source\PSoC4/cyfitter_cfg.c **** #define CYCLOCKSTART_XTAL_ERROR  1u
 101:Generated_Source\PSoC4/cyfitter_cfg.c **** #define CYCLOCKSTART_32KHZ_ERROR 2u
 102:Generated_Source\PSoC4/cyfitter_cfg.c **** #define CYCLOCKSTART_PLL_ERROR   3u
 103:Generated_Source\PSoC4/cyfitter_cfg.c **** #define CYCLOCKSTART_FLL_ERROR   4u
 104:Generated_Source\PSoC4/cyfitter_cfg.c **** 
 105:Generated_Source\PSoC4/cyfitter_cfg.c **** 
 106:Generated_Source\PSoC4/cyfitter_cfg.c **** #ifdef CY_NEED_CYCLOCKSTARTUPERROR
 107:Generated_Source\PSoC4/cyfitter_cfg.c **** /*******************************************************************************
 108:Generated_Source\PSoC4/cyfitter_cfg.c **** * Function Name: CyClockStartupError
 109:Generated_Source\PSoC4/cyfitter_cfg.c **** ********************************************************************************
 110:Generated_Source\PSoC4/cyfitter_cfg.c **** * Summary:
 111:Generated_Source\PSoC4/cyfitter_cfg.c **** *  If an error is encountered during clock configuration (crystal startup error,
 112:Generated_Source\PSoC4/cyfitter_cfg.c **** *  PLL lock error, etc.), the system will end up here.  Unless reimplemented by
 113:Generated_Source\PSoC4/cyfitter_cfg.c **** *  the customer, this function will stop in an infinite loop.
 114:Generated_Source\PSoC4/cyfitter_cfg.c **** *
 115:Generated_Source\PSoC4/cyfitter_cfg.c **** * Parameters:
 116:Generated_Source\PSoC4/cyfitter_cfg.c **** *   void
 117:Generated_Source\PSoC4/cyfitter_cfg.c **** *
ARM GAS  C:\Users\Xwx47\AppData\Local\Temp\ccKYbdoA.s 			page 4


 118:Generated_Source\PSoC4/cyfitter_cfg.c **** * Return:
 119:Generated_Source\PSoC4/cyfitter_cfg.c **** *   void
 120:Generated_Source\PSoC4/cyfitter_cfg.c **** *
 121:Generated_Source\PSoC4/cyfitter_cfg.c **** *******************************************************************************/
 122:Generated_Source\PSoC4/cyfitter_cfg.c **** CY_CFG_UNUSED
 123:Generated_Source\PSoC4/cyfitter_cfg.c **** static void CyClockStartupError(uint8 errorCode);
 124:Generated_Source\PSoC4/cyfitter_cfg.c **** CY_CFG_UNUSED
 125:Generated_Source\PSoC4/cyfitter_cfg.c **** static void CyClockStartupError(uint8 errorCode)
 126:Generated_Source\PSoC4/cyfitter_cfg.c **** {
 127:Generated_Source\PSoC4/cyfitter_cfg.c ****     /* To remove the compiler warning if errorCode not used. */
 128:Generated_Source\PSoC4/cyfitter_cfg.c **** #if defined(CY_PSOC3) && (CY_PSOC3)
 129:Generated_Source\PSoC4/cyfitter_cfg.c ****     errorCode = errorCode;
 130:Generated_Source\PSoC4/cyfitter_cfg.c **** #else
 131:Generated_Source\PSoC4/cyfitter_cfg.c ****     (void)errorCode;
 132:Generated_Source\PSoC4/cyfitter_cfg.c **** #endif /* CY_PSOC3 */
 133:Generated_Source\PSoC4/cyfitter_cfg.c **** 
 134:Generated_Source\PSoC4/cyfitter_cfg.c ****     /* If we have a clock startup error (bad MHz crystal, PLL lock, etc.),  */
 135:Generated_Source\PSoC4/cyfitter_cfg.c ****     /* we will end up here to allow the customer to implement something to  */
 136:Generated_Source\PSoC4/cyfitter_cfg.c ****     /* deal with the clock condition.                                       */
 137:Generated_Source\PSoC4/cyfitter_cfg.c **** 
 138:Generated_Source\PSoC4/cyfitter_cfg.c **** #ifdef CY_CFG_CLOCK_STARTUP_ERROR_CALLBACK
 139:Generated_Source\PSoC4/cyfitter_cfg.c ****     CY_CFG_Clock_Startup_ErrorCallback();
 140:Generated_Source\PSoC4/cyfitter_cfg.c **** #else
 141:Generated_Source\PSoC4/cyfitter_cfg.c ****     /*  If not using CY_CFG_CLOCK_STARTUP_ERROR_CALLBACK, place your clock startup code here. */
 142:Generated_Source\PSoC4/cyfitter_cfg.c ****     /* `#START CyClockStartupError` */
 143:Generated_Source\PSoC4/cyfitter_cfg.c **** 
 144:Generated_Source\PSoC4/cyfitter_cfg.c **** 
 145:Generated_Source\PSoC4/cyfitter_cfg.c **** 
 146:Generated_Source\PSoC4/cyfitter_cfg.c ****     /* `#END` */
 147:Generated_Source\PSoC4/cyfitter_cfg.c **** 
 148:Generated_Source\PSoC4/cyfitter_cfg.c ****     while(1) {}
 149:Generated_Source\PSoC4/cyfitter_cfg.c **** #endif /* CY_CFG_CLOCK_STARTUP_ERROR_CALLBACK */
 150:Generated_Source\PSoC4/cyfitter_cfg.c **** }
 151:Generated_Source\PSoC4/cyfitter_cfg.c **** #endif
 152:Generated_Source\PSoC4/cyfitter_cfg.c **** 
 153:Generated_Source\PSoC4/cyfitter_cfg.c **** 
 154:Generated_Source\PSoC4/cyfitter_cfg.c **** 
 155:Generated_Source\PSoC4/cyfitter_cfg.c **** /*******************************************************************************
 156:Generated_Source\PSoC4/cyfitter_cfg.c **** * Function Name: ClockSetup
 157:Generated_Source\PSoC4/cyfitter_cfg.c **** ********************************************************************************
 158:Generated_Source\PSoC4/cyfitter_cfg.c **** *
 159:Generated_Source\PSoC4/cyfitter_cfg.c **** * Summary:
 160:Generated_Source\PSoC4/cyfitter_cfg.c **** *   Performs the initialization of all of the clocks in the device based on the
 161:Generated_Source\PSoC4/cyfitter_cfg.c **** *   settings in the Clock tab of the DWR.  This includes enabling the requested
 162:Generated_Source\PSoC4/cyfitter_cfg.c **** *   clocks and setting the necessary dividers to produce the desired frequency. 
 163:Generated_Source\PSoC4/cyfitter_cfg.c **** *
 164:Generated_Source\PSoC4/cyfitter_cfg.c **** * Parameters:
 165:Generated_Source\PSoC4/cyfitter_cfg.c **** *   void
 166:Generated_Source\PSoC4/cyfitter_cfg.c **** *
 167:Generated_Source\PSoC4/cyfitter_cfg.c **** * Return:
 168:Generated_Source\PSoC4/cyfitter_cfg.c **** *   void
 169:Generated_Source\PSoC4/cyfitter_cfg.c **** *
 170:Generated_Source\PSoC4/cyfitter_cfg.c **** *******************************************************************************/
 171:Generated_Source\PSoC4/cyfitter_cfg.c **** static void ClockSetup(void);
 172:Generated_Source\PSoC4/cyfitter_cfg.c **** CY_CFG_SECTION
 173:Generated_Source\PSoC4/cyfitter_cfg.c **** static void ClockSetup(void)
 174:Generated_Source\PSoC4/cyfitter_cfg.c **** {
ARM GAS  C:\Users\Xwx47\AppData\Local\Temp\ccKYbdoA.s 			page 5


  55              		.loc 1 174 0
  56              		.cfi_startproc
  57              		@ args = 0, pretend = 0, frame = 0
  58              		@ frame_needed = 0, uses_anonymous_args = 0
  59 0000 70B5     		push	{r4, r5, r6, lr}
  60              		.cfi_def_cfa_offset 16
  61              		.cfi_offset 4, -16
  62              		.cfi_offset 5, -12
  63              		.cfi_offset 6, -8
  64              		.cfi_offset 14, -4
 175:Generated_Source\PSoC4/cyfitter_cfg.c **** 	/* Enable HALF_EN before trimming for the flash accelerator. */
 176:Generated_Source\PSoC4/cyfitter_cfg.c **** 	CY_SET_REG32((void CYXDATA *)(CYREG_CLK_SELECT), (CY_GET_REG32((void *)CYREG_CLK_SELECT) | 0x00040
  65              		.loc 1 176 0
  66 0002 134C     		ldr	r4, .L3
  67 0004 2368     		ldr	r3, [r4]
  68 0006 8022     		movs	r2, #128
  69 0008 D202     		lsls	r2, r2, #11
  70 000a 1343     		orrs	r3, r2
  71 000c 2360     		str	r3, [r4]
 177:Generated_Source\PSoC4/cyfitter_cfg.c **** 
 178:Generated_Source\PSoC4/cyfitter_cfg.c **** 	/* Setup and trim IMO based on desired frequency. */
 179:Generated_Source\PSoC4/cyfitter_cfg.c **** 	CySysClkWriteImoFreq(24u);
  72              		.loc 1 179 0
  73 000e 1820     		movs	r0, #24
  74 0010 FFF7FEFF 		bl	CySysClkWriteImoFreq
  75              	.LVL3:
 180:Generated_Source\PSoC4/cyfitter_cfg.c **** 
 181:Generated_Source\PSoC4/cyfitter_cfg.c **** 	/* Disable HALF_EN since it is not required at this IMO frequency. */
 182:Generated_Source\PSoC4/cyfitter_cfg.c **** 	CY_SET_REG32((void CYXDATA *)(CYREG_CLK_SELECT), (CY_GET_REG32((void *)CYREG_CLK_SELECT) & 0xFFFBF
  76              		.loc 1 182 0
  77 0014 2268     		ldr	r2, [r4]
  78 0016 0F4B     		ldr	r3, .L3+4
  79 0018 1340     		ands	r3, r2
  80 001a 2360     		str	r3, [r4]
 183:Generated_Source\PSoC4/cyfitter_cfg.c **** 	/* CYDEV_CLK_ILO_CONFIG Starting address: CYDEV_CLK_ILO_CONFIG */
 184:Generated_Source\PSoC4/cyfitter_cfg.c **** 	CY_SET_REG32((void *)(CYREG_CLK_ILO_CONFIG), 0x80000006u);
  81              		.loc 1 184 0
  82 001c 0E4A     		ldr	r2, .L3+8
  83 001e 0F4B     		ldr	r3, .L3+12
  84 0020 1A60     		str	r2, [r3]
 185:Generated_Source\PSoC4/cyfitter_cfg.c **** 
 186:Generated_Source\PSoC4/cyfitter_cfg.c **** 
 187:Generated_Source\PSoC4/cyfitter_cfg.c **** 	/* CYDEV_CLK_SELECT00 Starting address: CYDEV_CLK_SELECT00 */
 188:Generated_Source\PSoC4/cyfitter_cfg.c **** 	CY_SET_REG32((void *)(CYREG_CLK_SELECT02), 0x00000010u);
  85              		.loc 1 188 0
  86 0022 1022     		movs	r2, #16
  87 0024 0E4B     		ldr	r3, .L3+16
  88 0026 1A60     		str	r2, [r3]
 189:Generated_Source\PSoC4/cyfitter_cfg.c **** 
 190:Generated_Source\PSoC4/cyfitter_cfg.c **** 	/* CYDEV_CLK_IMO_CONFIG Starting address: CYDEV_CLK_IMO_CONFIG */
 191:Generated_Source\PSoC4/cyfitter_cfg.c **** 	CY_SET_REG32((void *)(CYREG_CLK_IMO_CONFIG), 0x80000000u);
  89              		.loc 1 191 0
  90 0028 8022     		movs	r2, #128
  91 002a 1206     		lsls	r2, r2, #24
  92 002c 0D4B     		ldr	r3, .L3+20
  93 002e 1A60     		str	r2, [r3]
 192:Generated_Source\PSoC4/cyfitter_cfg.c **** 
ARM GAS  C:\Users\Xwx47\AppData\Local\Temp\ccKYbdoA.s 			page 6


 193:Generated_Source\PSoC4/cyfitter_cfg.c **** 	/* CYDEV_CLK_SELECT Starting address: CYDEV_CLK_SELECT */
 194:Generated_Source\PSoC4/cyfitter_cfg.c **** 	CY_SET_REG32((void *)(CYREG_CLK_SELECT), 0x00000000u);
  94              		.loc 1 194 0
  95 0030 0025     		movs	r5, #0
  96 0032 2560     		str	r5, [r4]
 195:Generated_Source\PSoC4/cyfitter_cfg.c **** 
 196:Generated_Source\PSoC4/cyfitter_cfg.c **** 	/* CYDEV_CLK_DIVIDER_A00 Starting address: CYDEV_CLK_DIVIDER_A00 */
 197:Generated_Source\PSoC4/cyfitter_cfg.c **** 	CY_SET_REG32((void *)(CYREG_CLK_DIVIDER_A00), 0x80000001u);
  97              		.loc 1 197 0
  98 0034 0C4A     		ldr	r2, .L3+24
  99 0036 0D4B     		ldr	r3, .L3+28
 100 0038 1A60     		str	r2, [r3]
 198:Generated_Source\PSoC4/cyfitter_cfg.c **** 
 199:Generated_Source\PSoC4/cyfitter_cfg.c **** 	(void)CyIntSetVector(9u, &CySysWdtIsr);
 101              		.loc 1 199 0
 102 003a 0D49     		ldr	r1, .L3+32
 103 003c 0920     		movs	r0, #9
 104 003e FFF7FEFF 		bl	CyIntSetVector
 105              	.LVL4:
 200:Generated_Source\PSoC4/cyfitter_cfg.c **** 	CyIntEnable(9u);
 106              		.loc 1 200 0
 107 0042 0920     		movs	r0, #9
 108 0044 FFF7FEFF 		bl	CyIntEnable
 109              	.LVL5:
 201:Generated_Source\PSoC4/cyfitter_cfg.c **** 	CY_SET_REG32((void *)(CYREG_WDT_CONFIG), 0x00000000u);
 110              		.loc 1 201 0
 111 0048 0A4B     		ldr	r3, .L3+36
 112 004a 1D60     		str	r5, [r3]
 202:Generated_Source\PSoC4/cyfitter_cfg.c **** }
 113              		.loc 1 202 0
 114              		@ sp needed
 115 004c 70BD     		pop	{r4, r5, r6, pc}
 116              	.L4:
 117 004e C046     		.align	2
 118              	.L3:
 119 0050 00010B40 		.word	1074462976
 120 0054 FFFFFBFF 		.word	-262145
 121 0058 06000080 		.word	-2147483642
 122 005c 04010B40 		.word	1074462980
 123 0060 08020240 		.word	1073873416
 124 0064 08010B40 		.word	1074462984
 125 0068 01000080 		.word	-2147483647
 126 006c 00000240 		.word	1073872896
 127 0070 00000000 		.word	CySysWdtIsr
 128 0074 0C020B40 		.word	1074463244
 129              		.cfi_endproc
 130              	.LFE3:
 131              		.size	ClockSetup, .-ClockSetup
 132              		.align	2
 133              		.global	cyfitter_cfg
 134              		.code	16
 135              		.thumb_func
 136              		.type	cyfitter_cfg, %function
 137              	cyfitter_cfg:
 138              	.LFB5:
 203:Generated_Source\PSoC4/cyfitter_cfg.c **** 
 204:Generated_Source\PSoC4/cyfitter_cfg.c **** 
ARM GAS  C:\Users\Xwx47\AppData\Local\Temp\ccKYbdoA.s 			page 7


 205:Generated_Source\PSoC4/cyfitter_cfg.c **** /* Analog API Functions */
 206:Generated_Source\PSoC4/cyfitter_cfg.c **** 
 207:Generated_Source\PSoC4/cyfitter_cfg.c **** 
 208:Generated_Source\PSoC4/cyfitter_cfg.c **** /*******************************************************************************
 209:Generated_Source\PSoC4/cyfitter_cfg.c **** * Function Name: AnalogSetDefault
 210:Generated_Source\PSoC4/cyfitter_cfg.c **** ********************************************************************************
 211:Generated_Source\PSoC4/cyfitter_cfg.c **** *
 212:Generated_Source\PSoC4/cyfitter_cfg.c **** * Summary:
 213:Generated_Source\PSoC4/cyfitter_cfg.c **** *  Sets up the analog portions of the chip to default values based on chip
 214:Generated_Source\PSoC4/cyfitter_cfg.c **** *  configuration options from the project.
 215:Generated_Source\PSoC4/cyfitter_cfg.c **** *
 216:Generated_Source\PSoC4/cyfitter_cfg.c **** * Parameters:
 217:Generated_Source\PSoC4/cyfitter_cfg.c **** *  void
 218:Generated_Source\PSoC4/cyfitter_cfg.c **** *
 219:Generated_Source\PSoC4/cyfitter_cfg.c **** * Return:
 220:Generated_Source\PSoC4/cyfitter_cfg.c **** *  void
 221:Generated_Source\PSoC4/cyfitter_cfg.c **** *
 222:Generated_Source\PSoC4/cyfitter_cfg.c **** *******************************************************************************/
 223:Generated_Source\PSoC4/cyfitter_cfg.c **** static void AnalogSetDefault(void);
 224:Generated_Source\PSoC4/cyfitter_cfg.c **** static void AnalogSetDefault(void)
 225:Generated_Source\PSoC4/cyfitter_cfg.c **** {
 226:Generated_Source\PSoC4/cyfitter_cfg.c **** }
 227:Generated_Source\PSoC4/cyfitter_cfg.c **** 
 228:Generated_Source\PSoC4/cyfitter_cfg.c **** 
 229:Generated_Source\PSoC4/cyfitter_cfg.c **** 
 230:Generated_Source\PSoC4/cyfitter_cfg.c **** 
 231:Generated_Source\PSoC4/cyfitter_cfg.c **** /*******************************************************************************
 232:Generated_Source\PSoC4/cyfitter_cfg.c **** * Function Name: cyfitter_cfg
 233:Generated_Source\PSoC4/cyfitter_cfg.c **** ********************************************************************************
 234:Generated_Source\PSoC4/cyfitter_cfg.c **** * Summary:
 235:Generated_Source\PSoC4/cyfitter_cfg.c **** *  This function is called by the start-up code for the selected device. It
 236:Generated_Source\PSoC4/cyfitter_cfg.c **** *  performs all of the necessary device configuration based on the design
 237:Generated_Source\PSoC4/cyfitter_cfg.c **** *  settings.  This includes settings from the Design Wide Resources (DWR) such
 238:Generated_Source\PSoC4/cyfitter_cfg.c **** *  as Clocks and Pins as well as any component configuration that is necessary.
 239:Generated_Source\PSoC4/cyfitter_cfg.c **** *
 240:Generated_Source\PSoC4/cyfitter_cfg.c **** * Parameters:
 241:Generated_Source\PSoC4/cyfitter_cfg.c **** *   void
 242:Generated_Source\PSoC4/cyfitter_cfg.c **** *
 243:Generated_Source\PSoC4/cyfitter_cfg.c **** * Return:
 244:Generated_Source\PSoC4/cyfitter_cfg.c **** *   void
 245:Generated_Source\PSoC4/cyfitter_cfg.c **** *
 246:Generated_Source\PSoC4/cyfitter_cfg.c **** *******************************************************************************/
 247:Generated_Source\PSoC4/cyfitter_cfg.c **** CY_CFG_SECTION
 248:Generated_Source\PSoC4/cyfitter_cfg.c **** void cyfitter_cfg(void)
 249:Generated_Source\PSoC4/cyfitter_cfg.c **** {
 139              		.loc 1 249 0
 140              		.cfi_startproc
 141              		@ args = 0, pretend = 0, frame = 0
 142              		@ frame_needed = 0, uses_anonymous_args = 0
 143 0078 10B5     		push	{r4, lr}
 144              		.cfi_def_cfa_offset 8
 145              		.cfi_offset 4, -8
 146              		.cfi_offset 14, -4
 250:Generated_Source\PSoC4/cyfitter_cfg.c **** 	/* Disable interrupts by default. Let user enable if/when they want. */
 251:Generated_Source\PSoC4/cyfitter_cfg.c **** 	CyGlobalIntDisable;
 147              		.loc 1 251 0
 148              		.syntax divided
ARM GAS  C:\Users\Xwx47\AppData\Local\Temp\ccKYbdoA.s 			page 8


 149              	@ 251 "Generated_Source\PSoC4\cyfitter_cfg.c" 1
 150 007a 72B6     		CPSID   i
 151              	@ 0 "" 2
 152              	.LVL6:
 153              		.thumb
 154              		.syntax unified
 155              	.LBB2:
 252:Generated_Source\PSoC4/cyfitter_cfg.c **** 
 253:Generated_Source\PSoC4/cyfitter_cfg.c **** 	{
 254:Generated_Source\PSoC4/cyfitter_cfg.c **** 
 255:Generated_Source\PSoC4/cyfitter_cfg.c **** 		CYPACKED typedef struct {
 256:Generated_Source\PSoC4/cyfitter_cfg.c **** 			void CYFAR *address;
 257:Generated_Source\PSoC4/cyfitter_cfg.c **** 			uint16 size;
 258:Generated_Source\PSoC4/cyfitter_cfg.c **** 		} CYPACKED_ATTR cfg_memset_t;
 259:Generated_Source\PSoC4/cyfitter_cfg.c **** 
 260:Generated_Source\PSoC4/cyfitter_cfg.c **** 		static const cfg_memset_t CYCODE cfg_memset_list[] = {
 261:Generated_Source\PSoC4/cyfitter_cfg.c **** 			/* address, size */
 262:Generated_Source\PSoC4/cyfitter_cfg.c **** 			{(void CYFAR *)(CYDEV_UDB_P0_U0_BASE), 1024u},
 263:Generated_Source\PSoC4/cyfitter_cfg.c **** 			{(void CYFAR *)(CYDEV_UDB_DSI0_BASE), 1024u},
 264:Generated_Source\PSoC4/cyfitter_cfg.c **** 		};
 265:Generated_Source\PSoC4/cyfitter_cfg.c **** 
 266:Generated_Source\PSoC4/cyfitter_cfg.c **** 		uint8 CYDATA i;
 267:Generated_Source\PSoC4/cyfitter_cfg.c **** 
 268:Generated_Source\PSoC4/cyfitter_cfg.c **** 		/* Zero out critical memory blocks before beginning configuration */
 269:Generated_Source\PSoC4/cyfitter_cfg.c **** 		for (i = 0u; i < (sizeof(cfg_memset_list)/sizeof(cfg_memset_list[0])); i++)
 156              		.loc 1 269 0
 157 007c 0024     		movs	r4, #0
 158 007e 0FE0     		b	.L6
 159              	.LVL7:
 160              	.L7:
 161              	.LBB3:
 270:Generated_Source\PSoC4/cyfitter_cfg.c **** 		{
 271:Generated_Source\PSoC4/cyfitter_cfg.c **** 			const cfg_memset_t CYCODE * CYDATA ms = &cfg_memset_list[i];
 272:Generated_Source\PSoC4/cyfitter_cfg.c **** 			CYMEMZERO(ms->address, (size_t)(uint32)(ms->size));
 162              		.loc 1 272 0 discriminator 3
 163 0080 1C48     		ldr	r0, .L8
 164 0082 6200     		lsls	r2, r4, #1
 165 0084 1319     		adds	r3, r2, r4
 166 0086 5900     		lsls	r1, r3, #1
 167 0088 0B00     		movs	r3, r1
 168 008a 4118     		adds	r1, r0, r1
 169 008c 8988     		ldrh	r1, [r1, #4]
 170 008e 1A5A     		ldrh	r2, [r3, r0]
 171 0090 C318     		adds	r3, r0, r3
 172 0092 5888     		ldrh	r0, [r3, #2]
 173 0094 0004     		lsls	r0, r0, #16
 174 0096 1043     		orrs	r0, r2
 175 0098 FFF7FEFF 		bl	CYMEMZERO
 176              	.LVL8:
 177              	.LBE3:
 269:Generated_Source\PSoC4/cyfitter_cfg.c **** 		{
 178              		.loc 1 269 0 discriminator 3
 179 009c 0134     		adds	r4, r4, #1
 180              	.LVL9:
 181 009e E4B2     		uxtb	r4, r4
 182              	.LVL10:
 183              	.L6:
ARM GAS  C:\Users\Xwx47\AppData\Local\Temp\ccKYbdoA.s 			page 9


 269:Generated_Source\PSoC4/cyfitter_cfg.c **** 		{
 184              		.loc 1 269 0 is_stmt 0 discriminator 1
 185 00a0 012C     		cmp	r4, #1
 186 00a2 EDD9     		bls	.L7
 273:Generated_Source\PSoC4/cyfitter_cfg.c **** 		}
 274:Generated_Source\PSoC4/cyfitter_cfg.c **** 
 275:Generated_Source\PSoC4/cyfitter_cfg.c **** 		/* HSIOM Starting address: CYDEV_HSIOM_BASE */
 276:Generated_Source\PSoC4/cyfitter_cfg.c **** 		CY_SET_REG32((void *)(CYREG_HSIOM_PORT_SEL3), 0x0000EE00u);
 187              		.loc 1 276 0 is_stmt 1
 188 00a4 EE22     		movs	r2, #238
 189 00a6 1202     		lsls	r2, r2, #8
 190 00a8 134B     		ldr	r3, .L8+4
 191 00aa 1A60     		str	r2, [r3]
 277:Generated_Source\PSoC4/cyfitter_cfg.c **** 		CY_SET_REG32((void *)(CYREG_HSIOM_PORT_SEL4), 0x00000FFFu);
 192              		.loc 1 277 0
 193 00ac 134A     		ldr	r2, .L8+8
 194 00ae 144B     		ldr	r3, .L8+12
 195 00b0 1A60     		str	r2, [r3]
 278:Generated_Source\PSoC4/cyfitter_cfg.c **** 
 279:Generated_Source\PSoC4/cyfitter_cfg.c **** 		/* UDB_PA_0 Starting address: CYDEV_UDB_PA0_BASE */
 280:Generated_Source\PSoC4/cyfitter_cfg.c **** 		CY_SET_REG32((void *)(CYDEV_UDB_PA0_BASE), 0x00990000u);
 196              		.loc 1 280 0
 197 00b2 9923     		movs	r3, #153
 198 00b4 1B04     		lsls	r3, r3, #16
 199 00b6 134A     		ldr	r2, .L8+16
 200 00b8 1360     		str	r3, [r2]
 281:Generated_Source\PSoC4/cyfitter_cfg.c **** 
 282:Generated_Source\PSoC4/cyfitter_cfg.c **** 		/* UDB_PA_3 Starting address: CYDEV_UDB_PA3_BASE */
 283:Generated_Source\PSoC4/cyfitter_cfg.c **** 		CY_SET_REG32((void *)(CYDEV_UDB_PA3_BASE), 0x00990000u);
 201              		.loc 1 283 0
 202 00ba 134A     		ldr	r2, .L8+20
 203 00bc 1360     		str	r3, [r2]
 284:Generated_Source\PSoC4/cyfitter_cfg.c **** 
 285:Generated_Source\PSoC4/cyfitter_cfg.c **** 		/* Enable digital routing */
 286:Generated_Source\PSoC4/cyfitter_cfg.c **** 		CY_SET_XTND_REG8((void *)CYREG_UDB_UDBIF_BANK_CTL, (uint8)(CY_GET_XTND_REG8((void *)CYREG_UDB_UDB
 204              		.loc 1 286 0
 205 00be 134A     		ldr	r2, .L8+24
 206 00c0 1178     		ldrb	r1, [r2]
 207 00c2 0623     		movs	r3, #6
 208 00c4 0B43     		orrs	r3, r1
 209 00c6 DBB2     		uxtb	r3, r3
 210 00c8 1370     		strb	r3, [r2]
 211              	.LBE2:
 287:Generated_Source\PSoC4/cyfitter_cfg.c **** 	}
 288:Generated_Source\PSoC4/cyfitter_cfg.c **** 
 289:Generated_Source\PSoC4/cyfitter_cfg.c **** 	/* Perform second pass device configuration. These items must be configured in specific order afte
 290:Generated_Source\PSoC4/cyfitter_cfg.c **** 	/* IOPINS0_0 Starting address: CYDEV_PRT0_BASE */
 291:Generated_Source\PSoC4/cyfitter_cfg.c **** 	CY_SET_REG32((void *)(CYDEV_PRT0_BASE), 0x00000005u);
 212              		.loc 1 291 0
 213 00ca 0523     		movs	r3, #5
 214 00cc 104A     		ldr	r2, .L8+28
 215 00ce 1360     		str	r3, [r2]
 292:Generated_Source\PSoC4/cyfitter_cfg.c **** 	CY_SET_REG32((void *)(CYREG_PRT0_PC), 0x00006DB2u);
 216              		.loc 1 292 0
 217 00d0 1049     		ldr	r1, .L8+32
 218 00d2 114A     		ldr	r2, .L8+36
 219 00d4 1160     		str	r1, [r2]
ARM GAS  C:\Users\Xwx47\AppData\Local\Temp\ccKYbdoA.s 			page 10


 293:Generated_Source\PSoC4/cyfitter_cfg.c **** 
 294:Generated_Source\PSoC4/cyfitter_cfg.c **** 	/* IOPINS0_3 Starting address: CYDEV_PRT3_BASE */
 295:Generated_Source\PSoC4/cyfitter_cfg.c **** 	CY_SET_REG32((void *)(CYREG_PRT3_PC), 0x00000D80u);
 220              		.loc 1 295 0
 221 00d6 D821     		movs	r1, #216
 222 00d8 0901     		lsls	r1, r1, #4
 223 00da 104A     		ldr	r2, .L8+40
 224 00dc 1160     		str	r1, [r2]
 296:Generated_Source\PSoC4/cyfitter_cfg.c **** 
 297:Generated_Source\PSoC4/cyfitter_cfg.c **** 	/* IOPINS0_4 Starting address: CYDEV_PRT4_BASE */
 298:Generated_Source\PSoC4/cyfitter_cfg.c **** 	CY_SET_REG32((void *)(CYDEV_PRT4_BASE), 0x00000005u);
 225              		.loc 1 298 0
 226 00de 104A     		ldr	r2, .L8+44
 227 00e0 1360     		str	r3, [r2]
 299:Generated_Source\PSoC4/cyfitter_cfg.c **** 	CY_SET_REG32((void *)(CYREG_PRT4_PC), 0x0000018Eu);
 228              		.loc 1 299 0
 229 00e2 C721     		movs	r1, #199
 230 00e4 4900     		lsls	r1, r1, #1
 231 00e6 0F4A     		ldr	r2, .L8+48
 232 00e8 1160     		str	r1, [r2]
 300:Generated_Source\PSoC4/cyfitter_cfg.c **** 	CY_SET_REG32((void *)(CYREG_PRT4_PC2), 0x00000005u);
 233              		.loc 1 300 0
 234 00ea 0F4A     		ldr	r2, .L8+52
 235 00ec 1360     		str	r3, [r2]
 301:Generated_Source\PSoC4/cyfitter_cfg.c **** 
 302:Generated_Source\PSoC4/cyfitter_cfg.c **** 
 303:Generated_Source\PSoC4/cyfitter_cfg.c **** 	/* Setup clocks based on selections from Clock DWR */
 304:Generated_Source\PSoC4/cyfitter_cfg.c **** 	ClockSetup();
 236              		.loc 1 304 0
 237 00ee FFF787FF 		bl	ClockSetup
 238              	.LVL11:
 305:Generated_Source\PSoC4/cyfitter_cfg.c **** 
 306:Generated_Source\PSoC4/cyfitter_cfg.c **** 	/* Perform basic analog initialization to defaults */
 307:Generated_Source\PSoC4/cyfitter_cfg.c **** 	AnalogSetDefault();
 308:Generated_Source\PSoC4/cyfitter_cfg.c **** 
 309:Generated_Source\PSoC4/cyfitter_cfg.c **** }
 239              		.loc 1 309 0
 240              		@ sp needed
 241              	.LVL12:
 242 00f2 10BD     		pop	{r4, pc}
 243              	.L9:
 244              		.align	2
 245              	.L8:
 246 00f4 00000000 		.word	.LANCHOR0
 247 00f8 0C000140 		.word	1073807372
 248 00fc FF0F0000 		.word	4095
 249 0100 10000140 		.word	1073807376
 250 0104 00500F40 		.word	1074745344
 251 0108 30500F40 		.word	1074745392
 252 010c 00700F40 		.word	1074753536
 253 0110 00000440 		.word	1074003968
 254 0114 B26D0000 		.word	28082
 255 0118 08000440 		.word	1074003976
 256 011c 08030440 		.word	1074004744
 257 0120 00040440 		.word	1074004992
 258 0124 08040440 		.word	1074005000
 259 0128 18040440 		.word	1074005016
ARM GAS  C:\Users\Xwx47\AppData\Local\Temp\ccKYbdoA.s 			page 11


 260              		.cfi_endproc
 261              	.LFE5:
 262              		.size	cyfitter_cfg, .-cyfitter_cfg
 263              		.section	.rodata
 264              		.align	2
 265              		.set	.LANCHOR0,. + 0
 266              		.type	cfg_memset_list.4847, %object
 267              		.size	cfg_memset_list.4847, 12
 268              	cfg_memset_list.4847:
 269 0000 00300F40 		.word	1074737152
 270 0004 0004     		.short	1024
 271 0006 00400F40 		.4byte	1074741248
 272 000a 0004     		.short	1024
 273              		.text
 274              	.Letext0:
 275              		.file 2 "c:\\program files (x86)\\cypress\\psoc creator\\4.1\\psoc creator\\import\\gnu\\arm\\5.4.
 276              		.file 3 "Generated_Source\\PSoC4\\cytypes.h"
 277              		.file 4 "Generated_Source\\PSoC4\\CyLib.h"
 278              		.section	.debug_info,"",%progbits
 279              	.Ldebug_info0:
 280 0000 78020000 		.4byte	0x278
 281 0004 0400     		.2byte	0x4
 282 0006 00000000 		.4byte	.Ldebug_abbrev0
 283 000a 04       		.byte	0x4
 284 000b 01       		.uleb128 0x1
 285 000c 1B010000 		.4byte	.LASF29
 286 0010 0C       		.byte	0xc
 287 0011 12020000 		.4byte	.LASF30
 288 0015 BF000000 		.4byte	.LASF31
 289 0019 00000000 		.4byte	.Ldebug_ranges0+0
 290 001d 00000000 		.4byte	0
 291 0021 00000000 		.4byte	.Ldebug_line0
 292 0025 02       		.uleb128 0x2
 293 0026 04       		.byte	0x4
 294 0027 05       		.byte	0x5
 295 0028 696E7400 		.ascii	"int\000"
 296 002c 03       		.uleb128 0x3
 297 002d 06000000 		.4byte	.LASF12
 298 0031 02       		.byte	0x2
 299 0032 D8       		.byte	0xd8
 300 0033 37000000 		.4byte	0x37
 301 0037 04       		.uleb128 0x4
 302 0038 04       		.byte	0x4
 303 0039 07       		.byte	0x7
 304 003a B2000000 		.4byte	.LASF0
 305 003e 04       		.uleb128 0x4
 306 003f 08       		.byte	0x8
 307 0040 05       		.byte	0x5
 308 0041 BF010000 		.4byte	.LASF1
 309 0045 04       		.uleb128 0x4
 310 0046 08       		.byte	0x8
 311 0047 04       		.byte	0x4
 312 0048 FA010000 		.4byte	.LASF2
 313 004c 04       		.uleb128 0x4
 314 004d 01       		.byte	0x1
 315 004e 06       		.byte	0x6
 316 004f 06020000 		.4byte	.LASF3
ARM GAS  C:\Users\Xwx47\AppData\Local\Temp\ccKYbdoA.s 			page 12


 317 0053 04       		.uleb128 0x4
 318 0054 01       		.byte	0x1
 319 0055 08       		.byte	0x8
 320 0056 7C000000 		.4byte	.LASF4
 321 005a 04       		.uleb128 0x4
 322 005b 02       		.byte	0x2
 323 005c 05       		.byte	0x5
 324 005d D2010000 		.4byte	.LASF5
 325 0061 04       		.uleb128 0x4
 326 0062 02       		.byte	0x2
 327 0063 07       		.byte	0x7
 328 0064 37000000 		.4byte	.LASF6
 329 0068 04       		.uleb128 0x4
 330 0069 04       		.byte	0x4
 331 006a 05       		.byte	0x5
 332 006b F1010000 		.4byte	.LASF7
 333 006f 04       		.uleb128 0x4
 334 0070 04       		.byte	0x4
 335 0071 07       		.byte	0x7
 336 0072 5A000000 		.4byte	.LASF8
 337 0076 04       		.uleb128 0x4
 338 0077 08       		.byte	0x8
 339 0078 07       		.byte	0x7
 340 0079 04010000 		.4byte	.LASF9
 341 007d 04       		.uleb128 0x4
 342 007e 04       		.byte	0x4
 343 007f 07       		.byte	0x7
 344 0080 B6010000 		.4byte	.LASF10
 345 0084 05       		.uleb128 0x5
 346 0085 04       		.byte	0x4
 347 0086 04       		.uleb128 0x4
 348 0087 01       		.byte	0x1
 349 0088 08       		.byte	0x8
 350 0089 CD010000 		.4byte	.LASF11
 351 008d 06       		.uleb128 0x6
 352 008e 6C000000 		.4byte	.LASF13
 353 0092 03       		.byte	0x3
 354 0093 D201     		.2byte	0x1d2
 355 0095 53000000 		.4byte	0x53
 356 0099 06       		.uleb128 0x6
 357 009a A4000000 		.4byte	.LASF14
 358 009e 03       		.byte	0x3
 359 009f D301     		.2byte	0x1d3
 360 00a1 61000000 		.4byte	0x61
 361 00a5 06       		.uleb128 0x6
 362 00a6 AB000000 		.4byte	.LASF15
 363 00aa 03       		.byte	0x3
 364 00ab D401     		.2byte	0x1d4
 365 00ad 6F000000 		.4byte	0x6f
 366 00b1 04       		.uleb128 0x4
 367 00b2 04       		.byte	0x4
 368 00b3 04       		.byte	0x4
 369 00b4 4A000000 		.4byte	.LASF16
 370 00b8 04       		.uleb128 0x4
 371 00b9 08       		.byte	0x8
 372 00ba 04       		.byte	0x4
 373 00bb 91000000 		.4byte	.LASF17
ARM GAS  C:\Users\Xwx47\AppData\Local\Temp\ccKYbdoA.s 			page 13


 374 00bf 06       		.uleb128 0x6
 375 00c0 55000000 		.4byte	.LASF18
 376 00c4 03       		.byte	0x3
 377 00c5 7C02     		.2byte	0x27c
 378 00c7 CB000000 		.4byte	0xcb
 379 00cb 07       		.uleb128 0x7
 380 00cc 8D000000 		.4byte	0x8d
 381 00d0 06       		.uleb128 0x6
 382 00d1 00000000 		.4byte	.LASF19
 383 00d5 03       		.byte	0x3
 384 00d6 7E02     		.2byte	0x27e
 385 00d8 DC000000 		.4byte	0xdc
 386 00dc 07       		.uleb128 0x7
 387 00dd A5000000 		.4byte	0xa5
 388 00e1 08       		.uleb128 0x8
 389 00e2 72000000 		.4byte	.LASF20
 390 00e6 01       		.byte	0x1
 391 00e7 4C       		.byte	0x4c
 392 00e8 00000000 		.4byte	.LFB0
 393 00ec 0C000000 		.4byte	.LFE0-.LFB0
 394 00f0 01       		.uleb128 0x1
 395 00f1 9C       		.byte	0x9c
 396 00f2 2E010000 		.4byte	0x12e
 397 00f6 09       		.uleb128 0x9
 398 00f7 7300     		.ascii	"s\000"
 399 00f9 01       		.byte	0x1
 400 00fa 4C       		.byte	0x4c
 401 00fb 84000000 		.4byte	0x84
 402 00ff 00000000 		.4byte	.LLST0
 403 0103 09       		.uleb128 0x9
 404 0104 6E00     		.ascii	"n\000"
 405 0106 01       		.byte	0x1
 406 0107 4C       		.byte	0x4c
 407 0108 2C000000 		.4byte	0x2c
 408 010c 21000000 		.4byte	.LLST1
 409 0110 0A       		.uleb128 0xa
 410 0111 0A000000 		.4byte	.LVL2
 411 0115 51020000 		.4byte	0x251
 412 0119 0B       		.uleb128 0xb
 413 011a 01       		.uleb128 0x1
 414 011b 50       		.byte	0x50
 415 011c 03       		.uleb128 0x3
 416 011d F3       		.byte	0xf3
 417 011e 01       		.uleb128 0x1
 418 011f 50       		.byte	0x50
 419 0120 0B       		.uleb128 0xb
 420 0121 01       		.uleb128 0x1
 421 0122 51       		.byte	0x51
 422 0123 01       		.uleb128 0x1
 423 0124 30       		.byte	0x30
 424 0125 0B       		.uleb128 0xb
 425 0126 01       		.uleb128 0x1
 426 0127 52       		.byte	0x52
 427 0128 03       		.uleb128 0x3
 428 0129 F3       		.byte	0xf3
 429 012a 01       		.uleb128 0x1
 430 012b 51       		.byte	0x51
ARM GAS  C:\Users\Xwx47\AppData\Local\Temp\ccKYbdoA.s 			page 14


 431 012c 00       		.byte	0
 432 012d 00       		.byte	0
 433 012e 08       		.uleb128 0x8
 434 012f 2C000000 		.4byte	.LASF21
 435 0133 01       		.byte	0x1
 436 0134 AD       		.byte	0xad
 437 0135 00000000 		.4byte	.LFB3
 438 0139 78000000 		.4byte	.LFE3-.LFB3
 439 013d 01       		.uleb128 0x1
 440 013e 9C       		.byte	0x9c
 441 013f 79010000 		.4byte	0x179
 442 0143 0C       		.uleb128 0xc
 443 0144 14000000 		.4byte	.LVL3
 444 0148 5A020000 		.4byte	0x25a
 445 014c 56010000 		.4byte	0x156
 446 0150 0B       		.uleb128 0xb
 447 0151 01       		.uleb128 0x1
 448 0152 50       		.byte	0x50
 449 0153 01       		.uleb128 0x1
 450 0154 48       		.byte	0x48
 451 0155 00       		.byte	0
 452 0156 0C       		.uleb128 0xc
 453 0157 42000000 		.4byte	.LVL4
 454 015b 65020000 		.4byte	0x265
 455 015f 69010000 		.4byte	0x169
 456 0163 0B       		.uleb128 0xb
 457 0164 01       		.uleb128 0x1
 458 0165 50       		.byte	0x50
 459 0166 01       		.uleb128 0x1
 460 0167 39       		.byte	0x39
 461 0168 00       		.byte	0
 462 0169 0A       		.uleb128 0xa
 463 016a 48000000 		.4byte	.LVL5
 464 016e 70020000 		.4byte	0x270
 465 0172 0B       		.uleb128 0xb
 466 0173 01       		.uleb128 0x1
 467 0174 50       		.byte	0x50
 468 0175 01       		.uleb128 0x1
 469 0176 39       		.byte	0x39
 470 0177 00       		.byte	0
 471 0178 00       		.byte	0
 472 0179 0D       		.uleb128 0xd
 473 017a EF000000 		.4byte	.LASF32
 474 017e 01       		.byte	0x1
 475 017f F8       		.byte	0xf8
 476 0180 78000000 		.4byte	.LFB5
 477 0184 B4000000 		.4byte	.LFE5-.LFB5
 478 0188 01       		.uleb128 0x1
 479 0189 9C       		.byte	0x9c
 480 018a 51020000 		.4byte	0x251
 481 018e 0E       		.uleb128 0xe
 482 018f 7C000000 		.4byte	.LBB2
 483 0193 4E000000 		.4byte	.LBE2-.LBB2
 484 0197 47020000 		.4byte	0x247
 485 019b 0F       		.uleb128 0xf
 486 019c 06       		.byte	0x6
 487 019d 01       		.byte	0x1
ARM GAS  C:\Users\Xwx47\AppData\Local\Temp\ccKYbdoA.s 			page 15


 488 019e FF       		.byte	0xff
 489 019f BE010000 		.4byte	0x1be
 490 01a3 10       		.uleb128 0x10
 491 01a4 FC000000 		.4byte	.LASF22
 492 01a8 01       		.byte	0x1
 493 01a9 0001     		.2byte	0x100
 494 01ab 84000000 		.4byte	0x84
 495 01af 00       		.byte	0
 496 01b0 10       		.uleb128 0x10
 497 01b1 50000000 		.4byte	.LASF23
 498 01b5 01       		.byte	0x1
 499 01b6 0101     		.2byte	0x101
 500 01b8 99000000 		.4byte	0x99
 501 01bc 04       		.byte	0x4
 502 01bd 00       		.byte	0
 503 01be 06       		.uleb128 0x6
 504 01bf A9010000 		.4byte	.LASF24
 505 01c3 01       		.byte	0x1
 506 01c4 0201     		.2byte	0x102
 507 01c6 9B010000 		.4byte	0x19b
 508 01ca 11       		.uleb128 0x11
 509 01cb DA010000 		.4byte	0x1da
 510 01cf DA010000 		.4byte	0x1da
 511 01d3 12       		.uleb128 0x12
 512 01d4 7D000000 		.4byte	0x7d
 513 01d8 01       		.byte	0x1
 514 01d9 00       		.byte	0
 515 01da 13       		.uleb128 0x13
 516 01db BE010000 		.4byte	0x1be
 517 01df 14       		.uleb128 0x14
 518 01e0 1C000000 		.4byte	.LASF25
 519 01e4 01       		.byte	0x1
 520 01e5 0401     		.2byte	0x104
 521 01e7 F1010000 		.4byte	0x1f1
 522 01eb 05       		.uleb128 0x5
 523 01ec 03       		.byte	0x3
 524 01ed 00000000 		.4byte	cfg_memset_list.4847
 525 01f1 13       		.uleb128 0x13
 526 01f2 CA010000 		.4byte	0x1ca
 527 01f6 15       		.uleb128 0x15
 528 01f7 6900     		.ascii	"i\000"
 529 01f9 01       		.byte	0x1
 530 01fa 0A01     		.2byte	0x10a
 531 01fc 8D000000 		.4byte	0x8d
 532 0200 4D000000 		.4byte	.LLST2
 533 0204 16       		.uleb128 0x16
 534 0205 80000000 		.4byte	.LBB3
 535 0209 1C000000 		.4byte	.LBE3-.LBB3
 536 020d 15       		.uleb128 0x15
 537 020e 6D7300   		.ascii	"ms\000"
 538 0211 01       		.byte	0x1
 539 0212 0F01     		.2byte	0x10f
 540 0214 1C020000 		.4byte	0x21c
 541 0218 77000000 		.4byte	.LLST3
 542 021c 17       		.uleb128 0x17
 543 021d 04       		.byte	0x4
 544 021e DA010000 		.4byte	0x1da
ARM GAS  C:\Users\Xwx47\AppData\Local\Temp\ccKYbdoA.s 			page 16


 545 0222 0A       		.uleb128 0xa
 546 0223 9C000000 		.4byte	.LVL8
 547 0227 E1000000 		.4byte	0xe1
 548 022b 0B       		.uleb128 0xb
 549 022c 01       		.uleb128 0x1
 550 022d 51       		.byte	0x51
 551 022e 15       		.uleb128 0x15
 552 022f 74       		.byte	0x74
 553 0230 00       		.sleb128 0
 554 0231 31       		.byte	0x31
 555 0232 24       		.byte	0x24
 556 0233 74       		.byte	0x74
 557 0234 00       		.sleb128 0
 558 0235 22       		.byte	0x22
 559 0236 31       		.byte	0x31
 560 0237 24       		.byte	0x24
 561 0238 03       		.byte	0x3
 562 0239 04000000 		.4byte	.LANCHOR0+4
 563 023d 22       		.byte	0x22
 564 023e 94       		.byte	0x94
 565 023f 02       		.byte	0x2
 566 0240 0A       		.byte	0xa
 567 0241 FFFF     		.2byte	0xffff
 568 0243 1A       		.byte	0x1a
 569 0244 00       		.byte	0
 570 0245 00       		.byte	0
 571 0246 00       		.byte	0
 572 0247 18       		.uleb128 0x18
 573 0248 F2000000 		.4byte	.LVL11
 574 024c 2E010000 		.4byte	0x12e
 575 0250 00       		.byte	0
 576 0251 19       		.uleb128 0x19
 577 0252 8A000000 		.4byte	.LASF33
 578 0256 8A000000 		.4byte	.LASF33
 579 025a 1A       		.uleb128 0x1a
 580 025b DC010000 		.4byte	.LASF26
 581 025f DC010000 		.4byte	.LASF26
 582 0263 04       		.byte	0x4
 583 0264 6C       		.byte	0x6c
 584 0265 1A       		.uleb128 0x1a
 585 0266 0D000000 		.4byte	.LASF27
 586 026a 0D000000 		.4byte	.LASF27
 587 026e 04       		.byte	0x4
 588 026f BD       		.byte	0xbd
 589 0270 1A       		.uleb128 0x1a
 590 0271 98000000 		.4byte	.LASF28
 591 0275 98000000 		.4byte	.LASF28
 592 0279 04       		.byte	0x4
 593 027a C3       		.byte	0xc3
 594 027b 00       		.byte	0
 595              		.section	.debug_abbrev,"",%progbits
 596              	.Ldebug_abbrev0:
 597 0000 01       		.uleb128 0x1
 598 0001 11       		.uleb128 0x11
 599 0002 01       		.byte	0x1
 600 0003 25       		.uleb128 0x25
 601 0004 0E       		.uleb128 0xe
ARM GAS  C:\Users\Xwx47\AppData\Local\Temp\ccKYbdoA.s 			page 17


 602 0005 13       		.uleb128 0x13
 603 0006 0B       		.uleb128 0xb
 604 0007 03       		.uleb128 0x3
 605 0008 0E       		.uleb128 0xe
 606 0009 1B       		.uleb128 0x1b
 607 000a 0E       		.uleb128 0xe
 608 000b 55       		.uleb128 0x55
 609 000c 17       		.uleb128 0x17
 610 000d 11       		.uleb128 0x11
 611 000e 01       		.uleb128 0x1
 612 000f 10       		.uleb128 0x10
 613 0010 17       		.uleb128 0x17
 614 0011 00       		.byte	0
 615 0012 00       		.byte	0
 616 0013 02       		.uleb128 0x2
 617 0014 24       		.uleb128 0x24
 618 0015 00       		.byte	0
 619 0016 0B       		.uleb128 0xb
 620 0017 0B       		.uleb128 0xb
 621 0018 3E       		.uleb128 0x3e
 622 0019 0B       		.uleb128 0xb
 623 001a 03       		.uleb128 0x3
 624 001b 08       		.uleb128 0x8
 625 001c 00       		.byte	0
 626 001d 00       		.byte	0
 627 001e 03       		.uleb128 0x3
 628 001f 16       		.uleb128 0x16
 629 0020 00       		.byte	0
 630 0021 03       		.uleb128 0x3
 631 0022 0E       		.uleb128 0xe
 632 0023 3A       		.uleb128 0x3a
 633 0024 0B       		.uleb128 0xb
 634 0025 3B       		.uleb128 0x3b
 635 0026 0B       		.uleb128 0xb
 636 0027 49       		.uleb128 0x49
 637 0028 13       		.uleb128 0x13
 638 0029 00       		.byte	0
 639 002a 00       		.byte	0
 640 002b 04       		.uleb128 0x4
 641 002c 24       		.uleb128 0x24
 642 002d 00       		.byte	0
 643 002e 0B       		.uleb128 0xb
 644 002f 0B       		.uleb128 0xb
 645 0030 3E       		.uleb128 0x3e
 646 0031 0B       		.uleb128 0xb
 647 0032 03       		.uleb128 0x3
 648 0033 0E       		.uleb128 0xe
 649 0034 00       		.byte	0
 650 0035 00       		.byte	0
 651 0036 05       		.uleb128 0x5
 652 0037 0F       		.uleb128 0xf
 653 0038 00       		.byte	0
 654 0039 0B       		.uleb128 0xb
 655 003a 0B       		.uleb128 0xb
 656 003b 00       		.byte	0
 657 003c 00       		.byte	0
 658 003d 06       		.uleb128 0x6
ARM GAS  C:\Users\Xwx47\AppData\Local\Temp\ccKYbdoA.s 			page 18


 659 003e 16       		.uleb128 0x16
 660 003f 00       		.byte	0
 661 0040 03       		.uleb128 0x3
 662 0041 0E       		.uleb128 0xe
 663 0042 3A       		.uleb128 0x3a
 664 0043 0B       		.uleb128 0xb
 665 0044 3B       		.uleb128 0x3b
 666 0045 05       		.uleb128 0x5
 667 0046 49       		.uleb128 0x49
 668 0047 13       		.uleb128 0x13
 669 0048 00       		.byte	0
 670 0049 00       		.byte	0
 671 004a 07       		.uleb128 0x7
 672 004b 35       		.uleb128 0x35
 673 004c 00       		.byte	0
 674 004d 49       		.uleb128 0x49
 675 004e 13       		.uleb128 0x13
 676 004f 00       		.byte	0
 677 0050 00       		.byte	0
 678 0051 08       		.uleb128 0x8
 679 0052 2E       		.uleb128 0x2e
 680 0053 01       		.byte	0x1
 681 0054 03       		.uleb128 0x3
 682 0055 0E       		.uleb128 0xe
 683 0056 3A       		.uleb128 0x3a
 684 0057 0B       		.uleb128 0xb
 685 0058 3B       		.uleb128 0x3b
 686 0059 0B       		.uleb128 0xb
 687 005a 27       		.uleb128 0x27
 688 005b 19       		.uleb128 0x19
 689 005c 11       		.uleb128 0x11
 690 005d 01       		.uleb128 0x1
 691 005e 12       		.uleb128 0x12
 692 005f 06       		.uleb128 0x6
 693 0060 40       		.uleb128 0x40
 694 0061 18       		.uleb128 0x18
 695 0062 9742     		.uleb128 0x2117
 696 0064 19       		.uleb128 0x19
 697 0065 01       		.uleb128 0x1
 698 0066 13       		.uleb128 0x13
 699 0067 00       		.byte	0
 700 0068 00       		.byte	0
 701 0069 09       		.uleb128 0x9
 702 006a 05       		.uleb128 0x5
 703 006b 00       		.byte	0
 704 006c 03       		.uleb128 0x3
 705 006d 08       		.uleb128 0x8
 706 006e 3A       		.uleb128 0x3a
 707 006f 0B       		.uleb128 0xb
 708 0070 3B       		.uleb128 0x3b
 709 0071 0B       		.uleb128 0xb
 710 0072 49       		.uleb128 0x49
 711 0073 13       		.uleb128 0x13
 712 0074 02       		.uleb128 0x2
 713 0075 17       		.uleb128 0x17
 714 0076 00       		.byte	0
 715 0077 00       		.byte	0
ARM GAS  C:\Users\Xwx47\AppData\Local\Temp\ccKYbdoA.s 			page 19


 716 0078 0A       		.uleb128 0xa
 717 0079 898201   		.uleb128 0x4109
 718 007c 01       		.byte	0x1
 719 007d 11       		.uleb128 0x11
 720 007e 01       		.uleb128 0x1
 721 007f 31       		.uleb128 0x31
 722 0080 13       		.uleb128 0x13
 723 0081 00       		.byte	0
 724 0082 00       		.byte	0
 725 0083 0B       		.uleb128 0xb
 726 0084 8A8201   		.uleb128 0x410a
 727 0087 00       		.byte	0
 728 0088 02       		.uleb128 0x2
 729 0089 18       		.uleb128 0x18
 730 008a 9142     		.uleb128 0x2111
 731 008c 18       		.uleb128 0x18
 732 008d 00       		.byte	0
 733 008e 00       		.byte	0
 734 008f 0C       		.uleb128 0xc
 735 0090 898201   		.uleb128 0x4109
 736 0093 01       		.byte	0x1
 737 0094 11       		.uleb128 0x11
 738 0095 01       		.uleb128 0x1
 739 0096 31       		.uleb128 0x31
 740 0097 13       		.uleb128 0x13
 741 0098 01       		.uleb128 0x1
 742 0099 13       		.uleb128 0x13
 743 009a 00       		.byte	0
 744 009b 00       		.byte	0
 745 009c 0D       		.uleb128 0xd
 746 009d 2E       		.uleb128 0x2e
 747 009e 01       		.byte	0x1
 748 009f 3F       		.uleb128 0x3f
 749 00a0 19       		.uleb128 0x19
 750 00a1 03       		.uleb128 0x3
 751 00a2 0E       		.uleb128 0xe
 752 00a3 3A       		.uleb128 0x3a
 753 00a4 0B       		.uleb128 0xb
 754 00a5 3B       		.uleb128 0x3b
 755 00a6 0B       		.uleb128 0xb
 756 00a7 27       		.uleb128 0x27
 757 00a8 19       		.uleb128 0x19
 758 00a9 11       		.uleb128 0x11
 759 00aa 01       		.uleb128 0x1
 760 00ab 12       		.uleb128 0x12
 761 00ac 06       		.uleb128 0x6
 762 00ad 40       		.uleb128 0x40
 763 00ae 18       		.uleb128 0x18
 764 00af 9742     		.uleb128 0x2117
 765 00b1 19       		.uleb128 0x19
 766 00b2 01       		.uleb128 0x1
 767 00b3 13       		.uleb128 0x13
 768 00b4 00       		.byte	0
 769 00b5 00       		.byte	0
 770 00b6 0E       		.uleb128 0xe
 771 00b7 0B       		.uleb128 0xb
 772 00b8 01       		.byte	0x1
ARM GAS  C:\Users\Xwx47\AppData\Local\Temp\ccKYbdoA.s 			page 20


 773 00b9 11       		.uleb128 0x11
 774 00ba 01       		.uleb128 0x1
 775 00bb 12       		.uleb128 0x12
 776 00bc 06       		.uleb128 0x6
 777 00bd 01       		.uleb128 0x1
 778 00be 13       		.uleb128 0x13
 779 00bf 00       		.byte	0
 780 00c0 00       		.byte	0
 781 00c1 0F       		.uleb128 0xf
 782 00c2 13       		.uleb128 0x13
 783 00c3 01       		.byte	0x1
 784 00c4 0B       		.uleb128 0xb
 785 00c5 0B       		.uleb128 0xb
 786 00c6 3A       		.uleb128 0x3a
 787 00c7 0B       		.uleb128 0xb
 788 00c8 3B       		.uleb128 0x3b
 789 00c9 0B       		.uleb128 0xb
 790 00ca 01       		.uleb128 0x1
 791 00cb 13       		.uleb128 0x13
 792 00cc 00       		.byte	0
 793 00cd 00       		.byte	0
 794 00ce 10       		.uleb128 0x10
 795 00cf 0D       		.uleb128 0xd
 796 00d0 00       		.byte	0
 797 00d1 03       		.uleb128 0x3
 798 00d2 0E       		.uleb128 0xe
 799 00d3 3A       		.uleb128 0x3a
 800 00d4 0B       		.uleb128 0xb
 801 00d5 3B       		.uleb128 0x3b
 802 00d6 05       		.uleb128 0x5
 803 00d7 49       		.uleb128 0x49
 804 00d8 13       		.uleb128 0x13
 805 00d9 38       		.uleb128 0x38
 806 00da 0B       		.uleb128 0xb
 807 00db 00       		.byte	0
 808 00dc 00       		.byte	0
 809 00dd 11       		.uleb128 0x11
 810 00de 01       		.uleb128 0x1
 811 00df 01       		.byte	0x1
 812 00e0 49       		.uleb128 0x49
 813 00e1 13       		.uleb128 0x13
 814 00e2 01       		.uleb128 0x1
 815 00e3 13       		.uleb128 0x13
 816 00e4 00       		.byte	0
 817 00e5 00       		.byte	0
 818 00e6 12       		.uleb128 0x12
 819 00e7 21       		.uleb128 0x21
 820 00e8 00       		.byte	0
 821 00e9 49       		.uleb128 0x49
 822 00ea 13       		.uleb128 0x13
 823 00eb 2F       		.uleb128 0x2f
 824 00ec 0B       		.uleb128 0xb
 825 00ed 00       		.byte	0
 826 00ee 00       		.byte	0
 827 00ef 13       		.uleb128 0x13
 828 00f0 26       		.uleb128 0x26
 829 00f1 00       		.byte	0
ARM GAS  C:\Users\Xwx47\AppData\Local\Temp\ccKYbdoA.s 			page 21


 830 00f2 49       		.uleb128 0x49
 831 00f3 13       		.uleb128 0x13
 832 00f4 00       		.byte	0
 833 00f5 00       		.byte	0
 834 00f6 14       		.uleb128 0x14
 835 00f7 34       		.uleb128 0x34
 836 00f8 00       		.byte	0
 837 00f9 03       		.uleb128 0x3
 838 00fa 0E       		.uleb128 0xe
 839 00fb 3A       		.uleb128 0x3a
 840 00fc 0B       		.uleb128 0xb
 841 00fd 3B       		.uleb128 0x3b
 842 00fe 05       		.uleb128 0x5
 843 00ff 49       		.uleb128 0x49
 844 0100 13       		.uleb128 0x13
 845 0101 02       		.uleb128 0x2
 846 0102 18       		.uleb128 0x18
 847 0103 00       		.byte	0
 848 0104 00       		.byte	0
 849 0105 15       		.uleb128 0x15
 850 0106 34       		.uleb128 0x34
 851 0107 00       		.byte	0
 852 0108 03       		.uleb128 0x3
 853 0109 08       		.uleb128 0x8
 854 010a 3A       		.uleb128 0x3a
 855 010b 0B       		.uleb128 0xb
 856 010c 3B       		.uleb128 0x3b
 857 010d 05       		.uleb128 0x5
 858 010e 49       		.uleb128 0x49
 859 010f 13       		.uleb128 0x13
 860 0110 02       		.uleb128 0x2
 861 0111 17       		.uleb128 0x17
 862 0112 00       		.byte	0
 863 0113 00       		.byte	0
 864 0114 16       		.uleb128 0x16
 865 0115 0B       		.uleb128 0xb
 866 0116 01       		.byte	0x1
 867 0117 11       		.uleb128 0x11
 868 0118 01       		.uleb128 0x1
 869 0119 12       		.uleb128 0x12
 870 011a 06       		.uleb128 0x6
 871 011b 00       		.byte	0
 872 011c 00       		.byte	0
 873 011d 17       		.uleb128 0x17
 874 011e 0F       		.uleb128 0xf
 875 011f 00       		.byte	0
 876 0120 0B       		.uleb128 0xb
 877 0121 0B       		.uleb128 0xb
 878 0122 49       		.uleb128 0x49
 879 0123 13       		.uleb128 0x13
 880 0124 00       		.byte	0
 881 0125 00       		.byte	0
 882 0126 18       		.uleb128 0x18
 883 0127 898201   		.uleb128 0x4109
 884 012a 00       		.byte	0
 885 012b 11       		.uleb128 0x11
 886 012c 01       		.uleb128 0x1
ARM GAS  C:\Users\Xwx47\AppData\Local\Temp\ccKYbdoA.s 			page 22


 887 012d 31       		.uleb128 0x31
 888 012e 13       		.uleb128 0x13
 889 012f 00       		.byte	0
 890 0130 00       		.byte	0
 891 0131 19       		.uleb128 0x19
 892 0132 2E       		.uleb128 0x2e
 893 0133 00       		.byte	0
 894 0134 3F       		.uleb128 0x3f
 895 0135 19       		.uleb128 0x19
 896 0136 3C       		.uleb128 0x3c
 897 0137 19       		.uleb128 0x19
 898 0138 6E       		.uleb128 0x6e
 899 0139 0E       		.uleb128 0xe
 900 013a 03       		.uleb128 0x3
 901 013b 0E       		.uleb128 0xe
 902 013c 00       		.byte	0
 903 013d 00       		.byte	0
 904 013e 1A       		.uleb128 0x1a
 905 013f 2E       		.uleb128 0x2e
 906 0140 00       		.byte	0
 907 0141 3F       		.uleb128 0x3f
 908 0142 19       		.uleb128 0x19
 909 0143 3C       		.uleb128 0x3c
 910 0144 19       		.uleb128 0x19
 911 0145 6E       		.uleb128 0x6e
 912 0146 0E       		.uleb128 0xe
 913 0147 03       		.uleb128 0x3
 914 0148 0E       		.uleb128 0xe
 915 0149 3A       		.uleb128 0x3a
 916 014a 0B       		.uleb128 0xb
 917 014b 3B       		.uleb128 0x3b
 918 014c 0B       		.uleb128 0xb
 919 014d 00       		.byte	0
 920 014e 00       		.byte	0
 921 014f 00       		.byte	0
 922              		.section	.debug_loc,"",%progbits
 923              	.Ldebug_loc0:
 924              	.LLST0:
 925 0000 00000000 		.4byte	.LVL0
 926 0004 09000000 		.4byte	.LVL2-1
 927 0008 0100     		.2byte	0x1
 928 000a 50       		.byte	0x50
 929 000b 09000000 		.4byte	.LVL2-1
 930 000f 0C000000 		.4byte	.LFE0
 931 0013 0400     		.2byte	0x4
 932 0015 F3       		.byte	0xf3
 933 0016 01       		.uleb128 0x1
 934 0017 50       		.byte	0x50
 935 0018 9F       		.byte	0x9f
 936 0019 00000000 		.4byte	0
 937 001d 00000000 		.4byte	0
 938              	.LLST1:
 939 0021 00000000 		.4byte	.LVL0
 940 0025 06000000 		.4byte	.LVL1
 941 0029 0100     		.2byte	0x1
 942 002b 51       		.byte	0x51
 943 002c 06000000 		.4byte	.LVL1
ARM GAS  C:\Users\Xwx47\AppData\Local\Temp\ccKYbdoA.s 			page 23


 944 0030 09000000 		.4byte	.LVL2-1
 945 0034 0100     		.2byte	0x1
 946 0036 52       		.byte	0x52
 947 0037 09000000 		.4byte	.LVL2-1
 948 003b 0C000000 		.4byte	.LFE0
 949 003f 0400     		.2byte	0x4
 950 0041 F3       		.byte	0xf3
 951 0042 01       		.uleb128 0x1
 952 0043 51       		.byte	0x51
 953 0044 9F       		.byte	0x9f
 954 0045 00000000 		.4byte	0
 955 0049 00000000 		.4byte	0
 956              	.LLST2:
 957 004d 7C000000 		.4byte	.LVL6
 958 0051 80000000 		.4byte	.LVL7
 959 0055 0200     		.2byte	0x2
 960 0057 30       		.byte	0x30
 961 0058 9F       		.byte	0x9f
 962 0059 80000000 		.4byte	.LVL7
 963 005d 9E000000 		.4byte	.LVL9
 964 0061 0100     		.2byte	0x1
 965 0063 54       		.byte	0x54
 966 0064 A0000000 		.4byte	.LVL10
 967 0068 F2000000 		.4byte	.LVL12
 968 006c 0100     		.2byte	0x1
 969 006e 54       		.byte	0x54
 970 006f 00000000 		.4byte	0
 971 0073 00000000 		.4byte	0
 972              	.LLST3:
 973 0077 80000000 		.4byte	.LVL7
 974 007b 9E000000 		.4byte	.LVL9
 975 007f 0B00     		.2byte	0xb
 976 0081 74       		.byte	0x74
 977 0082 00       		.sleb128 0
 978 0083 36       		.byte	0x36
 979 0084 1E       		.byte	0x1e
 980 0085 03       		.byte	0x3
 981 0086 00000000 		.4byte	cfg_memset_list.4847
 982 008a 22       		.byte	0x22
 983 008b 9F       		.byte	0x9f
 984 008c 9E000000 		.4byte	.LVL9
 985 0090 A0000000 		.4byte	.LVL10
 986 0094 0B00     		.2byte	0xb
 987 0096 74       		.byte	0x74
 988 0097 7F       		.sleb128 -1
 989 0098 36       		.byte	0x36
 990 0099 1E       		.byte	0x1e
 991 009a 03       		.byte	0x3
 992 009b 00000000 		.4byte	cfg_memset_list.4847
 993 009f 22       		.byte	0x22
 994 00a0 9F       		.byte	0x9f
 995 00a1 00000000 		.4byte	0
 996 00a5 00000000 		.4byte	0
 997              		.section	.debug_aranges,"",%progbits
 998 0000 2C000000 		.4byte	0x2c
 999 0004 0200     		.2byte	0x2
 1000 0006 00000000 		.4byte	.Ldebug_info0
ARM GAS  C:\Users\Xwx47\AppData\Local\Temp\ccKYbdoA.s 			page 24


 1001 000a 04       		.byte	0x4
 1002 000b 00       		.byte	0
 1003 000c 0000     		.2byte	0
 1004 000e 0000     		.2byte	0
 1005 0010 00000000 		.4byte	.LFB0
 1006 0014 0C000000 		.4byte	.LFE0-.LFB0
 1007 0018 00000000 		.4byte	.LFB3
 1008 001c 78000000 		.4byte	.LFE3-.LFB3
 1009 0020 78000000 		.4byte	.LFB5
 1010 0024 B4000000 		.4byte	.LFE5-.LFB5
 1011 0028 00000000 		.4byte	0
 1012 002c 00000000 		.4byte	0
 1013              		.section	.debug_ranges,"",%progbits
 1014              	.Ldebug_ranges0:
 1015 0000 00000000 		.4byte	.LFB0
 1016 0004 0C000000 		.4byte	.LFE0
 1017 0008 00000000 		.4byte	.LFB3
 1018 000c 78000000 		.4byte	.LFE3
 1019 0010 78000000 		.4byte	.LFB5
 1020 0014 2C010000 		.4byte	.LFE5
 1021 0018 00000000 		.4byte	0
 1022 001c 00000000 		.4byte	0
 1023              		.section	.debug_line,"",%progbits
 1024              	.Ldebug_line0:
 1025 0000 30010000 		.section	.debug_str,"MS",%progbits,1
 1025      0200D600 
 1025      00000201 
 1025      FB0E0D00 
 1025      01010101 
 1026              	.LASF19:
 1027 0000 72656733 		.ascii	"reg32\000"
 1027      3200
 1028              	.LASF12:
 1029 0006 73697A65 		.ascii	"size_t\000"
 1029      5F7400
 1030              	.LASF27:
 1031 000d 4379496E 		.ascii	"CyIntSetVector\000"
 1031      74536574 
 1031      56656374 
 1031      6F7200
 1032              	.LASF25:
 1033 001c 6366675F 		.ascii	"cfg_memset_list\000"
 1033      6D656D73 
 1033      65745F6C 
 1033      69737400 
 1034              	.LASF21:
 1035 002c 436C6F63 		.ascii	"ClockSetup\000"
 1035      6B536574 
 1035      757000
 1036              	.LASF6:
 1037 0037 73686F72 		.ascii	"short unsigned int\000"
 1037      7420756E 
 1037      7369676E 
 1037      65642069 
 1037      6E7400
 1038              	.LASF16:
 1039 004a 666C6F61 		.ascii	"float\000"
ARM GAS  C:\Users\Xwx47\AppData\Local\Temp\ccKYbdoA.s 			page 25


 1039      7400
 1040              	.LASF23:
 1041 0050 73697A65 		.ascii	"size\000"
 1041      00
 1042              	.LASF18:
 1043 0055 72656738 		.ascii	"reg8\000"
 1043      00
 1044              	.LASF8:
 1045 005a 6C6F6E67 		.ascii	"long unsigned int\000"
 1045      20756E73 
 1045      69676E65 
 1045      6420696E 
 1045      7400
 1046              	.LASF13:
 1047 006c 75696E74 		.ascii	"uint8\000"
 1047      3800
 1048              	.LASF20:
 1049 0072 43594D45 		.ascii	"CYMEMZERO\000"
 1049      4D5A4552 
 1049      4F00
 1050              	.LASF4:
 1051 007c 756E7369 		.ascii	"unsigned char\000"
 1051      676E6564 
 1051      20636861 
 1051      7200
 1052              	.LASF33:
 1053 008a 6D656D73 		.ascii	"memset\000"
 1053      657400
 1054              	.LASF17:
 1055 0091 646F7562 		.ascii	"double\000"
 1055      6C6500
 1056              	.LASF28:
 1057 0098 4379496E 		.ascii	"CyIntEnable\000"
 1057      74456E61 
 1057      626C6500 
 1058              	.LASF14:
 1059 00a4 75696E74 		.ascii	"uint16\000"
 1059      313600
 1060              	.LASF15:
 1061 00ab 75696E74 		.ascii	"uint32\000"
 1061      333200
 1062              	.LASF0:
 1063 00b2 756E7369 		.ascii	"unsigned int\000"
 1063      676E6564 
 1063      20696E74 
 1063      00
 1064              	.LASF31:
 1065 00bf 433A5C55 		.ascii	"C:\\Users\\Xwx47\\Documents\\Creator\\RNET\\v01.cyd"
 1065      73657273 
 1065      5C587778 
 1065      34375C44 
 1065      6F63756D 
 1066 00ec 736E00   		.ascii	"sn\000"
 1067              	.LASF32:
 1068 00ef 63796669 		.ascii	"cyfitter_cfg\000"
 1068      74746572 
 1068      5F636667 
ARM GAS  C:\Users\Xwx47\AppData\Local\Temp\ccKYbdoA.s 			page 26


 1068      00
 1069              	.LASF22:
 1070 00fc 61646472 		.ascii	"address\000"
 1070      65737300 
 1071              	.LASF9:
 1072 0104 6C6F6E67 		.ascii	"long long unsigned int\000"
 1072      206C6F6E 
 1072      6720756E 
 1072      7369676E 
 1072      65642069 
 1073              	.LASF29:
 1074 011b 474E5520 		.ascii	"GNU C11 5.4.1 20160609 (release) [ARM/embedded-5-br"
 1074      43313120 
 1074      352E342E 
 1074      31203230 
 1074      31363036 
 1075 014e 616E6368 		.ascii	"anch revision 237715] -mcpu=cortex-m0 -mthumb -g -O"
 1075      20726576 
 1075      6973696F 
 1075      6E203233 
 1075      37373135 
 1076 0181 67202D66 		.ascii	"g -ffunction-sections -ffat-lto-objects\000"
 1076      66756E63 
 1076      74696F6E 
 1076      2D736563 
 1076      74696F6E 
 1077              	.LASF24:
 1078 01a9 6366675F 		.ascii	"cfg_memset_t\000"
 1078      6D656D73 
 1078      65745F74 
 1078      00
 1079              	.LASF10:
 1080 01b6 73697A65 		.ascii	"sizetype\000"
 1080      74797065 
 1080      00
 1081              	.LASF1:
 1082 01bf 6C6F6E67 		.ascii	"long long int\000"
 1082      206C6F6E 
 1082      6720696E 
 1082      7400
 1083              	.LASF11:
 1084 01cd 63686172 		.ascii	"char\000"
 1084      00
 1085              	.LASF5:
 1086 01d2 73686F72 		.ascii	"short int\000"
 1086      7420696E 
 1086      7400
 1087              	.LASF26:
 1088 01dc 43795379 		.ascii	"CySysClkWriteImoFreq\000"
 1088      73436C6B 
 1088      57726974 
 1088      65496D6F 
 1088      46726571 
 1089              	.LASF7:
 1090 01f1 6C6F6E67 		.ascii	"long int\000"
 1090      20696E74 
 1090      00
ARM GAS  C:\Users\Xwx47\AppData\Local\Temp\ccKYbdoA.s 			page 27


 1091              	.LASF2:
 1092 01fa 6C6F6E67 		.ascii	"long double\000"
 1092      20646F75 
 1092      626C6500 
 1093              	.LASF3:
 1094 0206 7369676E 		.ascii	"signed char\000"
 1094      65642063 
 1094      68617200 
 1095              	.LASF30:
 1096 0212 47656E65 		.ascii	"Generated_Source\\PSoC4\\cyfitter_cfg.c\000"
 1096      72617465 
 1096      645F536F 
 1096      75726365 
 1096      5C50536F 
 1097              		.ident	"GCC: (GNU Tools for ARM Embedded Processors) 5.4.1 20160609 (release) [ARM/embedded-5-bran
