ARM GAS  C:\Users\Xwx47\AppData\Local\Temp\ccLO7Mta.s 			page 1


   1              		.syntax unified
   2              		.cpu cortex-m0
   3              		.fpu softvfp
   4              		.eabi_attribute 20, 1
   5              		.eabi_attribute 21, 1
   6              		.eabi_attribute 23, 3
   7              		.eabi_attribute 24, 1
   8              		.eabi_attribute 25, 1
   9              		.eabi_attribute 26, 1
  10              		.eabi_attribute 30, 1
  11              		.eabi_attribute 34, 0
  12              		.eabi_attribute 18, 4
  13              		.thumb
  14              		.syntax unified
  15              		.file	"main.c"
  16              		.text
  17              	.Ltext0:
  18              		.cfi_sections	.debug_frame
  19              		.section	.text.prvHardwareSetup,"ax",%progbits
  20              		.align	2
  21              		.global	prvHardwareSetup
  22              		.code	16
  23              		.thumb_func
  24              		.type	prvHardwareSetup, %function
  25              	prvHardwareSetup:
  26              	.LFB33:
  27              		.file 1 "main.c"
   1:main.c        **** #include "project.h"
   2:main.c        **** 
   3:main.c        **** #include "FreeRTOS.h"
   4:main.c        **** #include "task.h"
   5:main.c        **** 
   6:main.c        **** #include "RNet_App.h"
   7:main.c        **** 
   8:main.c        **** void prvHardwareSetup(void);
   9:main.c        **** 
  10:main.c        **** int main(void)
  11:main.c        **** {    
  12:main.c        ****     prvHardwareSetup();
  13:main.c        **** 
  14:main.c        ****     RNETApp_Init();
  15:main.c        ****     
  16:main.c        ****     vTaskStartScheduler();
  17:main.c        **** 
  18:main.c        ****     while(1) {
  19:main.c        ****     }
  20:main.c        **** }
  21:main.c        **** 
  22:main.c        **** void prvHardwareSetup(void)
  23:main.c        **** {
  28              		.loc 1 23 0
  29              		.cfi_startproc
  30              		@ args = 0, pretend = 0, frame = 0
  31              		@ frame_needed = 0, uses_anonymous_args = 0
  32 0000 10B5     		push	{r4, lr}
  33              		.cfi_def_cfa_offset 8
  34              		.cfi_offset 4, -8
ARM GAS  C:\Users\Xwx47\AppData\Local\Temp\ccLO7Mta.s 			page 2


  35              		.cfi_offset 14, -4
  36              	.LVL0:
  24:main.c        ****     // Port layer functions that need to be copied into the vector table.
  25:main.c        ****     extern void xPortPendSVHandler(void);
  26:main.c        ****     extern void xPortSysTickHandler(void);
  27:main.c        ****     extern void vPortSVCHandler(void );
  28:main.c        **** 
  29:main.c        ****     const uint8_t CORTEX_INTERRUPT_BASE = 16;
  30:main.c        ****     // Handler for Cortex Supervisor Call (SVC) - Address 11 (SVCall_IRQn = -5)
  31:main.c        ****     CyIntSetSysVector(CORTEX_INTERRUPT_BASE + SVCall_IRQn,
  37              		.loc 1 31 0
  38 0002 0949     		ldr	r1, .L2
  39 0004 0B20     		movs	r0, #11
  40 0006 FFF7FEFF 		bl	CyIntSetSysVector
  41              	.LVL1:
  32:main.c        ****                     (cyisraddress) vPortSVCHandler);
  33:main.c        ****     // Handler for Cortex PendSV Call - Address 14 (PendSV_IRQn = -2)
  34:main.c        ****     CyIntSetSysVector(CORTEX_INTERRUPT_BASE + PendSV_IRQn,
  42              		.loc 1 34 0
  43 000a 0849     		ldr	r1, .L2+4
  44 000c 0E20     		movs	r0, #14
  45 000e FFF7FEFF 		bl	CyIntSetSysVector
  46              	.LVL2:
  35:main.c        ****                     (cyisraddress) xPortPendSVHandler);
  36:main.c        ****     // Handler for Cortex SYSTICK - Address 15 (SysTick_IRQn = -1)
  37:main.c        ****     CyIntSetSysVector(CORTEX_INTERRUPT_BASE + SysTick_IRQn,
  47              		.loc 1 37 0
  48 0012 0749     		ldr	r1, .L2+8
  49 0014 0F20     		movs	r0, #15
  50 0016 FFF7FEFF 		bl	CyIntSetSysVector
  51              	.LVL3:
  38:main.c        ****                     (cyisraddress) xPortSysTickHandler);
  39:main.c        ****     
  40:main.c        ****     // Start-up the peripherals.
  41:main.c        ****     CyGlobalIntEnable;
  52              		.loc 1 41 0
  53              		.syntax divided
  54              	@ 41 "main.c" 1
  55 001a 62B6     		CPSIE   i
  56              	@ 0 "" 2
  42:main.c        ****     
  43:main.c        ****     UART_Start();
  57              		.loc 1 43 0
  58              		.thumb
  59              		.syntax unified
  60 001c FFF7FEFF 		bl	UART_Start
  61              	.LVL4:
  44:main.c        ****     // The SPI is started on the rf1_start function
  45:main.c        ****     RF1_start();
  62              		.loc 1 45 0
  63 0020 FFF7FEFF 		bl	RF1_start
  64              	.LVL5:
  46:main.c        **** }
  65              		.loc 1 46 0
  66              		@ sp needed
  67 0024 10BD     		pop	{r4, pc}
  68              	.L3:
ARM GAS  C:\Users\Xwx47\AppData\Local\Temp\ccLO7Mta.s 			page 3


  69 0026 C046     		.align	2
  70              	.L2:
  71 0028 00000000 		.word	SVC_Handler
  72 002c 00000000 		.word	PendSV_Handler
  73 0030 00000000 		.word	SysTick_Handler
  74              		.cfi_endproc
  75              	.LFE33:
  76              		.size	prvHardwareSetup, .-prvHardwareSetup
  77              		.section	.text.main,"ax",%progbits
  78              		.align	2
  79              		.global	main
  80              		.code	16
  81              		.thumb_func
  82              		.type	main, %function
  83              	main:
  84              	.LFB32:
  11:main.c        ****     prvHardwareSetup();
  85              		.loc 1 11 0
  86              		.cfi_startproc
  87              		@ Volatile: function does not return.
  88              		@ args = 0, pretend = 0, frame = 0
  89              		@ frame_needed = 0, uses_anonymous_args = 0
  90 0000 10B5     		push	{r4, lr}
  91              		.cfi_def_cfa_offset 8
  92              		.cfi_offset 4, -8
  93              		.cfi_offset 14, -4
  12:main.c        **** 
  94              		.loc 1 12 0
  95 0002 FFF7FEFF 		bl	prvHardwareSetup
  96              	.LVL6:
  14:main.c        ****     
  97              		.loc 1 14 0
  98 0006 FFF7FEFF 		bl	RNETApp_Init
  99              	.LVL7:
  16:main.c        **** 
 100              		.loc 1 16 0
 101 000a FFF7FEFF 		bl	vTaskStartScheduler
 102              	.LVL8:
 103              	.L5:
 104 000e FEE7     		b	.L5
 105              		.cfi_endproc
 106              	.LFE32:
 107              		.size	main, .-main
 108              		.section	.text.vApplicationMallocFailedHook,"ax",%progbits
 109              		.align	2
 110              		.global	vApplicationMallocFailedHook
 111              		.code	16
 112              		.thumb_func
 113              		.type	vApplicationMallocFailedHook, %function
 114              	vApplicationMallocFailedHook:
 115              	.LFB34:
  47:main.c        **** 
  48:main.c        **** // The heap space has been execeeded.
  49:main.c        **** void vApplicationMallocFailedHook(void)
  50:main.c        **** {
 116              		.loc 1 50 0
 117              		.cfi_startproc
ARM GAS  C:\Users\Xwx47\AppData\Local\Temp\ccLO7Mta.s 			page 4


 118              		@ Volatile: function does not return.
 119              		@ args = 0, pretend = 0, frame = 0
 120              		@ frame_needed = 0, uses_anonymous_args = 0
 121              		@ link register save eliminated.
  51:main.c        ****     taskDISABLE_INTERRUPTS();
 122              		.loc 1 51 0
 123              		.syntax divided
 124              	@ 51 "main.c" 1
 125 0000 72B6     		 cpsid i 
 126              	@ 0 "" 2
 127              		.thumb
 128              		.syntax unified
 129              	.L7:
 130 0002 FEE7     		b	.L7
 131              		.cfi_endproc
 132              	.LFE34:
 133              		.size	vApplicationMallocFailedHook, .-vApplicationMallocFailedHook
 134              		.section	.text.vApplicationStackOverflowHook,"ax",%progbits
 135              		.align	2
 136              		.global	vApplicationStackOverflowHook
 137              		.code	16
 138              		.thumb_func
 139              		.type	vApplicationStackOverflowHook, %function
 140              	vApplicationStackOverflowHook:
 141              	.LFB35:
  52:main.c        ****     while(1) {
  53:main.c        ****     }
  54:main.c        **** }
  55:main.c        **** 
  56:main.c        **** // The stack space has been overflowed
  57:main.c        **** void vApplicationStackOverflowHook(void)
  58:main.c        **** {
 142              		.loc 1 58 0
 143              		.cfi_startproc
 144              		@ Volatile: function does not return.
 145              		@ args = 0, pretend = 0, frame = 0
 146              		@ frame_needed = 0, uses_anonymous_args = 0
 147              		@ link register save eliminated.
  59:main.c        ****     taskDISABLE_INTERRUPTS();
 148              		.loc 1 59 0
 149              		.syntax divided
 150              	@ 59 "main.c" 1
 151 0000 72B6     		 cpsid i 
 152              	@ 0 "" 2
 153              		.thumb
 154              		.syntax unified
 155              	.L9:
 156 0002 FEE7     		b	.L9
 157              		.cfi_endproc
 158              	.LFE35:
 159              		.size	vApplicationStackOverflowHook, .-vApplicationStackOverflowHook
 160              		.text
 161              	.Letext0:
 162              		.file 2 "c:\\program files (x86)\\cypress\\psoc creator\\4.1\\psoc creator\\import\\gnu\\arm\\5.4.
 163              		.file 3 "c:\\program files (x86)\\cypress\\psoc creator\\4.1\\psoc creator\\import\\gnu\\arm\\5.4.
 164              		.file 4 "Generated_Source\\PSoC4/cytypes.h"
 165              		.file 5 "Generated_Source\\PSoC4/CyLib.h"
ARM GAS  C:\Users\Xwx47\AppData\Local\Temp\ccLO7Mta.s 			page 5


 166              		.file 6 "Generated_Source\\PSoC4/UART.h"
 167              		.file 7 "Generated_Source\\PSoC4/RF1_FUNCS.h"
 168              		.file 8 "RNet_App.h"
 169              		.file 9 "..\\FreeRTOS\\include/task.h"
 170              		.file 10 "Generated_Source\\PSoC4/core_cm0_psoc4.h"
 171              		.section	.debug_info,"",%progbits
 172              	.Ldebug_info0:
 173 0000 00020000 		.4byte	0x200
 174 0004 0400     		.2byte	0x4
 175 0006 00000000 		.4byte	.Ldebug_abbrev0
 176 000a 04       		.byte	0x4
 177 000b 01       		.uleb128 0x1
 178 000c 9F010000 		.4byte	.LASF33
 179 0010 0C       		.byte	0xc
 180 0011 44020000 		.4byte	.LASF34
 181 0015 33010000 		.4byte	.LASF35
 182 0019 00000000 		.4byte	.Ldebug_ranges0+0
 183 001d 00000000 		.4byte	0
 184 0021 00000000 		.4byte	.Ldebug_line0
 185 0025 02       		.uleb128 0x2
 186 0026 01       		.byte	0x1
 187 0027 06       		.byte	0x6
 188 0028 7E020000 		.4byte	.LASF0
 189 002c 03       		.uleb128 0x3
 190 002d 32000000 		.4byte	.LASF9
 191 0031 02       		.byte	0x2
 192 0032 1D       		.byte	0x1d
 193 0033 37000000 		.4byte	0x37
 194 0037 02       		.uleb128 0x2
 195 0038 01       		.byte	0x1
 196 0039 08       		.byte	0x8
 197 003a 94000000 		.4byte	.LASF1
 198 003e 02       		.uleb128 0x2
 199 003f 02       		.byte	0x2
 200 0040 05       		.byte	0x5
 201 0041 50020000 		.4byte	.LASF2
 202 0045 02       		.uleb128 0x2
 203 0046 02       		.byte	0x2
 204 0047 07       		.byte	0x7
 205 0048 B4000000 		.4byte	.LASF3
 206 004c 02       		.uleb128 0x2
 207 004d 04       		.byte	0x4
 208 004e 05       		.byte	0x5
 209 004f 69020000 		.4byte	.LASF4
 210 0053 02       		.uleb128 0x2
 211 0054 04       		.byte	0x4
 212 0055 07       		.byte	0x7
 213 0056 A2000000 		.4byte	.LASF5
 214 005a 02       		.uleb128 0x2
 215 005b 08       		.byte	0x8
 216 005c 05       		.byte	0x5
 217 005d 36020000 		.4byte	.LASF6
 218 0061 02       		.uleb128 0x2
 219 0062 08       		.byte	0x8
 220 0063 07       		.byte	0x7
 221 0064 63010000 		.4byte	.LASF7
 222 0068 04       		.uleb128 0x4
ARM GAS  C:\Users\Xwx47\AppData\Local\Temp\ccLO7Mta.s 			page 6


 223 0069 04       		.byte	0x4
 224 006a 05       		.byte	0x5
 225 006b 696E7400 		.ascii	"int\000"
 226 006f 02       		.uleb128 0x2
 227 0070 04       		.byte	0x4
 228 0071 07       		.byte	0x7
 229 0072 26010000 		.4byte	.LASF8
 230 0076 03       		.uleb128 0x3
 231 0077 7A010000 		.4byte	.LASF10
 232 007b 03       		.byte	0x3
 233 007c 18       		.byte	0x18
 234 007d 2C000000 		.4byte	0x2c
 235 0081 02       		.uleb128 0x2
 236 0082 04       		.byte	0x4
 237 0083 04       		.byte	0x4
 238 0084 82000000 		.4byte	.LASF11
 239 0088 02       		.uleb128 0x2
 240 0089 08       		.byte	0x8
 241 008a 04       		.byte	0x4
 242 008b E6000000 		.4byte	.LASF12
 243 008f 02       		.uleb128 0x2
 244 0090 01       		.byte	0x1
 245 0091 08       		.byte	0x8
 246 0092 4B020000 		.4byte	.LASF13
 247 0096 05       		.uleb128 0x5
 248 0097 F9000000 		.4byte	.LASF14
 249 009b 04       		.byte	0x4
 250 009c 8E02     		.2byte	0x28e
 251 009e A2000000 		.4byte	0xa2
 252 00a2 06       		.uleb128 0x6
 253 00a3 04       		.byte	0x4
 254 00a4 A8000000 		.4byte	0xa8
 255 00a8 07       		.uleb128 0x7
 256 00a9 02       		.uleb128 0x2
 257 00aa 08       		.byte	0x8
 258 00ab 04       		.byte	0x4
 259 00ac 72020000 		.4byte	.LASF15
 260 00b0 02       		.uleb128 0x2
 261 00b1 04       		.byte	0x4
 262 00b2 07       		.byte	0x7
 263 00b3 2D020000 		.4byte	.LASF16
 264 00b7 08       		.uleb128 0x8
 265 00b8 B7020000 		.4byte	.LASF36
 266 00bc 01       		.byte	0x1
 267 00bd 25000000 		.4byte	0x25
 268 00c1 0A       		.byte	0xa
 269 00c2 17       		.byte	0x17
 270 00c3 E6000000 		.4byte	0xe6
 271 00c7 09       		.uleb128 0x9
 272 00c8 00000000 		.4byte	.LASF17
 273 00cc 72       		.sleb128 -14
 274 00cd 09       		.uleb128 0x9
 275 00ce 17010000 		.4byte	.LASF18
 276 00d2 73       		.sleb128 -13
 277 00d3 09       		.uleb128 0x9
 278 00d4 88000000 		.4byte	.LASF19
 279 00d8 7B       		.sleb128 -5
ARM GAS  C:\Users\Xwx47\AppData\Local\Temp\ccLO7Mta.s 			page 7


 280 00d9 09       		.uleb128 0x9
 281 00da 0B010000 		.4byte	.LASF20
 282 00de 7E       		.sleb128 -2
 283 00df 09       		.uleb128 0x9
 284 00e0 75000000 		.4byte	.LASF21
 285 00e4 7F       		.sleb128 -1
 286 00e5 00       		.byte	0
 287 00e6 02       		.uleb128 0x2
 288 00e7 01       		.byte	0x1
 289 00e8 02       		.byte	0x2
 290 00e9 A0020000 		.4byte	.LASF22
 291 00ed 0A       		.uleb128 0xa
 292 00ee A6020000 		.4byte	.LASF37
 293 00f2 01       		.byte	0x1
 294 00f3 16       		.byte	0x16
 295 00f4 00000000 		.4byte	.LFB33
 296 00f8 34000000 		.4byte	.LFE33-.LFB33
 297 00fc 01       		.uleb128 0x1
 298 00fd 9C       		.byte	0x9c
 299 00fe 6F010000 		.4byte	0x16f
 300 0102 0B       		.uleb128 0xb
 301 0103 5A020000 		.4byte	.LASF23
 302 0107 01       		.byte	0x1
 303 0108 19       		.byte	0x19
 304 0109 0B       		.uleb128 0xb
 305 010a 46000000 		.4byte	.LASF24
 306 010e 01       		.byte	0x1
 307 010f 1A       		.byte	0x1a
 308 0110 0B       		.uleb128 0xb
 309 0111 ED000000 		.4byte	.LASF25
 310 0115 01       		.byte	0x1
 311 0116 1B       		.byte	0x1b
 312 0117 0C       		.uleb128 0xc
 313 0118 8A020000 		.4byte	.LASF38
 314 011c 01       		.byte	0x1
 315 011d 1D       		.byte	0x1d
 316 011e 6F010000 		.4byte	0x16f
 317 0122 10       		.byte	0x10
 318 0123 0D       		.uleb128 0xd
 319 0124 0A000000 		.4byte	.LVL1
 320 0128 CB010000 		.4byte	0x1cb
 321 012c 36010000 		.4byte	0x136
 322 0130 0E       		.uleb128 0xe
 323 0131 01       		.uleb128 0x1
 324 0132 50       		.byte	0x50
 325 0133 01       		.uleb128 0x1
 326 0134 3B       		.byte	0x3b
 327 0135 00       		.byte	0
 328 0136 0D       		.uleb128 0xd
 329 0137 12000000 		.4byte	.LVL2
 330 013b CB010000 		.4byte	0x1cb
 331 013f 49010000 		.4byte	0x149
 332 0143 0E       		.uleb128 0xe
 333 0144 01       		.uleb128 0x1
 334 0145 50       		.byte	0x50
 335 0146 01       		.uleb128 0x1
 336 0147 3E       		.byte	0x3e
ARM GAS  C:\Users\Xwx47\AppData\Local\Temp\ccLO7Mta.s 			page 8


 337 0148 00       		.byte	0
 338 0149 0D       		.uleb128 0xd
 339 014a 1A000000 		.4byte	.LVL3
 340 014e CB010000 		.4byte	0x1cb
 341 0152 5C010000 		.4byte	0x15c
 342 0156 0E       		.uleb128 0xe
 343 0157 01       		.uleb128 0x1
 344 0158 50       		.byte	0x50
 345 0159 01       		.uleb128 0x1
 346 015a 3F       		.byte	0x3f
 347 015b 00       		.byte	0
 348 015c 0F       		.uleb128 0xf
 349 015d 20000000 		.4byte	.LVL4
 350 0161 D6010000 		.4byte	0x1d6
 351 0165 0F       		.uleb128 0xf
 352 0166 24000000 		.4byte	.LVL5
 353 016a E1010000 		.4byte	0x1e1
 354 016e 00       		.byte	0
 355 016f 10       		.uleb128 0x10
 356 0170 76000000 		.4byte	0x76
 357 0174 11       		.uleb128 0x11
 358 0175 06010000 		.4byte	.LASF39
 359 0179 01       		.byte	0x1
 360 017a 0A       		.byte	0xa
 361 017b 68000000 		.4byte	0x68
 362 017f 00000000 		.4byte	.LFB32
 363 0183 10000000 		.4byte	.LFE32-.LFB32
 364 0187 01       		.uleb128 0x1
 365 0188 9C       		.byte	0x9c
 366 0189 A9010000 		.4byte	0x1a9
 367 018d 0F       		.uleb128 0xf
 368 018e 06000000 		.4byte	.LVL6
 369 0192 ED000000 		.4byte	0xed
 370 0196 0F       		.uleb128 0xf
 371 0197 0A000000 		.4byte	.LVL7
 372 019b EC010000 		.4byte	0x1ec
 373 019f 0F       		.uleb128 0xf
 374 01a0 0E000000 		.4byte	.LVL8
 375 01a4 F7010000 		.4byte	0x1f7
 376 01a8 00       		.byte	0
 377 01a9 12       		.uleb128 0x12
 378 01aa 82010000 		.4byte	.LASF26
 379 01ae 01       		.byte	0x1
 380 01af 31       		.byte	0x31
 381 01b0 00000000 		.4byte	.LFB34
 382 01b4 04000000 		.4byte	.LFE34-.LFB34
 383 01b8 01       		.uleb128 0x1
 384 01b9 9C       		.byte	0x9c
 385 01ba 12       		.uleb128 0x12
 386 01bb 14000000 		.4byte	.LASF27
 387 01bf 01       		.byte	0x1
 388 01c0 39       		.byte	0x39
 389 01c1 00000000 		.4byte	.LFB35
 390 01c5 04000000 		.4byte	.LFE35-.LFB35
 391 01c9 01       		.uleb128 0x1
 392 01ca 9C       		.byte	0x9c
 393 01cb 13       		.uleb128 0x13
ARM GAS  C:\Users\Xwx47\AppData\Local\Temp\ccLO7Mta.s 			page 9


 394 01cc C7000000 		.4byte	.LASF28
 395 01d0 C7000000 		.4byte	.LASF28
 396 01d4 05       		.byte	0x5
 397 01d5 BA       		.byte	0xba
 398 01d6 13       		.uleb128 0x13
 399 01d7 6A000000 		.4byte	.LASF29
 400 01db 6A000000 		.4byte	.LASF29
 401 01df 06       		.byte	0x6
 402 01e0 1F       		.byte	0x1f
 403 01e1 13       		.uleb128 0x13
 404 01e2 3C000000 		.4byte	.LASF30
 405 01e6 3C000000 		.4byte	.LASF30
 406 01ea 07       		.byte	0x7
 407 01eb 23       		.byte	0x23
 408 01ec 13       		.uleb128 0x13
 409 01ed D9000000 		.4byte	.LASF31
 410 01f1 D9000000 		.4byte	.LASF31
 411 01f5 08       		.byte	0x8
 412 01f6 06       		.byte	0x6
 413 01f7 14       		.uleb128 0x14
 414 01f8 56000000 		.4byte	.LASF32
 415 01fc 56000000 		.4byte	.LASF32
 416 0200 09       		.byte	0x9
 417 0201 8F04     		.2byte	0x48f
 418 0203 00       		.byte	0
 419              		.section	.debug_abbrev,"",%progbits
 420              	.Ldebug_abbrev0:
 421 0000 01       		.uleb128 0x1
 422 0001 11       		.uleb128 0x11
 423 0002 01       		.byte	0x1
 424 0003 25       		.uleb128 0x25
 425 0004 0E       		.uleb128 0xe
 426 0005 13       		.uleb128 0x13
 427 0006 0B       		.uleb128 0xb
 428 0007 03       		.uleb128 0x3
 429 0008 0E       		.uleb128 0xe
 430 0009 1B       		.uleb128 0x1b
 431 000a 0E       		.uleb128 0xe
 432 000b 55       		.uleb128 0x55
 433 000c 17       		.uleb128 0x17
 434 000d 11       		.uleb128 0x11
 435 000e 01       		.uleb128 0x1
 436 000f 10       		.uleb128 0x10
 437 0010 17       		.uleb128 0x17
 438 0011 00       		.byte	0
 439 0012 00       		.byte	0
 440 0013 02       		.uleb128 0x2
 441 0014 24       		.uleb128 0x24
 442 0015 00       		.byte	0
 443 0016 0B       		.uleb128 0xb
 444 0017 0B       		.uleb128 0xb
 445 0018 3E       		.uleb128 0x3e
 446 0019 0B       		.uleb128 0xb
 447 001a 03       		.uleb128 0x3
 448 001b 0E       		.uleb128 0xe
 449 001c 00       		.byte	0
 450 001d 00       		.byte	0
ARM GAS  C:\Users\Xwx47\AppData\Local\Temp\ccLO7Mta.s 			page 10


 451 001e 03       		.uleb128 0x3
 452 001f 16       		.uleb128 0x16
 453 0020 00       		.byte	0
 454 0021 03       		.uleb128 0x3
 455 0022 0E       		.uleb128 0xe
 456 0023 3A       		.uleb128 0x3a
 457 0024 0B       		.uleb128 0xb
 458 0025 3B       		.uleb128 0x3b
 459 0026 0B       		.uleb128 0xb
 460 0027 49       		.uleb128 0x49
 461 0028 13       		.uleb128 0x13
 462 0029 00       		.byte	0
 463 002a 00       		.byte	0
 464 002b 04       		.uleb128 0x4
 465 002c 24       		.uleb128 0x24
 466 002d 00       		.byte	0
 467 002e 0B       		.uleb128 0xb
 468 002f 0B       		.uleb128 0xb
 469 0030 3E       		.uleb128 0x3e
 470 0031 0B       		.uleb128 0xb
 471 0032 03       		.uleb128 0x3
 472 0033 08       		.uleb128 0x8
 473 0034 00       		.byte	0
 474 0035 00       		.byte	0
 475 0036 05       		.uleb128 0x5
 476 0037 16       		.uleb128 0x16
 477 0038 00       		.byte	0
 478 0039 03       		.uleb128 0x3
 479 003a 0E       		.uleb128 0xe
 480 003b 3A       		.uleb128 0x3a
 481 003c 0B       		.uleb128 0xb
 482 003d 3B       		.uleb128 0x3b
 483 003e 05       		.uleb128 0x5
 484 003f 49       		.uleb128 0x49
 485 0040 13       		.uleb128 0x13
 486 0041 00       		.byte	0
 487 0042 00       		.byte	0
 488 0043 06       		.uleb128 0x6
 489 0044 0F       		.uleb128 0xf
 490 0045 00       		.byte	0
 491 0046 0B       		.uleb128 0xb
 492 0047 0B       		.uleb128 0xb
 493 0048 49       		.uleb128 0x49
 494 0049 13       		.uleb128 0x13
 495 004a 00       		.byte	0
 496 004b 00       		.byte	0
 497 004c 07       		.uleb128 0x7
 498 004d 15       		.uleb128 0x15
 499 004e 00       		.byte	0
 500 004f 27       		.uleb128 0x27
 501 0050 19       		.uleb128 0x19
 502 0051 00       		.byte	0
 503 0052 00       		.byte	0
 504 0053 08       		.uleb128 0x8
 505 0054 04       		.uleb128 0x4
 506 0055 01       		.byte	0x1
 507 0056 03       		.uleb128 0x3
ARM GAS  C:\Users\Xwx47\AppData\Local\Temp\ccLO7Mta.s 			page 11


 508 0057 0E       		.uleb128 0xe
 509 0058 0B       		.uleb128 0xb
 510 0059 0B       		.uleb128 0xb
 511 005a 49       		.uleb128 0x49
 512 005b 13       		.uleb128 0x13
 513 005c 3A       		.uleb128 0x3a
 514 005d 0B       		.uleb128 0xb
 515 005e 3B       		.uleb128 0x3b
 516 005f 0B       		.uleb128 0xb
 517 0060 01       		.uleb128 0x1
 518 0061 13       		.uleb128 0x13
 519 0062 00       		.byte	0
 520 0063 00       		.byte	0
 521 0064 09       		.uleb128 0x9
 522 0065 28       		.uleb128 0x28
 523 0066 00       		.byte	0
 524 0067 03       		.uleb128 0x3
 525 0068 0E       		.uleb128 0xe
 526 0069 1C       		.uleb128 0x1c
 527 006a 0D       		.uleb128 0xd
 528 006b 00       		.byte	0
 529 006c 00       		.byte	0
 530 006d 0A       		.uleb128 0xa
 531 006e 2E       		.uleb128 0x2e
 532 006f 01       		.byte	0x1
 533 0070 3F       		.uleb128 0x3f
 534 0071 19       		.uleb128 0x19
 535 0072 03       		.uleb128 0x3
 536 0073 0E       		.uleb128 0xe
 537 0074 3A       		.uleb128 0x3a
 538 0075 0B       		.uleb128 0xb
 539 0076 3B       		.uleb128 0x3b
 540 0077 0B       		.uleb128 0xb
 541 0078 27       		.uleb128 0x27
 542 0079 19       		.uleb128 0x19
 543 007a 11       		.uleb128 0x11
 544 007b 01       		.uleb128 0x1
 545 007c 12       		.uleb128 0x12
 546 007d 06       		.uleb128 0x6
 547 007e 40       		.uleb128 0x40
 548 007f 18       		.uleb128 0x18
 549 0080 9742     		.uleb128 0x2117
 550 0082 19       		.uleb128 0x19
 551 0083 01       		.uleb128 0x1
 552 0084 13       		.uleb128 0x13
 553 0085 00       		.byte	0
 554 0086 00       		.byte	0
 555 0087 0B       		.uleb128 0xb
 556 0088 2E       		.uleb128 0x2e
 557 0089 00       		.byte	0
 558 008a 3F       		.uleb128 0x3f
 559 008b 19       		.uleb128 0x19
 560 008c 03       		.uleb128 0x3
 561 008d 0E       		.uleb128 0xe
 562 008e 3A       		.uleb128 0x3a
 563 008f 0B       		.uleb128 0xb
 564 0090 3B       		.uleb128 0x3b
ARM GAS  C:\Users\Xwx47\AppData\Local\Temp\ccLO7Mta.s 			page 12


 565 0091 0B       		.uleb128 0xb
 566 0092 27       		.uleb128 0x27
 567 0093 19       		.uleb128 0x19
 568 0094 3C       		.uleb128 0x3c
 569 0095 19       		.uleb128 0x19
 570 0096 00       		.byte	0
 571 0097 00       		.byte	0
 572 0098 0C       		.uleb128 0xc
 573 0099 34       		.uleb128 0x34
 574 009a 00       		.byte	0
 575 009b 03       		.uleb128 0x3
 576 009c 0E       		.uleb128 0xe
 577 009d 3A       		.uleb128 0x3a
 578 009e 0B       		.uleb128 0xb
 579 009f 3B       		.uleb128 0x3b
 580 00a0 0B       		.uleb128 0xb
 581 00a1 49       		.uleb128 0x49
 582 00a2 13       		.uleb128 0x13
 583 00a3 1C       		.uleb128 0x1c
 584 00a4 0B       		.uleb128 0xb
 585 00a5 00       		.byte	0
 586 00a6 00       		.byte	0
 587 00a7 0D       		.uleb128 0xd
 588 00a8 898201   		.uleb128 0x4109
 589 00ab 01       		.byte	0x1
 590 00ac 11       		.uleb128 0x11
 591 00ad 01       		.uleb128 0x1
 592 00ae 31       		.uleb128 0x31
 593 00af 13       		.uleb128 0x13
 594 00b0 01       		.uleb128 0x1
 595 00b1 13       		.uleb128 0x13
 596 00b2 00       		.byte	0
 597 00b3 00       		.byte	0
 598 00b4 0E       		.uleb128 0xe
 599 00b5 8A8201   		.uleb128 0x410a
 600 00b8 00       		.byte	0
 601 00b9 02       		.uleb128 0x2
 602 00ba 18       		.uleb128 0x18
 603 00bb 9142     		.uleb128 0x2111
 604 00bd 18       		.uleb128 0x18
 605 00be 00       		.byte	0
 606 00bf 00       		.byte	0
 607 00c0 0F       		.uleb128 0xf
 608 00c1 898201   		.uleb128 0x4109
 609 00c4 00       		.byte	0
 610 00c5 11       		.uleb128 0x11
 611 00c6 01       		.uleb128 0x1
 612 00c7 31       		.uleb128 0x31
 613 00c8 13       		.uleb128 0x13
 614 00c9 00       		.byte	0
 615 00ca 00       		.byte	0
 616 00cb 10       		.uleb128 0x10
 617 00cc 26       		.uleb128 0x26
 618 00cd 00       		.byte	0
 619 00ce 49       		.uleb128 0x49
 620 00cf 13       		.uleb128 0x13
 621 00d0 00       		.byte	0
ARM GAS  C:\Users\Xwx47\AppData\Local\Temp\ccLO7Mta.s 			page 13


 622 00d1 00       		.byte	0
 623 00d2 11       		.uleb128 0x11
 624 00d3 2E       		.uleb128 0x2e
 625 00d4 01       		.byte	0x1
 626 00d5 3F       		.uleb128 0x3f
 627 00d6 19       		.uleb128 0x19
 628 00d7 03       		.uleb128 0x3
 629 00d8 0E       		.uleb128 0xe
 630 00d9 3A       		.uleb128 0x3a
 631 00da 0B       		.uleb128 0xb
 632 00db 3B       		.uleb128 0x3b
 633 00dc 0B       		.uleb128 0xb
 634 00dd 27       		.uleb128 0x27
 635 00de 19       		.uleb128 0x19
 636 00df 49       		.uleb128 0x49
 637 00e0 13       		.uleb128 0x13
 638 00e1 8701     		.uleb128 0x87
 639 00e3 19       		.uleb128 0x19
 640 00e4 11       		.uleb128 0x11
 641 00e5 01       		.uleb128 0x1
 642 00e6 12       		.uleb128 0x12
 643 00e7 06       		.uleb128 0x6
 644 00e8 40       		.uleb128 0x40
 645 00e9 18       		.uleb128 0x18
 646 00ea 9742     		.uleb128 0x2117
 647 00ec 19       		.uleb128 0x19
 648 00ed 01       		.uleb128 0x1
 649 00ee 13       		.uleb128 0x13
 650 00ef 00       		.byte	0
 651 00f0 00       		.byte	0
 652 00f1 12       		.uleb128 0x12
 653 00f2 2E       		.uleb128 0x2e
 654 00f3 00       		.byte	0
 655 00f4 3F       		.uleb128 0x3f
 656 00f5 19       		.uleb128 0x19
 657 00f6 03       		.uleb128 0x3
 658 00f7 0E       		.uleb128 0xe
 659 00f8 3A       		.uleb128 0x3a
 660 00f9 0B       		.uleb128 0xb
 661 00fa 3B       		.uleb128 0x3b
 662 00fb 0B       		.uleb128 0xb
 663 00fc 27       		.uleb128 0x27
 664 00fd 19       		.uleb128 0x19
 665 00fe 8701     		.uleb128 0x87
 666 0100 19       		.uleb128 0x19
 667 0101 11       		.uleb128 0x11
 668 0102 01       		.uleb128 0x1
 669 0103 12       		.uleb128 0x12
 670 0104 06       		.uleb128 0x6
 671 0105 40       		.uleb128 0x40
 672 0106 18       		.uleb128 0x18
 673 0107 9742     		.uleb128 0x2117
 674 0109 19       		.uleb128 0x19
 675 010a 00       		.byte	0
 676 010b 00       		.byte	0
 677 010c 13       		.uleb128 0x13
 678 010d 2E       		.uleb128 0x2e
ARM GAS  C:\Users\Xwx47\AppData\Local\Temp\ccLO7Mta.s 			page 14


 679 010e 00       		.byte	0
 680 010f 3F       		.uleb128 0x3f
 681 0110 19       		.uleb128 0x19
 682 0111 3C       		.uleb128 0x3c
 683 0112 19       		.uleb128 0x19
 684 0113 6E       		.uleb128 0x6e
 685 0114 0E       		.uleb128 0xe
 686 0115 03       		.uleb128 0x3
 687 0116 0E       		.uleb128 0xe
 688 0117 3A       		.uleb128 0x3a
 689 0118 0B       		.uleb128 0xb
 690 0119 3B       		.uleb128 0x3b
 691 011a 0B       		.uleb128 0xb
 692 011b 00       		.byte	0
 693 011c 00       		.byte	0
 694 011d 14       		.uleb128 0x14
 695 011e 2E       		.uleb128 0x2e
 696 011f 00       		.byte	0
 697 0120 3F       		.uleb128 0x3f
 698 0121 19       		.uleb128 0x19
 699 0122 3C       		.uleb128 0x3c
 700 0123 19       		.uleb128 0x19
 701 0124 6E       		.uleb128 0x6e
 702 0125 0E       		.uleb128 0xe
 703 0126 03       		.uleb128 0x3
 704 0127 0E       		.uleb128 0xe
 705 0128 3A       		.uleb128 0x3a
 706 0129 0B       		.uleb128 0xb
 707 012a 3B       		.uleb128 0x3b
 708 012b 05       		.uleb128 0x5
 709 012c 00       		.byte	0
 710 012d 00       		.byte	0
 711 012e 00       		.byte	0
 712              		.section	.debug_aranges,"",%progbits
 713 0000 34000000 		.4byte	0x34
 714 0004 0200     		.2byte	0x2
 715 0006 00000000 		.4byte	.Ldebug_info0
 716 000a 04       		.byte	0x4
 717 000b 00       		.byte	0
 718 000c 0000     		.2byte	0
 719 000e 0000     		.2byte	0
 720 0010 00000000 		.4byte	.LFB33
 721 0014 34000000 		.4byte	.LFE33-.LFB33
 722 0018 00000000 		.4byte	.LFB32
 723 001c 10000000 		.4byte	.LFE32-.LFB32
 724 0020 00000000 		.4byte	.LFB34
 725 0024 04000000 		.4byte	.LFE34-.LFB34
 726 0028 00000000 		.4byte	.LFB35
 727 002c 04000000 		.4byte	.LFE35-.LFB35
 728 0030 00000000 		.4byte	0
 729 0034 00000000 		.4byte	0
 730              		.section	.debug_ranges,"",%progbits
 731              	.Ldebug_ranges0:
 732 0000 00000000 		.4byte	.LFB33
 733 0004 34000000 		.4byte	.LFE33
 734 0008 00000000 		.4byte	.LFB32
 735 000c 10000000 		.4byte	.LFE32
ARM GAS  C:\Users\Xwx47\AppData\Local\Temp\ccLO7Mta.s 			page 15


 736 0010 00000000 		.4byte	.LFB34
 737 0014 04000000 		.4byte	.LFE34
 738 0018 00000000 		.4byte	.LFB35
 739 001c 04000000 		.4byte	.LFE35
 740 0020 00000000 		.4byte	0
 741 0024 00000000 		.4byte	0
 742              		.section	.debug_line,"",%progbits
 743              	.Ldebug_line0:
 744 0000 F0010000 		.section	.debug_str,"MS",%progbits,1
 744      0200A201 
 744      00000201 
 744      FB0E0D00 
 744      01010101 
 745              	.LASF17:
 746 0000 4E6F6E4D 		.ascii	"NonMaskableInt_IRQn\000"
 746      61736B61 
 746      626C6549 
 746      6E745F49 
 746      52516E00 
 747              	.LASF27:
 748 0014 76417070 		.ascii	"vApplicationStackOverflowHook\000"
 748      6C696361 
 748      74696F6E 
 748      53746163 
 748      6B4F7665 
 749              	.LASF9:
 750 0032 5F5F7569 		.ascii	"__uint8_t\000"
 750      6E74385F 
 750      7400
 751              	.LASF30:
 752 003c 5246315F 		.ascii	"RF1_start\000"
 752      73746172 
 752      7400
 753              	.LASF24:
 754 0046 53797354 		.ascii	"SysTick_Handler\000"
 754      69636B5F 
 754      48616E64 
 754      6C657200 
 755              	.LASF32:
 756 0056 76546173 		.ascii	"vTaskStartScheduler\000"
 756      6B537461 
 756      72745363 
 756      68656475 
 756      6C657200 
 757              	.LASF29:
 758 006a 55415254 		.ascii	"UART_Start\000"
 758      5F537461 
 758      727400
 759              	.LASF21:
 760 0075 53797354 		.ascii	"SysTick_IRQn\000"
 760      69636B5F 
 760      4952516E 
 760      00
 761              	.LASF11:
 762 0082 666C6F61 		.ascii	"float\000"
 762      7400
 763              	.LASF19:
ARM GAS  C:\Users\Xwx47\AppData\Local\Temp\ccLO7Mta.s 			page 16


 764 0088 53564361 		.ascii	"SVCall_IRQn\000"
 764      6C6C5F49 
 764      52516E00 
 765              	.LASF1:
 766 0094 756E7369 		.ascii	"unsigned char\000"
 766      676E6564 
 766      20636861 
 766      7200
 767              	.LASF5:
 768 00a2 6C6F6E67 		.ascii	"long unsigned int\000"
 768      20756E73 
 768      69676E65 
 768      6420696E 
 768      7400
 769              	.LASF3:
 770 00b4 73686F72 		.ascii	"short unsigned int\000"
 770      7420756E 
 770      7369676E 
 770      65642069 
 770      6E7400
 771              	.LASF28:
 772 00c7 4379496E 		.ascii	"CyIntSetSysVector\000"
 772      74536574 
 772      53797356 
 772      6563746F 
 772      7200
 773              	.LASF31:
 774 00d9 524E4554 		.ascii	"RNETApp_Init\000"
 774      4170705F 
 774      496E6974 
 774      00
 775              	.LASF12:
 776 00e6 646F7562 		.ascii	"double\000"
 776      6C6500
 777              	.LASF25:
 778 00ed 5356435F 		.ascii	"SVC_Handler\000"
 778      48616E64 
 778      6C657200 
 779              	.LASF14:
 780 00f9 63796973 		.ascii	"cyisraddress\000"
 780      72616464 
 780      72657373 
 780      00
 781              	.LASF39:
 782 0106 6D61696E 		.ascii	"main\000"
 782      00
 783              	.LASF20:
 784 010b 50656E64 		.ascii	"PendSV_IRQn\000"
 784      53565F49 
 784      52516E00 
 785              	.LASF18:
 786 0117 48617264 		.ascii	"HardFault_IRQn\000"
 786      4661756C 
 786      745F4952 
 786      516E00
 787              	.LASF8:
 788 0126 756E7369 		.ascii	"unsigned int\000"
ARM GAS  C:\Users\Xwx47\AppData\Local\Temp\ccLO7Mta.s 			page 17


 788      676E6564 
 788      20696E74 
 788      00
 789              	.LASF35:
 790 0133 433A5C55 		.ascii	"C:\\Users\\Xwx47\\Documents\\Creator\\RNET\\v01.cyd"
 790      73657273 
 790      5C587778 
 790      34375C44 
 790      6F63756D 
 791 0160 736E00   		.ascii	"sn\000"
 792              	.LASF7:
 793 0163 6C6F6E67 		.ascii	"long long unsigned int\000"
 793      206C6F6E 
 793      6720756E 
 793      7369676E 
 793      65642069 
 794              	.LASF10:
 795 017a 75696E74 		.ascii	"uint8_t\000"
 795      385F7400 
 796              	.LASF26:
 797 0182 76417070 		.ascii	"vApplicationMallocFailedHook\000"
 797      6C696361 
 797      74696F6E 
 797      4D616C6C 
 797      6F634661 
 798              	.LASF33:
 799 019f 474E5520 		.ascii	"GNU C11 5.4.1 20160609 (release) [ARM/embedded-5-br"
 799      43313120 
 799      352E342E 
 799      31203230 
 799      31363036 
 800 01d2 616E6368 		.ascii	"anch revision 237715] -mcpu=cortex-m0 -mthumb -g -O"
 800      20726576 
 800      6973696F 
 800      6E203233 
 800      37373135 
 801 0205 67202D66 		.ascii	"g -ffunction-sections -ffat-lto-objects\000"
 801      66756E63 
 801      74696F6E 
 801      2D736563 
 801      74696F6E 
 802              	.LASF16:
 803 022d 73697A65 		.ascii	"sizetype\000"
 803      74797065 
 803      00
 804              	.LASF6:
 805 0236 6C6F6E67 		.ascii	"long long int\000"
 805      206C6F6E 
 805      6720696E 
 805      7400
 806              	.LASF34:
 807 0244 6D61696E 		.ascii	"main.c\000"
 807      2E6300
 808              	.LASF13:
 809 024b 63686172 		.ascii	"char\000"
 809      00
 810              	.LASF2:
ARM GAS  C:\Users\Xwx47\AppData\Local\Temp\ccLO7Mta.s 			page 18


 811 0250 73686F72 		.ascii	"short int\000"
 811      7420696E 
 811      7400
 812              	.LASF23:
 813 025a 50656E64 		.ascii	"PendSV_Handler\000"
 813      53565F48 
 813      616E646C 
 813      657200
 814              	.LASF4:
 815 0269 6C6F6E67 		.ascii	"long int\000"
 815      20696E74 
 815      00
 816              	.LASF15:
 817 0272 6C6F6E67 		.ascii	"long double\000"
 817      20646F75 
 817      626C6500 
 818              	.LASF0:
 819 027e 7369676E 		.ascii	"signed char\000"
 819      65642063 
 819      68617200 
 820              	.LASF38:
 821 028a 434F5254 		.ascii	"CORTEX_INTERRUPT_BASE\000"
 821      45585F49 
 821      4E544552 
 821      52555054 
 821      5F424153 
 822              	.LASF22:
 823 02a0 5F426F6F 		.ascii	"_Bool\000"
 823      6C00
 824              	.LASF37:
 825 02a6 70727648 		.ascii	"prvHardwareSetup\000"
 825      61726477 
 825      61726553 
 825      65747570 
 825      00
 826              	.LASF36:
 827 02b7 4952516E 		.ascii	"IRQn\000"
 827      00
 828              		.ident	"GCC: (GNU Tools for ARM Embedded Processors) 5.4.1 20160609 (release) [ARM/embedded-5-bran
