ARM GAS  C:\Users\Xwx47\AppData\Local\Temp\ccWzslpG.s 			page 1


   1              		.syntax unified
   2              		.cpu cortex-m0
   3              		.fpu softvfp
   4              		.eabi_attribute 20, 1
   5              		.eabi_attribute 21, 1
   6              		.eabi_attribute 23, 3
   7              		.eabi_attribute 24, 1
   8              		.eabi_attribute 25, 1
   9              		.eabi_attribute 26, 1
  10              		.eabi_attribute 30, 1
  11              		.eabi_attribute 34, 0
  12              		.eabi_attribute 18, 4
  13              		.thumb
  14              		.syntax unified
  15              		.file	"RMAC.c"
  16              		.text
  17              	.Ltext0:
  18              		.cfi_sections	.debug_frame
  19              		.section	.text.util_strcat,"ax",%progbits
  20              		.align	2
  21              		.code	16
  22              		.thumb_func
  23              		.type	util_strcat, %function
  24              	util_strcat:
  25              	.LFB0:
  26              		.file 1 "..\\RNET\\RMAC.c"
   1:..\RNET/RMAC.c **** /**
   2:..\RNET/RMAC.c ****  * \file
   3:..\RNET/RMAC.c ****  * \brief This is the implementation of the Radio MAC part.
   4:..\RNET/RMAC.c ****  * \author (c) 2013-2014 Erich Styger, http://mcuoneclipse.com/
   5:..\RNET/RMAC.c ****  * \note MIT License (http://opensource.org/licenses/mit-license.html), see
   6:..\RNET/RMAC.c ****  * 'RNet_License.txt'
   7:..\RNET/RMAC.c ****  *
   8:..\RNET/RMAC.c ****  * This module encapsulates the Media Access of network stack.
   9:..\RNET/RMAC.c ****  */
  10:..\RNET/RMAC.c **** 
  11:..\RNET/RMAC.c **** #include "RMAC.h"
  12:..\RNET/RMAC.c **** #include "RNWK.h"
  13:..\RNET/RMAC.c **** #include "RNetConf.h"
  14:..\RNET/RMAC.c **** #include "RPHY.h"
  15:..\RNET/RMAC.c **** 
  16:..\RNET/RMAC.c **** static uint8_t RMAC_SeqNr = 0;
  17:..\RNET/RMAC.c **** static uint8_t RMAC_ExpectedAckSeqNr;
  18:..\RNET/RMAC.c **** 
  19:..\RNET/RMAC.c **** static void util_strcat(uint8_t *dst, size_t dstSize, const unsigned char *src)
  20:..\RNET/RMAC.c **** {
  27              		.loc 1 20 0
  28              		.cfi_startproc
  29              		@ args = 0, pretend = 0, frame = 0
  30              		@ frame_needed = 0, uses_anonymous_args = 0
  31              		@ link register save eliminated.
  32              	.LVL0:
  21:..\RNET/RMAC.c ****     dstSize--; /* for zero byte */
  33              		.loc 1 21 0
  34 0000 0139     		subs	r1, r1, #1
  35              	.LVL1:
  22:..\RNET/RMAC.c ****     /* point to the end of the source */
ARM GAS  C:\Users\Xwx47\AppData\Local\Temp\ccWzslpG.s 			page 2


  23:..\RNET/RMAC.c ****     while (dstSize > 0 && *dst != '\0') {
  36              		.loc 1 23 0
  37 0002 01E0     		b	.L2
  38              	.L4:
  24:..\RNET/RMAC.c ****         dst++;
  39              		.loc 1 24 0
  40 0004 0130     		adds	r0, r0, #1
  41              	.LVL2:
  25:..\RNET/RMAC.c ****         dstSize--;
  42              		.loc 1 25 0
  43 0006 0139     		subs	r1, r1, #1
  44              	.LVL3:
  45              	.L2:
  23:..\RNET/RMAC.c ****         dst++;
  46              		.loc 1 23 0
  47 0008 0029     		cmp	r1, #0
  48 000a 07D0     		beq	.L3
  23:..\RNET/RMAC.c ****         dst++;
  49              		.loc 1 23 0 is_stmt 0 discriminator 1
  50 000c 0378     		ldrb	r3, [r0]
  51 000e 002B     		cmp	r3, #0
  52 0010 F8D1     		bne	.L4
  53 0012 03E0     		b	.L3
  54              	.L6:
  55              	.LVL4:
  26:..\RNET/RMAC.c ****     }
  27:..\RNET/RMAC.c ****     /* copy the src in the destination */
  28:..\RNET/RMAC.c ****     while (dstSize > 0 && *src != '\0') {
  29:..\RNET/RMAC.c ****         *dst++ = *src++;
  56              		.loc 1 29 0 is_stmt 1
  57 0014 0132     		adds	r2, r2, #1
  58              	.LVL5:
  59 0016 0370     		strb	r3, [r0]
  30:..\RNET/RMAC.c ****         dstSize--;
  60              		.loc 1 30 0
  61 0018 0139     		subs	r1, r1, #1
  62              	.LVL6:
  29:..\RNET/RMAC.c ****         dstSize--;
  63              		.loc 1 29 0
  64 001a 0130     		adds	r0, r0, #1
  65              	.LVL7:
  66              	.L3:
  28:..\RNET/RMAC.c ****         *dst++ = *src++;
  67              		.loc 1 28 0
  68 001c 0029     		cmp	r1, #0
  69 001e 02D0     		beq	.L5
  28:..\RNET/RMAC.c ****         *dst++ = *src++;
  70              		.loc 1 28 0 is_stmt 0 discriminator 1
  71 0020 1378     		ldrb	r3, [r2]
  72 0022 002B     		cmp	r3, #0
  73 0024 F6D1     		bne	.L6
  74              	.L5:
  31:..\RNET/RMAC.c ****     }
  32:..\RNET/RMAC.c ****     /* terminate the string */
  33:..\RNET/RMAC.c ****     *dst = '\0';
  75              		.loc 1 33 0 is_stmt 1
  76 0026 0023     		movs	r3, #0
ARM GAS  C:\Users\Xwx47\AppData\Local\Temp\ccWzslpG.s 			page 3


  77 0028 0370     		strb	r3, [r0]
  34:..\RNET/RMAC.c **** }
  78              		.loc 1 34 0
  79              		@ sp needed
  80 002a 7047     		bx	lr
  81              		.cfi_endproc
  82              	.LFE0:
  83              		.size	util_strcat, .-util_strcat
  84              		.section	.text.util_chcat,"ax",%progbits
  85              		.align	2
  86              		.code	16
  87              		.thumb_func
  88              		.type	util_chcat, %function
  89              	util_chcat:
  90              	.LFB1:
  35:..\RNET/RMAC.c **** 
  36:..\RNET/RMAC.c **** static void util_chcat(uint8_t *dst, size_t dstSize, uint8_t ch)
  37:..\RNET/RMAC.c **** {
  91              		.loc 1 37 0
  92              		.cfi_startproc
  93              		@ args = 0, pretend = 0, frame = 0
  94              		@ frame_needed = 0, uses_anonymous_args = 0
  95              		@ link register save eliminated.
  96              	.LVL8:
  38:..\RNET/RMAC.c ****     dstSize--; /* for zero byte */
  97              		.loc 1 38 0
  98 0000 0139     		subs	r1, r1, #1
  99              	.LVL9:
  39:..\RNET/RMAC.c ****     /* point to the end of the source */
  40:..\RNET/RMAC.c ****     while (dstSize > 0 && *dst != '\0') {
 100              		.loc 1 40 0
 101 0002 01E0     		b	.L8
 102              	.L10:
  41:..\RNET/RMAC.c ****         dst++;
 103              		.loc 1 41 0
 104 0004 0130     		adds	r0, r0, #1
 105              	.LVL10:
  42:..\RNET/RMAC.c ****         dstSize--;
 106              		.loc 1 42 0
 107 0006 0139     		subs	r1, r1, #1
 108              	.LVL11:
 109              	.L8:
  40:..\RNET/RMAC.c ****         dst++;
 110              		.loc 1 40 0
 111 0008 0029     		cmp	r1, #0
 112 000a 02D0     		beq	.L9
  40:..\RNET/RMAC.c ****         dst++;
 113              		.loc 1 40 0 is_stmt 0 discriminator 1
 114 000c 0378     		ldrb	r3, [r0]
 115 000e 002B     		cmp	r3, #0
 116 0010 F8D1     		bne	.L10
 117              	.L9:
  43:..\RNET/RMAC.c ****     }
  44:..\RNET/RMAC.c ****     /* copy the ch in the destination */
  45:..\RNET/RMAC.c ****     if (dstSize > 0) {
 118              		.loc 1 45 0 is_stmt 1
 119 0012 0029     		cmp	r1, #0
ARM GAS  C:\Users\Xwx47\AppData\Local\Temp\ccWzslpG.s 			page 4


 120 0014 01D0     		beq	.L11
 121              	.LVL12:
  46:..\RNET/RMAC.c ****         *dst++ = ch;
 122              		.loc 1 46 0
 123 0016 0270     		strb	r2, [r0]
 124 0018 0130     		adds	r0, r0, #1
 125              	.LVL13:
 126              	.L11:
  47:..\RNET/RMAC.c ****     }
  48:..\RNET/RMAC.c ****     /* terminate the string */
  49:..\RNET/RMAC.c ****     *dst = '\0';
 127              		.loc 1 49 0
 128 001a 0023     		movs	r3, #0
 129 001c 0370     		strb	r3, [r0]
  50:..\RNET/RMAC.c **** }
 130              		.loc 1 50 0
 131              		@ sp needed
 132 001e 7047     		bx	lr
 133              		.cfi_endproc
 134              	.LFE1:
 135              		.size	util_chcat, .-util_chcat
 136              		.section	.text.RMAC_PutPayload,"ax",%progbits
 137              		.align	2
 138              		.global	RMAC_PutPayload
 139              		.code	16
 140              		.thumb_func
 141              		.type	RMAC_PutPayload, %function
 142              	RMAC_PutPayload:
 143              	.LFB2:
  51:..\RNET/RMAC.c **** 
  52:..\RNET/RMAC.c **** uint8_t RMAC_PutPayload(uint8_t *buf, size_t bufSize, uint8_t payloadSize,
  53:..\RNET/RMAC.c ****                         RPHY_FlagsType flags)
  54:..\RNET/RMAC.c **** {
 144              		.loc 1 54 0
 145              		.cfi_startproc
 146              		@ args = 0, pretend = 0, frame = 0
 147              		@ frame_needed = 0, uses_anonymous_args = 0
 148              	.LVL14:
 149 0000 70B5     		push	{r4, r5, r6, lr}
 150              		.cfi_def_cfa_offset 16
 151              		.cfi_offset 4, -16
 152              		.cfi_offset 5, -12
 153              		.cfi_offset 6, -8
 154              		.cfi_offset 14, -4
  55:..\RNET/RMAC.c ****     if (flags & RPHY_PACKET_FLAGS_REQ_ACK) {
 155              		.loc 1 55 0
 156 0002 9C07     		lsls	r4, r3, #30
 157 0004 02D5     		bpl	.L13
  56:..\RNET/RMAC.c ****         RMAC_BUF_TYPE(buf) = (uint8_t)((uint8_t)RMAC_MSG_TYPE_DATA |
 158              		.loc 1 56 0
 159 0006 8124     		movs	r4, #129
 160 0008 8470     		strb	r4, [r0, #2]
 161 000a 01E0     		b	.L14
 162              	.L13:
  57:..\RNET/RMAC.c ****                                        (uint8_t)RMAC_MSG_TYPE_REQ_ACK);
  58:..\RNET/RMAC.c ****     } else {
  59:..\RNET/RMAC.c ****         RMAC_BUF_TYPE(buf) = (uint8_t)RMAC_MSG_TYPE_DATA;
ARM GAS  C:\Users\Xwx47\AppData\Local\Temp\ccWzslpG.s 			page 5


 163              		.loc 1 59 0
 164 000c 0124     		movs	r4, #1
 165 000e 8470     		strb	r4, [r0, #2]
 166              	.L14:
  60:..\RNET/RMAC.c ****     }
  61:..\RNET/RMAC.c ****     
  62:..\RNET/RMAC.c ****     RMAC_ExpectedAckSeqNr = RMAC_SeqNr;
 167              		.loc 1 62 0
 168 0010 054D     		ldr	r5, .L15
 169 0012 2C78     		ldrb	r4, [r5]
 170 0014 6C70     		strb	r4, [r5, #1]
  63:..\RNET/RMAC.c ****     RMAC_BUF_SEQN(buf) = RMAC_SeqNr++;
 171              		.loc 1 63 0
 172 0016 661C     		adds	r6, r4, #1
 173 0018 2E70     		strb	r6, [r5]
 174 001a C470     		strb	r4, [r0, #3]
  64:..\RNET/RMAC.c ****     
  65:..\RNET/RMAC.c ****     return RPHY_PutPayload(buf, bufSize, payloadSize + RMAC_HEADER_SIZE, flags);
 175              		.loc 1 65 0
 176 001c 0232     		adds	r2, r2, #2
 177              	.LVL15:
 178 001e D2B2     		uxtb	r2, r2
 179 0020 FFF7FEFF 		bl	RPHY_PutPayload
 180              	.LVL16:
  66:..\RNET/RMAC.c **** }
 181              		.loc 1 66 0
 182              		@ sp needed
 183 0024 70BD     		pop	{r4, r5, r6, pc}
 184              	.L16:
 185 0026 C046     		.align	2
 186              	.L15:
 187 0028 00000000 		.word	.LANCHOR0
 188              		.cfi_endproc
 189              	.LFE2:
 190              		.size	RMAC_PutPayload, .-RMAC_PutPayload
 191              		.section	.text.RMAC_OnPacketRx,"ax",%progbits
 192              		.align	2
 193              		.global	RMAC_OnPacketRx
 194              		.code	16
 195              		.thumb_func
 196              		.type	RMAC_OnPacketRx, %function
 197              	RMAC_OnPacketRx:
 198              	.LFB3:
  67:..\RNET/RMAC.c **** 
  68:..\RNET/RMAC.c **** uint8_t RMAC_OnPacketRx(RPHY_PacketDesc *packet)
  69:..\RNET/RMAC.c **** {
 199              		.loc 1 69 0
 200              		.cfi_startproc
 201              		@ args = 0, pretend = 0, frame = 0
 202              		@ frame_needed = 0, uses_anonymous_args = 0
 203              	.LVL17:
 204 0000 10B5     		push	{r4, lr}
 205              		.cfi_def_cfa_offset 8
 206              		.cfi_offset 4, -8
 207              		.cfi_offset 14, -4
  70:..\RNET/RMAC.c ****     /* pass data packet up the stack */
  71:..\RNET/RMAC.c ****     return RNWK_OnPacketRx(packet);
ARM GAS  C:\Users\Xwx47\AppData\Local\Temp\ccWzslpG.s 			page 6


 208              		.loc 1 71 0
 209 0002 FFF7FEFF 		bl	RNWK_OnPacketRx
 210              	.LVL18:
  72:..\RNET/RMAC.c **** }
 211              		.loc 1 72 0
 212              		@ sp needed
 213 0006 10BD     		pop	{r4, pc}
 214              		.cfi_endproc
 215              	.LFE3:
 216              		.size	RMAC_OnPacketRx, .-RMAC_OnPacketRx
 217              		.section	.text.RMAC_SendACK,"ax",%progbits
 218              		.align	2
 219              		.global	RMAC_SendACK
 220              		.code	16
 221              		.thumb_func
 222              		.type	RMAC_SendACK, %function
 223              	RMAC_SendACK:
 224              	.LFB4:
  73:..\RNET/RMAC.c **** 
  74:..\RNET/RMAC.c **** uint8_t RMAC_SendACK(RPHY_PacketDesc *rxPacket, RPHY_PacketDesc *ackPacket)
  75:..\RNET/RMAC.c **** {
 225              		.loc 1 75 0
 226              		.cfi_startproc
 227              		@ args = 0, pretend = 0, frame = 0
 228              		@ frame_needed = 0, uses_anonymous_args = 0
 229              	.LVL19:
 230 0000 10B5     		push	{r4, lr}
 231              		.cfi_def_cfa_offset 8
 232              		.cfi_offset 4, -8
 233              		.cfi_offset 14, -4
 234 0002 0B00     		movs	r3, r1
  76:..\RNET/RMAC.c ****     /* set type to ack */
  77:..\RNET/RMAC.c ****     RMAC_BUF_TYPE(ackPacket->phyData) = (uint8_t)RMAC_MSG_TYPE_ACK;
 235              		.loc 1 77 0
 236 0004 0222     		movs	r2, #2
 237 0006 4968     		ldr	r1, [r1, #4]
 238              	.LVL20:
 239 0008 8A70     		strb	r2, [r1, #2]
  78:..\RNET/RMAC.c ****     RMAC_BUF_SEQN(ackPacket->phyData) = RMAC_BUF_SEQN(rxPacket->phyData);
 240              		.loc 1 78 0
 241 000a 4268     		ldr	r2, [r0, #4]
 242 000c D278     		ldrb	r2, [r2, #3]
 243 000e 5968     		ldr	r1, [r3, #4]
 244 0010 CA70     		strb	r2, [r1, #3]
  79:..\RNET/RMAC.c ****     
  80:..\RNET/RMAC.c ****     /* use same sequence number as in the received package, so no change */
  81:..\RNET/RMAC.c ****     return RPHY_PutPayload(ackPacket->phyData, ackPacket->phySize,
 245              		.loc 1 81 0
 246 0012 5978     		ldrb	r1, [r3, #1]
 247 0014 5868     		ldr	r0, [r3, #4]
 248              	.LVL21:
 249 0016 0023     		movs	r3, #0
 250              	.LVL22:
 251 0018 0422     		movs	r2, #4
 252 001a FFF7FEFF 		bl	RPHY_PutPayload
 253              	.LVL23:
  82:..\RNET/RMAC.c ****                            RMAC_HEADER_SIZE + RNWK_HEADER_SIZE,
ARM GAS  C:\Users\Xwx47\AppData\Local\Temp\ccWzslpG.s 			page 7


  83:..\RNET/RMAC.c ****                            RPHY_PACKET_FLAGS_NONE);
  84:..\RNET/RMAC.c **** }
 254              		.loc 1 84 0
 255              		@ sp needed
 256 001e 10BD     		pop	{r4, pc}
 257              		.cfi_endproc
 258              	.LFE4:
 259              		.size	RMAC_SendACK, .-RMAC_SendACK
 260              		.section	.text.RMAC_GetType,"ax",%progbits
 261              		.align	2
 262              		.global	RMAC_GetType
 263              		.code	16
 264              		.thumb_func
 265              		.type	RMAC_GetType, %function
 266              	RMAC_GetType:
 267              	.LFB5:
  85:..\RNET/RMAC.c **** 
  86:..\RNET/RMAC.c **** RMAC_MsgType RMAC_GetType(uint8_t *buf, size_t bufSize)
  87:..\RNET/RMAC.c **** {
 268              		.loc 1 87 0
 269              		.cfi_startproc
 270              		@ args = 0, pretend = 0, frame = 0
 271              		@ frame_needed = 0, uses_anonymous_args = 0
 272              		@ link register save eliminated.
 273              	.LVL24:
  88:..\RNET/RMAC.c ****     (void)bufSize; /* not used */
  89:..\RNET/RMAC.c ****     
  90:..\RNET/RMAC.c ****     return (RMAC_MsgType)RMAC_BUF_TYPE(buf);
 274              		.loc 1 90 0
 275 0000 8078     		ldrb	r0, [r0, #2]
 276              	.LVL25:
  91:..\RNET/RMAC.c **** }
 277              		.loc 1 91 0
 278              		@ sp needed
 279 0002 7047     		bx	lr
 280              		.cfi_endproc
 281              	.LFE5:
 282              		.size	RMAC_GetType, .-RMAC_GetType
 283              		.section	.text.RMAC_IsExpectedACK,"ax",%progbits
 284              		.align	2
 285              		.global	RMAC_IsExpectedACK
 286              		.code	16
 287              		.thumb_func
 288              		.type	RMAC_IsExpectedACK, %function
 289              	RMAC_IsExpectedACK:
 290              	.LFB6:
  92:..\RNET/RMAC.c **** 
  93:..\RNET/RMAC.c **** bool RMAC_IsExpectedACK(uint8_t *buf, size_t bufSize)
  94:..\RNET/RMAC.c **** {
 291              		.loc 1 94 0
 292              		.cfi_startproc
 293              		@ args = 0, pretend = 0, frame = 0
 294              		@ frame_needed = 0, uses_anonymous_args = 0
 295              		@ link register save eliminated.
 296              	.LVL26:
  95:..\RNET/RMAC.c ****     (void)bufSize; /* not used */
  96:..\RNET/RMAC.c ****     
ARM GAS  C:\Users\Xwx47\AppData\Local\Temp\ccWzslpG.s 			page 8


  97:..\RNET/RMAC.c ****     return RMAC_BUF_SEQN(buf) == RMAC_ExpectedAckSeqNr;
 297              		.loc 1 97 0
 298 0000 C378     		ldrb	r3, [r0, #3]
 299 0002 034A     		ldr	r2, .L21
 300 0004 5078     		ldrb	r0, [r2, #1]
 301              	.LVL27:
 302 0006 181A     		subs	r0, r3, r0
 303 0008 4342     		rsbs	r3, r0, #0
 304 000a 5841     		adcs	r0, r0, r3
 305 000c C0B2     		uxtb	r0, r0
  98:..\RNET/RMAC.c **** }
 306              		.loc 1 98 0
 307              		@ sp needed
 308 000e 7047     		bx	lr
 309              	.L22:
 310              		.align	2
 311              	.L21:
 312 0010 00000000 		.word	.LANCHOR0
 313              		.cfi_endproc
 314              	.LFE6:
 315              		.size	RMAC_IsExpectedACK, .-RMAC_IsExpectedACK
 316              		.section	.text.RMAC_SniffPacket,"ax",%progbits
 317              		.align	2
 318              		.global	RMAC_SniffPacket
 319              		.code	16
 320              		.thumb_func
 321              		.type	RMAC_SniffPacket, %function
 322              	RMAC_SniffPacket:
 323              	.LFB7:
  99:..\RNET/RMAC.c **** 
 100:..\RNET/RMAC.c **** void RMAC_SniffPacket(RPHY_PacketDesc *packet, bool isTx)
 101:..\RNET/RMAC.c **** {
 324              		.loc 1 101 0
 325              		.cfi_startproc
 326              		@ args = 0, pretend = 0, frame = 0
 327              		@ frame_needed = 0, uses_anonymous_args = 0
 328              	.LVL28:
 329 0000 10B5     		push	{r4, lr}
 330              		.cfi_def_cfa_offset 8
 331              		.cfi_offset 4, -8
 332              		.cfi_offset 14, -4
 102:..\RNET/RMAC.c ****     RNWK_SniffPacket(packet, isTx);
 333              		.loc 1 102 0
 334 0002 FFF7FEFF 		bl	RNWK_SniffPacket
 335              	.LVL29:
 103:..\RNET/RMAC.c **** }
 336              		.loc 1 103 0
 337              		@ sp needed
 338 0006 10BD     		pop	{r4, pc}
 339              		.cfi_endproc
 340              	.LFE7:
 341              		.size	RMAC_SniffPacket, .-RMAC_SniffPacket
 342              		.section	.text.RMAC_DecodeType,"ax",%progbits
 343              		.align	2
 344              		.global	RMAC_DecodeType
 345              		.code	16
 346              		.thumb_func
ARM GAS  C:\Users\Xwx47\AppData\Local\Temp\ccWzslpG.s 			page 9


 347              		.type	RMAC_DecodeType, %function
 348              	RMAC_DecodeType:
 349              	.LFB8:
 104:..\RNET/RMAC.c **** 
 105:..\RNET/RMAC.c **** void RMAC_DecodeType(uint8_t *buf, size_t bufSize, RPHY_PacketDesc *packet)
 106:..\RNET/RMAC.c **** {
 350              		.loc 1 106 0
 351              		.cfi_startproc
 352              		@ args = 0, pretend = 0, frame = 0
 353              		@ frame_needed = 0, uses_anonymous_args = 0
 354              	.LVL30:
 355 0000 70B5     		push	{r4, r5, r6, lr}
 356              		.cfi_def_cfa_offset 16
 357              		.cfi_offset 4, -16
 358              		.cfi_offset 5, -12
 359              		.cfi_offset 6, -8
 360              		.cfi_offset 14, -4
 361 0002 0400     		movs	r4, r0
 362 0004 0D00     		movs	r5, r1
 363              	.LVL31:
 107:..\RNET/RMAC.c ****     RMAC_MsgType type;
 108:..\RNET/RMAC.c ****     bool first = true;
 109:..\RNET/RMAC.c **** 
 110:..\RNET/RMAC.c ****     type = (RMAC_MsgType)RMAC_BUF_TYPE(packet->phyData);
 364              		.loc 1 110 0
 365 0006 5368     		ldr	r3, [r2, #4]
 366 0008 9E78     		ldrb	r6, [r3, #2]
 367              	.LVL32:
 111:..\RNET/RMAC.c ****     buf[0] = '\0';
 368              		.loc 1 111 0
 369 000a 0023     		movs	r3, #0
 370 000c 0370     		strb	r3, [r0]
 112:..\RNET/RMAC.c ****     util_chcat(buf, bufSize, '(');
 371              		.loc 1 112 0
 372 000e 2822     		movs	r2, #40
 373              	.LVL33:
 374 0010 FFF7FEFF 		bl	util_chcat
 375              	.LVL34:
 113:..\RNET/RMAC.c ****     
 114:..\RNET/RMAC.c ****     if ((uint8_t)type & (uint8_t)RMAC_MSG_TYPE_REQ_ACK) {
 376              		.loc 1 114 0
 377 0014 73B2     		sxtb	r3, r6
 378 0016 002B     		cmp	r3, #0
 379 0018 06DA     		bge	.L25
 115:..\RNET/RMAC.c ****         util_strcat(buf, bufSize, (unsigned char *)"RACK");
 380              		.loc 1 115 0
 381 001a 1B4A     		ldr	r2, .L32
 382 001c 2900     		movs	r1, r5
 383 001e 2000     		movs	r0, r4
 384 0020 FFF7FEFF 		bl	util_strcat
 385              	.LVL35:
 116:..\RNET/RMAC.c ****         first = true;
 386              		.loc 1 116 0
 387 0024 0123     		movs	r3, #1
 388 0026 05E0     		b	.L26
 389              	.L25:
 117:..\RNET/RMAC.c ****     } else {
ARM GAS  C:\Users\Xwx47\AppData\Local\Temp\ccWzslpG.s 			page 10


 118:..\RNET/RMAC.c ****         util_strcat(buf, bufSize, (unsigned char *)"NACK");
 390              		.loc 1 118 0
 391 0028 184A     		ldr	r2, .L32+4
 392 002a 2900     		movs	r1, r5
 393 002c 2000     		movs	r0, r4
 394 002e FFF7FEFF 		bl	util_strcat
 395              	.LVL36:
 119:..\RNET/RMAC.c ****         first = false;
 396              		.loc 1 119 0
 397 0032 0023     		movs	r3, #0
 398              	.LVL37:
 399              	.L26:
 120:..\RNET/RMAC.c ****     }
 121:..\RNET/RMAC.c ****     if ((uint8_t)type & (uint8_t)RMAC_MSG_TYPE_DATA) {
 400              		.loc 1 121 0
 401 0034 F207     		lsls	r2, r6, #31
 402 0036 0CD5     		bpl	.L27
 122:..\RNET/RMAC.c ****         if (!first) {
 403              		.loc 1 122 0
 404 0038 002B     		cmp	r3, #0
 405 003a 04D1     		bne	.L28
 123:..\RNET/RMAC.c ****             util_chcat(buf, bufSize, '|');
 406              		.loc 1 123 0
 407 003c 7C22     		movs	r2, #124
 408 003e 2900     		movs	r1, r5
 409 0040 2000     		movs	r0, r4
 410 0042 FFF7FEFF 		bl	util_chcat
 411              	.LVL38:
 412              	.L28:
 124:..\RNET/RMAC.c ****         }
 125:..\RNET/RMAC.c ****         util_strcat(buf, bufSize, (unsigned char *)"DATA");
 413              		.loc 1 125 0
 414 0046 124A     		ldr	r2, .L32+8
 415 0048 2900     		movs	r1, r5
 416 004a 2000     		movs	r0, r4
 417 004c FFF7FEFF 		bl	util_strcat
 418              	.LVL39:
 126:..\RNET/RMAC.c ****         first = false;
 419              		.loc 1 126 0
 420 0050 0023     		movs	r3, #0
 421              	.LVL40:
 422              	.L27:
 127:..\RNET/RMAC.c ****     }
 128:..\RNET/RMAC.c ****     if ((uint8_t)type & (uint8_t)RMAC_MSG_TYPE_ACK) {
 423              		.loc 1 128 0
 424 0052 B207     		lsls	r2, r6, #30
 425 0054 0BD5     		bpl	.L29
 129:..\RNET/RMAC.c ****         if (!first) {
 426              		.loc 1 129 0
 427 0056 002B     		cmp	r3, #0
 428 0058 04D1     		bne	.L30
 130:..\RNET/RMAC.c ****             util_chcat(buf, bufSize, '|');
 429              		.loc 1 130 0
 430 005a 7C22     		movs	r2, #124
 431 005c 2900     		movs	r1, r5
 432 005e 2000     		movs	r0, r4
 433 0060 FFF7FEFF 		bl	util_chcat
ARM GAS  C:\Users\Xwx47\AppData\Local\Temp\ccWzslpG.s 			page 11


 434              	.LVL41:
 435              	.L30:
 131:..\RNET/RMAC.c ****         }
 132:..\RNET/RMAC.c ****         util_strcat(buf, bufSize, (unsigned char *)"ACK");
 436              		.loc 1 132 0
 437 0064 0B4A     		ldr	r2, .L32+12
 438 0066 2900     		movs	r1, r5
 439 0068 2000     		movs	r0, r4
 440 006a FFF7FEFF 		bl	util_strcat
 441              	.LVL42:
 442              	.L29:
 133:..\RNET/RMAC.c ****     }
 134:..\RNET/RMAC.c ****     if ((uint8_t)type & (uint8_t)RMAC_MSG_TYPE_CMD) {
 443              		.loc 1 134 0
 444 006e 7307     		lsls	r3, r6, #29
 445 0070 04D5     		bpl	.L31
 135:..\RNET/RMAC.c ****         util_strcat(buf, bufSize, (unsigned char *)"CMD");
 446              		.loc 1 135 0
 447 0072 094A     		ldr	r2, .L32+16
 448 0074 2900     		movs	r1, r5
 449 0076 2000     		movs	r0, r4
 450 0078 FFF7FEFF 		bl	util_strcat
 451              	.LVL43:
 452              	.L31:
 136:..\RNET/RMAC.c ****     }
 137:..\RNET/RMAC.c ****     util_chcat(buf, bufSize, ')');
 453              		.loc 1 137 0
 454 007c 2922     		movs	r2, #41
 455 007e 2900     		movs	r1, r5
 456 0080 2000     		movs	r0, r4
 457 0082 FFF7FEFF 		bl	util_chcat
 458              	.LVL44:
 138:..\RNET/RMAC.c **** }
 459              		.loc 1 138 0
 460              		@ sp needed
 461              	.LVL45:
 462              	.LVL46:
 463              	.LVL47:
 464 0086 70BD     		pop	{r4, r5, r6, pc}
 465              	.L33:
 466              		.align	2
 467              	.L32:
 468 0088 00000000 		.word	.LC2
 469 008c 08000000 		.word	.LC4
 470 0090 10000000 		.word	.LC6
 471 0094 18000000 		.word	.LC8
 472 0098 1C000000 		.word	.LC10
 473              		.cfi_endproc
 474              	.LFE8:
 475              		.size	RMAC_DecodeType, .-RMAC_DecodeType
 476              		.section	.text.RMAC_Deinit,"ax",%progbits
 477              		.align	2
 478              		.global	RMAC_Deinit
 479              		.code	16
 480              		.thumb_func
 481              		.type	RMAC_Deinit, %function
 482              	RMAC_Deinit:
ARM GAS  C:\Users\Xwx47\AppData\Local\Temp\ccWzslpG.s 			page 12


 483              	.LFB9:
 139:..\RNET/RMAC.c **** 
 140:..\RNET/RMAC.c **** void RMAC_Deinit(void)
 141:..\RNET/RMAC.c **** {
 484              		.loc 1 141 0
 485              		.cfi_startproc
 486              		@ args = 0, pretend = 0, frame = 0
 487              		@ frame_needed = 0, uses_anonymous_args = 0
 488              		@ link register save eliminated.
 142:..\RNET/RMAC.c ****     /* nothing needed */
 143:..\RNET/RMAC.c **** }
 489              		.loc 1 143 0
 490              		@ sp needed
 491 0000 7047     		bx	lr
 492              		.cfi_endproc
 493              	.LFE9:
 494              		.size	RMAC_Deinit, .-RMAC_Deinit
 495 0002 C046     		.section	.text.RMAC_Init,"ax",%progbits
 496              		.align	2
 497              		.global	RMAC_Init
 498              		.code	16
 499              		.thumb_func
 500              		.type	RMAC_Init, %function
 501              	RMAC_Init:
 502              	.LFB10:
 144:..\RNET/RMAC.c **** 
 145:..\RNET/RMAC.c **** void RMAC_Init(void)
 146:..\RNET/RMAC.c **** {
 503              		.loc 1 146 0
 504              		.cfi_startproc
 505              		@ args = 0, pretend = 0, frame = 0
 506              		@ frame_needed = 0, uses_anonymous_args = 0
 507              		@ link register save eliminated.
 147:..\RNET/RMAC.c ****     RMAC_SeqNr = 0;
 508              		.loc 1 147 0
 509 0000 024B     		ldr	r3, .L36
 510 0002 0022     		movs	r2, #0
 511 0004 1A70     		strb	r2, [r3]
 148:..\RNET/RMAC.c ****     RMAC_ExpectedAckSeqNr = 0;
 512              		.loc 1 148 0
 513 0006 5A70     		strb	r2, [r3, #1]
 149:..\RNET/RMAC.c **** }
 514              		.loc 1 149 0
 515              		@ sp needed
 516 0008 7047     		bx	lr
 517              	.L37:
 518 000a C046     		.align	2
 519              	.L36:
 520 000c 00000000 		.word	.LANCHOR0
 521              		.cfi_endproc
 522              	.LFE10:
 523              		.size	RMAC_Init, .-RMAC_Init
 524              		.section	.rodata.str1.4,"aMS",%progbits,1
 525              		.align	2
 526              	.LC2:
 527 0000 5241434B 		.ascii	"RACK\000"
 527      00
ARM GAS  C:\Users\Xwx47\AppData\Local\Temp\ccWzslpG.s 			page 13


 528 0005 000000   		.space	3
 529              	.LC4:
 530 0008 4E41434B 		.ascii	"NACK\000"
 530      00
 531 000d 000000   		.space	3
 532              	.LC6:
 533 0010 44415441 		.ascii	"DATA\000"
 533      00
 534 0015 000000   		.space	3
 535              	.LC8:
 536 0018 41434B00 		.ascii	"ACK\000"
 537              	.LC10:
 538 001c 434D4400 		.ascii	"CMD\000"
 539              		.bss
 540              		.set	.LANCHOR0,. + 0
 541              		.type	RMAC_SeqNr, %object
 542              		.size	RMAC_SeqNr, 1
 543              	RMAC_SeqNr:
 544 0000 00       		.space	1
 545              		.type	RMAC_ExpectedAckSeqNr, %object
 546              		.size	RMAC_ExpectedAckSeqNr, 1
 547              	RMAC_ExpectedAckSeqNr:
 548 0001 00       		.space	1
 549              		.text
 550              	.Letext0:
 551              		.file 2 "c:\\program files (x86)\\cypress\\psoc creator\\4.1\\psoc creator\\import\\gnu\\arm\\5.4.
 552              		.file 3 "c:\\program files (x86)\\cypress\\psoc creator\\4.1\\psoc creator\\import\\gnu\\arm\\5.4.
 553              		.file 4 "c:\\program files (x86)\\cypress\\psoc creator\\4.1\\psoc creator\\import\\gnu\\arm\\5.4.
 554              		.file 5 "..\\RNET\\RPHY.h"
 555              		.file 6 "..\\RNET\\RMAC.h"
 556              		.file 7 "..\\RNET\\RNWK.h"
 557              		.file 8 "Generated_Source\\PSoC4/RF1_REGS.h"
 558              		.section	.debug_info,"",%progbits
 559              	.Ldebug_info0:
 560 0000 F2050000 		.4byte	0x5f2
 561 0004 0400     		.2byte	0x4
 562 0006 00000000 		.4byte	.Ldebug_abbrev0
 563 000a 04       		.byte	0x4
 564 000b 01       		.uleb128 0x1
 565 000c 8F000000 		.4byte	.LASF77
 566 0010 0C       		.byte	0xc
 567 0011 AE010000 		.4byte	.LASF78
 568 0015 04040000 		.4byte	.LASF79
 569 0019 00000000 		.4byte	.Ldebug_ranges0+0
 570 001d 00000000 		.4byte	0
 571 0021 00000000 		.4byte	.Ldebug_line0
 572 0025 02       		.uleb128 0x2
 573 0026 01       		.byte	0x1
 574 0027 08       		.byte	0x8
 575 0028 AC030000 		.4byte	.LASF26
 576 002c 03       		.uleb128 0x3
 577 002d 01       		.byte	0x1
 578 002e 25000000 		.4byte	0x25
 579 0032 08       		.byte	0x8
 580 0033 1F       		.byte	0x1f
 581 0034 D5000000 		.4byte	0xd5
 582 0038 04       		.uleb128 0x4
ARM GAS  C:\Users\Xwx47\AppData\Local\Temp\ccWzslpG.s 			page 14


 583 0039 9D020000 		.4byte	.LASF0
 584 003d 00       		.byte	0
 585 003e 04       		.uleb128 0x4
 586 003f FC010000 		.4byte	.LASF1
 587 0043 01       		.byte	0x1
 588 0044 04       		.uleb128 0x4
 589 0045 6F010000 		.4byte	.LASF2
 590 0049 02       		.byte	0x2
 591 004a 04       		.uleb128 0x4
 592 004b 42040000 		.4byte	.LASF3
 593 004f 03       		.byte	0x3
 594 0050 04       		.uleb128 0x4
 595 0051 F0020000 		.4byte	.LASF4
 596 0055 04       		.byte	0x4
 597 0056 04       		.uleb128 0x4
 598 0057 1D020000 		.4byte	.LASF5
 599 005b 05       		.byte	0x5
 600 005c 04       		.uleb128 0x4
 601 005d 0F030000 		.4byte	.LASF6
 602 0061 06       		.byte	0x6
 603 0062 04       		.uleb128 0x4
 604 0063 01050000 		.4byte	.LASF7
 605 0067 07       		.byte	0x7
 606 0068 04       		.uleb128 0x4
 607 0069 1F000000 		.4byte	.LASF8
 608 006d 08       		.byte	0x8
 609 006e 04       		.uleb128 0x4
 610 006f F8030000 		.4byte	.LASF9
 611 0073 09       		.byte	0x9
 612 0074 04       		.uleb128 0x4
 613 0075 60040000 		.4byte	.LASF10
 614 0079 0A       		.byte	0xa
 615 007a 04       		.uleb128 0x4
 616 007b CA020000 		.4byte	.LASF11
 617 007f 0B       		.byte	0xb
 618 0080 04       		.uleb128 0x4
 619 0081 61000000 		.4byte	.LASF12
 620 0085 0C       		.byte	0xc
 621 0086 04       		.uleb128 0x4
 622 0087 D5030000 		.4byte	.LASF13
 623 008b 0D       		.byte	0xd
 624 008c 04       		.uleb128 0x4
 625 008d DB010000 		.4byte	.LASF14
 626 0091 0E       		.byte	0xe
 627 0092 04       		.uleb128 0x4
 628 0093 E5040000 		.4byte	.LASF15
 629 0097 0F       		.byte	0xf
 630 0098 04       		.uleb128 0x4
 631 0099 2B020000 		.4byte	.LASF16
 632 009d 10       		.byte	0x10
 633 009e 04       		.uleb128 0x4
 634 009f B1020000 		.4byte	.LASF17
 635 00a3 11       		.byte	0x11
 636 00a4 04       		.uleb128 0x4
 637 00a5 46000000 		.4byte	.LASF18
 638 00a9 12       		.byte	0x12
 639 00aa 04       		.uleb128 0x4
ARM GAS  C:\Users\Xwx47\AppData\Local\Temp\ccWzslpG.s 			page 15


 640 00ab C4030000 		.4byte	.LASF19
 641 00af 13       		.byte	0x13
 642 00b0 04       		.uleb128 0x4
 643 00b1 BD010000 		.4byte	.LASF20
 644 00b5 14       		.byte	0x14
 645 00b6 04       		.uleb128 0x4
 646 00b7 CA040000 		.4byte	.LASF21
 647 00bb 15       		.byte	0x15
 648 00bc 04       		.uleb128 0x4
 649 00bd 7C030000 		.4byte	.LASF22
 650 00c1 16       		.byte	0x16
 651 00c2 04       		.uleb128 0x4
 652 00c3 9A010000 		.4byte	.LASF23
 653 00c7 17       		.byte	0x17
 654 00c8 04       		.uleb128 0x4
 655 00c9 EE010000 		.4byte	.LASF24
 656 00cd 1C       		.byte	0x1c
 657 00ce 04       		.uleb128 0x4
 658 00cf 6C030000 		.4byte	.LASF25
 659 00d3 1D       		.byte	0x1d
 660 00d4 00       		.byte	0
 661 00d5 02       		.uleb128 0x2
 662 00d6 01       		.byte	0x1
 663 00d7 06       		.byte	0x6
 664 00d8 63010000 		.4byte	.LASF27
 665 00dc 05       		.uleb128 0x5
 666 00dd 57000000 		.4byte	.LASF35
 667 00e1 02       		.byte	0x2
 668 00e2 1D       		.byte	0x1d
 669 00e3 25000000 		.4byte	0x25
 670 00e7 02       		.uleb128 0x2
 671 00e8 02       		.byte	0x2
 672 00e9 05       		.byte	0x5
 673 00ea BA030000 		.4byte	.LASF28
 674 00ee 02       		.uleb128 0x2
 675 00ef 02       		.byte	0x2
 676 00f0 07       		.byte	0x7
 677 00f1 7D020000 		.4byte	.LASF29
 678 00f5 02       		.uleb128 0x2
 679 00f6 04       		.byte	0x4
 680 00f7 05       		.byte	0x5
 681 00f8 81010000 		.4byte	.LASF30
 682 00fc 02       		.uleb128 0x2
 683 00fd 04       		.byte	0x4
 684 00fe 07       		.byte	0x7
 685 00ff 60020000 		.4byte	.LASF31
 686 0103 02       		.uleb128 0x2
 687 0104 08       		.byte	0x8
 688 0105 05       		.byte	0x5
 689 0106 55010000 		.4byte	.LASF32
 690 010a 02       		.uleb128 0x2
 691 010b 08       		.byte	0x8
 692 010c 07       		.byte	0x7
 693 010d 33010000 		.4byte	.LASF33
 694 0111 06       		.uleb128 0x6
 695 0112 04       		.byte	0x4
 696 0113 05       		.byte	0x5
ARM GAS  C:\Users\Xwx47\AppData\Local\Temp\ccWzslpG.s 			page 16


 697 0114 696E7400 		.ascii	"int\000"
 698 0118 02       		.uleb128 0x2
 699 0119 04       		.byte	0x4
 700 011a 07       		.byte	0x7
 701 011b 53040000 		.4byte	.LASF34
 702 011f 05       		.uleb128 0x5
 703 0120 AC040000 		.4byte	.LASF36
 704 0124 03       		.byte	0x3
 705 0125 18       		.byte	0x18
 706 0126 DC000000 		.4byte	0xdc
 707 012a 05       		.uleb128 0x5
 708 012b 32000000 		.4byte	.LASF37
 709 012f 04       		.byte	0x4
 710 0130 D8       		.byte	0xd8
 711 0131 18010000 		.4byte	0x118
 712 0135 02       		.uleb128 0x2
 713 0136 08       		.byte	0x8
 714 0137 04       		.byte	0x4
 715 0138 30030000 		.4byte	.LASF38
 716 013c 05       		.uleb128 0x5
 717 013d 83040000 		.4byte	.LASF39
 718 0141 05       		.byte	0x5
 719 0142 25       		.byte	0x25
 720 0143 1F010000 		.4byte	0x11f
 721 0147 07       		.uleb128 0x7
 722 0148 0C       		.byte	0xc
 723 0149 05       		.byte	0x5
 724 014a 30       		.byte	0x30
 725 014b 80010000 		.4byte	0x180
 726 014f 08       		.uleb128 0x8
 727 0150 B4040000 		.4byte	.LASF40
 728 0154 05       		.byte	0x5
 729 0155 31       		.byte	0x31
 730 0156 3C010000 		.4byte	0x13c
 731 015a 00       		.byte	0
 732 015b 08       		.uleb128 0x8
 733 015c C2020000 		.4byte	.LASF41
 734 0160 05       		.byte	0x5
 735 0161 32       		.byte	0x32
 736 0162 1F010000 		.4byte	0x11f
 737 0166 01       		.byte	0x1
 738 0167 08       		.uleb128 0x8
 739 0168 34040000 		.4byte	.LASF42
 740 016c 05       		.byte	0x5
 741 016d 33       		.byte	0x33
 742 016e 80010000 		.4byte	0x180
 743 0172 04       		.byte	0x4
 744 0173 08       		.uleb128 0x8
 745 0174 39000000 		.4byte	.LASF43
 746 0178 05       		.byte	0x5
 747 0179 34       		.byte	0x34
 748 017a 80010000 		.4byte	0x180
 749 017e 08       		.byte	0x8
 750 017f 00       		.byte	0
 751 0180 09       		.uleb128 0x9
 752 0181 04       		.byte	0x4
 753 0182 1F010000 		.4byte	0x11f
ARM GAS  C:\Users\Xwx47\AppData\Local\Temp\ccWzslpG.s 			page 17


 754 0186 05       		.uleb128 0x5
 755 0187 20030000 		.4byte	.LASF44
 756 018b 05       		.byte	0x5
 757 018c 35       		.byte	0x35
 758 018d 47010000 		.4byte	0x147
 759 0191 0A       		.uleb128 0xa
 760 0192 4D030000 		.4byte	.LASF50
 761 0196 01       		.byte	0x1
 762 0197 25000000 		.4byte	0x25
 763 019b 06       		.byte	0x6
 764 019c 10       		.byte	0x10
 765 019d C0010000 		.4byte	0x1c0
 766 01a1 04       		.uleb128 0x4
 767 01a2 0C000000 		.4byte	.LASF45
 768 01a6 00       		.byte	0
 769 01a7 04       		.uleb128 0x4
 770 01a8 0A020000 		.4byte	.LASF46
 771 01ac 01       		.byte	0x1
 772 01ad 04       		.uleb128 0x4
 773 01ae 94030000 		.4byte	.LASF47
 774 01b2 02       		.byte	0x2
 775 01b3 04       		.uleb128 0x4
 776 01b4 5A030000 		.4byte	.LASF48
 777 01b8 04       		.byte	0x4
 778 01b9 04       		.uleb128 0x4
 779 01ba 1D010000 		.4byte	.LASF49
 780 01be 80       		.byte	0x80
 781 01bf 00       		.byte	0
 782 01c0 05       		.uleb128 0x5
 783 01c1 4D030000 		.4byte	.LASF50
 784 01c5 06       		.byte	0x6
 785 01c6 16       		.byte	0x16
 786 01c7 91010000 		.4byte	0x191
 787 01cb 09       		.uleb128 0x9
 788 01cc 04       		.byte	0x4
 789 01cd 86010000 		.4byte	0x186
 790 01d1 0B       		.uleb128 0xb
 791 01d2 00000000 		.4byte	.LASF52
 792 01d6 01       		.byte	0x1
 793 01d7 13       		.byte	0x13
 794 01d8 00000000 		.4byte	.LFB0
 795 01dc 2C000000 		.4byte	.LFE0-.LFB0
 796 01e0 01       		.uleb128 0x1
 797 01e1 9C       		.byte	0x9c
 798 01e2 14020000 		.4byte	0x214
 799 01e6 0C       		.uleb128 0xc
 800 01e7 64737400 		.ascii	"dst\000"
 801 01eb 01       		.byte	0x1
 802 01ec 13       		.byte	0x13
 803 01ed 80010000 		.4byte	0x180
 804 01f1 00000000 		.4byte	.LLST0
 805 01f5 0D       		.uleb128 0xd
 806 01f6 3E000000 		.4byte	.LASF51
 807 01fa 01       		.byte	0x1
 808 01fb 13       		.byte	0x13
 809 01fc 2A010000 		.4byte	0x12a
 810 0200 36000000 		.4byte	.LLST1
ARM GAS  C:\Users\Xwx47\AppData\Local\Temp\ccWzslpG.s 			page 18


 811 0204 0C       		.uleb128 0xc
 812 0205 73726300 		.ascii	"src\000"
 813 0209 01       		.byte	0x1
 814 020a 13       		.byte	0x13
 815 020b 14020000 		.4byte	0x214
 816 020f 54000000 		.4byte	.LLST2
 817 0213 00       		.byte	0
 818 0214 09       		.uleb128 0x9
 819 0215 04       		.byte	0x4
 820 0216 1A020000 		.4byte	0x21a
 821 021a 0E       		.uleb128 0xe
 822 021b 25000000 		.4byte	0x25
 823 021f 0B       		.uleb128 0xb
 824 0220 4A010000 		.4byte	.LASF53
 825 0224 01       		.byte	0x1
 826 0225 24       		.byte	0x24
 827 0226 00000000 		.4byte	.LFB1
 828 022a 20000000 		.4byte	.LFE1-.LFB1
 829 022e 01       		.uleb128 0x1
 830 022f 9C       		.byte	0x9c
 831 0230 5F020000 		.4byte	0x25f
 832 0234 0C       		.uleb128 0xc
 833 0235 64737400 		.ascii	"dst\000"
 834 0239 01       		.byte	0x1
 835 023a 24       		.byte	0x24
 836 023b 80010000 		.4byte	0x180
 837 023f 72000000 		.4byte	.LLST3
 838 0243 0D       		.uleb128 0xd
 839 0244 3E000000 		.4byte	.LASF51
 840 0248 01       		.byte	0x1
 841 0249 24       		.byte	0x24
 842 024a 2A010000 		.4byte	0x12a
 843 024e A8000000 		.4byte	.LLST4
 844 0252 0F       		.uleb128 0xf
 845 0253 636800   		.ascii	"ch\000"
 846 0256 01       		.byte	0x1
 847 0257 24       		.byte	0x24
 848 0258 1F010000 		.4byte	0x11f
 849 025c 01       		.uleb128 0x1
 850 025d 52       		.byte	0x52
 851 025e 00       		.byte	0
 852 025f 10       		.uleb128 0x10
 853 0260 73040000 		.4byte	.LASF56
 854 0264 01       		.byte	0x1
 855 0265 34       		.byte	0x34
 856 0266 1F010000 		.4byte	0x11f
 857 026a 00000000 		.4byte	.LFB2
 858 026e 2C000000 		.4byte	.LFE2-.LFB2
 859 0272 01       		.uleb128 0x1
 860 0273 9C       		.byte	0x9c
 861 0274 C6020000 		.4byte	0x2c6
 862 0278 0C       		.uleb128 0xc
 863 0279 62756600 		.ascii	"buf\000"
 864 027d 01       		.byte	0x1
 865 027e 34       		.byte	0x34
 866 027f 80010000 		.4byte	0x180
 867 0283 C6000000 		.4byte	.LLST5
ARM GAS  C:\Users\Xwx47\AppData\Local\Temp\ccWzslpG.s 			page 19


 868 0287 0D       		.uleb128 0xd
 869 0288 58020000 		.4byte	.LASF54
 870 028c 01       		.byte	0x1
 871 028d 34       		.byte	0x34
 872 028e 2A010000 		.4byte	0x12a
 873 0292 E7000000 		.4byte	.LLST6
 874 0296 0D       		.uleb128 0xd
 875 0297 03030000 		.4byte	.LASF55
 876 029b 01       		.byte	0x1
 877 029c 34       		.byte	0x34
 878 029d 1F010000 		.4byte	0x11f
 879 02a1 08010000 		.4byte	.LLST7
 880 02a5 0D       		.uleb128 0xd
 881 02a6 B4040000 		.4byte	.LASF40
 882 02aa 01       		.byte	0x1
 883 02ab 35       		.byte	0x35
 884 02ac 3C010000 		.4byte	0x13c
 885 02b0 29010000 		.4byte	.LLST8
 886 02b4 11       		.uleb128 0x11
 887 02b5 24000000 		.4byte	.LVL16
 888 02b9 D4050000 		.4byte	0x5d4
 889 02bd 12       		.uleb128 0x12
 890 02be 01       		.uleb128 0x1
 891 02bf 50       		.byte	0x50
 892 02c0 03       		.uleb128 0x3
 893 02c1 F3       		.byte	0xf3
 894 02c2 01       		.uleb128 0x1
 895 02c3 50       		.byte	0x50
 896 02c4 00       		.byte	0
 897 02c5 00       		.byte	0
 898 02c6 10       		.uleb128 0x10
 899 02c7 9C040000 		.4byte	.LASF57
 900 02cb 01       		.byte	0x1
 901 02cc 44       		.byte	0x44
 902 02cd 1F010000 		.4byte	0x11f
 903 02d1 00000000 		.4byte	.LFB3
 904 02d5 08000000 		.4byte	.LFE3-.LFB3
 905 02d9 01       		.uleb128 0x1
 906 02da 9C       		.byte	0x9c
 907 02db 00030000 		.4byte	0x300
 908 02df 0D       		.uleb128 0xd
 909 02e0 8D030000 		.4byte	.LASF58
 910 02e4 01       		.byte	0x1
 911 02e5 44       		.byte	0x44
 912 02e6 CB010000 		.4byte	0x1cb
 913 02ea 4A010000 		.4byte	.LLST9
 914 02ee 11       		.uleb128 0x11
 915 02ef 06000000 		.4byte	.LVL18
 916 02f3 DF050000 		.4byte	0x5df
 917 02f7 12       		.uleb128 0x12
 918 02f8 01       		.uleb128 0x1
 919 02f9 50       		.byte	0x50
 920 02fa 03       		.uleb128 0x3
 921 02fb F3       		.byte	0xf3
 922 02fc 01       		.uleb128 0x1
 923 02fd 50       		.byte	0x50
 924 02fe 00       		.byte	0
ARM GAS  C:\Users\Xwx47\AppData\Local\Temp\ccWzslpG.s 			page 20


 925 02ff 00       		.byte	0
 926 0300 10       		.uleb128 0x10
 927 0301 90020000 		.4byte	.LASF59
 928 0305 01       		.byte	0x1
 929 0306 4A       		.byte	0x4a
 930 0307 1F010000 		.4byte	0x11f
 931 030b 00000000 		.4byte	.LFB4
 932 030f 20000000 		.4byte	.LFE4-.LFB4
 933 0313 01       		.uleb128 0x1
 934 0314 9C       		.byte	0x9c
 935 0315 4C030000 		.4byte	0x34c
 936 0319 0D       		.uleb128 0xd
 937 031a F8040000 		.4byte	.LASF60
 938 031e 01       		.byte	0x1
 939 031f 4A       		.byte	0x4a
 940 0320 CB010000 		.4byte	0x1cb
 941 0324 6B010000 		.4byte	.LLST10
 942 0328 0D       		.uleb128 0xd
 943 0329 DB040000 		.4byte	.LASF61
 944 032d 01       		.byte	0x1
 945 032e 4A       		.byte	0x4a
 946 032f CB010000 		.4byte	0x1cb
 947 0333 8C010000 		.4byte	.LLST11
 948 0337 11       		.uleb128 0x11
 949 0338 1E000000 		.4byte	.LVL23
 950 033c D4050000 		.4byte	0x5d4
 951 0340 12       		.uleb128 0x12
 952 0341 01       		.uleb128 0x1
 953 0342 52       		.byte	0x52
 954 0343 01       		.uleb128 0x1
 955 0344 34       		.byte	0x34
 956 0345 12       		.uleb128 0x12
 957 0346 01       		.uleb128 0x1
 958 0347 53       		.byte	0x53
 959 0348 01       		.uleb128 0x1
 960 0349 30       		.byte	0x30
 961 034a 00       		.byte	0
 962 034b 00       		.byte	0
 963 034c 10       		.uleb128 0x10
 964 034d CE010000 		.4byte	.LASF62
 965 0351 01       		.byte	0x1
 966 0352 56       		.byte	0x56
 967 0353 C0010000 		.4byte	0x1c0
 968 0357 00000000 		.4byte	.LFB5
 969 035b 04000000 		.4byte	.LFE5-.LFB5
 970 035f 01       		.uleb128 0x1
 971 0360 9C       		.byte	0x9c
 972 0361 82030000 		.4byte	0x382
 973 0365 0C       		.uleb128 0xc
 974 0366 62756600 		.ascii	"buf\000"
 975 036a 01       		.byte	0x1
 976 036b 56       		.byte	0x56
 977 036c 80010000 		.4byte	0x180
 978 0370 B8010000 		.4byte	.LLST12
 979 0374 13       		.uleb128 0x13
 980 0375 58020000 		.4byte	.LASF54
 981 0379 01       		.byte	0x1
ARM GAS  C:\Users\Xwx47\AppData\Local\Temp\ccWzslpG.s 			page 21


 982 037a 56       		.byte	0x56
 983 037b 2A010000 		.4byte	0x12a
 984 037f 01       		.uleb128 0x1
 985 0380 51       		.byte	0x51
 986 0381 00       		.byte	0
 987 0382 10       		.uleb128 0x10
 988 0383 DD020000 		.4byte	.LASF63
 989 0387 01       		.byte	0x1
 990 0388 5D       		.byte	0x5d
 991 0389 B8030000 		.4byte	0x3b8
 992 038d 00000000 		.4byte	.LFB6
 993 0391 14000000 		.4byte	.LFE6-.LFB6
 994 0395 01       		.uleb128 0x1
 995 0396 9C       		.byte	0x9c
 996 0397 B8030000 		.4byte	0x3b8
 997 039b 0C       		.uleb128 0xc
 998 039c 62756600 		.ascii	"buf\000"
 999 03a0 01       		.byte	0x1
 1000 03a1 5D       		.byte	0x5d
 1001 03a2 80010000 		.4byte	0x180
 1002 03a6 D9010000 		.4byte	.LLST13
 1003 03aa 13       		.uleb128 0x13
 1004 03ab 58020000 		.4byte	.LASF54
 1005 03af 01       		.byte	0x1
 1006 03b0 5D       		.byte	0x5d
 1007 03b1 2A010000 		.4byte	0x12a
 1008 03b5 01       		.uleb128 0x1
 1009 03b6 51       		.byte	0x51
 1010 03b7 00       		.byte	0
 1011 03b8 02       		.uleb128 0x2
 1012 03b9 01       		.byte	0x1
 1013 03ba 02       		.byte	0x2
 1014 03bb A6030000 		.4byte	.LASF64
 1015 03bf 14       		.uleb128 0x14
 1016 03c0 3C030000 		.4byte	.LASF66
 1017 03c4 01       		.byte	0x1
 1018 03c5 64       		.byte	0x64
 1019 03c6 00000000 		.4byte	.LFB7
 1020 03ca 08000000 		.4byte	.LFE7-.LFB7
 1021 03ce 01       		.uleb128 0x1
 1022 03cf 9C       		.byte	0x9c
 1023 03d0 04040000 		.4byte	0x404
 1024 03d4 0D       		.uleb128 0xd
 1025 03d5 8D030000 		.4byte	.LASF58
 1026 03d9 01       		.byte	0x1
 1027 03da 64       		.byte	0x64
 1028 03db CB010000 		.4byte	0x1cb
 1029 03df FA010000 		.4byte	.LLST14
 1030 03e3 0D       		.uleb128 0xd
 1031 03e4 AC020000 		.4byte	.LASF65
 1032 03e8 01       		.byte	0x1
 1033 03e9 64       		.byte	0x64
 1034 03ea B8030000 		.4byte	0x3b8
 1035 03ee 1B020000 		.4byte	.LLST15
 1036 03f2 11       		.uleb128 0x11
 1037 03f3 06000000 		.4byte	.LVL29
 1038 03f7 EA050000 		.4byte	0x5ea
ARM GAS  C:\Users\Xwx47\AppData\Local\Temp\ccWzslpG.s 			page 22


 1039 03fb 12       		.uleb128 0x12
 1040 03fc 01       		.uleb128 0x1
 1041 03fd 50       		.byte	0x50
 1042 03fe 03       		.uleb128 0x3
 1043 03ff F3       		.byte	0xf3
 1044 0400 01       		.uleb128 0x1
 1045 0401 50       		.byte	0x50
 1046 0402 00       		.byte	0
 1047 0403 00       		.byte	0
 1048 0404 14       		.uleb128 0x14
 1049 0405 E8030000 		.4byte	.LASF67
 1050 0409 01       		.byte	0x1
 1051 040a 69       		.byte	0x69
 1052 040b 00000000 		.4byte	.LFB8
 1053 040f 9C000000 		.4byte	.LFE8-.LFB8
 1054 0413 01       		.uleb128 0x1
 1055 0414 9C       		.byte	0x9c
 1056 0415 90050000 		.4byte	0x590
 1057 0419 0C       		.uleb128 0xc
 1058 041a 62756600 		.ascii	"buf\000"
 1059 041e 01       		.byte	0x1
 1060 041f 69       		.byte	0x69
 1061 0420 80010000 		.4byte	0x180
 1062 0424 3C020000 		.4byte	.LLST16
 1063 0428 0D       		.uleb128 0xd
 1064 0429 58020000 		.4byte	.LASF54
 1065 042d 01       		.byte	0x1
 1066 042e 69       		.byte	0x69
 1067 042f 2A010000 		.4byte	0x12a
 1068 0433 68020000 		.4byte	.LLST17
 1069 0437 0D       		.uleb128 0xd
 1070 0438 8D030000 		.4byte	.LASF58
 1071 043c 01       		.byte	0x1
 1072 043d 69       		.byte	0x69
 1073 043e CB010000 		.4byte	0x1cb
 1074 0442 94020000 		.4byte	.LLST18
 1075 0446 15       		.uleb128 0x15
 1076 0447 8A000000 		.4byte	.LASF68
 1077 044b 01       		.byte	0x1
 1078 044c 6B       		.byte	0x6b
 1079 044d C0010000 		.4byte	0x1c0
 1080 0451 B5020000 		.4byte	.LLST19
 1081 0455 15       		.uleb128 0x15
 1082 0456 3C040000 		.4byte	.LASF69
 1083 045a 01       		.byte	0x1
 1084 045b 6C       		.byte	0x6c
 1085 045c B8030000 		.4byte	0x3b8
 1086 0460 C8020000 		.4byte	.LLST20
 1087 0464 16       		.uleb128 0x16
 1088 0465 14000000 		.4byte	.LVL34
 1089 0469 1F020000 		.4byte	0x21f
 1090 046d 84040000 		.4byte	0x484
 1091 0471 12       		.uleb128 0x12
 1092 0472 01       		.uleb128 0x1
 1093 0473 50       		.byte	0x50
 1094 0474 02       		.uleb128 0x2
 1095 0475 74       		.byte	0x74
ARM GAS  C:\Users\Xwx47\AppData\Local\Temp\ccWzslpG.s 			page 23


 1096 0476 00       		.sleb128 0
 1097 0477 12       		.uleb128 0x12
 1098 0478 01       		.uleb128 0x1
 1099 0479 51       		.byte	0x51
 1100 047a 02       		.uleb128 0x2
 1101 047b 75       		.byte	0x75
 1102 047c 00       		.sleb128 0
 1103 047d 12       		.uleb128 0x12
 1104 047e 01       		.uleb128 0x1
 1105 047f 52       		.byte	0x52
 1106 0480 02       		.uleb128 0x2
 1107 0481 08       		.byte	0x8
 1108 0482 28       		.byte	0x28
 1109 0483 00       		.byte	0
 1110 0484 16       		.uleb128 0x16
 1111 0485 24000000 		.4byte	.LVL35
 1112 0489 D1010000 		.4byte	0x1d1
 1113 048d A7040000 		.4byte	0x4a7
 1114 0491 12       		.uleb128 0x12
 1115 0492 01       		.uleb128 0x1
 1116 0493 50       		.byte	0x50
 1117 0494 02       		.uleb128 0x2
 1118 0495 74       		.byte	0x74
 1119 0496 00       		.sleb128 0
 1120 0497 12       		.uleb128 0x12
 1121 0498 01       		.uleb128 0x1
 1122 0499 51       		.byte	0x51
 1123 049a 02       		.uleb128 0x2
 1124 049b 75       		.byte	0x75
 1125 049c 00       		.sleb128 0
 1126 049d 12       		.uleb128 0x12
 1127 049e 01       		.uleb128 0x1
 1128 049f 52       		.byte	0x52
 1129 04a0 05       		.uleb128 0x5
 1130 04a1 03       		.byte	0x3
 1131 04a2 00000000 		.4byte	.LC2
 1132 04a6 00       		.byte	0
 1133 04a7 16       		.uleb128 0x16
 1134 04a8 32000000 		.4byte	.LVL36
 1135 04ac D1010000 		.4byte	0x1d1
 1136 04b0 CA040000 		.4byte	0x4ca
 1137 04b4 12       		.uleb128 0x12
 1138 04b5 01       		.uleb128 0x1
 1139 04b6 50       		.byte	0x50
 1140 04b7 02       		.uleb128 0x2
 1141 04b8 74       		.byte	0x74
 1142 04b9 00       		.sleb128 0
 1143 04ba 12       		.uleb128 0x12
 1144 04bb 01       		.uleb128 0x1
 1145 04bc 51       		.byte	0x51
 1146 04bd 02       		.uleb128 0x2
 1147 04be 75       		.byte	0x75
 1148 04bf 00       		.sleb128 0
 1149 04c0 12       		.uleb128 0x12
 1150 04c1 01       		.uleb128 0x1
 1151 04c2 52       		.byte	0x52
 1152 04c3 05       		.uleb128 0x5
ARM GAS  C:\Users\Xwx47\AppData\Local\Temp\ccWzslpG.s 			page 24


 1153 04c4 03       		.byte	0x3
 1154 04c5 08000000 		.4byte	.LC4
 1155 04c9 00       		.byte	0
 1156 04ca 16       		.uleb128 0x16
 1157 04cb 46000000 		.4byte	.LVL38
 1158 04cf 1F020000 		.4byte	0x21f
 1159 04d3 EA040000 		.4byte	0x4ea
 1160 04d7 12       		.uleb128 0x12
 1161 04d8 01       		.uleb128 0x1
 1162 04d9 50       		.byte	0x50
 1163 04da 02       		.uleb128 0x2
 1164 04db 74       		.byte	0x74
 1165 04dc 00       		.sleb128 0
 1166 04dd 12       		.uleb128 0x12
 1167 04de 01       		.uleb128 0x1
 1168 04df 51       		.byte	0x51
 1169 04e0 02       		.uleb128 0x2
 1170 04e1 75       		.byte	0x75
 1171 04e2 00       		.sleb128 0
 1172 04e3 12       		.uleb128 0x12
 1173 04e4 01       		.uleb128 0x1
 1174 04e5 52       		.byte	0x52
 1175 04e6 02       		.uleb128 0x2
 1176 04e7 08       		.byte	0x8
 1177 04e8 7C       		.byte	0x7c
 1178 04e9 00       		.byte	0
 1179 04ea 16       		.uleb128 0x16
 1180 04eb 50000000 		.4byte	.LVL39
 1181 04ef D1010000 		.4byte	0x1d1
 1182 04f3 0D050000 		.4byte	0x50d
 1183 04f7 12       		.uleb128 0x12
 1184 04f8 01       		.uleb128 0x1
 1185 04f9 50       		.byte	0x50
 1186 04fa 02       		.uleb128 0x2
 1187 04fb 74       		.byte	0x74
 1188 04fc 00       		.sleb128 0
 1189 04fd 12       		.uleb128 0x12
 1190 04fe 01       		.uleb128 0x1
 1191 04ff 51       		.byte	0x51
 1192 0500 02       		.uleb128 0x2
 1193 0501 75       		.byte	0x75
 1194 0502 00       		.sleb128 0
 1195 0503 12       		.uleb128 0x12
 1196 0504 01       		.uleb128 0x1
 1197 0505 52       		.byte	0x52
 1198 0506 05       		.uleb128 0x5
 1199 0507 03       		.byte	0x3
 1200 0508 10000000 		.4byte	.LC6
 1201 050c 00       		.byte	0
 1202 050d 16       		.uleb128 0x16
 1203 050e 64000000 		.4byte	.LVL41
 1204 0512 1F020000 		.4byte	0x21f
 1205 0516 2D050000 		.4byte	0x52d
 1206 051a 12       		.uleb128 0x12
 1207 051b 01       		.uleb128 0x1
 1208 051c 50       		.byte	0x50
 1209 051d 02       		.uleb128 0x2
ARM GAS  C:\Users\Xwx47\AppData\Local\Temp\ccWzslpG.s 			page 25


 1210 051e 74       		.byte	0x74
 1211 051f 00       		.sleb128 0
 1212 0520 12       		.uleb128 0x12
 1213 0521 01       		.uleb128 0x1
 1214 0522 51       		.byte	0x51
 1215 0523 02       		.uleb128 0x2
 1216 0524 75       		.byte	0x75
 1217 0525 00       		.sleb128 0
 1218 0526 12       		.uleb128 0x12
 1219 0527 01       		.uleb128 0x1
 1220 0528 52       		.byte	0x52
 1221 0529 02       		.uleb128 0x2
 1222 052a 08       		.byte	0x8
 1223 052b 7C       		.byte	0x7c
 1224 052c 00       		.byte	0
 1225 052d 16       		.uleb128 0x16
 1226 052e 6E000000 		.4byte	.LVL42
 1227 0532 D1010000 		.4byte	0x1d1
 1228 0536 50050000 		.4byte	0x550
 1229 053a 12       		.uleb128 0x12
 1230 053b 01       		.uleb128 0x1
 1231 053c 50       		.byte	0x50
 1232 053d 02       		.uleb128 0x2
 1233 053e 74       		.byte	0x74
 1234 053f 00       		.sleb128 0
 1235 0540 12       		.uleb128 0x12
 1236 0541 01       		.uleb128 0x1
 1237 0542 51       		.byte	0x51
 1238 0543 02       		.uleb128 0x2
 1239 0544 75       		.byte	0x75
 1240 0545 00       		.sleb128 0
 1241 0546 12       		.uleb128 0x12
 1242 0547 01       		.uleb128 0x1
 1243 0548 52       		.byte	0x52
 1244 0549 05       		.uleb128 0x5
 1245 054a 03       		.byte	0x3
 1246 054b 18000000 		.4byte	.LC8
 1247 054f 00       		.byte	0
 1248 0550 16       		.uleb128 0x16
 1249 0551 7C000000 		.4byte	.LVL43
 1250 0555 D1010000 		.4byte	0x1d1
 1251 0559 73050000 		.4byte	0x573
 1252 055d 12       		.uleb128 0x12
 1253 055e 01       		.uleb128 0x1
 1254 055f 50       		.byte	0x50
 1255 0560 02       		.uleb128 0x2
 1256 0561 74       		.byte	0x74
 1257 0562 00       		.sleb128 0
 1258 0563 12       		.uleb128 0x12
 1259 0564 01       		.uleb128 0x1
 1260 0565 51       		.byte	0x51
 1261 0566 02       		.uleb128 0x2
 1262 0567 75       		.byte	0x75
 1263 0568 00       		.sleb128 0
 1264 0569 12       		.uleb128 0x12
 1265 056a 01       		.uleb128 0x1
 1266 056b 52       		.byte	0x52
ARM GAS  C:\Users\Xwx47\AppData\Local\Temp\ccWzslpG.s 			page 26


 1267 056c 05       		.uleb128 0x5
 1268 056d 03       		.byte	0x3
 1269 056e 1C000000 		.4byte	.LC10
 1270 0572 00       		.byte	0
 1271 0573 11       		.uleb128 0x11
 1272 0574 86000000 		.4byte	.LVL44
 1273 0578 1F020000 		.4byte	0x21f
 1274 057c 12       		.uleb128 0x12
 1275 057d 01       		.uleb128 0x1
 1276 057e 50       		.byte	0x50
 1277 057f 02       		.uleb128 0x2
 1278 0580 74       		.byte	0x74
 1279 0581 00       		.sleb128 0
 1280 0582 12       		.uleb128 0x12
 1281 0583 01       		.uleb128 0x1
 1282 0584 51       		.byte	0x51
 1283 0585 02       		.uleb128 0x2
 1284 0586 75       		.byte	0x75
 1285 0587 00       		.sleb128 0
 1286 0588 12       		.uleb128 0x12
 1287 0589 01       		.uleb128 0x1
 1288 058a 52       		.byte	0x52
 1289 058b 02       		.uleb128 0x2
 1290 058c 08       		.byte	0x8
 1291 058d 29       		.byte	0x29
 1292 058e 00       		.byte	0
 1293 058f 00       		.byte	0
 1294 0590 17       		.uleb128 0x17
 1295 0591 3B020000 		.4byte	.LASF70
 1296 0595 01       		.byte	0x1
 1297 0596 8C       		.byte	0x8c
 1298 0597 00000000 		.4byte	.LFB9
 1299 059b 02000000 		.4byte	.LFE9-.LFB9
 1300 059f 01       		.uleb128 0x1
 1301 05a0 9C       		.byte	0x9c
 1302 05a1 17       		.uleb128 0x17
 1303 05a2 92040000 		.4byte	.LASF71
 1304 05a6 01       		.byte	0x1
 1305 05a7 91       		.byte	0x91
 1306 05a8 00000000 		.4byte	.LFB10
 1307 05ac 10000000 		.4byte	.LFE10-.LFB10
 1308 05b0 01       		.uleb128 0x1
 1309 05b1 9C       		.byte	0x9c
 1310 05b2 18       		.uleb128 0x18
 1311 05b3 72020000 		.4byte	.LASF72
 1312 05b7 01       		.byte	0x1
 1313 05b8 10       		.byte	0x10
 1314 05b9 1F010000 		.4byte	0x11f
 1315 05bd 05       		.uleb128 0x5
 1316 05be 03       		.byte	0x3
 1317 05bf 00000000 		.4byte	RMAC_SeqNr
 1318 05c3 18       		.uleb128 0x18
 1319 05c4 74000000 		.4byte	.LASF73
 1320 05c8 01       		.byte	0x1
 1321 05c9 11       		.byte	0x11
 1322 05ca 1F010000 		.4byte	0x11f
 1323 05ce 05       		.uleb128 0x5
ARM GAS  C:\Users\Xwx47\AppData\Local\Temp\ccWzslpG.s 			page 27


 1324 05cf 03       		.byte	0x3
 1325 05d0 01000000 		.4byte	RMAC_ExpectedAckSeqNr
 1326 05d4 19       		.uleb128 0x19
 1327 05d5 8A010000 		.4byte	.LASF74
 1328 05d9 8A010000 		.4byte	.LASF74
 1329 05dd 05       		.byte	0x5
 1330 05de 59       		.byte	0x59
 1331 05df 19       		.uleb128 0x19
 1332 05e0 BA040000 		.4byte	.LASF75
 1333 05e4 BA040000 		.4byte	.LASF75
 1334 05e8 07       		.byte	0x7
 1335 05e9 49       		.byte	0x49
 1336 05ea 19       		.uleb128 0x19
 1337 05eb 47020000 		.4byte	.LASF76
 1338 05ef 47020000 		.4byte	.LASF76
 1339 05f3 07       		.byte	0x7
 1340 05f4 6F       		.byte	0x6f
 1341 05f5 00       		.byte	0
 1342              		.section	.debug_abbrev,"",%progbits
 1343              	.Ldebug_abbrev0:
 1344 0000 01       		.uleb128 0x1
 1345 0001 11       		.uleb128 0x11
 1346 0002 01       		.byte	0x1
 1347 0003 25       		.uleb128 0x25
 1348 0004 0E       		.uleb128 0xe
 1349 0005 13       		.uleb128 0x13
 1350 0006 0B       		.uleb128 0xb
 1351 0007 03       		.uleb128 0x3
 1352 0008 0E       		.uleb128 0xe
 1353 0009 1B       		.uleb128 0x1b
 1354 000a 0E       		.uleb128 0xe
 1355 000b 55       		.uleb128 0x55
 1356 000c 17       		.uleb128 0x17
 1357 000d 11       		.uleb128 0x11
 1358 000e 01       		.uleb128 0x1
 1359 000f 10       		.uleb128 0x10
 1360 0010 17       		.uleb128 0x17
 1361 0011 00       		.byte	0
 1362 0012 00       		.byte	0
 1363 0013 02       		.uleb128 0x2
 1364 0014 24       		.uleb128 0x24
 1365 0015 00       		.byte	0
 1366 0016 0B       		.uleb128 0xb
 1367 0017 0B       		.uleb128 0xb
 1368 0018 3E       		.uleb128 0x3e
 1369 0019 0B       		.uleb128 0xb
 1370 001a 03       		.uleb128 0x3
 1371 001b 0E       		.uleb128 0xe
 1372 001c 00       		.byte	0
 1373 001d 00       		.byte	0
 1374 001e 03       		.uleb128 0x3
 1375 001f 04       		.uleb128 0x4
 1376 0020 01       		.byte	0x1
 1377 0021 0B       		.uleb128 0xb
 1378 0022 0B       		.uleb128 0xb
 1379 0023 49       		.uleb128 0x49
 1380 0024 13       		.uleb128 0x13
ARM GAS  C:\Users\Xwx47\AppData\Local\Temp\ccWzslpG.s 			page 28


 1381 0025 3A       		.uleb128 0x3a
 1382 0026 0B       		.uleb128 0xb
 1383 0027 3B       		.uleb128 0x3b
 1384 0028 0B       		.uleb128 0xb
 1385 0029 01       		.uleb128 0x1
 1386 002a 13       		.uleb128 0x13
 1387 002b 00       		.byte	0
 1388 002c 00       		.byte	0
 1389 002d 04       		.uleb128 0x4
 1390 002e 28       		.uleb128 0x28
 1391 002f 00       		.byte	0
 1392 0030 03       		.uleb128 0x3
 1393 0031 0E       		.uleb128 0xe
 1394 0032 1C       		.uleb128 0x1c
 1395 0033 0B       		.uleb128 0xb
 1396 0034 00       		.byte	0
 1397 0035 00       		.byte	0
 1398 0036 05       		.uleb128 0x5
 1399 0037 16       		.uleb128 0x16
 1400 0038 00       		.byte	0
 1401 0039 03       		.uleb128 0x3
 1402 003a 0E       		.uleb128 0xe
 1403 003b 3A       		.uleb128 0x3a
 1404 003c 0B       		.uleb128 0xb
 1405 003d 3B       		.uleb128 0x3b
 1406 003e 0B       		.uleb128 0xb
 1407 003f 49       		.uleb128 0x49
 1408 0040 13       		.uleb128 0x13
 1409 0041 00       		.byte	0
 1410 0042 00       		.byte	0
 1411 0043 06       		.uleb128 0x6
 1412 0044 24       		.uleb128 0x24
 1413 0045 00       		.byte	0
 1414 0046 0B       		.uleb128 0xb
 1415 0047 0B       		.uleb128 0xb
 1416 0048 3E       		.uleb128 0x3e
 1417 0049 0B       		.uleb128 0xb
 1418 004a 03       		.uleb128 0x3
 1419 004b 08       		.uleb128 0x8
 1420 004c 00       		.byte	0
 1421 004d 00       		.byte	0
 1422 004e 07       		.uleb128 0x7
 1423 004f 13       		.uleb128 0x13
 1424 0050 01       		.byte	0x1
 1425 0051 0B       		.uleb128 0xb
 1426 0052 0B       		.uleb128 0xb
 1427 0053 3A       		.uleb128 0x3a
 1428 0054 0B       		.uleb128 0xb
 1429 0055 3B       		.uleb128 0x3b
 1430 0056 0B       		.uleb128 0xb
 1431 0057 01       		.uleb128 0x1
 1432 0058 13       		.uleb128 0x13
 1433 0059 00       		.byte	0
 1434 005a 00       		.byte	0
 1435 005b 08       		.uleb128 0x8
 1436 005c 0D       		.uleb128 0xd
 1437 005d 00       		.byte	0
ARM GAS  C:\Users\Xwx47\AppData\Local\Temp\ccWzslpG.s 			page 29


 1438 005e 03       		.uleb128 0x3
 1439 005f 0E       		.uleb128 0xe
 1440 0060 3A       		.uleb128 0x3a
 1441 0061 0B       		.uleb128 0xb
 1442 0062 3B       		.uleb128 0x3b
 1443 0063 0B       		.uleb128 0xb
 1444 0064 49       		.uleb128 0x49
 1445 0065 13       		.uleb128 0x13
 1446 0066 38       		.uleb128 0x38
 1447 0067 0B       		.uleb128 0xb
 1448 0068 00       		.byte	0
 1449 0069 00       		.byte	0
 1450 006a 09       		.uleb128 0x9
 1451 006b 0F       		.uleb128 0xf
 1452 006c 00       		.byte	0
 1453 006d 0B       		.uleb128 0xb
 1454 006e 0B       		.uleb128 0xb
 1455 006f 49       		.uleb128 0x49
 1456 0070 13       		.uleb128 0x13
 1457 0071 00       		.byte	0
 1458 0072 00       		.byte	0
 1459 0073 0A       		.uleb128 0xa
 1460 0074 04       		.uleb128 0x4
 1461 0075 01       		.byte	0x1
 1462 0076 03       		.uleb128 0x3
 1463 0077 0E       		.uleb128 0xe
 1464 0078 0B       		.uleb128 0xb
 1465 0079 0B       		.uleb128 0xb
 1466 007a 49       		.uleb128 0x49
 1467 007b 13       		.uleb128 0x13
 1468 007c 3A       		.uleb128 0x3a
 1469 007d 0B       		.uleb128 0xb
 1470 007e 3B       		.uleb128 0x3b
 1471 007f 0B       		.uleb128 0xb
 1472 0080 01       		.uleb128 0x1
 1473 0081 13       		.uleb128 0x13
 1474 0082 00       		.byte	0
 1475 0083 00       		.byte	0
 1476 0084 0B       		.uleb128 0xb
 1477 0085 2E       		.uleb128 0x2e
 1478 0086 01       		.byte	0x1
 1479 0087 03       		.uleb128 0x3
 1480 0088 0E       		.uleb128 0xe
 1481 0089 3A       		.uleb128 0x3a
 1482 008a 0B       		.uleb128 0xb
 1483 008b 3B       		.uleb128 0x3b
 1484 008c 0B       		.uleb128 0xb
 1485 008d 27       		.uleb128 0x27
 1486 008e 19       		.uleb128 0x19
 1487 008f 11       		.uleb128 0x11
 1488 0090 01       		.uleb128 0x1
 1489 0091 12       		.uleb128 0x12
 1490 0092 06       		.uleb128 0x6
 1491 0093 40       		.uleb128 0x40
 1492 0094 18       		.uleb128 0x18
 1493 0095 9742     		.uleb128 0x2117
 1494 0097 19       		.uleb128 0x19
ARM GAS  C:\Users\Xwx47\AppData\Local\Temp\ccWzslpG.s 			page 30


 1495 0098 01       		.uleb128 0x1
 1496 0099 13       		.uleb128 0x13
 1497 009a 00       		.byte	0
 1498 009b 00       		.byte	0
 1499 009c 0C       		.uleb128 0xc
 1500 009d 05       		.uleb128 0x5
 1501 009e 00       		.byte	0
 1502 009f 03       		.uleb128 0x3
 1503 00a0 08       		.uleb128 0x8
 1504 00a1 3A       		.uleb128 0x3a
 1505 00a2 0B       		.uleb128 0xb
 1506 00a3 3B       		.uleb128 0x3b
 1507 00a4 0B       		.uleb128 0xb
 1508 00a5 49       		.uleb128 0x49
 1509 00a6 13       		.uleb128 0x13
 1510 00a7 02       		.uleb128 0x2
 1511 00a8 17       		.uleb128 0x17
 1512 00a9 00       		.byte	0
 1513 00aa 00       		.byte	0
 1514 00ab 0D       		.uleb128 0xd
 1515 00ac 05       		.uleb128 0x5
 1516 00ad 00       		.byte	0
 1517 00ae 03       		.uleb128 0x3
 1518 00af 0E       		.uleb128 0xe
 1519 00b0 3A       		.uleb128 0x3a
 1520 00b1 0B       		.uleb128 0xb
 1521 00b2 3B       		.uleb128 0x3b
 1522 00b3 0B       		.uleb128 0xb
 1523 00b4 49       		.uleb128 0x49
 1524 00b5 13       		.uleb128 0x13
 1525 00b6 02       		.uleb128 0x2
 1526 00b7 17       		.uleb128 0x17
 1527 00b8 00       		.byte	0
 1528 00b9 00       		.byte	0
 1529 00ba 0E       		.uleb128 0xe
 1530 00bb 26       		.uleb128 0x26
 1531 00bc 00       		.byte	0
 1532 00bd 49       		.uleb128 0x49
 1533 00be 13       		.uleb128 0x13
 1534 00bf 00       		.byte	0
 1535 00c0 00       		.byte	0
 1536 00c1 0F       		.uleb128 0xf
 1537 00c2 05       		.uleb128 0x5
 1538 00c3 00       		.byte	0
 1539 00c4 03       		.uleb128 0x3
 1540 00c5 08       		.uleb128 0x8
 1541 00c6 3A       		.uleb128 0x3a
 1542 00c7 0B       		.uleb128 0xb
 1543 00c8 3B       		.uleb128 0x3b
 1544 00c9 0B       		.uleb128 0xb
 1545 00ca 49       		.uleb128 0x49
 1546 00cb 13       		.uleb128 0x13
 1547 00cc 02       		.uleb128 0x2
 1548 00cd 18       		.uleb128 0x18
 1549 00ce 00       		.byte	0
 1550 00cf 00       		.byte	0
 1551 00d0 10       		.uleb128 0x10
ARM GAS  C:\Users\Xwx47\AppData\Local\Temp\ccWzslpG.s 			page 31


 1552 00d1 2E       		.uleb128 0x2e
 1553 00d2 01       		.byte	0x1
 1554 00d3 3F       		.uleb128 0x3f
 1555 00d4 19       		.uleb128 0x19
 1556 00d5 03       		.uleb128 0x3
 1557 00d6 0E       		.uleb128 0xe
 1558 00d7 3A       		.uleb128 0x3a
 1559 00d8 0B       		.uleb128 0xb
 1560 00d9 3B       		.uleb128 0x3b
 1561 00da 0B       		.uleb128 0xb
 1562 00db 27       		.uleb128 0x27
 1563 00dc 19       		.uleb128 0x19
 1564 00dd 49       		.uleb128 0x49
 1565 00de 13       		.uleb128 0x13
 1566 00df 11       		.uleb128 0x11
 1567 00e0 01       		.uleb128 0x1
 1568 00e1 12       		.uleb128 0x12
 1569 00e2 06       		.uleb128 0x6
 1570 00e3 40       		.uleb128 0x40
 1571 00e4 18       		.uleb128 0x18
 1572 00e5 9742     		.uleb128 0x2117
 1573 00e7 19       		.uleb128 0x19
 1574 00e8 01       		.uleb128 0x1
 1575 00e9 13       		.uleb128 0x13
 1576 00ea 00       		.byte	0
 1577 00eb 00       		.byte	0
 1578 00ec 11       		.uleb128 0x11
 1579 00ed 898201   		.uleb128 0x4109
 1580 00f0 01       		.byte	0x1
 1581 00f1 11       		.uleb128 0x11
 1582 00f2 01       		.uleb128 0x1
 1583 00f3 31       		.uleb128 0x31
 1584 00f4 13       		.uleb128 0x13
 1585 00f5 00       		.byte	0
 1586 00f6 00       		.byte	0
 1587 00f7 12       		.uleb128 0x12
 1588 00f8 8A8201   		.uleb128 0x410a
 1589 00fb 00       		.byte	0
 1590 00fc 02       		.uleb128 0x2
 1591 00fd 18       		.uleb128 0x18
 1592 00fe 9142     		.uleb128 0x2111
 1593 0100 18       		.uleb128 0x18
 1594 0101 00       		.byte	0
 1595 0102 00       		.byte	0
 1596 0103 13       		.uleb128 0x13
 1597 0104 05       		.uleb128 0x5
 1598 0105 00       		.byte	0
 1599 0106 03       		.uleb128 0x3
 1600 0107 0E       		.uleb128 0xe
 1601 0108 3A       		.uleb128 0x3a
 1602 0109 0B       		.uleb128 0xb
 1603 010a 3B       		.uleb128 0x3b
 1604 010b 0B       		.uleb128 0xb
 1605 010c 49       		.uleb128 0x49
 1606 010d 13       		.uleb128 0x13
 1607 010e 02       		.uleb128 0x2
 1608 010f 18       		.uleb128 0x18
ARM GAS  C:\Users\Xwx47\AppData\Local\Temp\ccWzslpG.s 			page 32


 1609 0110 00       		.byte	0
 1610 0111 00       		.byte	0
 1611 0112 14       		.uleb128 0x14
 1612 0113 2E       		.uleb128 0x2e
 1613 0114 01       		.byte	0x1
 1614 0115 3F       		.uleb128 0x3f
 1615 0116 19       		.uleb128 0x19
 1616 0117 03       		.uleb128 0x3
 1617 0118 0E       		.uleb128 0xe
 1618 0119 3A       		.uleb128 0x3a
 1619 011a 0B       		.uleb128 0xb
 1620 011b 3B       		.uleb128 0x3b
 1621 011c 0B       		.uleb128 0xb
 1622 011d 27       		.uleb128 0x27
 1623 011e 19       		.uleb128 0x19
 1624 011f 11       		.uleb128 0x11
 1625 0120 01       		.uleb128 0x1
 1626 0121 12       		.uleb128 0x12
 1627 0122 06       		.uleb128 0x6
 1628 0123 40       		.uleb128 0x40
 1629 0124 18       		.uleb128 0x18
 1630 0125 9742     		.uleb128 0x2117
 1631 0127 19       		.uleb128 0x19
 1632 0128 01       		.uleb128 0x1
 1633 0129 13       		.uleb128 0x13
 1634 012a 00       		.byte	0
 1635 012b 00       		.byte	0
 1636 012c 15       		.uleb128 0x15
 1637 012d 34       		.uleb128 0x34
 1638 012e 00       		.byte	0
 1639 012f 03       		.uleb128 0x3
 1640 0130 0E       		.uleb128 0xe
 1641 0131 3A       		.uleb128 0x3a
 1642 0132 0B       		.uleb128 0xb
 1643 0133 3B       		.uleb128 0x3b
 1644 0134 0B       		.uleb128 0xb
 1645 0135 49       		.uleb128 0x49
 1646 0136 13       		.uleb128 0x13
 1647 0137 02       		.uleb128 0x2
 1648 0138 17       		.uleb128 0x17
 1649 0139 00       		.byte	0
 1650 013a 00       		.byte	0
 1651 013b 16       		.uleb128 0x16
 1652 013c 898201   		.uleb128 0x4109
 1653 013f 01       		.byte	0x1
 1654 0140 11       		.uleb128 0x11
 1655 0141 01       		.uleb128 0x1
 1656 0142 31       		.uleb128 0x31
 1657 0143 13       		.uleb128 0x13
 1658 0144 01       		.uleb128 0x1
 1659 0145 13       		.uleb128 0x13
 1660 0146 00       		.byte	0
 1661 0147 00       		.byte	0
 1662 0148 17       		.uleb128 0x17
 1663 0149 2E       		.uleb128 0x2e
 1664 014a 00       		.byte	0
 1665 014b 3F       		.uleb128 0x3f
ARM GAS  C:\Users\Xwx47\AppData\Local\Temp\ccWzslpG.s 			page 33


 1666 014c 19       		.uleb128 0x19
 1667 014d 03       		.uleb128 0x3
 1668 014e 0E       		.uleb128 0xe
 1669 014f 3A       		.uleb128 0x3a
 1670 0150 0B       		.uleb128 0xb
 1671 0151 3B       		.uleb128 0x3b
 1672 0152 0B       		.uleb128 0xb
 1673 0153 27       		.uleb128 0x27
 1674 0154 19       		.uleb128 0x19
 1675 0155 11       		.uleb128 0x11
 1676 0156 01       		.uleb128 0x1
 1677 0157 12       		.uleb128 0x12
 1678 0158 06       		.uleb128 0x6
 1679 0159 40       		.uleb128 0x40
 1680 015a 18       		.uleb128 0x18
 1681 015b 9742     		.uleb128 0x2117
 1682 015d 19       		.uleb128 0x19
 1683 015e 00       		.byte	0
 1684 015f 00       		.byte	0
 1685 0160 18       		.uleb128 0x18
 1686 0161 34       		.uleb128 0x34
 1687 0162 00       		.byte	0
 1688 0163 03       		.uleb128 0x3
 1689 0164 0E       		.uleb128 0xe
 1690 0165 3A       		.uleb128 0x3a
 1691 0166 0B       		.uleb128 0xb
 1692 0167 3B       		.uleb128 0x3b
 1693 0168 0B       		.uleb128 0xb
 1694 0169 49       		.uleb128 0x49
 1695 016a 13       		.uleb128 0x13
 1696 016b 02       		.uleb128 0x2
 1697 016c 18       		.uleb128 0x18
 1698 016d 00       		.byte	0
 1699 016e 00       		.byte	0
 1700 016f 19       		.uleb128 0x19
 1701 0170 2E       		.uleb128 0x2e
 1702 0171 00       		.byte	0
 1703 0172 3F       		.uleb128 0x3f
 1704 0173 19       		.uleb128 0x19
 1705 0174 3C       		.uleb128 0x3c
 1706 0175 19       		.uleb128 0x19
 1707 0176 6E       		.uleb128 0x6e
 1708 0177 0E       		.uleb128 0xe
 1709 0178 03       		.uleb128 0x3
 1710 0179 0E       		.uleb128 0xe
 1711 017a 3A       		.uleb128 0x3a
 1712 017b 0B       		.uleb128 0xb
 1713 017c 3B       		.uleb128 0x3b
 1714 017d 0B       		.uleb128 0xb
 1715 017e 00       		.byte	0
 1716 017f 00       		.byte	0
 1717 0180 00       		.byte	0
 1718              		.section	.debug_loc,"",%progbits
 1719              	.Ldebug_loc0:
 1720              	.LLST0:
 1721 0000 00000000 		.4byte	.LVL0
 1722 0004 06000000 		.4byte	.LVL2
ARM GAS  C:\Users\Xwx47\AppData\Local\Temp\ccWzslpG.s 			page 34


 1723 0008 0100     		.2byte	0x1
 1724 000a 50       		.byte	0x50
 1725 000b 06000000 		.4byte	.LVL2
 1726 000f 14000000 		.4byte	.LVL4
 1727 0013 0100     		.2byte	0x1
 1728 0015 50       		.byte	0x50
 1729 0016 14000000 		.4byte	.LVL4
 1730 001a 1C000000 		.4byte	.LVL7
 1731 001e 0300     		.2byte	0x3
 1732 0020 70       		.byte	0x70
 1733 0021 01       		.sleb128 1
 1734 0022 9F       		.byte	0x9f
 1735 0023 1C000000 		.4byte	.LVL7
 1736 0027 2C000000 		.4byte	.LFE0
 1737 002b 0100     		.2byte	0x1
 1738 002d 50       		.byte	0x50
 1739 002e 00000000 		.4byte	0
 1740 0032 00000000 		.4byte	0
 1741              	.LLST1:
 1742 0036 00000000 		.4byte	.LVL0
 1743 003a 02000000 		.4byte	.LVL1
 1744 003e 0100     		.2byte	0x1
 1745 0040 51       		.byte	0x51
 1746 0041 02000000 		.4byte	.LVL1
 1747 0045 2C000000 		.4byte	.LFE0
 1748 0049 0100     		.2byte	0x1
 1749 004b 51       		.byte	0x51
 1750 004c 00000000 		.4byte	0
 1751 0050 00000000 		.4byte	0
 1752              	.LLST2:
 1753 0054 00000000 		.4byte	.LVL0
 1754 0058 16000000 		.4byte	.LVL5
 1755 005c 0100     		.2byte	0x1
 1756 005e 52       		.byte	0x52
 1757 005f 16000000 		.4byte	.LVL5
 1758 0063 2C000000 		.4byte	.LFE0
 1759 0067 0100     		.2byte	0x1
 1760 0069 52       		.byte	0x52
 1761 006a 00000000 		.4byte	0
 1762 006e 00000000 		.4byte	0
 1763              	.LLST3:
 1764 0072 00000000 		.4byte	.LVL8
 1765 0076 06000000 		.4byte	.LVL10
 1766 007a 0100     		.2byte	0x1
 1767 007c 50       		.byte	0x50
 1768 007d 06000000 		.4byte	.LVL10
 1769 0081 16000000 		.4byte	.LVL12
 1770 0085 0100     		.2byte	0x1
 1771 0087 50       		.byte	0x50
 1772 0088 16000000 		.4byte	.LVL12
 1773 008c 1A000000 		.4byte	.LVL13
 1774 0090 0300     		.2byte	0x3
 1775 0092 70       		.byte	0x70
 1776 0093 01       		.sleb128 1
 1777 0094 9F       		.byte	0x9f
 1778 0095 1A000000 		.4byte	.LVL13
 1779 0099 20000000 		.4byte	.LFE1
ARM GAS  C:\Users\Xwx47\AppData\Local\Temp\ccWzslpG.s 			page 35


 1780 009d 0100     		.2byte	0x1
 1781 009f 50       		.byte	0x50
 1782 00a0 00000000 		.4byte	0
 1783 00a4 00000000 		.4byte	0
 1784              	.LLST4:
 1785 00a8 00000000 		.4byte	.LVL8
 1786 00ac 02000000 		.4byte	.LVL9
 1787 00b0 0100     		.2byte	0x1
 1788 00b2 51       		.byte	0x51
 1789 00b3 02000000 		.4byte	.LVL9
 1790 00b7 20000000 		.4byte	.LFE1
 1791 00bb 0100     		.2byte	0x1
 1792 00bd 51       		.byte	0x51
 1793 00be 00000000 		.4byte	0
 1794 00c2 00000000 		.4byte	0
 1795              	.LLST5:
 1796 00c6 00000000 		.4byte	.LVL14
 1797 00ca 23000000 		.4byte	.LVL16-1
 1798 00ce 0100     		.2byte	0x1
 1799 00d0 50       		.byte	0x50
 1800 00d1 23000000 		.4byte	.LVL16-1
 1801 00d5 2C000000 		.4byte	.LFE2
 1802 00d9 0400     		.2byte	0x4
 1803 00db F3       		.byte	0xf3
 1804 00dc 01       		.uleb128 0x1
 1805 00dd 50       		.byte	0x50
 1806 00de 9F       		.byte	0x9f
 1807 00df 00000000 		.4byte	0
 1808 00e3 00000000 		.4byte	0
 1809              	.LLST6:
 1810 00e7 00000000 		.4byte	.LVL14
 1811 00eb 23000000 		.4byte	.LVL16-1
 1812 00ef 0100     		.2byte	0x1
 1813 00f1 51       		.byte	0x51
 1814 00f2 23000000 		.4byte	.LVL16-1
 1815 00f6 2C000000 		.4byte	.LFE2
 1816 00fa 0400     		.2byte	0x4
 1817 00fc F3       		.byte	0xf3
 1818 00fd 01       		.uleb128 0x1
 1819 00fe 51       		.byte	0x51
 1820 00ff 9F       		.byte	0x9f
 1821 0100 00000000 		.4byte	0
 1822 0104 00000000 		.4byte	0
 1823              	.LLST7:
 1824 0108 00000000 		.4byte	.LVL14
 1825 010c 1E000000 		.4byte	.LVL15
 1826 0110 0100     		.2byte	0x1
 1827 0112 52       		.byte	0x52
 1828 0113 1E000000 		.4byte	.LVL15
 1829 0117 2C000000 		.4byte	.LFE2
 1830 011b 0400     		.2byte	0x4
 1831 011d F3       		.byte	0xf3
 1832 011e 01       		.uleb128 0x1
 1833 011f 52       		.byte	0x52
 1834 0120 9F       		.byte	0x9f
 1835 0121 00000000 		.4byte	0
 1836 0125 00000000 		.4byte	0
ARM GAS  C:\Users\Xwx47\AppData\Local\Temp\ccWzslpG.s 			page 36


 1837              	.LLST8:
 1838 0129 00000000 		.4byte	.LVL14
 1839 012d 23000000 		.4byte	.LVL16-1
 1840 0131 0100     		.2byte	0x1
 1841 0133 53       		.byte	0x53
 1842 0134 23000000 		.4byte	.LVL16-1
 1843 0138 2C000000 		.4byte	.LFE2
 1844 013c 0400     		.2byte	0x4
 1845 013e F3       		.byte	0xf3
 1846 013f 01       		.uleb128 0x1
 1847 0140 53       		.byte	0x53
 1848 0141 9F       		.byte	0x9f
 1849 0142 00000000 		.4byte	0
 1850 0146 00000000 		.4byte	0
 1851              	.LLST9:
 1852 014a 00000000 		.4byte	.LVL17
 1853 014e 05000000 		.4byte	.LVL18-1
 1854 0152 0100     		.2byte	0x1
 1855 0154 50       		.byte	0x50
 1856 0155 05000000 		.4byte	.LVL18-1
 1857 0159 08000000 		.4byte	.LFE3
 1858 015d 0400     		.2byte	0x4
 1859 015f F3       		.byte	0xf3
 1860 0160 01       		.uleb128 0x1
 1861 0161 50       		.byte	0x50
 1862 0162 9F       		.byte	0x9f
 1863 0163 00000000 		.4byte	0
 1864 0167 00000000 		.4byte	0
 1865              	.LLST10:
 1866 016b 00000000 		.4byte	.LVL19
 1867 016f 16000000 		.4byte	.LVL21
 1868 0173 0100     		.2byte	0x1
 1869 0175 50       		.byte	0x50
 1870 0176 16000000 		.4byte	.LVL21
 1871 017a 20000000 		.4byte	.LFE4
 1872 017e 0400     		.2byte	0x4
 1873 0180 F3       		.byte	0xf3
 1874 0181 01       		.uleb128 0x1
 1875 0182 50       		.byte	0x50
 1876 0183 9F       		.byte	0x9f
 1877 0184 00000000 		.4byte	0
 1878 0188 00000000 		.4byte	0
 1879              	.LLST11:
 1880 018c 00000000 		.4byte	.LVL19
 1881 0190 08000000 		.4byte	.LVL20
 1882 0194 0100     		.2byte	0x1
 1883 0196 51       		.byte	0x51
 1884 0197 08000000 		.4byte	.LVL20
 1885 019b 18000000 		.4byte	.LVL22
 1886 019f 0100     		.2byte	0x1
 1887 01a1 53       		.byte	0x53
 1888 01a2 18000000 		.4byte	.LVL22
 1889 01a6 20000000 		.4byte	.LFE4
 1890 01aa 0400     		.2byte	0x4
 1891 01ac F3       		.byte	0xf3
 1892 01ad 01       		.uleb128 0x1
 1893 01ae 51       		.byte	0x51
ARM GAS  C:\Users\Xwx47\AppData\Local\Temp\ccWzslpG.s 			page 37


 1894 01af 9F       		.byte	0x9f
 1895 01b0 00000000 		.4byte	0
 1896 01b4 00000000 		.4byte	0
 1897              	.LLST12:
 1898 01b8 00000000 		.4byte	.LVL24
 1899 01bc 02000000 		.4byte	.LVL25
 1900 01c0 0100     		.2byte	0x1
 1901 01c2 50       		.byte	0x50
 1902 01c3 02000000 		.4byte	.LVL25
 1903 01c7 04000000 		.4byte	.LFE5
 1904 01cb 0400     		.2byte	0x4
 1905 01cd F3       		.byte	0xf3
 1906 01ce 01       		.uleb128 0x1
 1907 01cf 50       		.byte	0x50
 1908 01d0 9F       		.byte	0x9f
 1909 01d1 00000000 		.4byte	0
 1910 01d5 00000000 		.4byte	0
 1911              	.LLST13:
 1912 01d9 00000000 		.4byte	.LVL26
 1913 01dd 06000000 		.4byte	.LVL27
 1914 01e1 0100     		.2byte	0x1
 1915 01e3 50       		.byte	0x50
 1916 01e4 06000000 		.4byte	.LVL27
 1917 01e8 14000000 		.4byte	.LFE6
 1918 01ec 0400     		.2byte	0x4
 1919 01ee F3       		.byte	0xf3
 1920 01ef 01       		.uleb128 0x1
 1921 01f0 50       		.byte	0x50
 1922 01f1 9F       		.byte	0x9f
 1923 01f2 00000000 		.4byte	0
 1924 01f6 00000000 		.4byte	0
 1925              	.LLST14:
 1926 01fa 00000000 		.4byte	.LVL28
 1927 01fe 05000000 		.4byte	.LVL29-1
 1928 0202 0100     		.2byte	0x1
 1929 0204 50       		.byte	0x50
 1930 0205 05000000 		.4byte	.LVL29-1
 1931 0209 08000000 		.4byte	.LFE7
 1932 020d 0400     		.2byte	0x4
 1933 020f F3       		.byte	0xf3
 1934 0210 01       		.uleb128 0x1
 1935 0211 50       		.byte	0x50
 1936 0212 9F       		.byte	0x9f
 1937 0213 00000000 		.4byte	0
 1938 0217 00000000 		.4byte	0
 1939              	.LLST15:
 1940 021b 00000000 		.4byte	.LVL28
 1941 021f 05000000 		.4byte	.LVL29-1
 1942 0223 0100     		.2byte	0x1
 1943 0225 51       		.byte	0x51
 1944 0226 05000000 		.4byte	.LVL29-1
 1945 022a 08000000 		.4byte	.LFE7
 1946 022e 0400     		.2byte	0x4
 1947 0230 F3       		.byte	0xf3
 1948 0231 01       		.uleb128 0x1
 1949 0232 51       		.byte	0x51
 1950 0233 9F       		.byte	0x9f
ARM GAS  C:\Users\Xwx47\AppData\Local\Temp\ccWzslpG.s 			page 38


 1951 0234 00000000 		.4byte	0
 1952 0238 00000000 		.4byte	0
 1953              	.LLST16:
 1954 023c 00000000 		.4byte	.LVL30
 1955 0240 13000000 		.4byte	.LVL34-1
 1956 0244 0100     		.2byte	0x1
 1957 0246 50       		.byte	0x50
 1958 0247 13000000 		.4byte	.LVL34-1
 1959 024b 86000000 		.4byte	.LVL45
 1960 024f 0100     		.2byte	0x1
 1961 0251 54       		.byte	0x54
 1962 0252 86000000 		.4byte	.LVL45
 1963 0256 9C000000 		.4byte	.LFE8
 1964 025a 0400     		.2byte	0x4
 1965 025c F3       		.byte	0xf3
 1966 025d 01       		.uleb128 0x1
 1967 025e 50       		.byte	0x50
 1968 025f 9F       		.byte	0x9f
 1969 0260 00000000 		.4byte	0
 1970 0264 00000000 		.4byte	0
 1971              	.LLST17:
 1972 0268 00000000 		.4byte	.LVL30
 1973 026c 13000000 		.4byte	.LVL34-1
 1974 0270 0100     		.2byte	0x1
 1975 0272 51       		.byte	0x51
 1976 0273 13000000 		.4byte	.LVL34-1
 1977 0277 86000000 		.4byte	.LVL46
 1978 027b 0100     		.2byte	0x1
 1979 027d 55       		.byte	0x55
 1980 027e 86000000 		.4byte	.LVL46
 1981 0282 9C000000 		.4byte	.LFE8
 1982 0286 0400     		.2byte	0x4
 1983 0288 F3       		.byte	0xf3
 1984 0289 01       		.uleb128 0x1
 1985 028a 51       		.byte	0x51
 1986 028b 9F       		.byte	0x9f
 1987 028c 00000000 		.4byte	0
 1988 0290 00000000 		.4byte	0
 1989              	.LLST18:
 1990 0294 00000000 		.4byte	.LVL30
 1991 0298 10000000 		.4byte	.LVL33
 1992 029c 0100     		.2byte	0x1
 1993 029e 52       		.byte	0x52
 1994 029f 10000000 		.4byte	.LVL33
 1995 02a3 9C000000 		.4byte	.LFE8
 1996 02a7 0400     		.2byte	0x4
 1997 02a9 F3       		.byte	0xf3
 1998 02aa 01       		.uleb128 0x1
 1999 02ab 52       		.byte	0x52
 2000 02ac 9F       		.byte	0x9f
 2001 02ad 00000000 		.4byte	0
 2002 02b1 00000000 		.4byte	0
 2003              	.LLST19:
 2004 02b5 0A000000 		.4byte	.LVL32
 2005 02b9 86000000 		.4byte	.LVL47
 2006 02bd 0100     		.2byte	0x1
 2007 02bf 56       		.byte	0x56
ARM GAS  C:\Users\Xwx47\AppData\Local\Temp\ccWzslpG.s 			page 39


 2008 02c0 00000000 		.4byte	0
 2009 02c4 00000000 		.4byte	0
 2010              	.LLST20:
 2011 02c8 06000000 		.4byte	.LVL31
 2012 02cc 32000000 		.4byte	.LVL36
 2013 02d0 0200     		.2byte	0x2
 2014 02d2 31       		.byte	0x31
 2015 02d3 9F       		.byte	0x9f
 2016 02d4 32000000 		.4byte	.LVL36
 2017 02d8 34000000 		.4byte	.LVL37
 2018 02dc 0200     		.2byte	0x2
 2019 02de 30       		.byte	0x30
 2020 02df 9F       		.byte	0x9f
 2021 02e0 34000000 		.4byte	.LVL37
 2022 02e4 45000000 		.4byte	.LVL38-1
 2023 02e8 0100     		.2byte	0x1
 2024 02ea 53       		.byte	0x53
 2025 02eb 50000000 		.4byte	.LVL39
 2026 02ef 52000000 		.4byte	.LVL40
 2027 02f3 0200     		.2byte	0x2
 2028 02f5 30       		.byte	0x30
 2029 02f6 9F       		.byte	0x9f
 2030 02f7 52000000 		.4byte	.LVL40
 2031 02fb 63000000 		.4byte	.LVL41-1
 2032 02ff 0100     		.2byte	0x1
 2033 0301 53       		.byte	0x53
 2034 0302 00000000 		.4byte	0
 2035 0306 00000000 		.4byte	0
 2036              		.section	.debug_aranges,"",%progbits
 2037 0000 6C000000 		.4byte	0x6c
 2038 0004 0200     		.2byte	0x2
 2039 0006 00000000 		.4byte	.Ldebug_info0
 2040 000a 04       		.byte	0x4
 2041 000b 00       		.byte	0
 2042 000c 0000     		.2byte	0
 2043 000e 0000     		.2byte	0
 2044 0010 00000000 		.4byte	.LFB0
 2045 0014 2C000000 		.4byte	.LFE0-.LFB0
 2046 0018 00000000 		.4byte	.LFB1
 2047 001c 20000000 		.4byte	.LFE1-.LFB1
 2048 0020 00000000 		.4byte	.LFB2
 2049 0024 2C000000 		.4byte	.LFE2-.LFB2
 2050 0028 00000000 		.4byte	.LFB3
 2051 002c 08000000 		.4byte	.LFE3-.LFB3
 2052 0030 00000000 		.4byte	.LFB4
 2053 0034 20000000 		.4byte	.LFE4-.LFB4
 2054 0038 00000000 		.4byte	.LFB5
 2055 003c 04000000 		.4byte	.LFE5-.LFB5
 2056 0040 00000000 		.4byte	.LFB6
 2057 0044 14000000 		.4byte	.LFE6-.LFB6
 2058 0048 00000000 		.4byte	.LFB7
 2059 004c 08000000 		.4byte	.LFE7-.LFB7
 2060 0050 00000000 		.4byte	.LFB8
 2061 0054 9C000000 		.4byte	.LFE8-.LFB8
 2062 0058 00000000 		.4byte	.LFB9
 2063 005c 02000000 		.4byte	.LFE9-.LFB9
 2064 0060 00000000 		.4byte	.LFB10
ARM GAS  C:\Users\Xwx47\AppData\Local\Temp\ccWzslpG.s 			page 40


 2065 0064 10000000 		.4byte	.LFE10-.LFB10
 2066 0068 00000000 		.4byte	0
 2067 006c 00000000 		.4byte	0
 2068              		.section	.debug_ranges,"",%progbits
 2069              	.Ldebug_ranges0:
 2070 0000 00000000 		.4byte	.LFB0
 2071 0004 2C000000 		.4byte	.LFE0
 2072 0008 00000000 		.4byte	.LFB1
 2073 000c 20000000 		.4byte	.LFE1
 2074 0010 00000000 		.4byte	.LFB2
 2075 0014 2C000000 		.4byte	.LFE2
 2076 0018 00000000 		.4byte	.LFB3
 2077 001c 08000000 		.4byte	.LFE3
 2078 0020 00000000 		.4byte	.LFB4
 2079 0024 20000000 		.4byte	.LFE4
 2080 0028 00000000 		.4byte	.LFB5
 2081 002c 04000000 		.4byte	.LFE5
 2082 0030 00000000 		.4byte	.LFB6
 2083 0034 14000000 		.4byte	.LFE6
 2084 0038 00000000 		.4byte	.LFB7
 2085 003c 08000000 		.4byte	.LFE7
 2086 0040 00000000 		.4byte	.LFB8
 2087 0044 9C000000 		.4byte	.LFE8
 2088 0048 00000000 		.4byte	.LFB9
 2089 004c 02000000 		.4byte	.LFE9
 2090 0050 00000000 		.4byte	.LFB10
 2091 0054 10000000 		.4byte	.LFE10
 2092 0058 00000000 		.4byte	0
 2093 005c 00000000 		.4byte	0
 2094              		.section	.debug_line,"",%progbits
 2095              	.Ldebug_line0:
 2096 0000 EF020000 		.section	.debug_str,"MS",%progbits,1
 2096      0200E701 
 2096      00000201 
 2096      FB0E0D00 
 2096      01010101 
 2097              	.LASF52:
 2098 0000 7574696C 		.ascii	"util_strcat\000"
 2098      5F737472 
 2098      63617400 
 2099              	.LASF45:
 2100 000c 524D4143 		.ascii	"RMAC_MSG_TYPE_INIT\000"
 2100      5F4D5347 
 2100      5F545950 
 2100      455F494E 
 2100      495400
 2101              	.LASF8:
 2102 001f 4E52465F 		.ascii	"NRF_OBSERVE_TX_REG\000"
 2102      4F425345 
 2102      5256455F 
 2102      54585F52 
 2102      454700
 2103              	.LASF37:
 2104 0032 73697A65 		.ascii	"size_t\000"
 2104      5F7400
 2105              	.LASF43:
 2106 0039 72787478 		.ascii	"rxtx\000"
ARM GAS  C:\Users\Xwx47\AppData\Local\Temp\ccWzslpG.s 			page 41


 2106      00
 2107              	.LASF51:
 2108 003e 64737453 		.ascii	"dstSize\000"
 2108      697A6500 
 2109              	.LASF18:
 2110 0046 4E52465F 		.ascii	"NRF_RX_PW_P1_REG\000"
 2110      52585F50 
 2110      575F5031 
 2110      5F524547 
 2110      00
 2111              	.LASF35:
 2112 0057 5F5F7569 		.ascii	"__uint8_t\000"
 2112      6E74385F 
 2112      7400
 2113              	.LASF12:
 2114 0061 4E52465F 		.ascii	"NRF_RX_ADDR_P2_REG\000"
 2114      52585F41 
 2114      4444525F 
 2114      50325F52 
 2114      454700
 2115              	.LASF73:
 2116 0074 524D4143 		.ascii	"RMAC_ExpectedAckSeqNr\000"
 2116      5F457870 
 2116      65637465 
 2116      6441636B 
 2116      5365714E 
 2117              	.LASF68:
 2118 008a 74797065 		.ascii	"type\000"
 2118      00
 2119              	.LASF77:
 2120 008f 474E5520 		.ascii	"GNU C11 5.4.1 20160609 (release) [ARM/embedded-5-br"
 2120      43313120 
 2120      352E342E 
 2120      31203230 
 2120      31363036 
 2121 00c2 616E6368 		.ascii	"anch revision 237715] -mcpu=cortex-m0 -mthumb -g -O"
 2121      20726576 
 2121      6973696F 
 2121      6E203233 
 2121      37373135 
 2122 00f5 67202D66 		.ascii	"g -ffunction-sections -ffat-lto-objects\000"
 2122      66756E63 
 2122      74696F6E 
 2122      2D736563 
 2122      74696F6E 
 2123              	.LASF49:
 2124 011d 524D4143 		.ascii	"RMAC_MSG_TYPE_REQ_ACK\000"
 2124      5F4D5347 
 2124      5F545950 
 2124      455F5245 
 2124      515F4143 
 2125              	.LASF33:
 2126 0133 6C6F6E67 		.ascii	"long long unsigned int\000"
 2126      206C6F6E 
 2126      6720756E 
 2126      7369676E 
 2126      65642069 
ARM GAS  C:\Users\Xwx47\AppData\Local\Temp\ccWzslpG.s 			page 42


 2127              	.LASF53:
 2128 014a 7574696C 		.ascii	"util_chcat\000"
 2128      5F636863 
 2128      617400
 2129              	.LASF32:
 2130 0155 6C6F6E67 		.ascii	"long long int\000"
 2130      206C6F6E 
 2130      6720696E 
 2130      7400
 2131              	.LASF27:
 2132 0163 7369676E 		.ascii	"signed char\000"
 2132      65642063 
 2132      68617200 
 2133              	.LASF2:
 2134 016f 4E52465F 		.ascii	"NRF_EN_RXADDR_REG\000"
 2134      454E5F52 
 2134      58414444 
 2134      525F5245 
 2134      4700
 2135              	.LASF30:
 2136 0181 6C6F6E67 		.ascii	"long int\000"
 2136      20696E74 
 2136      00
 2137              	.LASF74:
 2138 018a 52504859 		.ascii	"RPHY_PutPayload\000"
 2138      5F507574 
 2138      5061796C 
 2138      6F616400 
 2139              	.LASF23:
 2140 019a 4E52465F 		.ascii	"NRF_FIFO_STATUS_REG\000"
 2140      4649464F 
 2140      5F535441 
 2140      5455535F 
 2140      52454700 
 2141              	.LASF78:
 2142 01ae 2E2E5C52 		.ascii	"..\\RNET\\RMAC.c\000"
 2142      4E45545C 
 2142      524D4143 
 2142      2E6300
 2143              	.LASF20:
 2144 01bd 4E52465F 		.ascii	"NRF_RX_PW_P3_REG\000"
 2144      52585F50 
 2144      575F5033 
 2144      5F524547 
 2144      00
 2145              	.LASF62:
 2146 01ce 524D4143 		.ascii	"RMAC_GetType\000"
 2146      5F476574 
 2146      54797065 
 2146      00
 2147              	.LASF14:
 2148 01db 4E52465F 		.ascii	"NRF_RX_ADDR_P4_REG\000"
 2148      52585F41 
 2148      4444525F 
 2148      50345F52 
 2148      454700
 2149              	.LASF24:
ARM GAS  C:\Users\Xwx47\AppData\Local\Temp\ccWzslpG.s 			page 43


 2150 01ee 4E52465F 		.ascii	"NRF_DYNPD_REG\000"
 2150      44594E50 
 2150      445F5245 
 2150      4700
 2151              	.LASF1:
 2152 01fc 4E52465F 		.ascii	"NRF_EN_AA_REG\000"
 2152      454E5F41 
 2152      415F5245 
 2152      4700
 2153              	.LASF46:
 2154 020a 524D4143 		.ascii	"RMAC_MSG_TYPE_DATA\000"
 2154      5F4D5347 
 2154      5F545950 
 2154      455F4441 
 2154      544100
 2155              	.LASF5:
 2156 021d 4E52465F 		.ascii	"NRF_RF_CH_REG\000"
 2156      52465F43 
 2156      485F5245 
 2156      4700
 2157              	.LASF16:
 2158 022b 4E52465F 		.ascii	"NRF_TX_ADDR_REG\000"
 2158      54585F41 
 2158      4444525F 
 2158      52454700 
 2159              	.LASF70:
 2160 023b 524D4143 		.ascii	"RMAC_Deinit\000"
 2160      5F446569 
 2160      6E697400 
 2161              	.LASF76:
 2162 0247 524E574B 		.ascii	"RNWK_SniffPacket\000"
 2162      5F536E69 
 2162      66665061 
 2162      636B6574 
 2162      00
 2163              	.LASF54:
 2164 0258 62756653 		.ascii	"bufSize\000"
 2164      697A6500 
 2165              	.LASF31:
 2166 0260 6C6F6E67 		.ascii	"long unsigned int\000"
 2166      20756E73 
 2166      69676E65 
 2166      6420696E 
 2166      7400
 2167              	.LASF72:
 2168 0272 524D4143 		.ascii	"RMAC_SeqNr\000"
 2168      5F536571 
 2168      4E7200
 2169              	.LASF29:
 2170 027d 73686F72 		.ascii	"short unsigned int\000"
 2170      7420756E 
 2170      7369676E 
 2170      65642069 
 2170      6E7400
 2171              	.LASF59:
 2172 0290 524D4143 		.ascii	"RMAC_SendACK\000"
 2172      5F53656E 
ARM GAS  C:\Users\Xwx47\AppData\Local\Temp\ccWzslpG.s 			page 44


 2172      6441434B 
 2172      00
 2173              	.LASF0:
 2174 029d 4E52465F 		.ascii	"NRF_CONFIG_REG\000"
 2174      434F4E46 
 2174      49475F52 
 2174      454700
 2175              	.LASF65:
 2176 02ac 69735478 		.ascii	"isTx\000"
 2176      00
 2177              	.LASF17:
 2178 02b1 4E52465F 		.ascii	"NRF_RX_PW_P0_REG\000"
 2178      52585F50 
 2178      575F5030 
 2178      5F524547 
 2178      00
 2179              	.LASF41:
 2180 02c2 70687953 		.ascii	"phySize\000"
 2180      697A6500 
 2181              	.LASF11:
 2182 02ca 4E52465F 		.ascii	"NRF_RX_ADDR_P1_REG\000"
 2182      52585F41 
 2182      4444525F 
 2182      50315F52 
 2182      454700
 2183              	.LASF63:
 2184 02dd 524D4143 		.ascii	"RMAC_IsExpectedACK\000"
 2184      5F497345 
 2184      78706563 
 2184      74656441 
 2184      434B00
 2185              	.LASF4:
 2186 02f0 4E52465F 		.ascii	"NRF_SETUP_RETR_REG\000"
 2186      53455455 
 2186      505F5245 
 2186      54525F52 
 2186      454700
 2187              	.LASF55:
 2188 0303 7061796C 		.ascii	"payloadSize\000"
 2188      6F616453 
 2188      697A6500 
 2189              	.LASF6:
 2190 030f 4E52465F 		.ascii	"NRF_RF_SETUP_REG\000"
 2190      52465F53 
 2190      45545550 
 2190      5F524547 
 2190      00
 2191              	.LASF44:
 2192 0320 52504859 		.ascii	"RPHY_PacketDesc\000"
 2192      5F506163 
 2192      6B657444 
 2192      65736300 
 2193              	.LASF38:
 2194 0330 6C6F6E67 		.ascii	"long double\000"
 2194      20646F75 
 2194      626C6500 
 2195              	.LASF66:
ARM GAS  C:\Users\Xwx47\AppData\Local\Temp\ccWzslpG.s 			page 45


 2196 033c 524D4143 		.ascii	"RMAC_SniffPacket\000"
 2196      5F536E69 
 2196      66665061 
 2196      636B6574 
 2196      00
 2197              	.LASF50:
 2198 034d 524D4143 		.ascii	"RMAC_MsgType\000"
 2198      5F4D7367 
 2198      54797065 
 2198      00
 2199              	.LASF48:
 2200 035a 524D4143 		.ascii	"RMAC_MSG_TYPE_CMD\000"
 2200      5F4D5347 
 2200      5F545950 
 2200      455F434D 
 2200      4400
 2201              	.LASF25:
 2202 036c 4E52465F 		.ascii	"NRF_FEATURE_REG\000"
 2202      46454154 
 2202      5552455F 
 2202      52454700 
 2203              	.LASF22:
 2204 037c 4E52465F 		.ascii	"NRF_RX_PW_P5_REG\000"
 2204      52585F50 
 2204      575F5035 
 2204      5F524547 
 2204      00
 2205              	.LASF58:
 2206 038d 7061636B 		.ascii	"packet\000"
 2206      657400
 2207              	.LASF47:
 2208 0394 524D4143 		.ascii	"RMAC_MSG_TYPE_ACK\000"
 2208      5F4D5347 
 2208      5F545950 
 2208      455F4143 
 2208      4B00
 2209              	.LASF64:
 2210 03a6 5F426F6F 		.ascii	"_Bool\000"
 2210      6C00
 2211              	.LASF26:
 2212 03ac 756E7369 		.ascii	"unsigned char\000"
 2212      676E6564 
 2212      20636861 
 2212      7200
 2213              	.LASF28:
 2214 03ba 73686F72 		.ascii	"short int\000"
 2214      7420696E 
 2214      7400
 2215              	.LASF19:
 2216 03c4 4E52465F 		.ascii	"NRF_RX_PW_P2_REG\000"
 2216      52585F50 
 2216      575F5032 
 2216      5F524547 
 2216      00
 2217              	.LASF13:
 2218 03d5 4E52465F 		.ascii	"NRF_RX_ADDR_P3_REG\000"
 2218      52585F41 
ARM GAS  C:\Users\Xwx47\AppData\Local\Temp\ccWzslpG.s 			page 46


 2218      4444525F 
 2218      50335F52 
 2218      454700
 2219              	.LASF67:
 2220 03e8 524D4143 		.ascii	"RMAC_DecodeType\000"
 2220      5F446563 
 2220      6F646554 
 2220      79706500 
 2221              	.LASF9:
 2222 03f8 4E52465F 		.ascii	"NRF_RPD_REG\000"
 2222      5250445F 
 2222      52454700 
 2223              	.LASF79:
 2224 0404 433A5C55 		.ascii	"C:\\Users\\Xwx47\\Documents\\Creator\\RNET\\v01.cyd"
 2224      73657273 
 2224      5C587778 
 2224      34375C44 
 2224      6F63756D 
 2225 0431 736E00   		.ascii	"sn\000"
 2226              	.LASF42:
 2227 0434 70687944 		.ascii	"phyData\000"
 2227      61746100 
 2228              	.LASF69:
 2229 043c 66697273 		.ascii	"first\000"
 2229      7400
 2230              	.LASF3:
 2231 0442 4E52465F 		.ascii	"NRF_SETUP_AW_REG\000"
 2231      53455455 
 2231      505F4157 
 2231      5F524547 
 2231      00
 2232              	.LASF34:
 2233 0453 756E7369 		.ascii	"unsigned int\000"
 2233      676E6564 
 2233      20696E74 
 2233      00
 2234              	.LASF10:
 2235 0460 4E52465F 		.ascii	"NRF_RX_ADDR_P0_REG\000"
 2235      52585F41 
 2235      4444525F 
 2235      50305F52 
 2235      454700
 2236              	.LASF56:
 2237 0473 524D4143 		.ascii	"RMAC_PutPayload\000"
 2237      5F507574 
 2237      5061796C 
 2237      6F616400 
 2238              	.LASF39:
 2239 0483 52504859 		.ascii	"RPHY_FlagsType\000"
 2239      5F466C61 
 2239      67735479 
 2239      706500
 2240              	.LASF71:
 2241 0492 524D4143 		.ascii	"RMAC_Init\000"
 2241      5F496E69 
 2241      7400
 2242              	.LASF57:
ARM GAS  C:\Users\Xwx47\AppData\Local\Temp\ccWzslpG.s 			page 47


 2243 049c 524D4143 		.ascii	"RMAC_OnPacketRx\000"
 2243      5F4F6E50 
 2243      61636B65 
 2243      74527800 
 2244              	.LASF36:
 2245 04ac 75696E74 		.ascii	"uint8_t\000"
 2245      385F7400 
 2246              	.LASF40:
 2247 04b4 666C6167 		.ascii	"flags\000"
 2247      7300
 2248              	.LASF75:
 2249 04ba 524E574B 		.ascii	"RNWK_OnPacketRx\000"
 2249      5F4F6E50 
 2249      61636B65 
 2249      74527800 
 2250              	.LASF21:
 2251 04ca 4E52465F 		.ascii	"NRF_RX_PW_P4_REG\000"
 2251      52585F50 
 2251      575F5034 
 2251      5F524547 
 2251      00
 2252              	.LASF61:
 2253 04db 61636B50 		.ascii	"ackPacket\000"
 2253      61636B65 
 2253      7400
 2254              	.LASF15:
 2255 04e5 4E52465F 		.ascii	"NRF_RX_ADDR_P5_REG\000"
 2255      52585F41 
 2255      4444525F 
 2255      50355F52 
 2255      454700
 2256              	.LASF60:
 2257 04f8 72785061 		.ascii	"rxPacket\000"
 2257      636B6574 
 2257      00
 2258              	.LASF7:
 2259 0501 4E52465F 		.ascii	"NRF_STATUS_REG\000"
 2259      53544154 
 2259      55535F52 
 2259      454700
 2260              		.ident	"GCC: (GNU Tools for ARM Embedded Processors) 5.4.1 20160609 (release) [ARM/embedded-5-bran
