ARM GAS  C:\Users\Xwx47\AppData\Local\Temp\ccVTa3Gg.s 			page 1


   1              		.syntax unified
   2              		.cpu cortex-m0
   3              		.fpu softvfp
   4              		.eabi_attribute 20, 1
   5              		.eabi_attribute 21, 1
   6              		.eabi_attribute 23, 3
   7              		.eabi_attribute 24, 1
   8              		.eabi_attribute 25, 1
   9              		.eabi_attribute 26, 1
  10              		.eabi_attribute 30, 1
  11              		.eabi_attribute 34, 0
  12              		.eabi_attribute 18, 4
  13              		.thumb
  14              		.syntax unified
  15              		.file	"RNET1.c"
  16              		.text
  17              	.Ltext0:
  18              		.cfi_sections	.debug_frame
  19              		.section	.text.RF1_OnInterrupt,"ax",%progbits
  20              		.align	2
  21              		.global	RF1_OnInterrupt
  22              		.code	16
  23              		.thumb_func
  24              		.type	RF1_OnInterrupt, %function
  25              	RF1_OnInterrupt:
  26              	.LFB0:
  27              		.file 1 "..\\RNET\\RNET1.c"
   1:..\RNET/RNET1.c **** #include "RNET1.h"
   2:..\RNET/RNET1.c **** #include "RStack.h"
   3:..\RNET/RNET1.c **** #include "Radio.h"
   4:..\RNET/RNET1.c **** #include "RNWK.h"
   5:..\RNET/RNET1.c **** #include "RMSG.h"
   6:..\RNET/RNET1.c **** #include "RStdIO.h"
   7:..\RNET/RNET1.c **** 
   8:..\RNET/RNET1.c **** 
   9:..\RNET/RNET1.c **** /*
  10:..\RNET/RNET1.c **** ** ===================================================================
  11:..\RNET/RNET1.c **** **     Method      :  RNET1_OnInterrupt (component RNet)
  12:..\RNET/RNET1.c **** **
  13:..\RNET/RNET1.c **** **     Description :
  14:..\RNET/RNET1.c **** **         This method is internal. It is used by Processor Expert only.
  15:..\RNET/RNET1.c **** ** ===================================================================
  16:..\RNET/RNET1.c **** */
  17:..\RNET/RNET1.c **** void RF1_OnInterrupt(void)
  18:..\RNET/RNET1.c **** {
  28              		.loc 1 18 0
  29              		.cfi_startproc
  30              		@ args = 0, pretend = 0, frame = 0
  31              		@ frame_needed = 0, uses_anonymous_args = 0
  32              		@ link register save eliminated.
  19:..\RNET/RNET1.c ****   /* Write your code here ... */
  20:..\RNET/RNET1.c **** }
  33              		.loc 1 20 0
  34              		@ sp needed
  35 0000 7047     		bx	lr
  36              		.cfi_endproc
  37              	.LFE0:
ARM GAS  C:\Users\Xwx47\AppData\Local\Temp\ccVTa3Gg.s 			page 2


  38              		.size	RF1_OnInterrupt, .-RF1_OnInterrupt
  39 0002 C046     		.section	.text.RNET1_Init,"ax",%progbits
  40              		.align	2
  41              		.global	RNET1_Init
  42              		.code	16
  43              		.thumb_func
  44              		.type	RNET1_Init, %function
  45              	RNET1_Init:
  46              	.LFB1:
  21:..\RNET/RNET1.c **** 
  22:..\RNET/RNET1.c **** /*
  23:..\RNET/RNET1.c **** ** ===================================================================
  24:..\RNET/RNET1.c **** **     Method      :  RNET1_Init (component RNet)
  25:..\RNET/RNET1.c **** **     Description :
  26:..\RNET/RNET1.c **** **         Initializes the RNet Stack
  27:..\RNET/RNET1.c **** **     Parameters  : None
  28:..\RNET/RNET1.c **** **     Returns     : Nothing
  29:..\RNET/RNET1.c **** ** ===================================================================
  30:..\RNET/RNET1.c **** */
  31:..\RNET/RNET1.c **** void RNET1_Init(void)
  32:..\RNET/RNET1.c **** {
  47              		.loc 1 32 0
  48              		.cfi_startproc
  49              		@ args = 0, pretend = 0, frame = 0
  50              		@ frame_needed = 0, uses_anonymous_args = 0
  51 0000 10B5     		push	{r4, lr}
  52              		.cfi_def_cfa_offset 8
  53              		.cfi_offset 4, -8
  54              		.cfi_offset 14, -4
  33:..\RNET/RNET1.c ****   RSTACK_Init();
  55              		.loc 1 33 0
  56 0002 FFF7FEFF 		bl	RSTACK_Init
  57              	.LVL0:
  34:..\RNET/RNET1.c **** }
  58              		.loc 1 34 0
  59              		@ sp needed
  60 0006 10BD     		pop	{r4, pc}
  61              		.cfi_endproc
  62              	.LFE1:
  63              		.size	RNET1_Init, .-RNET1_Init
  64              		.section	.text.RNET1_Deinit,"ax",%progbits
  65              		.align	2
  66              		.global	RNET1_Deinit
  67              		.code	16
  68              		.thumb_func
  69              		.type	RNET1_Deinit, %function
  70              	RNET1_Deinit:
  71              	.LFB2:
  35:..\RNET/RNET1.c **** 
  36:..\RNET/RNET1.c **** /*
  37:..\RNET/RNET1.c **** ** ===================================================================
  38:..\RNET/RNET1.c **** **     Method      :  RNET1_Deinit (component RNet)
  39:..\RNET/RNET1.c **** **     Description :
  40:..\RNET/RNET1.c **** **         Deinitializes the RNet Stack
  41:..\RNET/RNET1.c **** **     Parameters  : None
  42:..\RNET/RNET1.c **** **     Returns     : Nothing
  43:..\RNET/RNET1.c **** ** ===================================================================
ARM GAS  C:\Users\Xwx47\AppData\Local\Temp\ccVTa3Gg.s 			page 3


  44:..\RNET/RNET1.c **** */
  45:..\RNET/RNET1.c **** void RNET1_Deinit(void)
  46:..\RNET/RNET1.c **** {
  72              		.loc 1 46 0
  73              		.cfi_startproc
  74              		@ args = 0, pretend = 0, frame = 0
  75              		@ frame_needed = 0, uses_anonymous_args = 0
  76 0000 10B5     		push	{r4, lr}
  77              		.cfi_def_cfa_offset 8
  78              		.cfi_offset 4, -8
  79              		.cfi_offset 14, -4
  47:..\RNET/RNET1.c ****   RSTACK_Deinit();
  80              		.loc 1 47 0
  81 0002 FFF7FEFF 		bl	RSTACK_Deinit
  82              	.LVL1:
  48:..\RNET/RNET1.c **** }
  83              		.loc 1 48 0
  84              		@ sp needed
  85 0006 10BD     		pop	{r4, pc}
  86              		.cfi_endproc
  87              	.LFE2:
  88              		.size	RNET1_Deinit, .-RNET1_Deinit
  89              		.section	.text.RNET1_Process,"ax",%progbits
  90              		.align	2
  91              		.global	RNET1_Process
  92              		.code	16
  93              		.thumb_func
  94              		.type	RNET1_Process, %function
  95              	RNET1_Process:
  96              	.LFB3:
  49:..\RNET/RNET1.c **** 
  50:..\RNET/RNET1.c **** /*
  51:..\RNET/RNET1.c **** ** ===================================================================
  52:..\RNET/RNET1.c **** **     Method      :  RNET1_Process (component RNet)
  53:..\RNET/RNET1.c **** **     Description :
  54:..\RNET/RNET1.c **** **         Processes the Radio Rx and Tx messages
  55:..\RNET/RNET1.c **** **     Parameters  : None
  56:..\RNET/RNET1.c **** **     Returns     :
  57:..\RNET/RNET1.c **** **         ---             - Error code
  58:..\RNET/RNET1.c **** ** ===================================================================
  59:..\RNET/RNET1.c **** */
  60:..\RNET/RNET1.c **** uint8_t RNET1_Process(void)
  61:..\RNET/RNET1.c **** {
  97              		.loc 1 61 0
  98              		.cfi_startproc
  99              		@ args = 0, pretend = 0, frame = 0
 100              		@ frame_needed = 0, uses_anonymous_args = 0
 101 0000 10B5     		push	{r4, lr}
 102              		.cfi_def_cfa_offset 8
 103              		.cfi_offset 4, -8
 104              		.cfi_offset 14, -4
  62:..\RNET/RNET1.c ****   return RADIO_Process();
 105              		.loc 1 62 0
 106 0002 FFF7FEFF 		bl	RADIO_Process
 107              	.LVL2:
  63:..\RNET/RNET1.c **** }
 108              		.loc 1 63 0
ARM GAS  C:\Users\Xwx47\AppData\Local\Temp\ccVTa3Gg.s 			page 4


 109              		@ sp needed
 110 0006 10BD     		pop	{r4, pc}
 111              		.cfi_endproc
 112              	.LFE3:
 113              		.size	RNET1_Process, .-RNET1_Process
 114              		.section	.text.RNET1_PowerUp,"ax",%progbits
 115              		.align	2
 116              		.global	RNET1_PowerUp
 117              		.code	16
 118              		.thumb_func
 119              		.type	RNET1_PowerUp, %function
 120              	RNET1_PowerUp:
 121              	.LFB4:
  64:..\RNET/RNET1.c **** 
  65:..\RNET/RNET1.c **** /*
  66:..\RNET/RNET1.c **** ** ===================================================================
  67:..\RNET/RNET1.c **** **     Method      :  RNET1_PowerUp (component RNet)
  68:..\RNET/RNET1.c **** **     Description :
  69:..\RNET/RNET1.c **** **         Initializes and powers the radio up.
  70:..\RNET/RNET1.c **** **     Parameters  : None
  71:..\RNET/RNET1.c **** **     Returns     :
  72:..\RNET/RNET1.c **** **         ---             - Error code
  73:..\RNET/RNET1.c **** ** ===================================================================
  74:..\RNET/RNET1.c **** */
  75:..\RNET/RNET1.c **** uint8_t RNET1_PowerUp(void)
  76:..\RNET/RNET1.c **** {
 122              		.loc 1 76 0
 123              		.cfi_startproc
 124              		@ args = 0, pretend = 0, frame = 0
 125              		@ frame_needed = 0, uses_anonymous_args = 0
 126 0000 10B5     		push	{r4, lr}
 127              		.cfi_def_cfa_offset 8
 128              		.cfi_offset 4, -8
 129              		.cfi_offset 14, -4
  77:..\RNET/RNET1.c ****   return RADIO_PowerUp();
 130              		.loc 1 77 0
 131 0002 FFF7FEFF 		bl	RADIO_PowerUp
 132              	.LVL3:
  78:..\RNET/RNET1.c **** }
 133              		.loc 1 78 0
 134              		@ sp needed
 135 0006 10BD     		pop	{r4, pc}
 136              		.cfi_endproc
 137              	.LFE4:
 138              		.size	RNET1_PowerUp, .-RNET1_PowerUp
 139              		.section	.text.RNET1_SetChannel,"ax",%progbits
 140              		.align	2
 141              		.global	RNET1_SetChannel
 142              		.code	16
 143              		.thumb_func
 144              		.type	RNET1_SetChannel, %function
 145              	RNET1_SetChannel:
 146              	.LFB5:
  79:..\RNET/RNET1.c **** 
  80:..\RNET/RNET1.c **** /*
  81:..\RNET/RNET1.c **** ** ===================================================================
  82:..\RNET/RNET1.c **** **     Method      :  RNET1_SetChannel (component RNet)
ARM GAS  C:\Users\Xwx47\AppData\Local\Temp\ccVTa3Gg.s 			page 5


  83:..\RNET/RNET1.c **** **     Description :
  84:..\RNET/RNET1.c **** **         Sets the radio channel
  85:..\RNET/RNET1.c **** **     Parameters  :
  86:..\RNET/RNET1.c **** **         NAME            - DESCRIPTION
  87:..\RNET/RNET1.c **** **         channel         - Channel number
  88:..\RNET/RNET1.c **** **     Returns     :
  89:..\RNET/RNET1.c **** **         ---             - Error code
  90:..\RNET/RNET1.c **** ** ===================================================================
  91:..\RNET/RNET1.c **** */
  92:..\RNET/RNET1.c **** uint8_t RNET1_SetChannel(uint8_t channel)
  93:..\RNET/RNET1.c **** {
 147              		.loc 1 93 0
 148              		.cfi_startproc
 149              		@ args = 0, pretend = 0, frame = 0
 150              		@ frame_needed = 0, uses_anonymous_args = 0
 151              	.LVL4:
 152 0000 10B5     		push	{r4, lr}
 153              		.cfi_def_cfa_offset 8
 154              		.cfi_offset 4, -8
 155              		.cfi_offset 14, -4
  94:..\RNET/RNET1.c ****   return RADIO_SetChannel(channel);
 156              		.loc 1 94 0
 157 0002 FFF7FEFF 		bl	RADIO_SetChannel
 158              	.LVL5:
  95:..\RNET/RNET1.c **** }
 159              		.loc 1 95 0
 160              		@ sp needed
 161 0006 10BD     		pop	{r4, pc}
 162              		.cfi_endproc
 163              	.LFE5:
 164              		.size	RNET1_SetChannel, .-RNET1_SetChannel
 165              		.text
 166              	.Letext0:
 167              		.file 2 "c:\\program files (x86)\\cypress\\psoc creator\\4.1\\psoc creator\\import\\gnu\\arm\\5.4.
 168              		.file 3 "c:\\program files (x86)\\cypress\\psoc creator\\4.1\\psoc creator\\import\\gnu\\arm\\5.4.
 169              		.file 4 "..\\RNET\\RStack.h"
 170              		.file 5 "..\\RNET\\Radio.h"
 171              		.section	.debug_info,"",%progbits
 172              	.Ldebug_info0:
 173 0000 83010000 		.4byte	0x183
 174 0004 0400     		.2byte	0x4
 175 0006 00000000 		.4byte	.Ldebug_abbrev0
 176 000a 04       		.byte	0x4
 177 000b 01       		.uleb128 0x1
 178 000c CA000000 		.4byte	.LASF22
 179 0010 0C       		.byte	0xc
 180 0011 77010000 		.4byte	.LASF23
 181 0015 CE010000 		.4byte	.LASF24
 182 0019 00000000 		.4byte	.Ldebug_ranges0+0
 183 001d 00000000 		.4byte	0
 184 0021 00000000 		.4byte	.Ldebug_line0
 185 0025 02       		.uleb128 0x2
 186 0026 01       		.byte	0x1
 187 0027 06       		.byte	0x6
 188 0028 6B010000 		.4byte	.LASF0
 189 002c 03       		.uleb128 0x3
 190 002d 60000000 		.4byte	.LASF9
ARM GAS  C:\Users\Xwx47\AppData\Local\Temp\ccVTa3Gg.s 			page 6


 191 0031 02       		.byte	0x2
 192 0032 1D       		.byte	0x1d
 193 0033 37000000 		.4byte	0x37
 194 0037 02       		.uleb128 0x2
 195 0038 01       		.byte	0x1
 196 0039 08       		.byte	0x8
 197 003a 7F000000 		.4byte	.LASF1
 198 003e 02       		.uleb128 0x2
 199 003f 02       		.byte	0x2
 200 0040 05       		.byte	0x5
 201 0041 A4000000 		.4byte	.LASF2
 202 0045 02       		.uleb128 0x2
 203 0046 02       		.byte	0x2
 204 0047 07       		.byte	0x7
 205 0048 58010000 		.4byte	.LASF3
 206 004c 02       		.uleb128 0x2
 207 004d 04       		.byte	0x4
 208 004e 05       		.byte	0x5
 209 004f 8D000000 		.4byte	.LASF4
 210 0053 02       		.uleb128 0x2
 211 0054 04       		.byte	0x4
 212 0055 07       		.byte	0x7
 213 0056 37000000 		.4byte	.LASF5
 214 005a 02       		.uleb128 0x2
 215 005b 08       		.byte	0x8
 216 005c 05       		.byte	0x5
 217 005d 00000000 		.4byte	.LASF6
 218 0061 02       		.uleb128 0x2
 219 0062 08       		.byte	0x8
 220 0063 07       		.byte	0x7
 221 0064 49000000 		.4byte	.LASF7
 222 0068 04       		.uleb128 0x4
 223 0069 04       		.byte	0x4
 224 006a 05       		.byte	0x5
 225 006b 696E7400 		.ascii	"int\000"
 226 006f 02       		.uleb128 0x2
 227 0070 04       		.byte	0x4
 228 0071 07       		.byte	0x7
 229 0072 1C000000 		.4byte	.LASF8
 230 0076 03       		.uleb128 0x3
 231 0077 77000000 		.4byte	.LASF10
 232 007b 03       		.byte	0x3
 233 007c 18       		.byte	0x18
 234 007d 2C000000 		.4byte	0x2c
 235 0081 02       		.uleb128 0x2
 236 0082 08       		.byte	0x8
 237 0083 04       		.byte	0x4
 238 0084 98010000 		.4byte	.LASF11
 239 0088 05       		.uleb128 0x5
 240 0089 BA000000 		.4byte	.LASF25
 241 008d 01       		.byte	0x1
 242 008e 11       		.byte	0x11
 243 008f 00000000 		.4byte	.LFB0
 244 0093 02000000 		.4byte	.LFE0-.LFB0
 245 0097 01       		.uleb128 0x1
 246 0098 9C       		.byte	0x9c
 247 0099 06       		.uleb128 0x6
ARM GAS  C:\Users\Xwx47\AppData\Local\Temp\ccVTa3Gg.s 			page 7


 248 009a C3010000 		.4byte	.LASF12
 249 009e 01       		.byte	0x1
 250 009f 1F       		.byte	0x1f
 251 00a0 00000000 		.4byte	.LFB1
 252 00a4 08000000 		.4byte	.LFE1-.LFB1
 253 00a8 01       		.uleb128 0x1
 254 00a9 9C       		.byte	0x9c
 255 00aa B8000000 		.4byte	0xb8
 256 00ae 07       		.uleb128 0x7
 257 00af 06000000 		.4byte	.LVL0
 258 00b3 4F010000 		.4byte	0x14f
 259 00b7 00       		.byte	0
 260 00b8 06       		.uleb128 0x6
 261 00b9 6A000000 		.4byte	.LASF13
 262 00bd 01       		.byte	0x1
 263 00be 2D       		.byte	0x2d
 264 00bf 00000000 		.4byte	.LFB2
 265 00c3 08000000 		.4byte	.LFE2-.LFB2
 266 00c7 01       		.uleb128 0x1
 267 00c8 9C       		.byte	0x9c
 268 00c9 D7000000 		.4byte	0xd7
 269 00cd 07       		.uleb128 0x7
 270 00ce 06000000 		.4byte	.LVL1
 271 00d2 5A010000 		.4byte	0x15a
 272 00d6 00       		.byte	0
 273 00d7 08       		.uleb128 0x8
 274 00d8 96000000 		.4byte	.LASF14
 275 00dc 01       		.byte	0x1
 276 00dd 3C       		.byte	0x3c
 277 00de 76000000 		.4byte	0x76
 278 00e2 00000000 		.4byte	.LFB3
 279 00e6 08000000 		.4byte	.LFE3-.LFB3
 280 00ea 01       		.uleb128 0x1
 281 00eb 9C       		.byte	0x9c
 282 00ec FA000000 		.4byte	0xfa
 283 00f0 07       		.uleb128 0x7
 284 00f1 06000000 		.4byte	.LVL2
 285 00f5 65010000 		.4byte	0x165
 286 00f9 00       		.byte	0
 287 00fa 08       		.uleb128 0x8
 288 00fb 29000000 		.4byte	.LASF15
 289 00ff 01       		.byte	0x1
 290 0100 4B       		.byte	0x4b
 291 0101 76000000 		.4byte	0x76
 292 0105 00000000 		.4byte	.LFB4
 293 0109 08000000 		.4byte	.LFE4-.LFB4
 294 010d 01       		.uleb128 0x1
 295 010e 9C       		.byte	0x9c
 296 010f 1D010000 		.4byte	0x11d
 297 0113 07       		.uleb128 0x7
 298 0114 06000000 		.4byte	.LVL3
 299 0118 70010000 		.4byte	0x170
 300 011c 00       		.byte	0
 301 011d 08       		.uleb128 0x8
 302 011e A4010000 		.4byte	.LASF16
 303 0122 01       		.byte	0x1
 304 0123 5C       		.byte	0x5c
ARM GAS  C:\Users\Xwx47\AppData\Local\Temp\ccVTa3Gg.s 			page 8


 305 0124 76000000 		.4byte	0x76
 306 0128 00000000 		.4byte	.LFB5
 307 012c 08000000 		.4byte	.LFE5-.LFB5
 308 0130 01       		.uleb128 0x1
 309 0131 9C       		.byte	0x9c
 310 0132 4F010000 		.4byte	0x14f
 311 0136 09       		.uleb128 0x9
 312 0137 0C020000 		.4byte	.LASF26
 313 013b 01       		.byte	0x1
 314 013c 5C       		.byte	0x5c
 315 013d 76000000 		.4byte	0x76
 316 0141 00000000 		.4byte	.LLST0
 317 0145 07       		.uleb128 0x7
 318 0146 06000000 		.4byte	.LVL5
 319 014a 7B010000 		.4byte	0x17b
 320 014e 00       		.byte	0
 321 014f 0A       		.uleb128 0xa
 322 0150 AE000000 		.4byte	.LASF17
 323 0154 AE000000 		.4byte	.LASF17
 324 0158 04       		.byte	0x4
 325 0159 0E       		.byte	0xe
 326 015a 0A       		.uleb128 0xa
 327 015b 0E000000 		.4byte	.LASF18
 328 015f 0E000000 		.4byte	.LASF18
 329 0163 04       		.byte	0x4
 330 0164 11       		.byte	0x11
 331 0165 0A       		.uleb128 0xa
 332 0166 B5010000 		.4byte	.LASF19
 333 016a B5010000 		.4byte	.LASF19
 334 016e 05       		.byte	0x5
 335 016f 2F       		.byte	0x2f
 336 0170 0A       		.uleb128 0xa
 337 0171 FE010000 		.4byte	.LASF20
 338 0175 FE010000 		.4byte	.LASF20
 339 0179 05       		.byte	0x5
 340 017a 1D       		.byte	0x1d
 341 017b 0A       		.uleb128 0xa
 342 017c 87010000 		.4byte	.LASF21
 343 0180 87010000 		.4byte	.LASF21
 344 0184 05       		.byte	0x5
 345 0185 17       		.byte	0x17
 346 0186 00       		.byte	0
 347              		.section	.debug_abbrev,"",%progbits
 348              	.Ldebug_abbrev0:
 349 0000 01       		.uleb128 0x1
 350 0001 11       		.uleb128 0x11
 351 0002 01       		.byte	0x1
 352 0003 25       		.uleb128 0x25
 353 0004 0E       		.uleb128 0xe
 354 0005 13       		.uleb128 0x13
 355 0006 0B       		.uleb128 0xb
 356 0007 03       		.uleb128 0x3
 357 0008 0E       		.uleb128 0xe
 358 0009 1B       		.uleb128 0x1b
 359 000a 0E       		.uleb128 0xe
 360 000b 55       		.uleb128 0x55
 361 000c 17       		.uleb128 0x17
ARM GAS  C:\Users\Xwx47\AppData\Local\Temp\ccVTa3Gg.s 			page 9


 362 000d 11       		.uleb128 0x11
 363 000e 01       		.uleb128 0x1
 364 000f 10       		.uleb128 0x10
 365 0010 17       		.uleb128 0x17
 366 0011 00       		.byte	0
 367 0012 00       		.byte	0
 368 0013 02       		.uleb128 0x2
 369 0014 24       		.uleb128 0x24
 370 0015 00       		.byte	0
 371 0016 0B       		.uleb128 0xb
 372 0017 0B       		.uleb128 0xb
 373 0018 3E       		.uleb128 0x3e
 374 0019 0B       		.uleb128 0xb
 375 001a 03       		.uleb128 0x3
 376 001b 0E       		.uleb128 0xe
 377 001c 00       		.byte	0
 378 001d 00       		.byte	0
 379 001e 03       		.uleb128 0x3
 380 001f 16       		.uleb128 0x16
 381 0020 00       		.byte	0
 382 0021 03       		.uleb128 0x3
 383 0022 0E       		.uleb128 0xe
 384 0023 3A       		.uleb128 0x3a
 385 0024 0B       		.uleb128 0xb
 386 0025 3B       		.uleb128 0x3b
 387 0026 0B       		.uleb128 0xb
 388 0027 49       		.uleb128 0x49
 389 0028 13       		.uleb128 0x13
 390 0029 00       		.byte	0
 391 002a 00       		.byte	0
 392 002b 04       		.uleb128 0x4
 393 002c 24       		.uleb128 0x24
 394 002d 00       		.byte	0
 395 002e 0B       		.uleb128 0xb
 396 002f 0B       		.uleb128 0xb
 397 0030 3E       		.uleb128 0x3e
 398 0031 0B       		.uleb128 0xb
 399 0032 03       		.uleb128 0x3
 400 0033 08       		.uleb128 0x8
 401 0034 00       		.byte	0
 402 0035 00       		.byte	0
 403 0036 05       		.uleb128 0x5
 404 0037 2E       		.uleb128 0x2e
 405 0038 00       		.byte	0
 406 0039 3F       		.uleb128 0x3f
 407 003a 19       		.uleb128 0x19
 408 003b 03       		.uleb128 0x3
 409 003c 0E       		.uleb128 0xe
 410 003d 3A       		.uleb128 0x3a
 411 003e 0B       		.uleb128 0xb
 412 003f 3B       		.uleb128 0x3b
 413 0040 0B       		.uleb128 0xb
 414 0041 27       		.uleb128 0x27
 415 0042 19       		.uleb128 0x19
 416 0043 11       		.uleb128 0x11
 417 0044 01       		.uleb128 0x1
 418 0045 12       		.uleb128 0x12
ARM GAS  C:\Users\Xwx47\AppData\Local\Temp\ccVTa3Gg.s 			page 10


 419 0046 06       		.uleb128 0x6
 420 0047 40       		.uleb128 0x40
 421 0048 18       		.uleb128 0x18
 422 0049 9742     		.uleb128 0x2117
 423 004b 19       		.uleb128 0x19
 424 004c 00       		.byte	0
 425 004d 00       		.byte	0
 426 004e 06       		.uleb128 0x6
 427 004f 2E       		.uleb128 0x2e
 428 0050 01       		.byte	0x1
 429 0051 3F       		.uleb128 0x3f
 430 0052 19       		.uleb128 0x19
 431 0053 03       		.uleb128 0x3
 432 0054 0E       		.uleb128 0xe
 433 0055 3A       		.uleb128 0x3a
 434 0056 0B       		.uleb128 0xb
 435 0057 3B       		.uleb128 0x3b
 436 0058 0B       		.uleb128 0xb
 437 0059 27       		.uleb128 0x27
 438 005a 19       		.uleb128 0x19
 439 005b 11       		.uleb128 0x11
 440 005c 01       		.uleb128 0x1
 441 005d 12       		.uleb128 0x12
 442 005e 06       		.uleb128 0x6
 443 005f 40       		.uleb128 0x40
 444 0060 18       		.uleb128 0x18
 445 0061 9742     		.uleb128 0x2117
 446 0063 19       		.uleb128 0x19
 447 0064 01       		.uleb128 0x1
 448 0065 13       		.uleb128 0x13
 449 0066 00       		.byte	0
 450 0067 00       		.byte	0
 451 0068 07       		.uleb128 0x7
 452 0069 898201   		.uleb128 0x4109
 453 006c 00       		.byte	0
 454 006d 11       		.uleb128 0x11
 455 006e 01       		.uleb128 0x1
 456 006f 31       		.uleb128 0x31
 457 0070 13       		.uleb128 0x13
 458 0071 00       		.byte	0
 459 0072 00       		.byte	0
 460 0073 08       		.uleb128 0x8
 461 0074 2E       		.uleb128 0x2e
 462 0075 01       		.byte	0x1
 463 0076 3F       		.uleb128 0x3f
 464 0077 19       		.uleb128 0x19
 465 0078 03       		.uleb128 0x3
 466 0079 0E       		.uleb128 0xe
 467 007a 3A       		.uleb128 0x3a
 468 007b 0B       		.uleb128 0xb
 469 007c 3B       		.uleb128 0x3b
 470 007d 0B       		.uleb128 0xb
 471 007e 27       		.uleb128 0x27
 472 007f 19       		.uleb128 0x19
 473 0080 49       		.uleb128 0x49
 474 0081 13       		.uleb128 0x13
 475 0082 11       		.uleb128 0x11
ARM GAS  C:\Users\Xwx47\AppData\Local\Temp\ccVTa3Gg.s 			page 11


 476 0083 01       		.uleb128 0x1
 477 0084 12       		.uleb128 0x12
 478 0085 06       		.uleb128 0x6
 479 0086 40       		.uleb128 0x40
 480 0087 18       		.uleb128 0x18
 481 0088 9742     		.uleb128 0x2117
 482 008a 19       		.uleb128 0x19
 483 008b 01       		.uleb128 0x1
 484 008c 13       		.uleb128 0x13
 485 008d 00       		.byte	0
 486 008e 00       		.byte	0
 487 008f 09       		.uleb128 0x9
 488 0090 05       		.uleb128 0x5
 489 0091 00       		.byte	0
 490 0092 03       		.uleb128 0x3
 491 0093 0E       		.uleb128 0xe
 492 0094 3A       		.uleb128 0x3a
 493 0095 0B       		.uleb128 0xb
 494 0096 3B       		.uleb128 0x3b
 495 0097 0B       		.uleb128 0xb
 496 0098 49       		.uleb128 0x49
 497 0099 13       		.uleb128 0x13
 498 009a 02       		.uleb128 0x2
 499 009b 17       		.uleb128 0x17
 500 009c 00       		.byte	0
 501 009d 00       		.byte	0
 502 009e 0A       		.uleb128 0xa
 503 009f 2E       		.uleb128 0x2e
 504 00a0 00       		.byte	0
 505 00a1 3F       		.uleb128 0x3f
 506 00a2 19       		.uleb128 0x19
 507 00a3 3C       		.uleb128 0x3c
 508 00a4 19       		.uleb128 0x19
 509 00a5 6E       		.uleb128 0x6e
 510 00a6 0E       		.uleb128 0xe
 511 00a7 03       		.uleb128 0x3
 512 00a8 0E       		.uleb128 0xe
 513 00a9 3A       		.uleb128 0x3a
 514 00aa 0B       		.uleb128 0xb
 515 00ab 3B       		.uleb128 0x3b
 516 00ac 0B       		.uleb128 0xb
 517 00ad 00       		.byte	0
 518 00ae 00       		.byte	0
 519 00af 00       		.byte	0
 520              		.section	.debug_loc,"",%progbits
 521              	.Ldebug_loc0:
 522              	.LLST0:
 523 0000 00000000 		.4byte	.LVL4
 524 0004 05000000 		.4byte	.LVL5-1
 525 0008 0100     		.2byte	0x1
 526 000a 50       		.byte	0x50
 527 000b 05000000 		.4byte	.LVL5-1
 528 000f 08000000 		.4byte	.LFE5
 529 0013 0400     		.2byte	0x4
 530 0015 F3       		.byte	0xf3
 531 0016 01       		.uleb128 0x1
 532 0017 50       		.byte	0x50
ARM GAS  C:\Users\Xwx47\AppData\Local\Temp\ccVTa3Gg.s 			page 12


 533 0018 9F       		.byte	0x9f
 534 0019 00000000 		.4byte	0
 535 001d 00000000 		.4byte	0
 536              		.section	.debug_aranges,"",%progbits
 537 0000 44000000 		.4byte	0x44
 538 0004 0200     		.2byte	0x2
 539 0006 00000000 		.4byte	.Ldebug_info0
 540 000a 04       		.byte	0x4
 541 000b 00       		.byte	0
 542 000c 0000     		.2byte	0
 543 000e 0000     		.2byte	0
 544 0010 00000000 		.4byte	.LFB0
 545 0014 02000000 		.4byte	.LFE0-.LFB0
 546 0018 00000000 		.4byte	.LFB1
 547 001c 08000000 		.4byte	.LFE1-.LFB1
 548 0020 00000000 		.4byte	.LFB2
 549 0024 08000000 		.4byte	.LFE2-.LFB2
 550 0028 00000000 		.4byte	.LFB3
 551 002c 08000000 		.4byte	.LFE3-.LFB3
 552 0030 00000000 		.4byte	.LFB4
 553 0034 08000000 		.4byte	.LFE4-.LFB4
 554 0038 00000000 		.4byte	.LFB5
 555 003c 08000000 		.4byte	.LFE5-.LFB5
 556 0040 00000000 		.4byte	0
 557 0044 00000000 		.4byte	0
 558              		.section	.debug_ranges,"",%progbits
 559              	.Ldebug_ranges0:
 560 0000 00000000 		.4byte	.LFB0
 561 0004 02000000 		.4byte	.LFE0
 562 0008 00000000 		.4byte	.LFB1
 563 000c 08000000 		.4byte	.LFE1
 564 0010 00000000 		.4byte	.LFB2
 565 0014 08000000 		.4byte	.LFE2
 566 0018 00000000 		.4byte	.LFB3
 567 001c 08000000 		.4byte	.LFE3
 568 0020 00000000 		.4byte	.LFB4
 569 0024 08000000 		.4byte	.LFE4
 570 0028 00000000 		.4byte	.LFB5
 571 002c 08000000 		.4byte	.LFE5
 572 0030 00000000 		.4byte	0
 573 0034 00000000 		.4byte	0
 574              		.section	.debug_line,"",%progbits
 575              	.Ldebug_line0:
 576 0000 A7010000 		.section	.debug_str,"MS",%progbits,1
 576      02003A01 
 576      00000201 
 576      FB0E0D00 
 576      01010101 
 577              	.LASF6:
 578 0000 6C6F6E67 		.ascii	"long long int\000"
 578      206C6F6E 
 578      6720696E 
 578      7400
 579              	.LASF18:
 580 000e 52535441 		.ascii	"RSTACK_Deinit\000"
 580      434B5F44 
 580      65696E69 
ARM GAS  C:\Users\Xwx47\AppData\Local\Temp\ccVTa3Gg.s 			page 13


 580      7400
 581              	.LASF8:
 582 001c 756E7369 		.ascii	"unsigned int\000"
 582      676E6564 
 582      20696E74 
 582      00
 583              	.LASF15:
 584 0029 524E4554 		.ascii	"RNET1_PowerUp\000"
 584      315F506F 
 584      77657255 
 584      7000
 585              	.LASF5:
 586 0037 6C6F6E67 		.ascii	"long unsigned int\000"
 586      20756E73 
 586      69676E65 
 586      6420696E 
 586      7400
 587              	.LASF7:
 588 0049 6C6F6E67 		.ascii	"long long unsigned int\000"
 588      206C6F6E 
 588      6720756E 
 588      7369676E 
 588      65642069 
 589              	.LASF9:
 590 0060 5F5F7569 		.ascii	"__uint8_t\000"
 590      6E74385F 
 590      7400
 591              	.LASF13:
 592 006a 524E4554 		.ascii	"RNET1_Deinit\000"
 592      315F4465 
 592      696E6974 
 592      00
 593              	.LASF10:
 594 0077 75696E74 		.ascii	"uint8_t\000"
 594      385F7400 
 595              	.LASF1:
 596 007f 756E7369 		.ascii	"unsigned char\000"
 596      676E6564 
 596      20636861 
 596      7200
 597              	.LASF4:
 598 008d 6C6F6E67 		.ascii	"long int\000"
 598      20696E74 
 598      00
 599              	.LASF14:
 600 0096 524E4554 		.ascii	"RNET1_Process\000"
 600      315F5072 
 600      6F636573 
 600      7300
 601              	.LASF2:
 602 00a4 73686F72 		.ascii	"short int\000"
 602      7420696E 
 602      7400
 603              	.LASF17:
 604 00ae 52535441 		.ascii	"RSTACK_Init\000"
 604      434B5F49 
 604      6E697400 
ARM GAS  C:\Users\Xwx47\AppData\Local\Temp\ccVTa3Gg.s 			page 14


 605              	.LASF25:
 606 00ba 5246315F 		.ascii	"RF1_OnInterrupt\000"
 606      4F6E496E 
 606      74657272 
 606      75707400 
 607              	.LASF22:
 608 00ca 474E5520 		.ascii	"GNU C11 5.4.1 20160609 (release) [ARM/embedded-5-br"
 608      43313120 
 608      352E342E 
 608      31203230 
 608      31363036 
 609 00fd 616E6368 		.ascii	"anch revision 237715] -mcpu=cortex-m0 -mthumb -g -O"
 609      20726576 
 609      6973696F 
 609      6E203233 
 609      37373135 
 610 0130 67202D66 		.ascii	"g -ffunction-sections -ffat-lto-objects\000"
 610      66756E63 
 610      74696F6E 
 610      2D736563 
 610      74696F6E 
 611              	.LASF3:
 612 0158 73686F72 		.ascii	"short unsigned int\000"
 612      7420756E 
 612      7369676E 
 612      65642069 
 612      6E7400
 613              	.LASF0:
 614 016b 7369676E 		.ascii	"signed char\000"
 614      65642063 
 614      68617200 
 615              	.LASF23:
 616 0177 2E2E5C52 		.ascii	"..\\RNET\\RNET1.c\000"
 616      4E45545C 
 616      524E4554 
 616      312E6300 
 617              	.LASF21:
 618 0187 52414449 		.ascii	"RADIO_SetChannel\000"
 618      4F5F5365 
 618      74436861 
 618      6E6E656C 
 618      00
 619              	.LASF11:
 620 0198 6C6F6E67 		.ascii	"long double\000"
 620      20646F75 
 620      626C6500 
 621              	.LASF16:
 622 01a4 524E4554 		.ascii	"RNET1_SetChannel\000"
 622      315F5365 
 622      74436861 
 622      6E6E656C 
 622      00
 623              	.LASF19:
 624 01b5 52414449 		.ascii	"RADIO_Process\000"
 624      4F5F5072 
 624      6F636573 
 624      7300
ARM GAS  C:\Users\Xwx47\AppData\Local\Temp\ccVTa3Gg.s 			page 15


 625              	.LASF12:
 626 01c3 524E4554 		.ascii	"RNET1_Init\000"
 626      315F496E 
 626      697400
 627              	.LASF24:
 628 01ce 433A5C55 		.ascii	"C:\\Users\\Xwx47\\Documents\\Creator\\RNET\\v01.cyd"
 628      73657273 
 628      5C587778 
 628      34375C44 
 628      6F63756D 
 629 01fb 736E00   		.ascii	"sn\000"
 630              	.LASF20:
 631 01fe 52414449 		.ascii	"RADIO_PowerUp\000"
 631      4F5F506F 
 631      77657255 
 631      7000
 632              	.LASF26:
 633 020c 6368616E 		.ascii	"channel\000"
 633      6E656C00 
 634              		.ident	"GCC: (GNU Tools for ARM Embedded Processors) 5.4.1 20160609 (release) [ARM/embedded-5-bran
