ARM GAS  C:\Users\Xwx47\AppData\Local\Temp\ccyX471x.s 			page 1


   1              		.syntax unified
   2              		.cpu cortex-m0
   3              		.fpu softvfp
   4              		.eabi_attribute 20, 1
   5              		.eabi_attribute 21, 1
   6              		.eabi_attribute 23, 3
   7              		.eabi_attribute 24, 1
   8              		.eabi_attribute 25, 1
   9              		.eabi_attribute 26, 1
  10              		.eabi_attribute 30, 1
  11              		.eabi_attribute 34, 0
  12              		.eabi_attribute 18, 4
  13              		.thumb
  14              		.syntax unified
  15              		.file	"RNet_App.c"
  16              		.text
  17              	.Ltext0:
  18              		.cfi_sections	.debug_frame
  19              		.section	.text.RadioPowerUp,"ax",%progbits
  20              		.align	2
  21              		.code	16
  22              		.thumb_func
  23              		.type	RadioPowerUp, %function
  24              	RadioPowerUp:
  25              	.LFB33:
  26              		.file 1 "RNet_App.c"
   1:RNet_App.c    **** #include "RNet_App.h"
   2:RNet_App.c    **** 
   3:RNet_App.c    **** #include "RApp.h"
   4:RNet_App.c    **** #include "RNet_App.h"
   5:RNet_App.c    **** #include "RPHY.h"
   6:RNet_App.c    **** #include "RStack.h"
   7:RNet_App.c    **** #include "Radio.h"
   8:RNet_App.c    **** 
   9:RNet_App.c    **** #include "Error.h"
  10:RNet_App.c    **** 
  11:RNet_App.c    **** #include "FreeRTOS.h"
  12:RNet_App.c    **** #include "task.h"
  13:RNet_App.c    **** 
  14:RNet_App.c    **** enum {
  15:RNet_App.c    ****     LED_ON,
  16:RNet_App.c    ****     LED_OFF,
  17:RNet_App.c    **** };
  18:RNet_App.c    **** 
  19:RNet_App.c    **** typedef enum {
  20:RNet_App.c    ****     RNETA_INITIAL, /* initialization state */
  21:RNet_App.c    ****     RNETA_POWERUP, /* powered up the transceiver */
  22:RNet_App.c    ****     RNETA_TX_RX    /* ready to send and receive data */
  23:RNet_App.c    **** } RNETA_State;
  24:RNet_App.c    **** 
  25:RNet_App.c    **** static RNETA_State appState = RNETA_INITIAL;
  26:RNet_App.c    **** 
  27:RNet_App.c    **** static uint8_t
  28:RNet_App.c    **** RNETA_HandleRxMessage(RAPP_MSG_Type type, uint8_t size, uint8_t *data,
  29:RNet_App.c    ****                       RNWK_ShortAddrType srcAddr, bool *handled,
  30:RNet_App.c    ****                       RPHY_PacketDesc *packet)
  31:RNet_App.c    **** {
ARM GAS  C:\Users\Xwx47\AppData\Local\Temp\ccyX471x.s 			page 2


  32:RNet_App.c    ****     (void)size;
  33:RNet_App.c    ****     (void)data;
  34:RNet_App.c    ****     (void)srcAddr;
  35:RNet_App.c    ****     (void)packet;
  36:RNet_App.c    ****     
  37:RNet_App.c    ****     switch (type) {
  38:RNet_App.c    ****     case RAPP_MSG_TYPE_PING: /* <type><size><data */
  39:RNet_App.c    ****         *handled = true;
  40:RNet_App.c    ****         LED_G_Write(LED_ON);
  41:RNet_App.c    ****         vTaskDelay(pdMS_TO_TICKS(20));
  42:RNet_App.c    ****         LED_G_Write(LED_OFF);
  43:RNet_App.c    ****         return ERR_OK;
  44:RNet_App.c    ****     default:
  45:RNet_App.c    ****         break;
  46:RNet_App.c    ****     }
  47:RNet_App.c    ****     
  48:RNet_App.c    ****     return ERR_OK;
  49:RNet_App.c    **** }
  50:RNet_App.c    **** 
  51:RNet_App.c    **** static const RAPP_MsgHandler handlerTable[] = {
  52:RNet_App.c    ****     RNETA_HandleRxMessage,
  53:RNet_App.c    ****     NULL /* sentinel */
  54:RNet_App.c    **** };
  55:RNet_App.c    **** 
  56:RNet_App.c    **** static void RadioPowerUp(void)
  57:RNet_App.c    **** {
  27              		.loc 1 57 0
  28              		.cfi_startproc
  29              		@ args = 0, pretend = 0, frame = 0
  30              		@ frame_needed = 0, uses_anonymous_args = 0
  31 0000 10B5     		push	{r4, lr}
  32              		.cfi_def_cfa_offset 8
  33              		.cfi_offset 4, -8
  34              		.cfi_offset 14, -4
  58:RNet_App.c    ****     /* need to ensure that we wait at least 100 ms (I use 150 ms here) after
  59:RNet_App.c    ****      * power-on of the transceiver */
  60:RNet_App.c    ****     TickType_t xTime;
  61:RNet_App.c    **** 
  62:RNet_App.c    ****     xTime = xTaskGetTickCount();
  35              		.loc 1 62 0
  36 0002 FFF7FEFF 		bl	xTaskGetTickCount
  37              	.LVL0:
  63:RNet_App.c    ****     
  64:RNet_App.c    ****     if (xTime < pdMS_TO_TICKS(150)) {
  38              		.loc 1 64 0
  39 0006 9528     		cmp	r0, #149
  40 0008 03D8     		bhi	.L2
  65:RNet_App.c    ****         /* not powered for 100 ms:
  66:RNet_App.c    ****         * wait until we can access the radio transceiver */
  67:RNet_App.c    ****         xTime = pdMS_TO_TICKS(150) - xTime; /* remaining ticks to wait */
  41              		.loc 1 67 0
  42 000a 9623     		movs	r3, #150
  43 000c 181A     		subs	r0, r3, r0
  44              	.LVL1:
  68:RNet_App.c    ****         
  69:RNet_App.c    ****         vTaskDelay(xTime);
  45              		.loc 1 69 0
ARM GAS  C:\Users\Xwx47\AppData\Local\Temp\ccyX471x.s 			page 3


  46 000e FFF7FEFF 		bl	vTaskDelay
  47              	.LVL2:
  48              	.L2:
  70:RNet_App.c    ****     }
  71:RNet_App.c    ****     
  72:RNet_App.c    ****     /* enable the transceiver */
  73:RNet_App.c    ****     RADIO_PowerUp();
  49              		.loc 1 73 0
  50 0012 FFF7FEFF 		bl	RADIO_PowerUp
  51              	.LVL3:
  74:RNet_App.c    **** }
  52              		.loc 1 74 0
  53              		@ sp needed
  54 0016 10BD     		pop	{r4, pc}
  55              		.cfi_endproc
  56              	.LFE33:
  57              		.size	RadioPowerUp, .-RadioPowerUp
  58              		.section	.text.Process,"ax",%progbits
  59              		.align	2
  60              		.code	16
  61              		.thumb_func
  62              		.type	Process, %function
  63              	Process:
  64              	.LFB34:
  75:RNet_App.c    **** 
  76:RNet_App.c    **** static void Process(void)
  77:RNet_App.c    **** {
  65              		.loc 1 77 0
  66              		.cfi_startproc
  67              		@ args = 0, pretend = 0, frame = 0
  68              		@ frame_needed = 0, uses_anonymous_args = 0
  69 0000 10B5     		push	{r4, lr}
  70              		.cfi_def_cfa_offset 8
  71              		.cfi_offset 4, -8
  72              		.cfi_offset 14, -4
  73              	.L8:
  78:RNet_App.c    ****     while (1) {
  79:RNet_App.c    ****         switch (appState) {
  74              		.loc 1 79 0
  75 0002 0B4B     		ldr	r3, .L9
  76 0004 1B78     		ldrb	r3, [r3]
  77 0006 012B     		cmp	r3, #1
  78 0008 09D0     		beq	.L5
  79 000a 002B     		cmp	r3, #0
  80 000c 03D0     		beq	.L6
  81 000e DAB2     		uxtb	r2, r3
  82 0010 022A     		cmp	r2, #2
  83 0012 0AD0     		beq	.L7
  84 0014 0BE0     		b	.L3
  85              	.L6:
  80:RNet_App.c    ****         case RNETA_INITIAL:
  81:RNet_App.c    ****             appState = RNETA_POWERUP;
  86              		.loc 1 81 0
  87 0016 0122     		movs	r2, #1
  88 0018 054B     		ldr	r3, .L9
  89 001a 1A70     		strb	r2, [r3]
  82:RNet_App.c    ****             continue;
ARM GAS  C:\Users\Xwx47\AppData\Local\Temp\ccyX471x.s 			page 4


  83:RNet_App.c    **** 
  84:RNet_App.c    ****         case RNETA_POWERUP:
  85:RNet_App.c    ****             RadioPowerUp();
  86:RNet_App.c    ****             appState = RNETA_TX_RX;
  87:RNet_App.c    ****             break;
  88:RNet_App.c    **** 
  89:RNet_App.c    ****         case RNETA_TX_RX:
  90:RNet_App.c    ****             RADIO_Process();
  91:RNet_App.c    ****             break;
  92:RNet_App.c    **** 
  93:RNet_App.c    ****         default:
  94:RNet_App.c    ****             break;
  95:RNet_App.c    ****         }
  96:RNet_App.c    ****         break;
  97:RNet_App.c    ****     }
  90              		.loc 1 97 0
  91 001c F1E7     		b	.L8
  92              	.L5:
  85:RNet_App.c    ****             appState = RNETA_TX_RX;
  93              		.loc 1 85 0
  94 001e FFF7FEFF 		bl	RadioPowerUp
  95              	.LVL4:
  86:RNet_App.c    ****             break;
  96              		.loc 1 86 0
  97 0022 0222     		movs	r2, #2
  98 0024 024B     		ldr	r3, .L9
  99 0026 1A70     		strb	r2, [r3]
  87:RNet_App.c    **** 
 100              		.loc 1 87 0
 101 0028 01E0     		b	.L3
 102              	.L7:
  90:RNet_App.c    ****             break;
 103              		.loc 1 90 0
 104 002a FFF7FEFF 		bl	RADIO_Process
 105              	.LVL5:
 106              	.L3:
  98:RNet_App.c    **** }
 107              		.loc 1 98 0
 108              		@ sp needed
 109 002e 10BD     		pop	{r4, pc}
 110              	.L10:
 111              		.align	2
 112              	.L9:
 113 0030 00000000 		.word	.LANCHOR0
 114              		.cfi_endproc
 115              	.LFE34:
 116              		.size	Process, .-Process
 117              		.section	.text.RNetTask,"ax",%progbits
 118              		.align	2
 119              		.code	16
 120              		.thumb_func
 121              		.type	RNetTask, %function
 122              	RNetTask:
 123              	.LFB35:
  99:RNet_App.c    **** 
 100:RNet_App.c    **** static portTASK_FUNCTION(RNetTask, pvParameters)
 101:RNet_App.c    **** {
ARM GAS  C:\Users\Xwx47\AppData\Local\Temp\ccyX471x.s 			page 5


 124              		.loc 1 101 0
 125              		.cfi_startproc
 126              		@ args = 0, pretend = 0, frame = 8
 127              		@ frame_needed = 0, uses_anonymous_args = 0
 128              	.LVL6:
 129 0000 10B5     		push	{r4, lr}
 130              		.cfi_def_cfa_offset 8
 131              		.cfi_offset 4, -8
 132              		.cfi_offset 14, -4
 133 0002 84B0     		sub	sp, sp, #16
 134              		.cfi_def_cfa_offset 24
 135              	.LVL7:
 102:RNet_App.c    ****     (void)pvParameters;
 103:RNet_App.c    ****     
 104:RNet_App.c    ****     uint32_t cntr = 0;
 105:RNet_App.c    ****     uint8_t msgCntr = 0;
 136              		.loc 1 105 0
 137 0004 0023     		movs	r3, #0
 138 0006 0F22     		movs	r2, #15
 139 0008 6A44     		add	r2, r2, sp
 140 000a 1370     		strb	r3, [r2]
 106:RNet_App.c    ****     appState = RNETA_INITIAL; /* initialize state machine state */
 141              		.loc 1 106 0
 142 000c 124A     		ldr	r2, .L14
 143 000e 1370     		strb	r3, [r2]
 107:RNet_App.c    ****     
 108:RNet_App.c    ****     /* set a default address */
 109:RNet_App.c    ****     // always return ERR_OK so no need to check for it
 110:RNet_App.c    ****     RAPP_SetThisNodeAddr(RNWK_ADDR_BROADCAST);
 144              		.loc 1 110 0
 145 0010 FF20     		movs	r0, #255
 146              	.LVL8:
 147 0012 FFF7FEFF 		bl	RAPP_SetThisNodeAddr
 148              	.LVL9:
 104:RNet_App.c    ****     uint8_t msgCntr = 0;
 149              		.loc 1 104 0
 150 0016 0024     		movs	r4, #0
 151              	.LVL10:
 152              	.L13:
 111:RNet_App.c    ****         
 112:RNet_App.c    ****     while (1) {
 113:RNet_App.c    ****         
 114:RNet_App.c    ****         Process(); /* process state machine */
 153              		.loc 1 114 0
 154 0018 FFF7FEFF 		bl	Process
 155              	.LVL11:
 115:RNet_App.c    ****         cntr++;
 156              		.loc 1 115 0
 157 001c 0134     		adds	r4, r4, #1
 158              	.LVL12:
 116:RNet_App.c    ****         
 117:RNet_App.c    ****         /* with an RTOS 10 ms/100 Hz tick rate, this is every second */
 118:RNet_App.c    ****         if (100 == cntr) {
 159              		.loc 1 118 0
 160 001e 642C     		cmp	r4, #100
 161 0020 16D1     		bne	.L12
 119:RNet_App.c    ****             //LED3_On(); /* blink blue LED for 20 ms */
ARM GAS  C:\Users\Xwx47\AppData\Local\Temp\ccyX471x.s 			page 6


 120:RNet_App.c    ****             LED_B_Write(LED_ON);
 162              		.loc 1 120 0
 163 0022 0020     		movs	r0, #0
 164 0024 FFF7FEFF 		bl	LED_B_Write
 165              	.LVL13:
 121:RNet_App.c    ****             
 122:RNet_App.c    ****             RAPP_SendPayloadDataBlock(&msgCntr, sizeof(msgCntr),
 166              		.loc 1 122 0
 167 0028 553C     		subs	r4, r4, #85
 168              	.LVL14:
 169 002a 6C44     		add	r4, r4, sp
 170              	.LVL15:
 171 002c 0023     		movs	r3, #0
 172 002e 0093     		str	r3, [sp]
 173 0030 FF33     		adds	r3, r3, #255
 174 0032 5522     		movs	r2, #85
 175 0034 0121     		movs	r1, #1
 176 0036 2000     		movs	r0, r4
 177 0038 FFF7FEFF 		bl	RAPP_SendPayloadDataBlock
 178              	.LVL16:
 123:RNet_App.c    ****                                       RAPP_MSG_TYPE_PING, RNWK_ADDR_BROADCAST,
 124:RNet_App.c    ****                                       RPHY_PACKET_FLAGS_NONE);
 125:RNet_App.c    ****             msgCntr++;
 179              		.loc 1 125 0
 180 003c 2378     		ldrb	r3, [r4]
 181 003e 0133     		adds	r3, r3, #1
 182 0040 2370     		strb	r3, [r4]
 183              	.LVL17:
 126:RNet_App.c    ****             cntr = 0;
 127:RNet_App.c    ****             
 128:RNet_App.c    ****             //vTaskDelay(20 / portTICK_RATE_MS);
 129:RNet_App.c    ****             vTaskDelay(pdMS_TO_TICKS(20));
 184              		.loc 1 129 0
 185 0042 1420     		movs	r0, #20
 186 0044 FFF7FEFF 		bl	vTaskDelay
 187              	.LVL18:
 130:RNet_App.c    ****             //LED3_Off(); /* blink blue LED */
 131:RNet_App.c    ****             LED_B_Write(LED_OFF);
 188              		.loc 1 131 0
 189 0048 0120     		movs	r0, #1
 190 004a FFF7FEFF 		bl	LED_B_Write
 191              	.LVL19:
 126:RNet_App.c    ****             cntr = 0;
 192              		.loc 1 126 0
 193 004e 0024     		movs	r4, #0
 194              	.LVL20:
 195              	.L12:
 132:RNet_App.c    ****         }
 133:RNet_App.c    ****         
 134:RNet_App.c    ****         vTaskDelay(pdMS_TO_TICKS(10));
 196              		.loc 1 134 0
 197 0050 0A20     		movs	r0, #10
 198 0052 FFF7FEFF 		bl	vTaskDelay
 199              	.LVL21:
 135:RNet_App.c    ****         //FRTOS1_vTaskDelay(10 / portTICK_RATE_MS);
 136:RNet_App.c    ****     }
 200              		.loc 1 136 0
ARM GAS  C:\Users\Xwx47\AppData\Local\Temp\ccyX471x.s 			page 7


 201 0056 DFE7     		b	.L13
 202              	.L15:
 203              		.align	2
 204              	.L14:
 205 0058 00000000 		.word	.LANCHOR0
 206              		.cfi_endproc
 207              	.LFE35:
 208              		.size	RNetTask, .-RNetTask
 209              		.section	.text.RNETA_HandleRxMessage,"ax",%progbits
 210              		.align	2
 211              		.code	16
 212              		.thumb_func
 213              		.type	RNETA_HandleRxMessage, %function
 214              	RNETA_HandleRxMessage:
 215              	.LFB32:
  31:RNet_App.c    ****     (void)size;
 216              		.loc 1 31 0
 217              		.cfi_startproc
 218              		@ args = 8, pretend = 0, frame = 0
 219              		@ frame_needed = 0, uses_anonymous_args = 0
 220              	.LVL22:
 221 0000 10B5     		push	{r4, lr}
 222              		.cfi_def_cfa_offset 8
 223              		.cfi_offset 4, -8
 224              		.cfi_offset 14, -4
  37:RNet_App.c    ****     case RAPP_MSG_TYPE_PING: /* <type><size><data */
 225              		.loc 1 37 0
 226 0002 5528     		cmp	r0, #85
 227 0004 0BD1     		bne	.L17
  39:RNet_App.c    ****         LED_G_Write(LED_ON);
 228              		.loc 1 39 0
 229 0006 0123     		movs	r3, #1
 230              	.LVL23:
 231 0008 029A     		ldr	r2, [sp, #8]
 232              	.LVL24:
 233 000a 1370     		strb	r3, [r2]
  40:RNet_App.c    ****         vTaskDelay(pdMS_TO_TICKS(20));
 234              		.loc 1 40 0
 235 000c 0020     		movs	r0, #0
 236              	.LVL25:
 237 000e FFF7FEFF 		bl	LED_G_Write
 238              	.LVL26:
  41:RNet_App.c    ****         LED_G_Write(LED_OFF);
 239              		.loc 1 41 0
 240 0012 1420     		movs	r0, #20
 241 0014 FFF7FEFF 		bl	vTaskDelay
 242              	.LVL27:
  42:RNet_App.c    ****         return ERR_OK;
 243              		.loc 1 42 0
 244 0018 0120     		movs	r0, #1
 245 001a FFF7FEFF 		bl	LED_G_Write
 246              	.LVL28:
 247              	.L17:
  49:RNet_App.c    **** 
 248              		.loc 1 49 0
 249 001e 0020     		movs	r0, #0
 250              		@ sp needed
ARM GAS  C:\Users\Xwx47\AppData\Local\Temp\ccyX471x.s 			page 8


 251 0020 10BD     		pop	{r4, pc}
 252              		.cfi_endproc
 253              	.LFE32:
 254              		.size	RNETA_HandleRxMessage, .-RNETA_HandleRxMessage
 255 0022 C046     		.section	.text.RNETApp_Init,"ax",%progbits
 256              		.align	2
 257              		.global	RNETApp_Init
 258              		.code	16
 259              		.thumb_func
 260              		.type	RNETApp_Init, %function
 261              	RNETApp_Init:
 262              	.LFB36:
 137:RNet_App.c    **** }
 138:RNet_App.c    **** 
 139:RNet_App.c    **** void RNETApp_Init(void)
 140:RNet_App.c    **** {
 263              		.loc 1 140 0
 264              		.cfi_startproc
 265              		@ args = 0, pretend = 0, frame = 0
 266              		@ frame_needed = 0, uses_anonymous_args = 0
 267 0000 00B5     		push	{lr}
 268              		.cfi_def_cfa_offset 4
 269              		.cfi_offset 14, -4
 270 0002 83B0     		sub	sp, sp, #12
 271              		.cfi_def_cfa_offset 16
 141:RNet_App.c    ****     BaseType_t rnet_task_base;
 142:RNet_App.c    ****     
 143:RNet_App.c    ****     /* initialize stack */
 144:RNet_App.c    ****     RSTACK_Init();
 272              		.loc 1 144 0
 273 0004 FFF7FEFF 		bl	RSTACK_Init
 274              	.LVL29:
 145:RNet_App.c    ****     
 146:RNet_App.c    ****     /* SetMessageHandlerTable always returns ERR_OK so no need to check it */
 147:RNet_App.c    ****     RAPP_SetMessageHandlerTable(handlerTable);
 275              		.loc 1 147 0
 276 0008 0748     		ldr	r0, .L22
 277 000a FFF7FEFF 		bl	RAPP_SetMessageHandlerTable
 278              	.LVL30:
 148:RNet_App.c    **** 
 149:RNet_App.c    ****     rnet_task_base = xTaskCreate(RNetTask,
 279              		.loc 1 149 0
 280 000e 0023     		movs	r3, #0
 281 0010 0193     		str	r3, [sp, #4]
 282 0012 0093     		str	r3, [sp]
 283 0014 3222     		movs	r2, #50
 284 0016 0549     		ldr	r1, .L22+4
 285 0018 0548     		ldr	r0, .L22+8
 286 001a FFF7FEFF 		bl	xTaskCreate
 287              	.LVL31:
 150:RNet_App.c    ****         "RNet",
 151:RNet_App.c    ****         configMINIMAL_STACK_SIZE,
 152:RNet_App.c    ****         (void *) NULL,
 153:RNet_App.c    ****         tskIDLE_PRIORITY,
 154:RNet_App.c    ****         (TaskHandle_t *) NULL);
 155:RNet_App.c    ****     
 156:RNet_App.c    ****     if (pdPASS != rnet_task_base){
ARM GAS  C:\Users\Xwx47\AppData\Local\Temp\ccyX471x.s 			page 9


 288              		.loc 1 156 0
 289 001e 0128     		cmp	r0, #1
 290 0020 00D0     		beq	.L19
 291              	.L21:
 292 0022 FEE7     		b	.L21
 293              	.L19:
 157:RNet_App.c    ****         while (1) {}
 158:RNet_App.c    ****     }
 159:RNet_App.c    ****     
 160:RNet_App.c    **** }
 294              		.loc 1 160 0
 295 0024 03B0     		add	sp, sp, #12
 296              		@ sp needed
 297 0026 00BD     		pop	{pc}
 298              	.L23:
 299              		.align	2
 300              	.L22:
 301 0028 00000000 		.word	.LANCHOR1
 302 002c 00000000 		.word	.LC3
 303 0030 00000000 		.word	RNetTask
 304              		.cfi_endproc
 305              	.LFE36:
 306              		.size	RNETApp_Init, .-RNETApp_Init
 307              		.section	.rodata
 308              		.align	2
 309              		.set	.LANCHOR1,. + 0
 310              		.type	handlerTable, %object
 311              		.size	handlerTable, 8
 312              	handlerTable:
 313 0000 00000000 		.word	RNETA_HandleRxMessage
 314 0004 00000000 		.word	0
 315              		.section	.rodata.str1.4,"aMS",%progbits,1
 316              		.align	2
 317              	.LC3:
 318 0000 524E6574 		.ascii	"RNet\000"
 318      00
 319              		.bss
 320              		.set	.LANCHOR0,. + 0
 321              		.type	appState, %object
 322              		.size	appState, 1
 323              	appState:
 324 0000 00       		.space	1
 325              		.text
 326              	.Letext0:
 327              		.file 2 "c:\\program files (x86)\\cypress\\psoc creator\\4.1\\psoc creator\\import\\gnu\\arm\\5.4.
 328              		.file 3 "c:\\program files (x86)\\cypress\\psoc creator\\4.1\\psoc creator\\import\\gnu\\arm\\5.4.
 329              		.file 4 "./RNet_AppConfig.h"
 330              		.file 5 "Generated_Source\\PSoC4/RF1_REGS.h"
 331              		.file 6 "..\\RNET/RPHY.h"
 332              		.file 7 "..\\RNET/RNWK.h"
 333              		.file 8 "..\\RNET/RApp.h"
 334              		.file 9 "..\\FreeRTOS\\portable\\GCC\\ARM_CM0/portmacro.h"
 335              		.file 10 "..\\FreeRTOS\\include/task.h"
 336              		.file 11 "..\\RNET/Radio.h"
 337              		.file 12 "Generated_Source\\PSoC4/LED_B.h"
 338              		.file 13 "Generated_Source\\PSoC4/LED_G.h"
 339              		.file 14 "..\\RNET/RStack.h"
ARM GAS  C:\Users\Xwx47\AppData\Local\Temp\ccyX471x.s 			page 10


 340              		.section	.debug_info,"",%progbits
 341              	.Ldebug_info0:
 342 0000 AA050000 		.4byte	0x5aa
 343 0004 0400     		.2byte	0x4
 344 0006 00000000 		.4byte	.Ldebug_abbrev0
 345 000a 04       		.byte	0x4
 346 000b 01       		.uleb128 0x1
 347 000c 1D010000 		.4byte	.LASF93
 348 0010 0C       		.byte	0xc
 349 0011 F0020000 		.4byte	.LASF94
 350 0015 7C040000 		.4byte	.LASF95
 351 0019 00000000 		.4byte	.Ldebug_ranges0+0
 352 001d 00000000 		.4byte	0
 353 0021 00000000 		.4byte	.Ldebug_line0
 354 0025 02       		.uleb128 0x2
 355 0026 01       		.byte	0x1
 356 0027 06       		.byte	0x6
 357 0028 FB020000 		.4byte	.LASF0
 358 002c 03       		.uleb128 0x3
 359 002d 57020000 		.4byte	.LASF5
 360 0031 02       		.byte	0x2
 361 0032 1D       		.byte	0x1d
 362 0033 37000000 		.4byte	0x37
 363 0037 02       		.uleb128 0x2
 364 0038 01       		.byte	0x1
 365 0039 08       		.byte	0x8
 366 003a D3020000 		.4byte	.LASF1
 367 003e 02       		.uleb128 0x2
 368 003f 02       		.byte	0x2
 369 0040 05       		.byte	0x5
 370 0041 8B000000 		.4byte	.LASF2
 371 0045 02       		.uleb128 0x2
 372 0046 02       		.byte	0x2
 373 0047 07       		.byte	0x7
 374 0048 AD030000 		.4byte	.LASF3
 375 004c 02       		.uleb128 0x2
 376 004d 04       		.byte	0x4
 377 004e 05       		.byte	0x5
 378 004f 3B020000 		.4byte	.LASF4
 379 0053 03       		.uleb128 0x3
 380 0054 21050000 		.4byte	.LASF6
 381 0058 02       		.byte	0x2
 382 0059 41       		.byte	0x41
 383 005a 5E000000 		.4byte	0x5e
 384 005e 02       		.uleb128 0x2
 385 005f 04       		.byte	0x4
 386 0060 07       		.byte	0x7
 387 0061 68030000 		.4byte	.LASF7
 388 0065 02       		.uleb128 0x2
 389 0066 08       		.byte	0x8
 390 0067 05       		.byte	0x5
 391 0068 C6000000 		.4byte	.LASF8
 392 006c 02       		.uleb128 0x2
 393 006d 08       		.byte	0x8
 394 006e 07       		.byte	0x7
 395 006f 0D030000 		.4byte	.LASF9
 396 0073 04       		.uleb128 0x4
ARM GAS  C:\Users\Xwx47\AppData\Local\Temp\ccyX471x.s 			page 11


 397 0074 04       		.byte	0x4
 398 0075 05       		.byte	0x5
 399 0076 696E7400 		.ascii	"int\000"
 400 007a 02       		.uleb128 0x2
 401 007b 04       		.byte	0x4
 402 007c 07       		.byte	0x7
 403 007d 48030000 		.4byte	.LASF10
 404 0081 03       		.uleb128 0x3
 405 0082 AB010000 		.4byte	.LASF11
 406 0086 03       		.byte	0x3
 407 0087 18       		.byte	0x18
 408 0088 2C000000 		.4byte	0x2c
 409 008c 03       		.uleb128 0x3
 410 008d 32030000 		.4byte	.LASF12
 411 0091 03       		.byte	0x3
 412 0092 30       		.byte	0x30
 413 0093 53000000 		.4byte	0x53
 414 0097 02       		.uleb128 0x2
 415 0098 08       		.byte	0x8
 416 0099 04       		.byte	0x4
 417 009a A8020000 		.4byte	.LASF13
 418 009e 05       		.uleb128 0x5
 419 009f 01       		.byte	0x1
 420 00a0 37000000 		.4byte	0x37
 421 00a4 04       		.byte	0x4
 422 00a5 0D       		.byte	0xd
 423 00a6 B1000000 		.4byte	0xb1
 424 00aa 06       		.uleb128 0x6
 425 00ab B8040000 		.4byte	.LASF15
 426 00af 55       		.byte	0x55
 427 00b0 00       		.byte	0
 428 00b1 03       		.uleb128 0x3
 429 00b2 B4020000 		.4byte	.LASF14
 430 00b6 04       		.byte	0x4
 431 00b7 0F       		.byte	0xf
 432 00b8 9E000000 		.4byte	0x9e
 433 00bc 05       		.uleb128 0x5
 434 00bd 01       		.byte	0x1
 435 00be 37000000 		.4byte	0x37
 436 00c2 05       		.byte	0x5
 437 00c3 1F       		.byte	0x1f
 438 00c4 65010000 		.4byte	0x165
 439 00c8 06       		.uleb128 0x6
 440 00c9 4A040000 		.4byte	.LASF16
 441 00cd 00       		.byte	0
 442 00ce 06       		.uleb128 0x6
 443 00cf ED000000 		.4byte	.LASF17
 444 00d3 01       		.byte	0x1
 445 00d4 06       		.uleb128 0x6
 446 00d5 07040000 		.4byte	.LASF18
 447 00d9 02       		.byte	0x2
 448 00da 06       		.uleb128 0x6
 449 00db 87030000 		.4byte	.LASF19
 450 00df 03       		.byte	0x3
 451 00e0 06       		.uleb128 0x6
 452 00e1 59040000 		.4byte	.LASF20
 453 00e5 04       		.byte	0x4
ARM GAS  C:\Users\Xwx47\AppData\Local\Temp\ccyX471x.s 			page 12


 454 00e6 06       		.uleb128 0x6
 455 00e7 04020000 		.4byte	.LASF21
 456 00eb 05       		.byte	0x5
 457 00ec 06       		.uleb128 0x6
 458 00ed 8C020000 		.4byte	.LASF22
 459 00f1 06       		.byte	0x6
 460 00f2 06       		.uleb128 0x6
 461 00f3 88050000 		.4byte	.LASF23
 462 00f7 07       		.byte	0x7
 463 00f8 06       		.uleb128 0x6
 464 00f9 DA000000 		.4byte	.LASF24
 465 00fd 08       		.byte	0x8
 466 00fe 06       		.uleb128 0x6
 467 00ff 1F040000 		.4byte	.LASF25
 468 0103 09       		.byte	0x9
 469 0104 06       		.uleb128 0x6
 470 0105 D6030000 		.4byte	.LASF26
 471 0109 0A       		.byte	0xa
 472 010a 06       		.uleb128 0x6
 473 010b 97050000 		.4byte	.LASF27
 474 010f 0B       		.byte	0xb
 475 0110 06       		.uleb128 0x6
 476 0111 1B020000 		.4byte	.LASF28
 477 0115 0C       		.byte	0xc
 478 0116 06       		.uleb128 0x6
 479 0117 2B040000 		.4byte	.LASF29
 480 011b 0D       		.byte	0xd
 481 011c 06       		.uleb128 0x6
 482 011d D7040000 		.4byte	.LASF30
 483 0121 0E       		.byte	0xe
 484 0122 06       		.uleb128 0x6
 485 0123 44020000 		.4byte	.LASF31
 486 0127 0F       		.byte	0xf
 487 0128 06       		.uleb128 0x6
 488 0129 F7030000 		.4byte	.LASF32
 489 012d 10       		.byte	0x10
 490 012e 06       		.uleb128 0x6
 491 012f 4F000000 		.4byte	.LASF33
 492 0133 11       		.byte	0x11
 493 0134 06       		.uleb128 0x6
 494 0135 73020000 		.4byte	.LASF34
 495 0139 12       		.byte	0x12
 496 013a 06       		.uleb128 0x6
 497 013b F6040000 		.4byte	.LASF35
 498 013f 13       		.byte	0x13
 499 0140 06       		.uleb128 0x6
 500 0141 C0030000 		.4byte	.LASF36
 501 0145 14       		.byte	0x14
 502 0146 06       		.uleb128 0x6
 503 0147 C2020000 		.4byte	.LASF37
 504 014b 15       		.byte	0x15
 505 014c 06       		.uleb128 0x6
 506 014d 3A050000 		.4byte	.LASF38
 507 0151 16       		.byte	0x16
 508 0152 06       		.uleb128 0x6
 509 0153 0E000000 		.4byte	.LASF39
 510 0157 17       		.byte	0x17
ARM GAS  C:\Users\Xwx47\AppData\Local\Temp\ccyX471x.s 			page 13


 511 0158 06       		.uleb128 0x6
 512 0159 E9030000 		.4byte	.LASF40
 513 015d 1C       		.byte	0x1c
 514 015e 06       		.uleb128 0x6
 515 015f 63050000 		.4byte	.LASF41
 516 0163 1D       		.byte	0x1d
 517 0164 00       		.byte	0
 518 0165 03       		.uleb128 0x3
 519 0166 E1020000 		.4byte	.LASF42
 520 016a 06       		.byte	0x6
 521 016b 25       		.byte	0x25
 522 016c 81000000 		.4byte	0x81
 523 0170 07       		.uleb128 0x7
 524 0171 0C       		.byte	0xc
 525 0172 06       		.byte	0x6
 526 0173 30       		.byte	0x30
 527 0174 A9010000 		.4byte	0x1a9
 528 0178 08       		.uleb128 0x8
 529 0179 07030000 		.4byte	.LASF43
 530 017d 06       		.byte	0x6
 531 017e 31       		.byte	0x31
 532 017f 65010000 		.4byte	0x165
 533 0183 00       		.byte	0
 534 0184 08       		.uleb128 0x8
 535 0185 4B050000 		.4byte	.LASF44
 536 0189 06       		.byte	0x6
 537 018a 32       		.byte	0x32
 538 018b 81000000 		.4byte	0x81
 539 018f 01       		.byte	0x1
 540 0190 08       		.uleb128 0x8
 541 0191 B3010000 		.4byte	.LASF45
 542 0195 06       		.byte	0x6
 543 0196 33       		.byte	0x33
 544 0197 A9010000 		.4byte	0x1a9
 545 019b 04       		.byte	0x4
 546 019c 08       		.uleb128 0x8
 547 019d D6010000 		.4byte	.LASF46
 548 01a1 06       		.byte	0x6
 549 01a2 34       		.byte	0x34
 550 01a3 A9010000 		.4byte	0x1a9
 551 01a7 08       		.byte	0x8
 552 01a8 00       		.byte	0
 553 01a9 09       		.uleb128 0x9
 554 01aa 04       		.byte	0x4
 555 01ab 81000000 		.4byte	0x81
 556 01af 03       		.uleb128 0x3
 557 01b0 53050000 		.4byte	.LASF47
 558 01b4 06       		.byte	0x6
 559 01b5 35       		.byte	0x35
 560 01b6 70010000 		.4byte	0x170
 561 01ba 03       		.uleb128 0x3
 562 01bb B3000000 		.4byte	.LASF48
 563 01bf 07       		.byte	0x7
 564 01c0 1D       		.byte	0x1d
 565 01c1 81000000 		.4byte	0x81
 566 01c5 09       		.uleb128 0x9
 567 01c6 04       		.byte	0x4
ARM GAS  C:\Users\Xwx47\AppData\Local\Temp\ccyX471x.s 			page 14


 568 01c7 AF010000 		.4byte	0x1af
 569 01cb 03       		.uleb128 0x3
 570 01cc 27000000 		.4byte	.LASF49
 571 01d0 08       		.byte	0x8
 572 01d1 2B       		.byte	0x2b
 573 01d2 D6010000 		.4byte	0x1d6
 574 01d6 09       		.uleb128 0x9
 575 01d7 04       		.byte	0x4
 576 01d8 DC010000 		.4byte	0x1dc
 577 01dc 0A       		.uleb128 0xa
 578 01dd 81000000 		.4byte	0x81
 579 01e1 04020000 		.4byte	0x204
 580 01e5 0B       		.uleb128 0xb
 581 01e6 B1000000 		.4byte	0xb1
 582 01ea 0B       		.uleb128 0xb
 583 01eb 81000000 		.4byte	0x81
 584 01ef 0B       		.uleb128 0xb
 585 01f0 A9010000 		.4byte	0x1a9
 586 01f4 0B       		.uleb128 0xb
 587 01f5 BA010000 		.4byte	0x1ba
 588 01f9 0B       		.uleb128 0xb
 589 01fa 04020000 		.4byte	0x204
 590 01fe 0B       		.uleb128 0xb
 591 01ff C5010000 		.4byte	0x1c5
 592 0203 00       		.byte	0
 593 0204 09       		.uleb128 0x9
 594 0205 04       		.byte	0x4
 595 0206 0A020000 		.4byte	0x20a
 596 020a 02       		.uleb128 0x2
 597 020b 01       		.byte	0x1
 598 020c 02       		.byte	0x2
 599 020d 19040000 		.4byte	.LASF50
 600 0211 02       		.uleb128 0x2
 601 0212 04       		.byte	0x4
 602 0213 04       		.byte	0x4
 603 0214 E8010000 		.4byte	.LASF51
 604 0218 02       		.uleb128 0x2
 605 0219 08       		.byte	0x8
 606 021a 04       		.byte	0x4
 607 021b 73050000 		.4byte	.LASF52
 608 021f 02       		.uleb128 0x2
 609 0220 01       		.byte	0x1
 610 0221 08       		.byte	0x8
 611 0222 D1030000 		.4byte	.LASF53
 612 0226 02       		.uleb128 0x2
 613 0227 04       		.byte	0x4
 614 0228 07       		.byte	0x7
 615 0229 95000000 		.4byte	.LASF54
 616 022d 0C       		.uleb128 0xc
 617 022e 04       		.byte	0x4
 618 022f 03       		.uleb128 0x3
 619 0230 5D030000 		.4byte	.LASF55
 620 0234 09       		.byte	0x9
 621 0235 39       		.byte	0x39
 622 0236 4C000000 		.4byte	0x4c
 623 023a 03       		.uleb128 0x3
 624 023b CB040000 		.4byte	.LASF56
ARM GAS  C:\Users\Xwx47\AppData\Local\Temp\ccyX471x.s 			page 15


 625 023f 09       		.byte	0x9
 626 0240 3A       		.byte	0x3a
 627 0241 5E000000 		.4byte	0x5e
 628 0245 03       		.uleb128 0x3
 629 0246 9D020000 		.4byte	.LASF57
 630 024a 09       		.byte	0x9
 631 024b 40       		.byte	0x40
 632 024c 8C000000 		.4byte	0x8c
 633 0250 03       		.uleb128 0x3
 634 0251 3B030000 		.4byte	.LASF58
 635 0255 0A       		.byte	0xa
 636 0256 3E       		.byte	0x3e
 637 0257 2D020000 		.4byte	0x22d
 638 025b 05       		.uleb128 0x5
 639 025c 01       		.byte	0x1
 640 025d 37000000 		.4byte	0x37
 641 0261 01       		.byte	0x1
 642 0262 0E       		.byte	0xe
 643 0263 74020000 		.4byte	0x274
 644 0267 06       		.uleb128 0x6
 645 0268 11010000 		.4byte	.LASF59
 646 026c 00       		.byte	0
 647 026d 06       		.uleb128 0x6
 648 026e 55030000 		.4byte	.LASF60
 649 0272 01       		.byte	0x1
 650 0273 00       		.byte	0
 651 0274 05       		.uleb128 0x5
 652 0275 01       		.byte	0x1
 653 0276 37000000 		.4byte	0x37
 654 027a 01       		.byte	0x1
 655 027b 13       		.byte	0x13
 656 027c 93020000 		.4byte	0x293
 657 0280 06       		.uleb128 0x6
 658 0281 7A050000 		.4byte	.LASF61
 659 0285 00       		.byte	0
 660 0286 06       		.uleb128 0x6
 661 0287 24030000 		.4byte	.LASF62
 662 028b 01       		.byte	0x1
 663 028c 06       		.uleb128 0x6
 664 028d 37000000 		.4byte	.LASF63
 665 0291 02       		.byte	0x2
 666 0292 00       		.byte	0
 667 0293 03       		.uleb128 0x3
 668 0294 EA040000 		.4byte	.LASF64
 669 0298 01       		.byte	0x1
 670 0299 17       		.byte	0x17
 671 029a 74020000 		.4byte	0x274
 672 029e 0D       		.uleb128 0xd
 673 029f DB010000 		.4byte	.LASF65
 674 02a3 01       		.byte	0x1
 675 02a4 38       		.byte	0x38
 676 02a5 00000000 		.4byte	.LFB33
 677 02a9 18000000 		.4byte	.LFE33-.LFB33
 678 02ad 01       		.uleb128 0x1
 679 02ae 9C       		.byte	0x9c
 680 02af DE020000 		.4byte	0x2de
 681 02b3 0E       		.uleb128 0xe
ARM GAS  C:\Users\Xwx47\AppData\Local\Temp\ccyX471x.s 			page 16


 682 02b4 D4000000 		.4byte	.LASF67
 683 02b8 01       		.byte	0x1
 684 02b9 3C       		.byte	0x3c
 685 02ba 45020000 		.4byte	0x245
 686 02be 00000000 		.4byte	.LLST0
 687 02c2 0F       		.uleb128 0xf
 688 02c3 06000000 		.4byte	.LVL0
 689 02c7 31050000 		.4byte	0x531
 690 02cb 0F       		.uleb128 0xf
 691 02cc 12000000 		.4byte	.LVL2
 692 02d0 3D050000 		.4byte	0x53d
 693 02d4 0F       		.uleb128 0xf
 694 02d5 16000000 		.4byte	.LVL3
 695 02d9 49050000 		.4byte	0x549
 696 02dd 00       		.byte	0
 697 02de 0D       		.uleb128 0xd
 698 02df 09010000 		.4byte	.LASF66
 699 02e3 01       		.byte	0x1
 700 02e4 4C       		.byte	0x4c
 701 02e5 00000000 		.4byte	.LFB34
 702 02e9 34000000 		.4byte	.LFE34-.LFB34
 703 02ed 01       		.uleb128 0x1
 704 02ee 9C       		.byte	0x9c
 705 02ef 06030000 		.4byte	0x306
 706 02f3 0F       		.uleb128 0xf
 707 02f4 22000000 		.4byte	.LVL4
 708 02f8 9E020000 		.4byte	0x29e
 709 02fc 0F       		.uleb128 0xf
 710 02fd 2E000000 		.4byte	.LVL5
 711 0301 54050000 		.4byte	0x554
 712 0305 00       		.byte	0
 713 0306 10       		.uleb128 0x10
 714 0307 12020000 		.4byte	.LASF70
 715 030b 01       		.byte	0x1
 716 030c 64       		.byte	0x64
 717 030d 00000000 		.4byte	.LFB35
 718 0311 5C000000 		.4byte	.LFE35-.LFB35
 719 0315 01       		.uleb128 0x1
 720 0316 9C       		.byte	0x9c
 721 0317 D8030000 		.4byte	0x3d8
 722 031b 11       		.uleb128 0x11
 723 031c 7A030000 		.4byte	.LASF72
 724 0320 01       		.byte	0x1
 725 0321 64       		.byte	0x64
 726 0322 2D020000 		.4byte	0x22d
 727 0326 13000000 		.4byte	.LLST1
 728 032a 0E       		.uleb128 0xe
 729 032b 22000000 		.4byte	.LASF68
 730 032f 01       		.byte	0x1
 731 0330 68       		.byte	0x68
 732 0331 8C000000 		.4byte	0x8c
 733 0335 34000000 		.4byte	.LLST2
 734 0339 12       		.uleb128 0x12
 735 033a 84020000 		.4byte	.LASF69
 736 033e 01       		.byte	0x1
 737 033f 69       		.byte	0x69
 738 0340 81000000 		.4byte	0x81
ARM GAS  C:\Users\Xwx47\AppData\Local\Temp\ccyX471x.s 			page 17


 739 0344 02       		.uleb128 0x2
 740 0345 91       		.byte	0x91
 741 0346 77       		.sleb128 -9
 742 0347 13       		.uleb128 0x13
 743 0348 16000000 		.4byte	.LVL9
 744 034c 5F050000 		.4byte	0x55f
 745 0350 5B030000 		.4byte	0x35b
 746 0354 14       		.uleb128 0x14
 747 0355 01       		.uleb128 0x1
 748 0356 50       		.byte	0x50
 749 0357 02       		.uleb128 0x2
 750 0358 09       		.byte	0x9
 751 0359 FF       		.byte	0xff
 752 035a 00       		.byte	0
 753 035b 0F       		.uleb128 0xf
 754 035c 1C000000 		.4byte	.LVL11
 755 0360 DE020000 		.4byte	0x2de
 756 0364 13       		.uleb128 0x13
 757 0365 28000000 		.4byte	.LVL13
 758 0369 6A050000 		.4byte	0x56a
 759 036d 77030000 		.4byte	0x377
 760 0371 14       		.uleb128 0x14
 761 0372 01       		.uleb128 0x1
 762 0373 50       		.byte	0x50
 763 0374 01       		.uleb128 0x1
 764 0375 30       		.byte	0x30
 765 0376 00       		.byte	0
 766 0377 13       		.uleb128 0x13
 767 0378 3C000000 		.4byte	.LVL16
 768 037c 75050000 		.4byte	0x575
 769 0380 A2030000 		.4byte	0x3a2
 770 0384 14       		.uleb128 0x14
 771 0385 01       		.uleb128 0x1
 772 0386 50       		.byte	0x50
 773 0387 02       		.uleb128 0x2
 774 0388 74       		.byte	0x74
 775 0389 00       		.sleb128 0
 776 038a 14       		.uleb128 0x14
 777 038b 01       		.uleb128 0x1
 778 038c 51       		.byte	0x51
 779 038d 01       		.uleb128 0x1
 780 038e 31       		.byte	0x31
 781 038f 14       		.uleb128 0x14
 782 0390 01       		.uleb128 0x1
 783 0391 52       		.byte	0x52
 784 0392 02       		.uleb128 0x2
 785 0393 08       		.byte	0x8
 786 0394 55       		.byte	0x55
 787 0395 14       		.uleb128 0x14
 788 0396 01       		.uleb128 0x1
 789 0397 53       		.byte	0x53
 790 0398 02       		.uleb128 0x2
 791 0399 09       		.byte	0x9
 792 039a FF       		.byte	0xff
 793 039b 14       		.uleb128 0x14
 794 039c 02       		.uleb128 0x2
 795 039d 7D       		.byte	0x7d
ARM GAS  C:\Users\Xwx47\AppData\Local\Temp\ccyX471x.s 			page 18


 796 039e 00       		.sleb128 0
 797 039f 01       		.uleb128 0x1
 798 03a0 30       		.byte	0x30
 799 03a1 00       		.byte	0
 800 03a2 13       		.uleb128 0x13
 801 03a3 48000000 		.4byte	.LVL18
 802 03a7 3D050000 		.4byte	0x53d
 803 03ab B5030000 		.4byte	0x3b5
 804 03af 14       		.uleb128 0x14
 805 03b0 01       		.uleb128 0x1
 806 03b1 50       		.byte	0x50
 807 03b2 01       		.uleb128 0x1
 808 03b3 44       		.byte	0x44
 809 03b4 00       		.byte	0
 810 03b5 13       		.uleb128 0x13
 811 03b6 4E000000 		.4byte	.LVL19
 812 03ba 6A050000 		.4byte	0x56a
 813 03be C8030000 		.4byte	0x3c8
 814 03c2 14       		.uleb128 0x14
 815 03c3 01       		.uleb128 0x1
 816 03c4 50       		.byte	0x50
 817 03c5 01       		.uleb128 0x1
 818 03c6 31       		.byte	0x31
 819 03c7 00       		.byte	0
 820 03c8 15       		.uleb128 0x15
 821 03c9 56000000 		.4byte	.LVL21
 822 03cd 3D050000 		.4byte	0x53d
 823 03d1 14       		.uleb128 0x14
 824 03d2 01       		.uleb128 0x1
 825 03d3 50       		.byte	0x50
 826 03d4 01       		.uleb128 0x1
 827 03d5 3A       		.byte	0x3a
 828 03d6 00       		.byte	0
 829 03d7 00       		.byte	0
 830 03d8 16       		.uleb128 0x16
 831 03d9 EE010000 		.4byte	.LASF71
 832 03dd 01       		.byte	0x1
 833 03de 1C       		.byte	0x1c
 834 03df 81000000 		.4byte	0x81
 835 03e3 00000000 		.4byte	.LFB32
 836 03e7 22000000 		.4byte	.LFE32-.LFB32
 837 03eb 01       		.uleb128 0x1
 838 03ec 9C       		.byte	0x9c
 839 03ed 7F040000 		.4byte	0x47f
 840 03f1 11       		.uleb128 0x11
 841 03f2 18010000 		.4byte	.LASF73
 842 03f6 01       		.byte	0x1
 843 03f7 1C       		.byte	0x1c
 844 03f8 B1000000 		.4byte	0xb1
 845 03fc 78000000 		.4byte	.LLST3
 846 0400 11       		.uleb128 0x11
 847 0401 2C050000 		.4byte	.LASF74
 848 0405 01       		.byte	0x1
 849 0406 1C       		.byte	0x1c
 850 0407 81000000 		.4byte	0x81
 851 040b 99000000 		.4byte	.LLST4
 852 040f 11       		.uleb128 0x11
ARM GAS  C:\Users\Xwx47\AppData\Local\Temp\ccyX471x.s 			page 19


 853 0410 6C040000 		.4byte	.LASF75
 854 0414 01       		.byte	0x1
 855 0415 1C       		.byte	0x1c
 856 0416 A9010000 		.4byte	0x1a9
 857 041a BA000000 		.4byte	.LLST5
 858 041e 11       		.uleb128 0x11
 859 041f CE010000 		.4byte	.LASF76
 860 0423 01       		.byte	0x1
 861 0424 1D       		.byte	0x1d
 862 0425 BA010000 		.4byte	0x1ba
 863 0429 DB000000 		.4byte	.LLST6
 864 042d 17       		.uleb128 0x17
 865 042e 9E000000 		.4byte	.LASF77
 866 0432 01       		.byte	0x1
 867 0433 1D       		.byte	0x1d
 868 0434 04020000 		.4byte	0x204
 869 0438 02       		.uleb128 0x2
 870 0439 91       		.byte	0x91
 871 043a 00       		.sleb128 0
 872 043b 17       		.uleb128 0x17
 873 043c C7010000 		.4byte	.LASF78
 874 0440 01       		.byte	0x1
 875 0441 1E       		.byte	0x1e
 876 0442 C5010000 		.4byte	0x1c5
 877 0446 02       		.uleb128 0x2
 878 0447 91       		.byte	0x91
 879 0448 04       		.sleb128 4
 880 0449 13       		.uleb128 0x13
 881 044a 12000000 		.4byte	.LVL26
 882 044e 80050000 		.4byte	0x580
 883 0452 5C040000 		.4byte	0x45c
 884 0456 14       		.uleb128 0x14
 885 0457 01       		.uleb128 0x1
 886 0458 50       		.byte	0x50
 887 0459 01       		.uleb128 0x1
 888 045a 30       		.byte	0x30
 889 045b 00       		.byte	0
 890 045c 13       		.uleb128 0x13
 891 045d 18000000 		.4byte	.LVL27
 892 0461 3D050000 		.4byte	0x53d
 893 0465 6F040000 		.4byte	0x46f
 894 0469 14       		.uleb128 0x14
 895 046a 01       		.uleb128 0x1
 896 046b 50       		.byte	0x50
 897 046c 01       		.uleb128 0x1
 898 046d 44       		.byte	0x44
 899 046e 00       		.byte	0
 900 046f 15       		.uleb128 0x15
 901 0470 1E000000 		.4byte	.LVL28
 902 0474 80050000 		.4byte	0x580
 903 0478 14       		.uleb128 0x14
 904 0479 01       		.uleb128 0x1
 905 047a 50       		.byte	0x50
 906 047b 01       		.uleb128 0x1
 907 047c 31       		.byte	0x31
 908 047d 00       		.byte	0
 909 047e 00       		.byte	0
ARM GAS  C:\Users\Xwx47\AppData\Local\Temp\ccyX471x.s 			page 20


 910 047f 18       		.uleb128 0x18
 911 0480 A6000000 		.4byte	.LASF96
 912 0484 01       		.byte	0x1
 913 0485 8B       		.byte	0x8b
 914 0486 00000000 		.4byte	.LFB36
 915 048a 34000000 		.4byte	.LFE36-.LFB36
 916 048e 01       		.uleb128 0x1
 917 048f 9C       		.byte	0x9c
 918 0490 F5040000 		.4byte	0x4f5
 919 0494 12       		.uleb128 0x12
 920 0495 60000000 		.4byte	.LASF79
 921 0499 01       		.byte	0x1
 922 049a 8D       		.byte	0x8d
 923 049b 2F020000 		.4byte	0x22f
 924 049f 01       		.uleb128 0x1
 925 04a0 50       		.byte	0x50
 926 04a1 0F       		.uleb128 0xf
 927 04a2 08000000 		.4byte	.LVL29
 928 04a6 8B050000 		.4byte	0x58b
 929 04aa 13       		.uleb128 0x13
 930 04ab 0E000000 		.4byte	.LVL30
 931 04af 96050000 		.4byte	0x596
 932 04b3 C1040000 		.4byte	0x4c1
 933 04b7 14       		.uleb128 0x14
 934 04b8 01       		.uleb128 0x1
 935 04b9 50       		.byte	0x50
 936 04ba 05       		.uleb128 0x5
 937 04bb 03       		.byte	0x3
 938 04bc 00000000 		.4byte	.LANCHOR1
 939 04c0 00       		.byte	0
 940 04c1 15       		.uleb128 0x15
 941 04c2 1E000000 		.4byte	.LVL31
 942 04c6 A1050000 		.4byte	0x5a1
 943 04ca 14       		.uleb128 0x14
 944 04cb 01       		.uleb128 0x1
 945 04cc 50       		.byte	0x50
 946 04cd 05       		.uleb128 0x5
 947 04ce 03       		.byte	0x3
 948 04cf 00000000 		.4byte	RNetTask
 949 04d3 14       		.uleb128 0x14
 950 04d4 01       		.uleb128 0x1
 951 04d5 51       		.byte	0x51
 952 04d6 05       		.uleb128 0x5
 953 04d7 03       		.byte	0x3
 954 04d8 00000000 		.4byte	.LC3
 955 04dc 14       		.uleb128 0x14
 956 04dd 01       		.uleb128 0x1
 957 04de 52       		.byte	0x52
 958 04df 02       		.uleb128 0x2
 959 04e0 08       		.byte	0x8
 960 04e1 32       		.byte	0x32
 961 04e2 14       		.uleb128 0x14
 962 04e3 01       		.uleb128 0x1
 963 04e4 53       		.byte	0x53
 964 04e5 01       		.uleb128 0x1
 965 04e6 30       		.byte	0x30
 966 04e7 14       		.uleb128 0x14
ARM GAS  C:\Users\Xwx47\AppData\Local\Temp\ccyX471x.s 			page 21


 967 04e8 02       		.uleb128 0x2
 968 04e9 7D       		.byte	0x7d
 969 04ea 00       		.sleb128 0
 970 04eb 01       		.uleb128 0x1
 971 04ec 30       		.byte	0x30
 972 04ed 14       		.uleb128 0x14
 973 04ee 02       		.uleb128 0x2
 974 04ef 7D       		.byte	0x7d
 975 04f0 04       		.sleb128 4
 976 04f1 01       		.uleb128 0x1
 977 04f2 30       		.byte	0x30
 978 04f3 00       		.byte	0
 979 04f4 00       		.byte	0
 980 04f5 12       		.uleb128 0x12
 981 04f6 31050000 		.4byte	.LASF80
 982 04fa 01       		.byte	0x1
 983 04fb 19       		.byte	0x19
 984 04fc 93020000 		.4byte	0x293
 985 0500 05       		.uleb128 0x5
 986 0501 03       		.byte	0x3
 987 0502 00000000 		.4byte	appState
 988 0506 19       		.uleb128 0x19
 989 0507 16050000 		.4byte	0x516
 990 050b 16050000 		.4byte	0x516
 991 050f 1A       		.uleb128 0x1a
 992 0510 26020000 		.4byte	0x226
 993 0514 01       		.byte	0x1
 994 0515 00       		.byte	0
 995 0516 1B       		.uleb128 0x1b
 996 0517 CB010000 		.4byte	0x1cb
 997 051b 12       		.uleb128 0x12
 998 051c 2E020000 		.4byte	.LASF81
 999 0520 01       		.byte	0x1
 1000 0521 33       		.byte	0x33
 1001 0522 2C050000 		.4byte	0x52c
 1002 0526 05       		.uleb128 0x5
 1003 0527 03       		.byte	0x3
 1004 0528 00000000 		.4byte	handlerTable
 1005 052c 1B       		.uleb128 0x1b
 1006 052d 06050000 		.4byte	0x506
 1007 0531 1C       		.uleb128 0x1c
 1008 0532 61020000 		.4byte	.LASF82
 1009 0536 61020000 		.4byte	.LASF82
 1010 053a 0A       		.byte	0xa
 1011 053b 3F05     		.2byte	0x53f
 1012 053d 1C       		.uleb128 0x1c
 1013 053e 71040000 		.4byte	.LASF83
 1014 0542 71040000 		.4byte	.LASF83
 1015 0546 0A       		.byte	0xa
 1016 0547 EE02     		.2byte	0x2ee
 1017 0549 1D       		.uleb128 0x1d
 1018 054a 00000000 		.4byte	.LASF84
 1019 054e 00000000 		.4byte	.LASF84
 1020 0552 0B       		.byte	0xb
 1021 0553 1D       		.byte	0x1d
 1022 0554 1D       		.uleb128 0x1d
 1023 0555 FB000000 		.4byte	.LASF85
ARM GAS  C:\Users\Xwx47\AppData\Local\Temp\ccyX471x.s 			page 22


 1024 0559 FB000000 		.4byte	.LASF85
 1025 055d 0B       		.byte	0xb
 1026 055e 2F       		.byte	0x2f
 1027 055f 1D       		.uleb128 0x1d
 1028 0560 98030000 		.4byte	.LASF86
 1029 0564 98030000 		.4byte	.LASF86
 1030 0568 08       		.byte	0x8
 1031 0569 40       		.byte	0x40
 1032 056a 1D       		.uleb128 0x1d
 1033 056b 43000000 		.4byte	.LASF87
 1034 056f 43000000 		.4byte	.LASF87
 1035 0573 0C       		.byte	0xc
 1036 0574 33       		.byte	0x33
 1037 0575 1D       		.uleb128 0x1d
 1038 0576 07050000 		.4byte	.LASF88
 1039 057a 07050000 		.4byte	.LASF88
 1040 057e 08       		.byte	0x8
 1041 057f 4B       		.byte	0x4b
 1042 0580 1D       		.uleb128 0x1d
 1043 0581 AC040000 		.4byte	.LASF89
 1044 0585 AC040000 		.4byte	.LASF89
 1045 0589 0D       		.byte	0xd
 1046 058a 33       		.byte	0x33
 1047 058b 1D       		.uleb128 0x1d
 1048 058c BB010000 		.4byte	.LASF90
 1049 0590 BB010000 		.4byte	.LASF90
 1050 0594 0E       		.byte	0xe
 1051 0595 0E       		.byte	0xe
 1052 0596 1D       		.uleb128 0x1d
 1053 0597 6F000000 		.4byte	.LASF91
 1054 059b 6F000000 		.4byte	.LASF91
 1055 059f 08       		.byte	0x8
 1056 05a0 2F       		.byte	0x2f
 1057 05a1 1C       		.uleb128 0x1c
 1058 05a2 3E040000 		.4byte	.LASF92
 1059 05a6 3E040000 		.4byte	.LASF92
 1060 05aa 0A       		.byte	0xa
 1061 05ab 4201     		.2byte	0x142
 1062 05ad 00       		.byte	0
 1063              		.section	.debug_abbrev,"",%progbits
 1064              	.Ldebug_abbrev0:
 1065 0000 01       		.uleb128 0x1
 1066 0001 11       		.uleb128 0x11
 1067 0002 01       		.byte	0x1
 1068 0003 25       		.uleb128 0x25
 1069 0004 0E       		.uleb128 0xe
 1070 0005 13       		.uleb128 0x13
 1071 0006 0B       		.uleb128 0xb
 1072 0007 03       		.uleb128 0x3
 1073 0008 0E       		.uleb128 0xe
 1074 0009 1B       		.uleb128 0x1b
 1075 000a 0E       		.uleb128 0xe
 1076 000b 55       		.uleb128 0x55
 1077 000c 17       		.uleb128 0x17
 1078 000d 11       		.uleb128 0x11
 1079 000e 01       		.uleb128 0x1
 1080 000f 10       		.uleb128 0x10
ARM GAS  C:\Users\Xwx47\AppData\Local\Temp\ccyX471x.s 			page 23


 1081 0010 17       		.uleb128 0x17
 1082 0011 00       		.byte	0
 1083 0012 00       		.byte	0
 1084 0013 02       		.uleb128 0x2
 1085 0014 24       		.uleb128 0x24
 1086 0015 00       		.byte	0
 1087 0016 0B       		.uleb128 0xb
 1088 0017 0B       		.uleb128 0xb
 1089 0018 3E       		.uleb128 0x3e
 1090 0019 0B       		.uleb128 0xb
 1091 001a 03       		.uleb128 0x3
 1092 001b 0E       		.uleb128 0xe
 1093 001c 00       		.byte	0
 1094 001d 00       		.byte	0
 1095 001e 03       		.uleb128 0x3
 1096 001f 16       		.uleb128 0x16
 1097 0020 00       		.byte	0
 1098 0021 03       		.uleb128 0x3
 1099 0022 0E       		.uleb128 0xe
 1100 0023 3A       		.uleb128 0x3a
 1101 0024 0B       		.uleb128 0xb
 1102 0025 3B       		.uleb128 0x3b
 1103 0026 0B       		.uleb128 0xb
 1104 0027 49       		.uleb128 0x49
 1105 0028 13       		.uleb128 0x13
 1106 0029 00       		.byte	0
 1107 002a 00       		.byte	0
 1108 002b 04       		.uleb128 0x4
 1109 002c 24       		.uleb128 0x24
 1110 002d 00       		.byte	0
 1111 002e 0B       		.uleb128 0xb
 1112 002f 0B       		.uleb128 0xb
 1113 0030 3E       		.uleb128 0x3e
 1114 0031 0B       		.uleb128 0xb
 1115 0032 03       		.uleb128 0x3
 1116 0033 08       		.uleb128 0x8
 1117 0034 00       		.byte	0
 1118 0035 00       		.byte	0
 1119 0036 05       		.uleb128 0x5
 1120 0037 04       		.uleb128 0x4
 1121 0038 01       		.byte	0x1
 1122 0039 0B       		.uleb128 0xb
 1123 003a 0B       		.uleb128 0xb
 1124 003b 49       		.uleb128 0x49
 1125 003c 13       		.uleb128 0x13
 1126 003d 3A       		.uleb128 0x3a
 1127 003e 0B       		.uleb128 0xb
 1128 003f 3B       		.uleb128 0x3b
 1129 0040 0B       		.uleb128 0xb
 1130 0041 01       		.uleb128 0x1
 1131 0042 13       		.uleb128 0x13
 1132 0043 00       		.byte	0
 1133 0044 00       		.byte	0
 1134 0045 06       		.uleb128 0x6
 1135 0046 28       		.uleb128 0x28
 1136 0047 00       		.byte	0
 1137 0048 03       		.uleb128 0x3
ARM GAS  C:\Users\Xwx47\AppData\Local\Temp\ccyX471x.s 			page 24


 1138 0049 0E       		.uleb128 0xe
 1139 004a 1C       		.uleb128 0x1c
 1140 004b 0B       		.uleb128 0xb
 1141 004c 00       		.byte	0
 1142 004d 00       		.byte	0
 1143 004e 07       		.uleb128 0x7
 1144 004f 13       		.uleb128 0x13
 1145 0050 01       		.byte	0x1
 1146 0051 0B       		.uleb128 0xb
 1147 0052 0B       		.uleb128 0xb
 1148 0053 3A       		.uleb128 0x3a
 1149 0054 0B       		.uleb128 0xb
 1150 0055 3B       		.uleb128 0x3b
 1151 0056 0B       		.uleb128 0xb
 1152 0057 01       		.uleb128 0x1
 1153 0058 13       		.uleb128 0x13
 1154 0059 00       		.byte	0
 1155 005a 00       		.byte	0
 1156 005b 08       		.uleb128 0x8
 1157 005c 0D       		.uleb128 0xd
 1158 005d 00       		.byte	0
 1159 005e 03       		.uleb128 0x3
 1160 005f 0E       		.uleb128 0xe
 1161 0060 3A       		.uleb128 0x3a
 1162 0061 0B       		.uleb128 0xb
 1163 0062 3B       		.uleb128 0x3b
 1164 0063 0B       		.uleb128 0xb
 1165 0064 49       		.uleb128 0x49
 1166 0065 13       		.uleb128 0x13
 1167 0066 38       		.uleb128 0x38
 1168 0067 0B       		.uleb128 0xb
 1169 0068 00       		.byte	0
 1170 0069 00       		.byte	0
 1171 006a 09       		.uleb128 0x9
 1172 006b 0F       		.uleb128 0xf
 1173 006c 00       		.byte	0
 1174 006d 0B       		.uleb128 0xb
 1175 006e 0B       		.uleb128 0xb
 1176 006f 49       		.uleb128 0x49
 1177 0070 13       		.uleb128 0x13
 1178 0071 00       		.byte	0
 1179 0072 00       		.byte	0
 1180 0073 0A       		.uleb128 0xa
 1181 0074 15       		.uleb128 0x15
 1182 0075 01       		.byte	0x1
 1183 0076 27       		.uleb128 0x27
 1184 0077 19       		.uleb128 0x19
 1185 0078 49       		.uleb128 0x49
 1186 0079 13       		.uleb128 0x13
 1187 007a 01       		.uleb128 0x1
 1188 007b 13       		.uleb128 0x13
 1189 007c 00       		.byte	0
 1190 007d 00       		.byte	0
 1191 007e 0B       		.uleb128 0xb
 1192 007f 05       		.uleb128 0x5
 1193 0080 00       		.byte	0
 1194 0081 49       		.uleb128 0x49
ARM GAS  C:\Users\Xwx47\AppData\Local\Temp\ccyX471x.s 			page 25


 1195 0082 13       		.uleb128 0x13
 1196 0083 00       		.byte	0
 1197 0084 00       		.byte	0
 1198 0085 0C       		.uleb128 0xc
 1199 0086 0F       		.uleb128 0xf
 1200 0087 00       		.byte	0
 1201 0088 0B       		.uleb128 0xb
 1202 0089 0B       		.uleb128 0xb
 1203 008a 00       		.byte	0
 1204 008b 00       		.byte	0
 1205 008c 0D       		.uleb128 0xd
 1206 008d 2E       		.uleb128 0x2e
 1207 008e 01       		.byte	0x1
 1208 008f 03       		.uleb128 0x3
 1209 0090 0E       		.uleb128 0xe
 1210 0091 3A       		.uleb128 0x3a
 1211 0092 0B       		.uleb128 0xb
 1212 0093 3B       		.uleb128 0x3b
 1213 0094 0B       		.uleb128 0xb
 1214 0095 27       		.uleb128 0x27
 1215 0096 19       		.uleb128 0x19
 1216 0097 11       		.uleb128 0x11
 1217 0098 01       		.uleb128 0x1
 1218 0099 12       		.uleb128 0x12
 1219 009a 06       		.uleb128 0x6
 1220 009b 40       		.uleb128 0x40
 1221 009c 18       		.uleb128 0x18
 1222 009d 9742     		.uleb128 0x2117
 1223 009f 19       		.uleb128 0x19
 1224 00a0 01       		.uleb128 0x1
 1225 00a1 13       		.uleb128 0x13
 1226 00a2 00       		.byte	0
 1227 00a3 00       		.byte	0
 1228 00a4 0E       		.uleb128 0xe
 1229 00a5 34       		.uleb128 0x34
 1230 00a6 00       		.byte	0
 1231 00a7 03       		.uleb128 0x3
 1232 00a8 0E       		.uleb128 0xe
 1233 00a9 3A       		.uleb128 0x3a
 1234 00aa 0B       		.uleb128 0xb
 1235 00ab 3B       		.uleb128 0x3b
 1236 00ac 0B       		.uleb128 0xb
 1237 00ad 49       		.uleb128 0x49
 1238 00ae 13       		.uleb128 0x13
 1239 00af 02       		.uleb128 0x2
 1240 00b0 17       		.uleb128 0x17
 1241 00b1 00       		.byte	0
 1242 00b2 00       		.byte	0
 1243 00b3 0F       		.uleb128 0xf
 1244 00b4 898201   		.uleb128 0x4109
 1245 00b7 00       		.byte	0
 1246 00b8 11       		.uleb128 0x11
 1247 00b9 01       		.uleb128 0x1
 1248 00ba 31       		.uleb128 0x31
 1249 00bb 13       		.uleb128 0x13
 1250 00bc 00       		.byte	0
 1251 00bd 00       		.byte	0
ARM GAS  C:\Users\Xwx47\AppData\Local\Temp\ccyX471x.s 			page 26


 1252 00be 10       		.uleb128 0x10
 1253 00bf 2E       		.uleb128 0x2e
 1254 00c0 01       		.byte	0x1
 1255 00c1 03       		.uleb128 0x3
 1256 00c2 0E       		.uleb128 0xe
 1257 00c3 3A       		.uleb128 0x3a
 1258 00c4 0B       		.uleb128 0xb
 1259 00c5 3B       		.uleb128 0x3b
 1260 00c6 0B       		.uleb128 0xb
 1261 00c7 27       		.uleb128 0x27
 1262 00c8 19       		.uleb128 0x19
 1263 00c9 8701     		.uleb128 0x87
 1264 00cb 19       		.uleb128 0x19
 1265 00cc 11       		.uleb128 0x11
 1266 00cd 01       		.uleb128 0x1
 1267 00ce 12       		.uleb128 0x12
 1268 00cf 06       		.uleb128 0x6
 1269 00d0 40       		.uleb128 0x40
 1270 00d1 18       		.uleb128 0x18
 1271 00d2 9742     		.uleb128 0x2117
 1272 00d4 19       		.uleb128 0x19
 1273 00d5 01       		.uleb128 0x1
 1274 00d6 13       		.uleb128 0x13
 1275 00d7 00       		.byte	0
 1276 00d8 00       		.byte	0
 1277 00d9 11       		.uleb128 0x11
 1278 00da 05       		.uleb128 0x5
 1279 00db 00       		.byte	0
 1280 00dc 03       		.uleb128 0x3
 1281 00dd 0E       		.uleb128 0xe
 1282 00de 3A       		.uleb128 0x3a
 1283 00df 0B       		.uleb128 0xb
 1284 00e0 3B       		.uleb128 0x3b
 1285 00e1 0B       		.uleb128 0xb
 1286 00e2 49       		.uleb128 0x49
 1287 00e3 13       		.uleb128 0x13
 1288 00e4 02       		.uleb128 0x2
 1289 00e5 17       		.uleb128 0x17
 1290 00e6 00       		.byte	0
 1291 00e7 00       		.byte	0
 1292 00e8 12       		.uleb128 0x12
 1293 00e9 34       		.uleb128 0x34
 1294 00ea 00       		.byte	0
 1295 00eb 03       		.uleb128 0x3
 1296 00ec 0E       		.uleb128 0xe
 1297 00ed 3A       		.uleb128 0x3a
 1298 00ee 0B       		.uleb128 0xb
 1299 00ef 3B       		.uleb128 0x3b
 1300 00f0 0B       		.uleb128 0xb
 1301 00f1 49       		.uleb128 0x49
 1302 00f2 13       		.uleb128 0x13
 1303 00f3 02       		.uleb128 0x2
 1304 00f4 18       		.uleb128 0x18
 1305 00f5 00       		.byte	0
 1306 00f6 00       		.byte	0
 1307 00f7 13       		.uleb128 0x13
 1308 00f8 898201   		.uleb128 0x4109
ARM GAS  C:\Users\Xwx47\AppData\Local\Temp\ccyX471x.s 			page 27


 1309 00fb 01       		.byte	0x1
 1310 00fc 11       		.uleb128 0x11
 1311 00fd 01       		.uleb128 0x1
 1312 00fe 31       		.uleb128 0x31
 1313 00ff 13       		.uleb128 0x13
 1314 0100 01       		.uleb128 0x1
 1315 0101 13       		.uleb128 0x13
 1316 0102 00       		.byte	0
 1317 0103 00       		.byte	0
 1318 0104 14       		.uleb128 0x14
 1319 0105 8A8201   		.uleb128 0x410a
 1320 0108 00       		.byte	0
 1321 0109 02       		.uleb128 0x2
 1322 010a 18       		.uleb128 0x18
 1323 010b 9142     		.uleb128 0x2111
 1324 010d 18       		.uleb128 0x18
 1325 010e 00       		.byte	0
 1326 010f 00       		.byte	0
 1327 0110 15       		.uleb128 0x15
 1328 0111 898201   		.uleb128 0x4109
 1329 0114 01       		.byte	0x1
 1330 0115 11       		.uleb128 0x11
 1331 0116 01       		.uleb128 0x1
 1332 0117 31       		.uleb128 0x31
 1333 0118 13       		.uleb128 0x13
 1334 0119 00       		.byte	0
 1335 011a 00       		.byte	0
 1336 011b 16       		.uleb128 0x16
 1337 011c 2E       		.uleb128 0x2e
 1338 011d 01       		.byte	0x1
 1339 011e 03       		.uleb128 0x3
 1340 011f 0E       		.uleb128 0xe
 1341 0120 3A       		.uleb128 0x3a
 1342 0121 0B       		.uleb128 0xb
 1343 0122 3B       		.uleb128 0x3b
 1344 0123 0B       		.uleb128 0xb
 1345 0124 27       		.uleb128 0x27
 1346 0125 19       		.uleb128 0x19
 1347 0126 49       		.uleb128 0x49
 1348 0127 13       		.uleb128 0x13
 1349 0128 11       		.uleb128 0x11
 1350 0129 01       		.uleb128 0x1
 1351 012a 12       		.uleb128 0x12
 1352 012b 06       		.uleb128 0x6
 1353 012c 40       		.uleb128 0x40
 1354 012d 18       		.uleb128 0x18
 1355 012e 9742     		.uleb128 0x2117
 1356 0130 19       		.uleb128 0x19
 1357 0131 01       		.uleb128 0x1
 1358 0132 13       		.uleb128 0x13
 1359 0133 00       		.byte	0
 1360 0134 00       		.byte	0
 1361 0135 17       		.uleb128 0x17
 1362 0136 05       		.uleb128 0x5
 1363 0137 00       		.byte	0
 1364 0138 03       		.uleb128 0x3
 1365 0139 0E       		.uleb128 0xe
ARM GAS  C:\Users\Xwx47\AppData\Local\Temp\ccyX471x.s 			page 28


 1366 013a 3A       		.uleb128 0x3a
 1367 013b 0B       		.uleb128 0xb
 1368 013c 3B       		.uleb128 0x3b
 1369 013d 0B       		.uleb128 0xb
 1370 013e 49       		.uleb128 0x49
 1371 013f 13       		.uleb128 0x13
 1372 0140 02       		.uleb128 0x2
 1373 0141 18       		.uleb128 0x18
 1374 0142 00       		.byte	0
 1375 0143 00       		.byte	0
 1376 0144 18       		.uleb128 0x18
 1377 0145 2E       		.uleb128 0x2e
 1378 0146 01       		.byte	0x1
 1379 0147 3F       		.uleb128 0x3f
 1380 0148 19       		.uleb128 0x19
 1381 0149 03       		.uleb128 0x3
 1382 014a 0E       		.uleb128 0xe
 1383 014b 3A       		.uleb128 0x3a
 1384 014c 0B       		.uleb128 0xb
 1385 014d 3B       		.uleb128 0x3b
 1386 014e 0B       		.uleb128 0xb
 1387 014f 27       		.uleb128 0x27
 1388 0150 19       		.uleb128 0x19
 1389 0151 11       		.uleb128 0x11
 1390 0152 01       		.uleb128 0x1
 1391 0153 12       		.uleb128 0x12
 1392 0154 06       		.uleb128 0x6
 1393 0155 40       		.uleb128 0x40
 1394 0156 18       		.uleb128 0x18
 1395 0157 9742     		.uleb128 0x2117
 1396 0159 19       		.uleb128 0x19
 1397 015a 01       		.uleb128 0x1
 1398 015b 13       		.uleb128 0x13
 1399 015c 00       		.byte	0
 1400 015d 00       		.byte	0
 1401 015e 19       		.uleb128 0x19
 1402 015f 01       		.uleb128 0x1
 1403 0160 01       		.byte	0x1
 1404 0161 49       		.uleb128 0x49
 1405 0162 13       		.uleb128 0x13
 1406 0163 01       		.uleb128 0x1
 1407 0164 13       		.uleb128 0x13
 1408 0165 00       		.byte	0
 1409 0166 00       		.byte	0
 1410 0167 1A       		.uleb128 0x1a
 1411 0168 21       		.uleb128 0x21
 1412 0169 00       		.byte	0
 1413 016a 49       		.uleb128 0x49
 1414 016b 13       		.uleb128 0x13
 1415 016c 2F       		.uleb128 0x2f
 1416 016d 0B       		.uleb128 0xb
 1417 016e 00       		.byte	0
 1418 016f 00       		.byte	0
 1419 0170 1B       		.uleb128 0x1b
 1420 0171 26       		.uleb128 0x26
 1421 0172 00       		.byte	0
 1422 0173 49       		.uleb128 0x49
ARM GAS  C:\Users\Xwx47\AppData\Local\Temp\ccyX471x.s 			page 29


 1423 0174 13       		.uleb128 0x13
 1424 0175 00       		.byte	0
 1425 0176 00       		.byte	0
 1426 0177 1C       		.uleb128 0x1c
 1427 0178 2E       		.uleb128 0x2e
 1428 0179 00       		.byte	0
 1429 017a 3F       		.uleb128 0x3f
 1430 017b 19       		.uleb128 0x19
 1431 017c 3C       		.uleb128 0x3c
 1432 017d 19       		.uleb128 0x19
 1433 017e 6E       		.uleb128 0x6e
 1434 017f 0E       		.uleb128 0xe
 1435 0180 03       		.uleb128 0x3
 1436 0181 0E       		.uleb128 0xe
 1437 0182 3A       		.uleb128 0x3a
 1438 0183 0B       		.uleb128 0xb
 1439 0184 3B       		.uleb128 0x3b
 1440 0185 05       		.uleb128 0x5
 1441 0186 00       		.byte	0
 1442 0187 00       		.byte	0
 1443 0188 1D       		.uleb128 0x1d
 1444 0189 2E       		.uleb128 0x2e
 1445 018a 00       		.byte	0
 1446 018b 3F       		.uleb128 0x3f
 1447 018c 19       		.uleb128 0x19
 1448 018d 3C       		.uleb128 0x3c
 1449 018e 19       		.uleb128 0x19
 1450 018f 6E       		.uleb128 0x6e
 1451 0190 0E       		.uleb128 0xe
 1452 0191 03       		.uleb128 0x3
 1453 0192 0E       		.uleb128 0xe
 1454 0193 3A       		.uleb128 0x3a
 1455 0194 0B       		.uleb128 0xb
 1456 0195 3B       		.uleb128 0x3b
 1457 0196 0B       		.uleb128 0xb
 1458 0197 00       		.byte	0
 1459 0198 00       		.byte	0
 1460 0199 00       		.byte	0
 1461              		.section	.debug_loc,"",%progbits
 1462              	.Ldebug_loc0:
 1463              	.LLST0:
 1464 0000 06000000 		.4byte	.LVL0
 1465 0004 11000000 		.4byte	.LVL2-1
 1466 0008 0100     		.2byte	0x1
 1467 000a 50       		.byte	0x50
 1468 000b 00000000 		.4byte	0
 1469 000f 00000000 		.4byte	0
 1470              	.LLST1:
 1471 0013 00000000 		.4byte	.LVL6
 1472 0017 12000000 		.4byte	.LVL8
 1473 001b 0100     		.2byte	0x1
 1474 001d 50       		.byte	0x50
 1475 001e 12000000 		.4byte	.LVL8
 1476 0022 5C000000 		.4byte	.LFE35
 1477 0026 0400     		.2byte	0x4
 1478 0028 F3       		.byte	0xf3
 1479 0029 01       		.uleb128 0x1
ARM GAS  C:\Users\Xwx47\AppData\Local\Temp\ccyX471x.s 			page 30


 1480 002a 50       		.byte	0x50
 1481 002b 9F       		.byte	0x9f
 1482 002c 00000000 		.4byte	0
 1483 0030 00000000 		.4byte	0
 1484              	.LLST2:
 1485 0034 04000000 		.4byte	.LVL7
 1486 0038 18000000 		.4byte	.LVL10
 1487 003c 0200     		.2byte	0x2
 1488 003e 30       		.byte	0x30
 1489 003f 9F       		.byte	0x9f
 1490 0040 18000000 		.4byte	.LVL10
 1491 0044 2A000000 		.4byte	.LVL14
 1492 0048 0100     		.2byte	0x1
 1493 004a 54       		.byte	0x54
 1494 004b 2A000000 		.4byte	.LVL14
 1495 004f 2C000000 		.4byte	.LVL15
 1496 0053 0400     		.2byte	0x4
 1497 0055 74       		.byte	0x74
 1498 0056 D500     		.sleb128 85
 1499 0058 9F       		.byte	0x9f
 1500 0059 42000000 		.4byte	.LVL17
 1501 005d 50000000 		.4byte	.LVL20
 1502 0061 0200     		.2byte	0x2
 1503 0063 30       		.byte	0x30
 1504 0064 9F       		.byte	0x9f
 1505 0065 50000000 		.4byte	.LVL20
 1506 0069 5C000000 		.4byte	.LFE35
 1507 006d 0100     		.2byte	0x1
 1508 006f 54       		.byte	0x54
 1509 0070 00000000 		.4byte	0
 1510 0074 00000000 		.4byte	0
 1511              	.LLST3:
 1512 0078 00000000 		.4byte	.LVL22
 1513 007c 0E000000 		.4byte	.LVL25
 1514 0080 0100     		.2byte	0x1
 1515 0082 50       		.byte	0x50
 1516 0083 0E000000 		.4byte	.LVL25
 1517 0087 22000000 		.4byte	.LFE32
 1518 008b 0400     		.2byte	0x4
 1519 008d F3       		.byte	0xf3
 1520 008e 01       		.uleb128 0x1
 1521 008f 50       		.byte	0x50
 1522 0090 9F       		.byte	0x9f
 1523 0091 00000000 		.4byte	0
 1524 0095 00000000 		.4byte	0
 1525              	.LLST4:
 1526 0099 00000000 		.4byte	.LVL22
 1527 009d 11000000 		.4byte	.LVL26-1
 1528 00a1 0100     		.2byte	0x1
 1529 00a3 51       		.byte	0x51
 1530 00a4 11000000 		.4byte	.LVL26-1
 1531 00a8 22000000 		.4byte	.LFE32
 1532 00ac 0400     		.2byte	0x4
 1533 00ae F3       		.byte	0xf3
 1534 00af 01       		.uleb128 0x1
 1535 00b0 51       		.byte	0x51
 1536 00b1 9F       		.byte	0x9f
ARM GAS  C:\Users\Xwx47\AppData\Local\Temp\ccyX471x.s 			page 31


 1537 00b2 00000000 		.4byte	0
 1538 00b6 00000000 		.4byte	0
 1539              	.LLST5:
 1540 00ba 00000000 		.4byte	.LVL22
 1541 00be 0A000000 		.4byte	.LVL24
 1542 00c2 0100     		.2byte	0x1
 1543 00c4 52       		.byte	0x52
 1544 00c5 0A000000 		.4byte	.LVL24
 1545 00c9 22000000 		.4byte	.LFE32
 1546 00cd 0400     		.2byte	0x4
 1547 00cf F3       		.byte	0xf3
 1548 00d0 01       		.uleb128 0x1
 1549 00d1 52       		.byte	0x52
 1550 00d2 9F       		.byte	0x9f
 1551 00d3 00000000 		.4byte	0
 1552 00d7 00000000 		.4byte	0
 1553              	.LLST6:
 1554 00db 00000000 		.4byte	.LVL22
 1555 00df 08000000 		.4byte	.LVL23
 1556 00e3 0100     		.2byte	0x1
 1557 00e5 53       		.byte	0x53
 1558 00e6 08000000 		.4byte	.LVL23
 1559 00ea 22000000 		.4byte	.LFE32
 1560 00ee 0400     		.2byte	0x4
 1561 00f0 F3       		.byte	0xf3
 1562 00f1 01       		.uleb128 0x1
 1563 00f2 53       		.byte	0x53
 1564 00f3 9F       		.byte	0x9f
 1565 00f4 00000000 		.4byte	0
 1566 00f8 00000000 		.4byte	0
 1567              		.section	.debug_aranges,"",%progbits
 1568 0000 3C000000 		.4byte	0x3c
 1569 0004 0200     		.2byte	0x2
 1570 0006 00000000 		.4byte	.Ldebug_info0
 1571 000a 04       		.byte	0x4
 1572 000b 00       		.byte	0
 1573 000c 0000     		.2byte	0
 1574 000e 0000     		.2byte	0
 1575 0010 00000000 		.4byte	.LFB33
 1576 0014 18000000 		.4byte	.LFE33-.LFB33
 1577 0018 00000000 		.4byte	.LFB34
 1578 001c 34000000 		.4byte	.LFE34-.LFB34
 1579 0020 00000000 		.4byte	.LFB35
 1580 0024 5C000000 		.4byte	.LFE35-.LFB35
 1581 0028 00000000 		.4byte	.LFB32
 1582 002c 22000000 		.4byte	.LFE32-.LFB32
 1583 0030 00000000 		.4byte	.LFB36
 1584 0034 34000000 		.4byte	.LFE36-.LFB36
 1585 0038 00000000 		.4byte	0
 1586 003c 00000000 		.4byte	0
 1587              		.section	.debug_ranges,"",%progbits
 1588              	.Ldebug_ranges0:
 1589 0000 00000000 		.4byte	.LFB33
 1590 0004 18000000 		.4byte	.LFE33
 1591 0008 00000000 		.4byte	.LFB34
 1592 000c 34000000 		.4byte	.LFE34
 1593 0010 00000000 		.4byte	.LFB35
ARM GAS  C:\Users\Xwx47\AppData\Local\Temp\ccyX471x.s 			page 32


 1594 0014 5C000000 		.4byte	.LFE35
 1595 0018 00000000 		.4byte	.LFB32
 1596 001c 22000000 		.4byte	.LFE32
 1597 0020 00000000 		.4byte	.LFB36
 1598 0024 34000000 		.4byte	.LFE36
 1599 0028 00000000 		.4byte	0
 1600 002c 00000000 		.4byte	0
 1601              		.section	.debug_line,"",%progbits
 1602              	.Ldebug_line0:
 1603 0000 7E020000 		.section	.debug_str,"MS",%progbits,1
 1603      0200FA01 
 1603      00000201 
 1603      FB0E0D00 
 1603      01010101 
 1604              	.LASF84:
 1605 0000 52414449 		.ascii	"RADIO_PowerUp\000"
 1605      4F5F506F 
 1605      77657255 
 1605      7000
 1606              	.LASF39:
 1607 000e 4E52465F 		.ascii	"NRF_FIFO_STATUS_REG\000"
 1607      4649464F 
 1607      5F535441 
 1607      5455535F 
 1607      52454700 
 1608              	.LASF68:
 1609 0022 636E7472 		.ascii	"cntr\000"
 1609      00
 1610              	.LASF49:
 1611 0027 52415050 		.ascii	"RAPP_MsgHandler\000"
 1611      5F4D7367 
 1611      48616E64 
 1611      6C657200 
 1612              	.LASF63:
 1613 0037 524E4554 		.ascii	"RNETA_TX_RX\000"
 1613      415F5458 
 1613      5F525800 
 1614              	.LASF87:
 1615 0043 4C45445F 		.ascii	"LED_B_Write\000"
 1615      425F5772 
 1615      69746500 
 1616              	.LASF33:
 1617 004f 4E52465F 		.ascii	"NRF_RX_PW_P0_REG\000"
 1617      52585F50 
 1617      575F5030 
 1617      5F524547 
 1617      00
 1618              	.LASF79:
 1619 0060 726E6574 		.ascii	"rnet_task_base\000"
 1619      5F746173 
 1619      6B5F6261 
 1619      736500
 1620              	.LASF91:
 1621 006f 52415050 		.ascii	"RAPP_SetMessageHandlerTable\000"
 1621      5F536574 
 1621      4D657373 
 1621      61676548 
ARM GAS  C:\Users\Xwx47\AppData\Local\Temp\ccyX471x.s 			page 33


 1621      616E646C 
 1622              	.LASF2:
 1623 008b 73686F72 		.ascii	"short int\000"
 1623      7420696E 
 1623      7400
 1624              	.LASF54:
 1625 0095 73697A65 		.ascii	"sizetype\000"
 1625      74797065 
 1625      00
 1626              	.LASF77:
 1627 009e 68616E64 		.ascii	"handled\000"
 1627      6C656400 
 1628              	.LASF96:
 1629 00a6 524E4554 		.ascii	"RNETApp_Init\000"
 1629      4170705F 
 1629      496E6974 
 1629      00
 1630              	.LASF48:
 1631 00b3 524E574B 		.ascii	"RNWK_ShortAddrType\000"
 1631      5F53686F 
 1631      72744164 
 1631      64725479 
 1631      706500
 1632              	.LASF8:
 1633 00c6 6C6F6E67 		.ascii	"long long int\000"
 1633      206C6F6E 
 1633      6720696E 
 1633      7400
 1634              	.LASF67:
 1635 00d4 7854696D 		.ascii	"xTime\000"
 1635      6500
 1636              	.LASF24:
 1637 00da 4E52465F 		.ascii	"NRF_OBSERVE_TX_REG\000"
 1637      4F425345 
 1637      5256455F 
 1637      54585F52 
 1637      454700
 1638              	.LASF17:
 1639 00ed 4E52465F 		.ascii	"NRF_EN_AA_REG\000"
 1639      454E5F41 
 1639      415F5245 
 1639      4700
 1640              	.LASF85:
 1641 00fb 52414449 		.ascii	"RADIO_Process\000"
 1641      4F5F5072 
 1641      6F636573 
 1641      7300
 1642              	.LASF66:
 1643 0109 50726F63 		.ascii	"Process\000"
 1643      65737300 
 1644              	.LASF59:
 1645 0111 4C45445F 		.ascii	"LED_ON\000"
 1645      4F4E00
 1646              	.LASF73:
 1647 0118 74797065 		.ascii	"type\000"
 1647      00
 1648              	.LASF93:
ARM GAS  C:\Users\Xwx47\AppData\Local\Temp\ccyX471x.s 			page 34


 1649 011d 474E5520 		.ascii	"GNU C11 5.4.1 20160609 (release) [ARM/embedded-5-br"
 1649      43313120 
 1649      352E342E 
 1649      31203230 
 1649      31363036 
 1650 0150 616E6368 		.ascii	"anch revision 237715] -mcpu=cortex-m0 -mthumb -g -O"
 1650      20726576 
 1650      6973696F 
 1650      6E203233 
 1650      37373135 
 1651 0183 67202D66 		.ascii	"g -ffunction-sections -ffat-lto-objects\000"
 1651      66756E63 
 1651      74696F6E 
 1651      2D736563 
 1651      74696F6E 
 1652              	.LASF11:
 1653 01ab 75696E74 		.ascii	"uint8_t\000"
 1653      385F7400 
 1654              	.LASF45:
 1655 01b3 70687944 		.ascii	"phyData\000"
 1655      61746100 
 1656              	.LASF90:
 1657 01bb 52535441 		.ascii	"RSTACK_Init\000"
 1657      434B5F49 
 1657      6E697400 
 1658              	.LASF78:
 1659 01c7 7061636B 		.ascii	"packet\000"
 1659      657400
 1660              	.LASF76:
 1661 01ce 73726341 		.ascii	"srcAddr\000"
 1661      64647200 
 1662              	.LASF46:
 1663 01d6 72787478 		.ascii	"rxtx\000"
 1663      00
 1664              	.LASF65:
 1665 01db 52616469 		.ascii	"RadioPowerUp\000"
 1665      6F506F77 
 1665      65725570 
 1665      00
 1666              	.LASF51:
 1667 01e8 666C6F61 		.ascii	"float\000"
 1667      7400
 1668              	.LASF71:
 1669 01ee 524E4554 		.ascii	"RNETA_HandleRxMessage\000"
 1669      415F4861 
 1669      6E646C65 
 1669      52784D65 
 1669      73736167 
 1670              	.LASF21:
 1671 0204 4E52465F 		.ascii	"NRF_RF_CH_REG\000"
 1671      52465F43 
 1671      485F5245 
 1671      4700
 1672              	.LASF70:
 1673 0212 524E6574 		.ascii	"RNetTask\000"
 1673      5461736B 
 1673      00
ARM GAS  C:\Users\Xwx47\AppData\Local\Temp\ccyX471x.s 			page 35


 1674              	.LASF28:
 1675 021b 4E52465F 		.ascii	"NRF_RX_ADDR_P2_REG\000"
 1675      52585F41 
 1675      4444525F 
 1675      50325F52 
 1675      454700
 1676              	.LASF81:
 1677 022e 68616E64 		.ascii	"handlerTable\000"
 1677      6C657254 
 1677      61626C65 
 1677      00
 1678              	.LASF4:
 1679 023b 6C6F6E67 		.ascii	"long int\000"
 1679      20696E74 
 1679      00
 1680              	.LASF31:
 1681 0244 4E52465F 		.ascii	"NRF_RX_ADDR_P5_REG\000"
 1681      52585F41 
 1681      4444525F 
 1681      50355F52 
 1681      454700
 1682              	.LASF5:
 1683 0257 5F5F7569 		.ascii	"__uint8_t\000"
 1683      6E74385F 
 1683      7400
 1684              	.LASF82:
 1685 0261 78546173 		.ascii	"xTaskGetTickCount\000"
 1685      6B476574 
 1685      5469636B 
 1685      436F756E 
 1685      7400
 1686              	.LASF34:
 1687 0273 4E52465F 		.ascii	"NRF_RX_PW_P1_REG\000"
 1687      52585F50 
 1687      575F5031 
 1687      5F524547 
 1687      00
 1688              	.LASF69:
 1689 0284 6D736743 		.ascii	"msgCntr\000"
 1689      6E747200 
 1690              	.LASF22:
 1691 028c 4E52465F 		.ascii	"NRF_RF_SETUP_REG\000"
 1691      52465F53 
 1691      45545550 
 1691      5F524547 
 1691      00
 1692              	.LASF57:
 1693 029d 5469636B 		.ascii	"TickType_t\000"
 1693      54797065 
 1693      5F7400
 1694              	.LASF13:
 1695 02a8 6C6F6E67 		.ascii	"long double\000"
 1695      20646F75 
 1695      626C6500 
 1696              	.LASF14:
 1697 02b4 52415050 		.ascii	"RAPP_MSG_Type\000"
 1697      5F4D5347 
ARM GAS  C:\Users\Xwx47\AppData\Local\Temp\ccyX471x.s 			page 36


 1697      5F547970 
 1697      6500
 1698              	.LASF37:
 1699 02c2 4E52465F 		.ascii	"NRF_RX_PW_P4_REG\000"
 1699      52585F50 
 1699      575F5034 
 1699      5F524547 
 1699      00
 1700              	.LASF1:
 1701 02d3 756E7369 		.ascii	"unsigned char\000"
 1701      676E6564 
 1701      20636861 
 1701      7200
 1702              	.LASF42:
 1703 02e1 52504859 		.ascii	"RPHY_FlagsType\000"
 1703      5F466C61 
 1703      67735479 
 1703      706500
 1704              	.LASF94:
 1705 02f0 524E6574 		.ascii	"RNet_App.c\000"
 1705      5F417070 
 1705      2E6300
 1706              	.LASF0:
 1707 02fb 7369676E 		.ascii	"signed char\000"
 1707      65642063 
 1707      68617200 
 1708              	.LASF43:
 1709 0307 666C6167 		.ascii	"flags\000"
 1709      7300
 1710              	.LASF9:
 1711 030d 6C6F6E67 		.ascii	"long long unsigned int\000"
 1711      206C6F6E 
 1711      6720756E 
 1711      7369676E 
 1711      65642069 
 1712              	.LASF62:
 1713 0324 524E4554 		.ascii	"RNETA_POWERUP\000"
 1713      415F504F 
 1713      57455255 
 1713      5000
 1714              	.LASF12:
 1715 0332 75696E74 		.ascii	"uint32_t\000"
 1715      33325F74 
 1715      00
 1716              	.LASF58:
 1717 033b 5461736B 		.ascii	"TaskHandle_t\000"
 1717      48616E64 
 1717      6C655F74 
 1717      00
 1718              	.LASF10:
 1719 0348 756E7369 		.ascii	"unsigned int\000"
 1719      676E6564 
 1719      20696E74 
 1719      00
 1720              	.LASF60:
 1721 0355 4C45445F 		.ascii	"LED_OFF\000"
 1721      4F464600 
ARM GAS  C:\Users\Xwx47\AppData\Local\Temp\ccyX471x.s 			page 37


 1722              	.LASF55:
 1723 035d 42617365 		.ascii	"BaseType_t\000"
 1723      54797065 
 1723      5F7400
 1724              	.LASF7:
 1725 0368 6C6F6E67 		.ascii	"long unsigned int\000"
 1725      20756E73 
 1725      69676E65 
 1725      6420696E 
 1725      7400
 1726              	.LASF72:
 1727 037a 70765061 		.ascii	"pvParameters\000"
 1727      72616D65 
 1727      74657273 
 1727      00
 1728              	.LASF19:
 1729 0387 4E52465F 		.ascii	"NRF_SETUP_AW_REG\000"
 1729      53455455 
 1729      505F4157 
 1729      5F524547 
 1729      00
 1730              	.LASF86:
 1731 0398 52415050 		.ascii	"RAPP_SetThisNodeAddr\000"
 1731      5F536574 
 1731      54686973 
 1731      4E6F6465 
 1731      41646472 
 1732              	.LASF3:
 1733 03ad 73686F72 		.ascii	"short unsigned int\000"
 1733      7420756E 
 1733      7369676E 
 1733      65642069 
 1733      6E7400
 1734              	.LASF36:
 1735 03c0 4E52465F 		.ascii	"NRF_RX_PW_P3_REG\000"
 1735      52585F50 
 1735      575F5033 
 1735      5F524547 
 1735      00
 1736              	.LASF53:
 1737 03d1 63686172 		.ascii	"char\000"
 1737      00
 1738              	.LASF26:
 1739 03d6 4E52465F 		.ascii	"NRF_RX_ADDR_P0_REG\000"
 1739      52585F41 
 1739      4444525F 
 1739      50305F52 
 1739      454700
 1740              	.LASF40:
 1741 03e9 4E52465F 		.ascii	"NRF_DYNPD_REG\000"
 1741      44594E50 
 1741      445F5245 
 1741      4700
 1742              	.LASF32:
 1743 03f7 4E52465F 		.ascii	"NRF_TX_ADDR_REG\000"
 1743      54585F41 
 1743      4444525F 
ARM GAS  C:\Users\Xwx47\AppData\Local\Temp\ccyX471x.s 			page 38


 1743      52454700 
 1744              	.LASF18:
 1745 0407 4E52465F 		.ascii	"NRF_EN_RXADDR_REG\000"
 1745      454E5F52 
 1745      58414444 
 1745      525F5245 
 1745      4700
 1746              	.LASF50:
 1747 0419 5F426F6F 		.ascii	"_Bool\000"
 1747      6C00
 1748              	.LASF25:
 1749 041f 4E52465F 		.ascii	"NRF_RPD_REG\000"
 1749      5250445F 
 1749      52454700 
 1750              	.LASF29:
 1751 042b 4E52465F 		.ascii	"NRF_RX_ADDR_P3_REG\000"
 1751      52585F41 
 1751      4444525F 
 1751      50335F52 
 1751      454700
 1752              	.LASF92:
 1753 043e 78546173 		.ascii	"xTaskCreate\000"
 1753      6B437265 
 1753      61746500 
 1754              	.LASF16:
 1755 044a 4E52465F 		.ascii	"NRF_CONFIG_REG\000"
 1755      434F4E46 
 1755      49475F52 
 1755      454700
 1756              	.LASF20:
 1757 0459 4E52465F 		.ascii	"NRF_SETUP_RETR_REG\000"
 1757      53455455 
 1757      505F5245 
 1757      54525F52 
 1757      454700
 1758              	.LASF75:
 1759 046c 64617461 		.ascii	"data\000"
 1759      00
 1760              	.LASF83:
 1761 0471 76546173 		.ascii	"vTaskDelay\000"
 1761      6B44656C 
 1761      617900
 1762              	.LASF95:
 1763 047c 433A5C55 		.ascii	"C:\\Users\\Xwx47\\Documents\\Creator\\RNET\\v01.cyd"
 1763      73657273 
 1763      5C587778 
 1763      34375C44 
 1763      6F63756D 
 1764 04a9 736E00   		.ascii	"sn\000"
 1765              	.LASF89:
 1766 04ac 4C45445F 		.ascii	"LED_G_Write\000"
 1766      475F5772 
 1766      69746500 
 1767              	.LASF15:
 1768 04b8 52415050 		.ascii	"RAPP_MSG_TYPE_PING\000"
 1768      5F4D5347 
 1768      5F545950 
ARM GAS  C:\Users\Xwx47\AppData\Local\Temp\ccyX471x.s 			page 39


 1768      455F5049 
 1768      4E4700
 1769              	.LASF56:
 1770 04cb 55426173 		.ascii	"UBaseType_t\000"
 1770      65547970 
 1770      655F7400 
 1771              	.LASF30:
 1772 04d7 4E52465F 		.ascii	"NRF_RX_ADDR_P4_REG\000"
 1772      52585F41 
 1772      4444525F 
 1772      50345F52 
 1772      454700
 1773              	.LASF64:
 1774 04ea 524E4554 		.ascii	"RNETA_State\000"
 1774      415F5374 
 1774      61746500 
 1775              	.LASF35:
 1776 04f6 4E52465F 		.ascii	"NRF_RX_PW_P2_REG\000"
 1776      52585F50 
 1776      575F5032 
 1776      5F524547 
 1776      00
 1777              	.LASF88:
 1778 0507 52415050 		.ascii	"RAPP_SendPayloadDataBlock\000"
 1778      5F53656E 
 1778      64506179 
 1778      6C6F6164 
 1778      44617461 
 1779              	.LASF6:
 1780 0521 5F5F7569 		.ascii	"__uint32_t\000"
 1780      6E743332 
 1780      5F7400
 1781              	.LASF74:
 1782 052c 73697A65 		.ascii	"size\000"
 1782      00
 1783              	.LASF80:
 1784 0531 61707053 		.ascii	"appState\000"
 1784      74617465 
 1784      00
 1785              	.LASF38:
 1786 053a 4E52465F 		.ascii	"NRF_RX_PW_P5_REG\000"
 1786      52585F50 
 1786      575F5035 
 1786      5F524547 
 1786      00
 1787              	.LASF44:
 1788 054b 70687953 		.ascii	"phySize\000"
 1788      697A6500 
 1789              	.LASF47:
 1790 0553 52504859 		.ascii	"RPHY_PacketDesc\000"
 1790      5F506163 
 1790      6B657444 
 1790      65736300 
 1791              	.LASF41:
 1792 0563 4E52465F 		.ascii	"NRF_FEATURE_REG\000"
 1792      46454154 
 1792      5552455F 
ARM GAS  C:\Users\Xwx47\AppData\Local\Temp\ccyX471x.s 			page 40


 1792      52454700 
 1793              	.LASF52:
 1794 0573 646F7562 		.ascii	"double\000"
 1794      6C6500
 1795              	.LASF61:
 1796 057a 524E4554 		.ascii	"RNETA_INITIAL\000"
 1796      415F494E 
 1796      49544941 
 1796      4C00
 1797              	.LASF23:
 1798 0588 4E52465F 		.ascii	"NRF_STATUS_REG\000"
 1798      53544154 
 1798      55535F52 
 1798      454700
 1799              	.LASF27:
 1800 0597 4E52465F 		.ascii	"NRF_RX_ADDR_P1_REG\000"
 1800      52585F41 
 1800      4444525F 
 1800      50315F52 
 1800      454700
 1801              		.ident	"GCC: (GNU Tools for ARM Embedded Processors) 5.4.1 20160609 (release) [ARM/embedded-5-bran
