ARM GAS  C:\Users\Xwx47\AppData\Local\Temp\cciBlm4n.s 			page 1


   1              		.syntax unified
   2              		.cpu cortex-m0
   3              		.fpu softvfp
   4              		.eabi_attribute 20, 1
   5              		.eabi_attribute 21, 1
   6              		.eabi_attribute 23, 3
   7              		.eabi_attribute 24, 1
   8              		.eabi_attribute 25, 1
   9              		.eabi_attribute 26, 1
  10              		.eabi_attribute 30, 1
  11              		.eabi_attribute 34, 0
  12              		.eabi_attribute 18, 4
  13              		.thumb
  14              		.syntax unified
  15              		.file	"RNWK.c"
  16              		.text
  17              	.Ltext0:
  18              		.cfi_sections	.debug_frame
  19              		.section	.text.RNWK_GetThisNodeAddr,"ax",%progbits
  20              		.align	2
  21              		.global	RNWK_GetThisNodeAddr
  22              		.code	16
  23              		.thumb_func
  24              		.type	RNWK_GetThisNodeAddr, %function
  25              	RNWK_GetThisNodeAddr:
  26              	.LFB0:
  27              		.file 1 "..\\RNET\\RNWK.c"
   1:..\RNET/RNWK.c **** /**
   2:..\RNET/RNWK.c ****  * \file
   3:..\RNET/RNWK.c ****  * \brief Radio Network NWK Layer Implementation
   4:..\RNET/RNWK.c ****  * \author (c) 2013-2014 Erich Styger, http://mcuoneclipse.com/
   5:..\RNET/RNWK.c ****  * \note MIT License (http://opensource.org/licenses/mit-license.html), see
   6:..\RNET/RNWK.c ****  * 'RNet_License.txt'
   7:..\RNET/RNWK.c ****  *
   8:..\RNET/RNWK.c ****  * This module implements the NWK (Network) of the radio network stack.
   9:..\RNET/RNWK.c ****  */
  10:..\RNET/RNWK.c **** 
  11:..\RNET/RNWK.c **** #include "RNWK.h"
  12:..\RNET/RNWK.c **** #include "RApp.h"
  13:..\RNET/RNWK.c **** #include "RMAC.h"
  14:..\RNET/RNWK.c **** #include "RNetConf.h"
  15:..\RNET/RNWK.c **** #include "RPHY.h"
  16:..\RNET/RNWK.c **** 
  17:..\RNET/RNWK.c **** #include "Error.h"
  18:..\RNET/RNWK.c **** //#include "UTIL1.h"
  19:..\RNET/RNWK.c **** 
  20:..\RNET/RNWK.c **** static RNWK_ShortAddrType RNWK_ThisNodeAddr =
  21:..\RNET/RNWK.c ****     RNWK_ADDR_BROADCAST; /* address of this network node */
  22:..\RNET/RNWK.c **** static RNWK_AppOnRxCallbackType RNWK_AppOnRxCallback =
  23:..\RNET/RNWK.c ****     NULL; /* notification callback installed by upper layer */
  24:..\RNET/RNWK.c **** 
  25:..\RNET/RNWK.c **** RNWK_ShortAddrType RNWK_GetThisNodeAddr(void) { return RNWK_ThisNodeAddr; }
  28              		.loc 1 25 0
  29              		.cfi_startproc
  30              		@ args = 0, pretend = 0, frame = 0
  31              		@ frame_needed = 0, uses_anonymous_args = 0
  32              		@ link register save eliminated.
ARM GAS  C:\Users\Xwx47\AppData\Local\Temp\cciBlm4n.s 			page 2


  33              		.loc 1 25 0
  34 0000 014B     		ldr	r3, .L2
  35 0002 1878     		ldrb	r0, [r3]
  36              		@ sp needed
  37 0004 7047     		bx	lr
  38              	.L3:
  39 0006 C046     		.align	2
  40              	.L2:
  41 0008 00000000 		.word	.LANCHOR0
  42              		.cfi_endproc
  43              	.LFE0:
  44              		.size	RNWK_GetThisNodeAddr, .-RNWK_GetThisNodeAddr
  45              		.section	.text.RNWK_SetThisNodeAddr,"ax",%progbits
  46              		.align	2
  47              		.global	RNWK_SetThisNodeAddr
  48              		.code	16
  49              		.thumb_func
  50              		.type	RNWK_SetThisNodeAddr, %function
  51              	RNWK_SetThisNodeAddr:
  52              	.LFB1:
  26:..\RNET/RNWK.c **** 
  27:..\RNET/RNWK.c **** uint8_t RNWK_SetThisNodeAddr(RNWK_ShortAddrType addr)
  28:..\RNET/RNWK.c **** {
  53              		.loc 1 28 0
  54              		.cfi_startproc
  55              		@ args = 0, pretend = 0, frame = 0
  56              		@ frame_needed = 0, uses_anonymous_args = 0
  57              		@ link register save eliminated.
  58              	.LVL0:
  29:..\RNET/RNWK.c ****     RNWK_ThisNodeAddr = addr;
  59              		.loc 1 29 0
  60 0000 014B     		ldr	r3, .L5
  61 0002 1870     		strb	r0, [r3]
  30:..\RNET/RNWK.c ****     return ERR_OK;
  31:..\RNET/RNWK.c **** }
  62              		.loc 1 31 0
  63 0004 0020     		movs	r0, #0
  64              	.LVL1:
  65              		@ sp needed
  66 0006 7047     		bx	lr
  67              	.L6:
  68              		.align	2
  69              	.L5:
  70 0008 00000000 		.word	.LANCHOR0
  71              		.cfi_endproc
  72              	.LFE1:
  73              		.size	RNWK_SetThisNodeAddr, .-RNWK_SetThisNodeAddr
  74              		.section	.text.RNWK_SetAppOnPacketRxCallback,"ax",%progbits
  75              		.align	2
  76              		.global	RNWK_SetAppOnPacketRxCallback
  77              		.code	16
  78              		.thumb_func
  79              		.type	RNWK_SetAppOnPacketRxCallback, %function
  80              	RNWK_SetAppOnPacketRxCallback:
  81              	.LFB2:
  32:..\RNET/RNWK.c **** 
  33:..\RNET/RNWK.c **** uint8_t RNWK_SetAppOnPacketRxCallback(RNWK_AppOnRxCallbackType callback)
ARM GAS  C:\Users\Xwx47\AppData\Local\Temp\cciBlm4n.s 			page 3


  34:..\RNET/RNWK.c **** {
  82              		.loc 1 34 0
  83              		.cfi_startproc
  84              		@ args = 0, pretend = 0, frame = 0
  85              		@ frame_needed = 0, uses_anonymous_args = 0
  86              		@ link register save eliminated.
  87              	.LVL2:
  35:..\RNET/RNWK.c ****     RNWK_AppOnRxCallback = callback;
  88              		.loc 1 35 0
  89 0000 014B     		ldr	r3, .L8
  90 0002 1860     		str	r0, [r3]
  36:..\RNET/RNWK.c ****     return ERR_OK;
  37:..\RNET/RNWK.c **** }
  91              		.loc 1 37 0
  92 0004 0020     		movs	r0, #0
  93              	.LVL3:
  94              		@ sp needed
  95 0006 7047     		bx	lr
  96              	.L9:
  97              		.align	2
  98              	.L8:
  99 0008 00000000 		.word	.LANCHOR1
 100              		.cfi_endproc
 101              	.LFE2:
 102              		.size	RNWK_SetAppOnPacketRxCallback, .-RNWK_SetAppOnPacketRxCallback
 103              		.section	.text.RNWK_PutPayload,"ax",%progbits
 104              		.align	2
 105              		.global	RNWK_PutPayload
 106              		.code	16
 107              		.thumb_func
 108              		.type	RNWK_PutPayload, %function
 109              	RNWK_PutPayload:
 110              	.LFB3:
  38:..\RNET/RNWK.c **** 
  39:..\RNET/RNWK.c **** uint8_t RNWK_PutPayload(uint8_t *buf, size_t bufSize, uint8_t payloadSize,
  40:..\RNET/RNWK.c ****                         RNWK_ShortAddrType dstAddr, RPHY_FlagsType flags)
  41:..\RNET/RNWK.c **** {
 111              		.loc 1 41 0
 112              		.cfi_startproc
 113              		@ args = 4, pretend = 0, frame = 8
 114              		@ frame_needed = 0, uses_anonymous_args = 0
 115              	.LVL4:
 116 0000 F0B5     		push	{r4, r5, r6, r7, lr}
 117              		.cfi_def_cfa_offset 20
 118              		.cfi_offset 4, -20
 119              		.cfi_offset 5, -16
 120              		.cfi_offset 6, -12
 121              		.cfi_offset 7, -8
 122              		.cfi_offset 14, -4
 123 0002 83B0     		sub	sp, sp, #12
 124              		.cfi_def_cfa_offset 32
 125 0004 0600     		movs	r6, r0
 126 0006 0191     		str	r1, [sp, #4]
 127 0008 1400     		movs	r4, r2
 128 000a 1D00     		movs	r5, r3
 129 000c 08AB     		add	r3, sp, #32
 130              	.LVL5:
ARM GAS  C:\Users\Xwx47\AppData\Local\Temp\cciBlm4n.s 			page 4


 131 000e 1F78     		ldrb	r7, [r3]
  42:..\RNET/RNWK.c ****     RNWK_ShortAddrType srcAddr;
  43:..\RNET/RNWK.c **** 
  44:..\RNET/RNWK.c ****     srcAddr = RNWK_GetThisNodeAddr();
 132              		.loc 1 44 0
 133 0010 FFF7FEFF 		bl	RNWK_GetThisNodeAddr
 134              	.LVL6:
  45:..\RNET/RNWK.c ****     RNWK_BUF_SET_SRC_ADDR(buf, srcAddr);
 135              		.loc 1 45 0
 136 0014 3071     		strb	r0, [r6, #4]
  46:..\RNET/RNWK.c ****     RNWK_BUF_SET_DST_ADDR(buf, dstAddr);
 137              		.loc 1 46 0
 138 0016 7571     		strb	r5, [r6, #5]
  47:..\RNET/RNWK.c ****     return RMAC_PutPayload(buf, bufSize, payloadSize + RNWK_HEADER_SIZE, flags);
 139              		.loc 1 47 0
 140 0018 0234     		adds	r4, r4, #2
 141 001a E2B2     		uxtb	r2, r4
 142 001c 3B00     		movs	r3, r7
 143 001e 0199     		ldr	r1, [sp, #4]
 144 0020 3000     		movs	r0, r6
 145              	.LVL7:
 146 0022 FFF7FEFF 		bl	RMAC_PutPayload
 147              	.LVL8:
  48:..\RNET/RNWK.c **** }
 148              		.loc 1 48 0
 149 0026 03B0     		add	sp, sp, #12
 150              		@ sp needed
 151              	.LVL9:
 152 0028 F0BD     		pop	{r4, r5, r6, r7, pc}
 153              		.cfi_endproc
 154              	.LFE3:
 155              		.size	RNWK_PutPayload, .-RNWK_PutPayload
 156 002a C046     		.section	.text.RNWK_SendACK,"ax",%progbits
 157              		.align	2
 158              		.global	RNWK_SendACK
 159              		.code	16
 160              		.thumb_func
 161              		.type	RNWK_SendACK, %function
 162              	RNWK_SendACK:
 163              	.LFB4:
  49:..\RNET/RNWK.c **** 
  50:..\RNET/RNWK.c **** uint8_t RNWK_SendACK(RPHY_PacketDesc *rxPacket, RNWK_ShortAddrType saddr)
  51:..\RNET/RNWK.c **** {
 164              		.loc 1 51 0
 165              		.cfi_startproc
 166              		@ args = 0, pretend = 0, frame = 48
 167              		@ frame_needed = 0, uses_anonymous_args = 0
 168              	.LVL10:
 169 0000 10B5     		push	{r4, lr}
 170              		.cfi_def_cfa_offset 8
 171              		.cfi_offset 4, -8
 172              		.cfi_offset 14, -4
 173 0002 8CB0     		sub	sp, sp, #48
 174              		.cfi_def_cfa_offset 56
  52:..\RNET/RNWK.c ****     RNWK_ShortAddrType addr;
  53:..\RNET/RNWK.c ****     uint8_t buf[RMAC_BUFFER_SIZE];
  54:..\RNET/RNWK.c ****     RPHY_PacketDesc ackPacket;
ARM GAS  C:\Users\Xwx47\AppData\Local\Temp\cciBlm4n.s 			page 5


  55:..\RNET/RNWK.c **** 
  56:..\RNET/RNWK.c ****     ackPacket.flags = RPHY_PACKET_FLAGS_NONE;
 175              		.loc 1 56 0
 176 0004 0023     		movs	r3, #0
 177 0006 6A46     		mov	r2, sp
 178 0008 1370     		strb	r3, [r2]
  57:..\RNET/RNWK.c ****     ackPacket.phyData = buf;
 179              		.loc 1 57 0
 180 000a 03AB     		add	r3, sp, #12
 181 000c 0193     		str	r3, [sp, #4]
  58:..\RNET/RNWK.c ****     ackPacket.phySize = sizeof(buf);
 182              		.loc 1 58 0
 183 000e 2222     		movs	r2, #34
 184 0010 6C46     		mov	r4, sp
 185 0012 6270     		strb	r2, [r4, #1]
  59:..\RNET/RNWK.c **** 
  60:..\RNET/RNWK.c ****     /* send an ack message back: this is is of type ack with src and dst address
  61:..\RNET/RNWK.c ****      */
  62:..\RNET/RNWK.c ****     addr = RNWK_BUF_GET_SRC_ADDR(
 186              		.loc 1 62 0
 187 0014 4268     		ldr	r2, [r0, #4]
 188 0016 1279     		ldrb	r2, [r2, #4]
 189              	.LVL11:
  63:..\RNET/RNWK.c ****         rxPacket->phyData); /* who should receive the ack? */
  64:..\RNET/RNWK.c ****     RNWK_BUF_SET_SRC_ADDR(ackPacket.phyData, saddr); /* set source address */
 190              		.loc 1 64 0
 191 0018 1971     		strb	r1, [r3, #4]
  65:..\RNET/RNWK.c ****     RNWK_BUF_SET_DST_ADDR(
 192              		.loc 1 65 0
 193 001a 5A71     		strb	r2, [r3, #5]
  66:..\RNET/RNWK.c ****         ackPacket.phyData,
  67:..\RNET/RNWK.c ****         addr); /* destination address is from where we got the data */
  68:..\RNET/RNWK.c ****     return RMAC_SendACK(rxPacket, &ackPacket);
 194              		.loc 1 68 0
 195 001c 6946     		mov	r1, sp
 196              	.LVL12:
 197 001e FFF7FEFF 		bl	RMAC_SendACK
 198              	.LVL13:
  69:..\RNET/RNWK.c **** }
 199              		.loc 1 69 0
 200 0022 0CB0     		add	sp, sp, #48
 201              		@ sp needed
 202 0024 10BD     		pop	{r4, pc}
 203              		.cfi_endproc
 204              	.LFE4:
 205              		.size	RNWK_SendACK, .-RNWK_SendACK
 206 0026 C046     		.section	.text.RNWK_OnPacketRx,"ax",%progbits
 207              		.align	2
 208              		.global	RNWK_OnPacketRx
 209              		.code	16
 210              		.thumb_func
 211              		.type	RNWK_OnPacketRx, %function
 212              	RNWK_OnPacketRx:
 213              	.LFB5:
  70:..\RNET/RNWK.c **** 
  71:..\RNET/RNWK.c **** uint8_t RNWK_OnPacketRx(RPHY_PacketDesc *packet)
  72:..\RNET/RNWK.c **** {
ARM GAS  C:\Users\Xwx47\AppData\Local\Temp\cciBlm4n.s 			page 6


 214              		.loc 1 72 0
 215              		.cfi_startproc
 216              		@ args = 0, pretend = 0, frame = 0
 217              		@ frame_needed = 0, uses_anonymous_args = 0
 218              	.LVL14:
 219 0000 70B5     		push	{r4, r5, r6, lr}
 220              		.cfi_def_cfa_offset 16
 221              		.cfi_offset 4, -16
 222              		.cfi_offset 5, -12
 223              		.cfi_offset 6, -8
 224              		.cfi_offset 14, -4
 225 0002 0500     		movs	r5, r0
  73:..\RNET/RNWK.c ****     RNWK_ShortAddrType addr;
  74:..\RNET/RNWK.c ****     RMAC_MsgType type;
  75:..\RNET/RNWK.c **** 
  76:..\RNET/RNWK.c ****     addr = RNWK_BUF_GET_DST_ADDR(packet->phyData);
 226              		.loc 1 76 0
 227 0004 4668     		ldr	r6, [r0, #4]
 228 0006 7479     		ldrb	r4, [r6, #5]
 229              	.LVL15:
  77:..\RNET/RNWK.c ****     if (addr == RNWK_ADDR_BROADCAST ||
 230              		.loc 1 77 0
 231 0008 FF2C     		cmp	r4, #255
 232 000a 03D0     		beq	.L13
  78:..\RNET/RNWK.c ****         addr == RNWK_GetThisNodeAddr()) { /* it is for me :-) */
 233              		.loc 1 78 0 discriminator 1
 234 000c FFF7FEFF 		bl	RNWK_GetThisNodeAddr
 235              	.LVL16:
  77:..\RNET/RNWK.c ****     if (addr == RNWK_ADDR_BROADCAST ||
 236              		.loc 1 77 0 discriminator 1
 237 0010 8442     		cmp	r4, r0
 238 0012 25D1     		bne	.L17
 239              	.L13:
  79:..\RNET/RNWK.c ****         type = RMAC_GetType(packet->phyData,
  80:..\RNET/RNWK.c ****                             packet->phySize); /* get the type of the message */
 240              		.loc 1 80 0
 241 0014 6978     		ldrb	r1, [r5, #1]
  79:..\RNET/RNWK.c ****         type = RMAC_GetType(packet->phyData,
 242              		.loc 1 79 0
 243 0016 3000     		movs	r0, r6
 244 0018 FFF7FEFF 		bl	RMAC_GetType
 245              	.LVL17:
 246 001c 0400     		movs	r4, r0
 247              	.LVL18:
  81:..\RNET/RNWK.c ****         if (RMAC_MSG_TYPE_IS_ACK(type) &&
 248              		.loc 1 81 0
 249 001e 8307     		lsls	r3, r0, #30
 250 0020 0BD5     		bpl	.L15
  82:..\RNET/RNWK.c ****             RMAC_IsExpectedACK(packet->phyData, packet->phySize)) {
 251              		.loc 1 82 0 discriminator 1
 252 0022 6978     		ldrb	r1, [r5, #1]
 253 0024 6868     		ldr	r0, [r5, #4]
 254              	.LVL19:
 255 0026 FFF7FEFF 		bl	RMAC_IsExpectedACK
 256              	.LVL20:
  81:..\RNET/RNWK.c ****         if (RMAC_MSG_TYPE_IS_ACK(type) &&
 257              		.loc 1 81 0 discriminator 1
ARM GAS  C:\Users\Xwx47\AppData\Local\Temp\cciBlm4n.s 			page 7


 258 002a 0028     		cmp	r0, #0
 259 002c 05D0     		beq	.L15
  83:..\RNET/RNWK.c ****             /* it is an ACK, and the sequence number matches. Mark it with a
  84:..\RNET/RNWK.c ****              * flag and return, as no need for further processing */
  85:..\RNET/RNWK.c ****             packet->flags |= RPHY_PACKET_FLAGS_IS_ACK;
 260              		.loc 1 85 0
 261 002e 2A78     		ldrb	r2, [r5]
 262 0030 0123     		movs	r3, #1
 263 0032 1343     		orrs	r3, r2
 264 0034 2B70     		strb	r3, [r5]
  86:..\RNET/RNWK.c ****             return ERR_OK; /* no need to process the packet further */
 265              		.loc 1 86 0
 266 0036 0020     		movs	r0, #0
 267 0038 17E0     		b	.L14
 268              	.L15:
  87:..\RNET/RNWK.c ****         } else if (RMAC_MSG_TYPE_IS_DATA(type)) {  /* data packet received */
 269              		.loc 1 87 0
 270 003a E307     		lsls	r3, r4, #31
 271 003c 12D5     		bpl	.L18
  88:..\RNET/RNWK.c ****             if (RNWK_AppOnRxCallback != NULL) {    /* do we have a callback? */
 272              		.loc 1 88 0
 273 003e 0B4B     		ldr	r3, .L20
 274 0040 1B68     		ldr	r3, [r3]
 275 0042 002B     		cmp	r3, #0
 276 0044 10D0     		beq	.L19
  89:..\RNET/RNWK.c ****                 if (RMAC_MSG_TYPE_REQ_ACK(type)) { /* ACK requested */
 277              		.loc 1 89 0
 278 0046 2306     		lsls	r3, r4, #24
 279 0048 05D5     		bpl	.L16
  90:..\RNET/RNWK.c ****                     (void)RNWK_SendACK(
 280              		.loc 1 90 0
 281 004a FFF7FEFF 		bl	RNWK_GetThisNodeAddr
 282              	.LVL21:
 283 004e 0100     		movs	r1, r0
 284 0050 2800     		movs	r0, r5
 285 0052 FFF7FEFF 		bl	RNWK_SendACK
 286              	.LVL22:
 287              	.L16:
  91:..\RNET/RNWK.c ****                         packet,
  92:..\RNET/RNWK.c ****                         RNWK_GetThisNodeAddr()); /* send ack message back */
  93:..\RNET/RNWK.c ****                 }
  94:..\RNET/RNWK.c ****                 return RNWK_AppOnRxCallback(packet); /* call upper layer */
 288              		.loc 1 94 0
 289 0056 054B     		ldr	r3, .L20
 290 0058 1B68     		ldr	r3, [r3]
 291 005a 2800     		movs	r0, r5
 292 005c 9847     		blx	r3
 293              	.LVL23:
 294 005e 04E0     		b	.L14
 295              	.LVL24:
 296              	.L17:
  95:..\RNET/RNWK.c ****             }
  96:..\RNET/RNWK.c ****         } else {
  97:..\RNET/RNWK.c ****             return ERR_FAULT; /* wrong message type? */
  98:..\RNET/RNWK.c ****         }
  99:..\RNET/RNWK.c ****     }
 100:..\RNET/RNWK.c ****     return ERR_FAILED;
ARM GAS  C:\Users\Xwx47\AppData\Local\Temp\cciBlm4n.s 			page 8


 297              		.loc 1 100 0
 298 0060 1B20     		movs	r0, #27
 299 0062 02E0     		b	.L14
 300              	.LVL25:
 301              	.L18:
  97:..\RNET/RNWK.c ****         }
 302              		.loc 1 97 0
 303 0064 1220     		movs	r0, #18
 304 0066 00E0     		b	.L14
 305              	.L19:
 306              		.loc 1 100 0
 307 0068 1B20     		movs	r0, #27
 308              	.L14:
 101:..\RNET/RNWK.c **** }
 309              		.loc 1 101 0
 310              		@ sp needed
 311              	.LVL26:
 312 006a 70BD     		pop	{r4, r5, r6, pc}
 313              	.L21:
 314              		.align	2
 315              	.L20:
 316 006c 00000000 		.word	.LANCHOR1
 317              		.cfi_endproc
 318              	.LFE5:
 319              		.size	RNWK_OnPacketRx, .-RNWK_OnPacketRx
 320              		.section	.text.RNWK_SniffPacket,"ax",%progbits
 321              		.align	2
 322              		.global	RNWK_SniffPacket
 323              		.code	16
 324              		.thumb_func
 325              		.type	RNWK_SniffPacket, %function
 326              	RNWK_SniffPacket:
 327              	.LFB6:
 102:..\RNET/RNWK.c **** 
 103:..\RNET/RNWK.c **** void RNWK_SniffPacket(RPHY_PacketDesc *packet, bool isTx)
 104:..\RNET/RNWK.c **** {
 328              		.loc 1 104 0
 329              		.cfi_startproc
 330              		@ args = 0, pretend = 0, frame = 0
 331              		@ frame_needed = 0, uses_anonymous_args = 0
 332              	.LVL27:
 333 0000 10B5     		push	{r4, lr}
 334              		.cfi_def_cfa_offset 8
 335              		.cfi_offset 4, -8
 336              		.cfi_offset 14, -4
 105:..\RNET/RNWK.c ****     RAPP_SniffPacket(packet, isTx);
 337              		.loc 1 105 0
 338 0002 FFF7FEFF 		bl	RAPP_SniffPacket
 339              	.LVL28:
 106:..\RNET/RNWK.c **** }
 340              		.loc 1 106 0
 341              		@ sp needed
 342 0006 10BD     		pop	{r4, pc}
 343              		.cfi_endproc
 344              	.LFE6:
 345              		.size	RNWK_SniffPacket, .-RNWK_SniffPacket
 346              		.section	.text.RNWK_Deinit,"ax",%progbits
ARM GAS  C:\Users\Xwx47\AppData\Local\Temp\cciBlm4n.s 			page 9


 347              		.align	2
 348              		.global	RNWK_Deinit
 349              		.code	16
 350              		.thumb_func
 351              		.type	RNWK_Deinit, %function
 352              	RNWK_Deinit:
 353              	.LFB7:
 107:..\RNET/RNWK.c **** 
 108:..\RNET/RNWK.c **** void RNWK_Deinit(void) { /* nothing needed */ }
 354              		.loc 1 108 0
 355              		.cfi_startproc
 356              		@ args = 0, pretend = 0, frame = 0
 357              		@ frame_needed = 0, uses_anonymous_args = 0
 358              		@ link register save eliminated.
 359              		.loc 1 108 0
 360              		@ sp needed
 361 0000 7047     		bx	lr
 362              		.cfi_endproc
 363              	.LFE7:
 364              		.size	RNWK_Deinit, .-RNWK_Deinit
 365 0002 C046     		.section	.text.RNWK_Init,"ax",%progbits
 366              		.align	2
 367              		.global	RNWK_Init
 368              		.code	16
 369              		.thumb_func
 370              		.type	RNWK_Init, %function
 371              	RNWK_Init:
 372              	.LFB8:
 109:..\RNET/RNWK.c **** 
 110:..\RNET/RNWK.c **** void RNWK_Init(void)
 111:..\RNET/RNWK.c **** {
 373              		.loc 1 111 0
 374              		.cfi_startproc
 375              		@ args = 0, pretend = 0, frame = 0
 376              		@ frame_needed = 0, uses_anonymous_args = 0
 377              		@ link register save eliminated.
 112:..\RNET/RNWK.c ****     RNWK_ThisNodeAddr = RNWK_ADDR_BROADCAST;
 378              		.loc 1 112 0
 379 0000 FF22     		movs	r2, #255
 380 0002 034B     		ldr	r3, .L25
 381 0004 1A70     		strb	r2, [r3]
 113:..\RNET/RNWK.c ****     RNWK_AppOnRxCallback = NULL;
 382              		.loc 1 113 0
 383 0006 0022     		movs	r2, #0
 384 0008 024B     		ldr	r3, .L25+4
 385 000a 1A60     		str	r2, [r3]
 114:..\RNET/RNWK.c **** }
 386              		.loc 1 114 0
 387              		@ sp needed
 388 000c 7047     		bx	lr
 389              	.L26:
 390 000e C046     		.align	2
 391              	.L25:
 392 0010 00000000 		.word	.LANCHOR0
 393 0014 00000000 		.word	.LANCHOR1
 394              		.cfi_endproc
 395              	.LFE8:
ARM GAS  C:\Users\Xwx47\AppData\Local\Temp\cciBlm4n.s 			page 10


 396              		.size	RNWK_Init, .-RNWK_Init
 397              		.data
 398              		.set	.LANCHOR0,. + 0
 399              		.type	RNWK_ThisNodeAddr, %object
 400              		.size	RNWK_ThisNodeAddr, 1
 401              	RNWK_ThisNodeAddr:
 402 0000 FF       		.byte	-1
 403              		.bss
 404              		.align	2
 405              		.set	.LANCHOR1,. + 0
 406              		.type	RNWK_AppOnRxCallback, %object
 407              		.size	RNWK_AppOnRxCallback, 4
 408              	RNWK_AppOnRxCallback:
 409 0000 00000000 		.space	4
 410              		.text
 411              	.Letext0:
 412              		.file 2 "c:\\program files (x86)\\cypress\\psoc creator\\4.1\\psoc creator\\import\\gnu\\arm\\5.4.
 413              		.file 3 "c:\\program files (x86)\\cypress\\psoc creator\\4.1\\psoc creator\\import\\gnu\\arm\\5.4.
 414              		.file 4 "c:\\program files (x86)\\cypress\\psoc creator\\4.1\\psoc creator\\import\\gnu\\arm\\5.4.
 415              		.file 5 "..\\RNET\\RPHY.h"
 416              		.file 6 "..\\RNET\\RMAC.h"
 417              		.file 7 "..\\RNET\\RNWK.h"
 418              		.file 8 "..\\RNET\\RApp.h"
 419              		.file 9 "Generated_Source\\PSoC4/RF1_REGS.h"
 420              		.section	.debug_info,"",%progbits
 421              	.Ldebug_info0:
 422 0000 EE040000 		.4byte	0x4ee
 423 0004 0400     		.2byte	0x4
 424 0006 00000000 		.4byte	.Ldebug_abbrev0
 425 000a 04       		.byte	0x4
 426 000b 01       		.uleb128 0x1
 427 000c 7C000000 		.4byte	.LASF81
 428 0010 0C       		.byte	0xc
 429 0011 13000000 		.4byte	.LASF82
 430 0015 61040000 		.4byte	.LASF83
 431 0019 00000000 		.4byte	.Ldebug_ranges0+0
 432 001d 00000000 		.4byte	0
 433 0021 00000000 		.4byte	.Ldebug_line0
 434 0025 02       		.uleb128 0x2
 435 0026 01       		.byte	0x1
 436 0027 06       		.byte	0x6
 437 0028 54010000 		.4byte	.LASF0
 438 002c 03       		.uleb128 0x3
 439 002d 52000000 		.4byte	.LASF9
 440 0031 02       		.byte	0x2
 441 0032 1D       		.byte	0x1d
 442 0033 37000000 		.4byte	0x37
 443 0037 02       		.uleb128 0x2
 444 0038 01       		.byte	0x1
 445 0039 08       		.byte	0x8
 446 003a 13040000 		.4byte	.LASF1
 447 003e 02       		.uleb128 0x2
 448 003f 02       		.byte	0x2
 449 0040 05       		.byte	0x5
 450 0041 27040000 		.4byte	.LASF2
 451 0045 02       		.uleb128 0x2
 452 0046 02       		.byte	0x2
ARM GAS  C:\Users\Xwx47\AppData\Local\Temp\cciBlm4n.s 			page 11


 453 0047 07       		.byte	0x7
 454 0048 86020000 		.4byte	.LASF3
 455 004c 02       		.uleb128 0x2
 456 004d 04       		.byte	0x4
 457 004e 05       		.byte	0x5
 458 004f 72010000 		.4byte	.LASF4
 459 0053 02       		.uleb128 0x2
 460 0054 04       		.byte	0x4
 461 0055 07       		.byte	0x7
 462 0056 74020000 		.4byte	.LASF5
 463 005a 02       		.uleb128 0x2
 464 005b 08       		.byte	0x8
 465 005c 05       		.byte	0x5
 466 005d 46010000 		.4byte	.LASF6
 467 0061 02       		.uleb128 0x2
 468 0062 08       		.byte	0x8
 469 0063 07       		.byte	0x7
 470 0064 2A010000 		.4byte	.LASF7
 471 0068 04       		.uleb128 0x4
 472 0069 04       		.byte	0x4
 473 006a 05       		.byte	0x5
 474 006b 696E7400 		.ascii	"int\000"
 475 006f 02       		.uleb128 0x2
 476 0070 04       		.byte	0x4
 477 0071 07       		.byte	0x7
 478 0072 4E020000 		.4byte	.LASF8
 479 0076 03       		.uleb128 0x3
 480 0077 24050000 		.4byte	.LASF10
 481 007b 03       		.byte	0x3
 482 007c 18       		.byte	0x18
 483 007d 2C000000 		.4byte	0x2c
 484 0081 03       		.uleb128 0x3
 485 0082 35000000 		.4byte	.LASF11
 486 0086 04       		.byte	0x4
 487 0087 D8       		.byte	0xd8
 488 0088 6F000000 		.4byte	0x6f
 489 008c 02       		.uleb128 0x2
 490 008d 08       		.byte	0x8
 491 008e 04       		.byte	0x4
 492 008f 6C030000 		.4byte	.LASF12
 493 0093 05       		.uleb128 0x5
 494 0094 01       		.byte	0x1
 495 0095 37000000 		.4byte	0x37
 496 0099 09       		.byte	0x9
 497 009a 1F       		.byte	0x1f
 498 009b 3C010000 		.4byte	0x13c
 499 009f 06       		.uleb128 0x6
 500 00a0 A6020000 		.4byte	.LASF13
 501 00a4 00       		.byte	0
 502 00a5 06       		.uleb128 0x6
 503 00a6 1F020000 		.4byte	.LASF14
 504 00aa 01       		.byte	0x1
 505 00ab 06       		.uleb128 0x6
 506 00ac 60010000 		.4byte	.LASF15
 507 00b0 02       		.byte	0x2
 508 00b1 06       		.uleb128 0x6
 509 00b2 99040000 		.4byte	.LASF16
ARM GAS  C:\Users\Xwx47\AppData\Local\Temp\cciBlm4n.s 			page 12


 510 00b6 03       		.byte	0x3
 511 00b7 06       		.uleb128 0x6
 512 00b8 12030000 		.4byte	.LASF17
 513 00bc 04       		.byte	0x4
 514 00bd 06       		.uleb128 0x6
 515 00be 40020000 		.4byte	.LASF18
 516 00c2 05       		.byte	0x5
 517 00c3 06       		.uleb128 0x6
 518 00c4 36030000 		.4byte	.LASF19
 519 00c8 06       		.byte	0x6
 520 00c9 06       		.uleb128 0x6
 521 00ca 70050000 		.4byte	.LASF20
 522 00ce 07       		.byte	0x7
 523 00cf 06       		.uleb128 0x6
 524 00d0 22000000 		.4byte	.LASF21
 525 00d4 08       		.byte	0x8
 526 00d5 06       		.uleb128 0x6
 527 00d6 55040000 		.4byte	.LASF22
 528 00da 09       		.byte	0x9
 529 00db 06       		.uleb128 0x6
 530 00dc CD040000 		.4byte	.LASF23
 531 00e0 0A       		.byte	0xa
 532 00e1 06       		.uleb128 0x6
 533 00e2 EC020000 		.4byte	.LASF24
 534 00e6 0B       		.byte	0xb
 535 00e7 06       		.uleb128 0x6
 536 00e8 5C000000 		.4byte	.LASF25
 537 00ec 0C       		.byte	0xc
 538 00ed 06       		.uleb128 0x6
 539 00ee 42040000 		.4byte	.LASF26
 540 00f2 0D       		.byte	0xd
 541 00f3 06       		.uleb128 0x6
 542 00f4 FE010000 		.4byte	.LASF27
 543 00f8 0E       		.byte	0xe
 544 00f9 06       		.uleb128 0x6
 545 00fa 5D050000 		.4byte	.LASF28
 546 00fe 0F       		.byte	0xf
 547 00ff 06       		.uleb128 0x6
 548 0100 AA040000 		.4byte	.LASF29
 549 0104 10       		.byte	0x10
 550 0105 06       		.uleb128 0x6
 551 0106 CA020000 		.4byte	.LASF30
 552 010a 11       		.byte	0x11
 553 010b 06       		.uleb128 0x6
 554 010c 41000000 		.4byte	.LASF31
 555 0110 12       		.byte	0x12
 556 0111 06       		.uleb128 0x6
 557 0112 31040000 		.4byte	.LASF32
 558 0116 13       		.byte	0x13
 559 0117 06       		.uleb128 0x6
 560 0118 E0010000 		.4byte	.LASF33
 561 011c 14       		.byte	0x14
 562 011d 06       		.uleb128 0x6
 563 011e 42050000 		.4byte	.LASF34
 564 0122 15       		.byte	0x15
 565 0123 06       		.uleb128 0x6
 566 0124 B4030000 		.4byte	.LASF35
ARM GAS  C:\Users\Xwx47\AppData\Local\Temp\cciBlm4n.s 			page 13


 567 0128 16       		.byte	0x16
 568 0129 06       		.uleb128 0x6
 569 012a BB010000 		.4byte	.LASF36
 570 012e 17       		.byte	0x17
 571 012f 06       		.uleb128 0x6
 572 0130 11020000 		.4byte	.LASF37
 573 0134 1C       		.byte	0x1c
 574 0135 06       		.uleb128 0x6
 575 0136 A4030000 		.4byte	.LASF38
 576 013a 1D       		.byte	0x1d
 577 013b 00       		.byte	0
 578 013c 03       		.uleb128 0x3
 579 013d F0040000 		.4byte	.LASF39
 580 0141 05       		.byte	0x5
 581 0142 25       		.byte	0x25
 582 0143 76000000 		.4byte	0x76
 583 0147 07       		.uleb128 0x7
 584 0148 0C       		.byte	0xc
 585 0149 05       		.byte	0x5
 586 014a 30       		.byte	0x30
 587 014b 80010000 		.4byte	0x180
 588 014f 08       		.uleb128 0x8
 589 0150 2C050000 		.4byte	.LASF40
 590 0154 05       		.byte	0x5
 591 0155 31       		.byte	0x31
 592 0156 3C010000 		.4byte	0x13c
 593 015a 00       		.byte	0
 594 015b 08       		.uleb128 0x8
 595 015c DB020000 		.4byte	.LASF41
 596 0160 05       		.byte	0x5
 597 0161 32       		.byte	0x32
 598 0162 76000000 		.4byte	0x76
 599 0166 01       		.byte	0x1
 600 0167 08       		.uleb128 0x8
 601 0168 91040000 		.4byte	.LASF42
 602 016c 05       		.byte	0x5
 603 016d 33       		.byte	0x33
 604 016e 80010000 		.4byte	0x180
 605 0172 04       		.byte	0x4
 606 0173 08       		.uleb128 0x8
 607 0174 3C000000 		.4byte	.LASF43
 608 0178 05       		.byte	0x5
 609 0179 34       		.byte	0x34
 610 017a 80010000 		.4byte	0x180
 611 017e 08       		.byte	0x8
 612 017f 00       		.byte	0
 613 0180 09       		.uleb128 0x9
 614 0181 04       		.byte	0x4
 615 0182 76000000 		.4byte	0x76
 616 0186 03       		.uleb128 0x3
 617 0187 5C030000 		.4byte	.LASF44
 618 018b 05       		.byte	0x5
 619 018c 35       		.byte	0x35
 620 018d 47010000 		.4byte	0x147
 621 0191 0A       		.uleb128 0xa
 622 0192 85030000 		.4byte	.LASF50
 623 0196 01       		.byte	0x1
ARM GAS  C:\Users\Xwx47\AppData\Local\Temp\cciBlm4n.s 			page 14


 624 0197 37000000 		.4byte	0x37
 625 019b 06       		.byte	0x6
 626 019c 10       		.byte	0x10
 627 019d C0010000 		.4byte	0x1c0
 628 01a1 06       		.uleb128 0x6
 629 01a2 00000000 		.4byte	.LASF45
 630 01a6 00       		.byte	0
 631 01a7 06       		.uleb128 0x6
 632 01a8 2D020000 		.4byte	.LASF46
 633 01ac 01       		.byte	0x1
 634 01ad 06       		.uleb128 0x6
 635 01ae DD030000 		.4byte	.LASF47
 636 01b2 02       		.byte	0x2
 637 01b3 06       		.uleb128 0x6
 638 01b4 92030000 		.4byte	.LASF48
 639 01b8 04       		.byte	0x4
 640 01b9 06       		.uleb128 0x6
 641 01ba 0A010000 		.4byte	.LASF49
 642 01be 80       		.byte	0x80
 643 01bf 00       		.byte	0
 644 01c0 03       		.uleb128 0x3
 645 01c1 85030000 		.4byte	.LASF50
 646 01c5 06       		.byte	0x6
 647 01c6 16       		.byte	0x16
 648 01c7 91010000 		.4byte	0x191
 649 01cb 03       		.uleb128 0x3
 650 01cc BA040000 		.4byte	.LASF51
 651 01d0 07       		.byte	0x7
 652 01d1 1D       		.byte	0x1d
 653 01d2 76000000 		.4byte	0x76
 654 01d6 03       		.uleb128 0x3
 655 01d7 A2010000 		.4byte	.LASF52
 656 01db 07       		.byte	0x7
 657 01dc 45       		.byte	0x45
 658 01dd E1010000 		.4byte	0x1e1
 659 01e1 09       		.uleb128 0x9
 660 01e2 04       		.byte	0x4
 661 01e3 E7010000 		.4byte	0x1e7
 662 01e7 0B       		.uleb128 0xb
 663 01e8 76000000 		.4byte	0x76
 664 01ec F6010000 		.4byte	0x1f6
 665 01f0 0C       		.uleb128 0xc
 666 01f1 F6010000 		.4byte	0x1f6
 667 01f5 00       		.byte	0
 668 01f6 09       		.uleb128 0x9
 669 01f7 04       		.byte	0x4
 670 01f8 86010000 		.4byte	0x186
 671 01fc 02       		.uleb128 0x2
 672 01fd 01       		.byte	0x1
 673 01fe 02       		.byte	0x2
 674 01ff 0D040000 		.4byte	.LASF53
 675 0203 0D       		.uleb128 0xd
 676 0204 B5020000 		.4byte	.LASF84
 677 0208 01       		.byte	0x1
 678 0209 19       		.byte	0x19
 679 020a CB010000 		.4byte	0x1cb
 680 020e 00000000 		.4byte	.LFB0
ARM GAS  C:\Users\Xwx47\AppData\Local\Temp\cciBlm4n.s 			page 15


 681 0212 0C000000 		.4byte	.LFE0-.LFB0
 682 0216 01       		.uleb128 0x1
 683 0217 9C       		.byte	0x9c
 684 0218 0E       		.uleb128 0xe
 685 0219 0F050000 		.4byte	.LASF54
 686 021d 01       		.byte	0x1
 687 021e 1B       		.byte	0x1b
 688 021f 76000000 		.4byte	0x76
 689 0223 00000000 		.4byte	.LFB1
 690 0227 0C000000 		.4byte	.LFE1-.LFB1
 691 022b 01       		.uleb128 0x1
 692 022c 9C       		.byte	0x9c
 693 022d 41020000 		.4byte	0x241
 694 0231 0F       		.uleb128 0xf
 695 0232 41010000 		.4byte	.LASF56
 696 0236 01       		.byte	0x1
 697 0237 1B       		.byte	0x1b
 698 0238 CB010000 		.4byte	0x1cb
 699 023c 00000000 		.4byte	.LLST0
 700 0240 00       		.byte	0
 701 0241 0E       		.uleb128 0xe
 702 0242 EF030000 		.4byte	.LASF55
 703 0246 01       		.byte	0x1
 704 0247 21       		.byte	0x21
 705 0248 76000000 		.4byte	0x76
 706 024c 00000000 		.4byte	.LFB2
 707 0250 0C000000 		.4byte	.LFE2-.LFB2
 708 0254 01       		.uleb128 0x1
 709 0255 9C       		.byte	0x9c
 710 0256 6A020000 		.4byte	0x26a
 711 025a 0F       		.uleb128 0xf
 712 025b E3020000 		.4byte	.LASF57
 713 025f 01       		.byte	0x1
 714 0260 21       		.byte	0x21
 715 0261 D6010000 		.4byte	0x1d6
 716 0265 22000000 		.4byte	.LLST1
 717 0269 00       		.byte	0
 718 026a 0E       		.uleb128 0xe
 719 026b FF040000 		.4byte	.LASF58
 720 026f 01       		.byte	0x1
 721 0270 27       		.byte	0x27
 722 0271 76000000 		.4byte	0x76
 723 0275 00000000 		.4byte	.LFB3
 724 0279 2A000000 		.4byte	.LFE3-.LFB3
 725 027d 01       		.uleb128 0x1
 726 027e 9C       		.byte	0x9c
 727 027f 0A030000 		.4byte	0x30a
 728 0283 10       		.uleb128 0x10
 729 0284 62756600 		.ascii	"buf\000"
 730 0288 01       		.byte	0x1
 731 0289 27       		.byte	0x27
 732 028a 80010000 		.4byte	0x180
 733 028e 44000000 		.4byte	.LLST2
 734 0292 0F       		.uleb128 0xf
 735 0293 6C020000 		.4byte	.LASF59
 736 0297 01       		.byte	0x1
 737 0298 27       		.byte	0x27
ARM GAS  C:\Users\Xwx47\AppData\Local\Temp\cciBlm4n.s 			page 16


 738 0299 81000000 		.4byte	0x81
 739 029d 70000000 		.4byte	.LLST3
 740 02a1 0F       		.uleb128 0xf
 741 02a2 25030000 		.4byte	.LASF60
 742 02a6 01       		.byte	0x1
 743 02a7 27       		.byte	0x27
 744 02a8 76000000 		.4byte	0x76
 745 02ac 8F000000 		.4byte	.LLST4
 746 02b0 0F       		.uleb128 0xf
 747 02b1 6F000000 		.4byte	.LASF61
 748 02b5 01       		.byte	0x1
 749 02b6 28       		.byte	0x28
 750 02b7 CB010000 		.4byte	0x1cb
 751 02bb B0000000 		.4byte	.LLST5
 752 02bf 0F       		.uleb128 0xf
 753 02c0 2C050000 		.4byte	.LASF40
 754 02c4 01       		.byte	0x1
 755 02c5 28       		.byte	0x28
 756 02c6 3C010000 		.4byte	0x13c
 757 02ca D1000000 		.4byte	.LLST6
 758 02ce 11       		.uleb128 0x11
 759 02cf D8010000 		.4byte	.LASF65
 760 02d3 01       		.byte	0x1
 761 02d4 2A       		.byte	0x2a
 762 02d5 CB010000 		.4byte	0x1cb
 763 02d9 FD000000 		.4byte	.LLST7
 764 02dd 12       		.uleb128 0x12
 765 02de 14000000 		.4byte	.LVL6
 766 02e2 03020000 		.4byte	0x203
 767 02e6 13       		.uleb128 0x13
 768 02e7 26000000 		.4byte	.LVL8
 769 02eb BA040000 		.4byte	0x4ba
 770 02ef 14       		.uleb128 0x14
 771 02f0 01       		.uleb128 0x1
 772 02f1 50       		.byte	0x50
 773 02f2 02       		.uleb128 0x2
 774 02f3 76       		.byte	0x76
 775 02f4 00       		.sleb128 0
 776 02f5 14       		.uleb128 0x14
 777 02f6 01       		.uleb128 0x1
 778 02f7 51       		.byte	0x51
 779 02f8 03       		.uleb128 0x3
 780 02f9 91       		.byte	0x91
 781 02fa 64       		.sleb128 -28
 782 02fb 06       		.byte	0x6
 783 02fc 14       		.uleb128 0x14
 784 02fd 01       		.uleb128 0x1
 785 02fe 52       		.byte	0x52
 786 02ff 02       		.uleb128 0x2
 787 0300 74       		.byte	0x74
 788 0301 00       		.sleb128 0
 789 0302 14       		.uleb128 0x14
 790 0303 01       		.uleb128 0x1
 791 0304 53       		.byte	0x53
 792 0305 02       		.uleb128 0x2
 793 0306 77       		.byte	0x77
 794 0307 00       		.sleb128 0
ARM GAS  C:\Users\Xwx47\AppData\Local\Temp\cciBlm4n.s 			page 17


 795 0308 00       		.byte	0
 796 0309 00       		.byte	0
 797 030a 0E       		.uleb128 0xe
 798 030b 78030000 		.4byte	.LASF62
 799 030f 01       		.byte	0x1
 800 0310 32       		.byte	0x32
 801 0311 76000000 		.4byte	0x76
 802 0315 00000000 		.4byte	.LFB4
 803 0319 26000000 		.4byte	.LFE4-.LFB4
 804 031d 01       		.uleb128 0x1
 805 031e 9C       		.byte	0x9c
 806 031f 84030000 		.4byte	0x384
 807 0323 0F       		.uleb128 0xf
 808 0324 CF010000 		.4byte	.LASF63
 809 0328 01       		.byte	0x1
 810 0329 32       		.byte	0x32
 811 032a F6010000 		.4byte	0x1f6
 812 032e 1C010000 		.4byte	.LLST8
 813 0332 0F       		.uleb128 0xf
 814 0333 21040000 		.4byte	.LASF64
 815 0337 01       		.byte	0x1
 816 0338 32       		.byte	0x32
 817 0339 CB010000 		.4byte	0x1cb
 818 033d 3D010000 		.4byte	.LLST9
 819 0341 11       		.uleb128 0x11
 820 0342 41010000 		.4byte	.LASF56
 821 0346 01       		.byte	0x1
 822 0347 34       		.byte	0x34
 823 0348 CB010000 		.4byte	0x1cb
 824 034c 6A010000 		.4byte	.LLST10
 825 0350 15       		.uleb128 0x15
 826 0351 62756600 		.ascii	"buf\000"
 827 0355 01       		.byte	0x1
 828 0356 35       		.byte	0x35
 829 0357 84030000 		.4byte	0x384
 830 035b 02       		.uleb128 0x2
 831 035c 91       		.byte	0x91
 832 035d 54       		.sleb128 -44
 833 035e 16       		.uleb128 0x16
 834 035f 53050000 		.4byte	.LASF66
 835 0363 01       		.byte	0x1
 836 0364 36       		.byte	0x36
 837 0365 86010000 		.4byte	0x186
 838 0369 02       		.uleb128 0x2
 839 036a 91       		.byte	0x91
 840 036b 48       		.sleb128 -56
 841 036c 13       		.uleb128 0x13
 842 036d 22000000 		.4byte	.LVL13
 843 0371 C5040000 		.4byte	0x4c5
 844 0375 14       		.uleb128 0x14
 845 0376 01       		.uleb128 0x1
 846 0377 50       		.byte	0x50
 847 0378 03       		.uleb128 0x3
 848 0379 F3       		.byte	0xf3
 849 037a 01       		.uleb128 0x1
 850 037b 50       		.byte	0x50
 851 037c 14       		.uleb128 0x14
ARM GAS  C:\Users\Xwx47\AppData\Local\Temp\cciBlm4n.s 			page 18


 852 037d 01       		.uleb128 0x1
 853 037e 51       		.byte	0x51
 854 037f 02       		.uleb128 0x2
 855 0380 74       		.byte	0x74
 856 0381 00       		.sleb128 0
 857 0382 00       		.byte	0
 858 0383 00       		.byte	0
 859 0384 17       		.uleb128 0x17
 860 0385 76000000 		.4byte	0x76
 861 0389 94030000 		.4byte	0x394
 862 038d 18       		.uleb128 0x18
 863 038e 94030000 		.4byte	0x394
 864 0392 21       		.byte	0x21
 865 0393 00       		.byte	0
 866 0394 02       		.uleb128 0x2
 867 0395 04       		.byte	0x4
 868 0396 07       		.byte	0x7
 869 0397 47030000 		.4byte	.LASF67
 870 039b 0E       		.uleb128 0xe
 871 039c 32050000 		.4byte	.LASF68
 872 03a0 01       		.byte	0x1
 873 03a1 47       		.byte	0x47
 874 03a2 76000000 		.4byte	0x76
 875 03a6 00000000 		.4byte	.LFB5
 876 03aa 70000000 		.4byte	.LFE5-.LFB5
 877 03ae 01       		.uleb128 0x1
 878 03af 9C       		.byte	0x9c
 879 03b0 31040000 		.4byte	0x431
 880 03b4 0F       		.uleb128 0xf
 881 03b5 C5030000 		.4byte	.LASF69
 882 03b9 01       		.byte	0x1
 883 03ba 47       		.byte	0x47
 884 03bb F6010000 		.4byte	0x1f6
 885 03bf 7D010000 		.4byte	.LLST11
 886 03c3 11       		.uleb128 0x11
 887 03c4 41010000 		.4byte	.LASF56
 888 03c8 01       		.byte	0x1
 889 03c9 49       		.byte	0x49
 890 03ca CB010000 		.4byte	0x1cb
 891 03ce A9010000 		.4byte	.LLST12
 892 03d2 11       		.uleb128 0x11
 893 03d3 77000000 		.4byte	.LASF70
 894 03d7 01       		.byte	0x1
 895 03d8 4A       		.byte	0x4a
 896 03d9 C0010000 		.4byte	0x1c0
 897 03dd C7010000 		.4byte	.LLST13
 898 03e1 12       		.uleb128 0x12
 899 03e2 10000000 		.4byte	.LVL16
 900 03e6 03020000 		.4byte	0x203
 901 03ea 19       		.uleb128 0x19
 902 03eb 1C000000 		.4byte	.LVL17
 903 03ef D0040000 		.4byte	0x4d0
 904 03f3 FE030000 		.4byte	0x3fe
 905 03f7 14       		.uleb128 0x14
 906 03f8 01       		.uleb128 0x1
 907 03f9 50       		.byte	0x50
 908 03fa 02       		.uleb128 0x2
ARM GAS  C:\Users\Xwx47\AppData\Local\Temp\cciBlm4n.s 			page 19


 909 03fb 76       		.byte	0x76
 910 03fc 00       		.sleb128 0
 911 03fd 00       		.byte	0
 912 03fe 12       		.uleb128 0x12
 913 03ff 2A000000 		.4byte	.LVL20
 914 0403 DB040000 		.4byte	0x4db
 915 0407 12       		.uleb128 0x12
 916 0408 4E000000 		.4byte	.LVL21
 917 040c 03020000 		.4byte	0x203
 918 0410 19       		.uleb128 0x19
 919 0411 56000000 		.4byte	.LVL22
 920 0415 0A030000 		.4byte	0x30a
 921 0419 24040000 		.4byte	0x424
 922 041d 14       		.uleb128 0x14
 923 041e 01       		.uleb128 0x1
 924 041f 50       		.byte	0x50
 925 0420 02       		.uleb128 0x2
 926 0421 75       		.byte	0x75
 927 0422 00       		.sleb128 0
 928 0423 00       		.byte	0
 929 0424 1A       		.uleb128 0x1a
 930 0425 5E000000 		.4byte	.LVL23
 931 0429 14       		.uleb128 0x14
 932 042a 01       		.uleb128 0x1
 933 042b 50       		.byte	0x50
 934 042c 02       		.uleb128 0x2
 935 042d 75       		.byte	0x75
 936 042e 00       		.sleb128 0
 937 042f 00       		.byte	0
 938 0430 00       		.byte	0
 939 0431 1B       		.uleb128 0x1b
 940 0432 5B020000 		.4byte	.LASF85
 941 0436 01       		.byte	0x1
 942 0437 67       		.byte	0x67
 943 0438 00000000 		.4byte	.LFB6
 944 043c 08000000 		.4byte	.LFE6-.LFB6
 945 0440 01       		.uleb128 0x1
 946 0441 9C       		.byte	0x9c
 947 0442 76040000 		.4byte	0x476
 948 0446 0F       		.uleb128 0xf
 949 0447 C5030000 		.4byte	.LASF69
 950 044b 01       		.byte	0x1
 951 044c 67       		.byte	0x67
 952 044d F6010000 		.4byte	0x1f6
 953 0451 DA010000 		.4byte	.LLST14
 954 0455 0F       		.uleb128 0xf
 955 0456 31030000 		.4byte	.LASF71
 956 045a 01       		.byte	0x1
 957 045b 67       		.byte	0x67
 958 045c FC010000 		.4byte	0x1fc
 959 0460 FB010000 		.4byte	.LLST15
 960 0464 13       		.uleb128 0x13
 961 0465 06000000 		.4byte	.LVL28
 962 0469 E6040000 		.4byte	0x4e6
 963 046d 14       		.uleb128 0x14
 964 046e 01       		.uleb128 0x1
 965 046f 50       		.byte	0x50
ARM GAS  C:\Users\Xwx47\AppData\Local\Temp\cciBlm4n.s 			page 20


 966 0470 03       		.uleb128 0x3
 967 0471 F3       		.byte	0xf3
 968 0472 01       		.uleb128 0x1
 969 0473 50       		.byte	0x50
 970 0474 00       		.byte	0
 971 0475 00       		.byte	0
 972 0476 1C       		.uleb128 0x1c
 973 0477 50030000 		.4byte	.LASF72
 974 047b 01       		.byte	0x1
 975 047c 6C       		.byte	0x6c
 976 047d 00000000 		.4byte	.LFB7
 977 0481 02000000 		.4byte	.LFE7-.LFB7
 978 0485 01       		.uleb128 0x1
 979 0486 9C       		.byte	0x9c
 980 0487 1C       		.uleb128 0x1c
 981 0488 20010000 		.4byte	.LASF73
 982 048c 01       		.byte	0x1
 983 048d 6E       		.byte	0x6e
 984 048e 00000000 		.4byte	.LFB8
 985 0492 18000000 		.4byte	.LFE8-.LFB8
 986 0496 01       		.uleb128 0x1
 987 0497 9C       		.byte	0x9c
 988 0498 16       		.uleb128 0x16
 989 0499 7B010000 		.4byte	.LASF74
 990 049d 01       		.byte	0x1
 991 049e 14       		.byte	0x14
 992 049f CB010000 		.4byte	0x1cb
 993 04a3 05       		.uleb128 0x5
 994 04a4 03       		.byte	0x3
 995 04a5 00000000 		.4byte	RNWK_ThisNodeAddr
 996 04a9 16       		.uleb128 0x16
 997 04aa 8D010000 		.4byte	.LASF75
 998 04ae 01       		.byte	0x1
 999 04af 16       		.byte	0x16
 1000 04b0 D6010000 		.4byte	0x1d6
 1001 04b4 05       		.uleb128 0x5
 1002 04b5 03       		.byte	0x3
 1003 04b6 00000000 		.4byte	RNWK_AppOnRxCallback
 1004 04ba 1D       		.uleb128 0x1d
 1005 04bb E0040000 		.4byte	.LASF76
 1006 04bf E0040000 		.4byte	.LASF76
 1007 04c3 06       		.byte	0x6
 1008 04c4 3B       		.byte	0x3b
 1009 04c5 1D       		.uleb128 0x1d
 1010 04c6 99020000 		.4byte	.LASF77
 1011 04ca 99020000 		.4byte	.LASF77
 1012 04ce 06       		.byte	0x6
 1013 04cf 43       		.byte	0x43
 1014 04d0 1D       		.uleb128 0x1d
 1015 04d1 F1010000 		.4byte	.LASF78
 1016 04d5 F1010000 		.4byte	.LASF78
 1017 04d9 06       		.byte	0x6
 1018 04da 53       		.byte	0x53
 1019 04db 1D       		.uleb128 0x1d
 1020 04dc FF020000 		.4byte	.LASF79
 1021 04e0 FF020000 		.4byte	.LASF79
 1022 04e4 06       		.byte	0x6
ARM GAS  C:\Users\Xwx47\AppData\Local\Temp\cciBlm4n.s 			page 21


 1023 04e5 4B       		.byte	0x4b
 1024 04e6 1D       		.uleb128 0x1d
 1025 04e7 CC030000 		.4byte	.LASF80
 1026 04eb CC030000 		.4byte	.LASF80
 1027 04ef 08       		.byte	0x8
 1028 04f0 54       		.byte	0x54
 1029 04f1 00       		.byte	0
 1030              		.section	.debug_abbrev,"",%progbits
 1031              	.Ldebug_abbrev0:
 1032 0000 01       		.uleb128 0x1
 1033 0001 11       		.uleb128 0x11
 1034 0002 01       		.byte	0x1
 1035 0003 25       		.uleb128 0x25
 1036 0004 0E       		.uleb128 0xe
 1037 0005 13       		.uleb128 0x13
 1038 0006 0B       		.uleb128 0xb
 1039 0007 03       		.uleb128 0x3
 1040 0008 0E       		.uleb128 0xe
 1041 0009 1B       		.uleb128 0x1b
 1042 000a 0E       		.uleb128 0xe
 1043 000b 55       		.uleb128 0x55
 1044 000c 17       		.uleb128 0x17
 1045 000d 11       		.uleb128 0x11
 1046 000e 01       		.uleb128 0x1
 1047 000f 10       		.uleb128 0x10
 1048 0010 17       		.uleb128 0x17
 1049 0011 00       		.byte	0
 1050 0012 00       		.byte	0
 1051 0013 02       		.uleb128 0x2
 1052 0014 24       		.uleb128 0x24
 1053 0015 00       		.byte	0
 1054 0016 0B       		.uleb128 0xb
 1055 0017 0B       		.uleb128 0xb
 1056 0018 3E       		.uleb128 0x3e
 1057 0019 0B       		.uleb128 0xb
 1058 001a 03       		.uleb128 0x3
 1059 001b 0E       		.uleb128 0xe
 1060 001c 00       		.byte	0
 1061 001d 00       		.byte	0
 1062 001e 03       		.uleb128 0x3
 1063 001f 16       		.uleb128 0x16
 1064 0020 00       		.byte	0
 1065 0021 03       		.uleb128 0x3
 1066 0022 0E       		.uleb128 0xe
 1067 0023 3A       		.uleb128 0x3a
 1068 0024 0B       		.uleb128 0xb
 1069 0025 3B       		.uleb128 0x3b
 1070 0026 0B       		.uleb128 0xb
 1071 0027 49       		.uleb128 0x49
 1072 0028 13       		.uleb128 0x13
 1073 0029 00       		.byte	0
 1074 002a 00       		.byte	0
 1075 002b 04       		.uleb128 0x4
 1076 002c 24       		.uleb128 0x24
 1077 002d 00       		.byte	0
 1078 002e 0B       		.uleb128 0xb
 1079 002f 0B       		.uleb128 0xb
ARM GAS  C:\Users\Xwx47\AppData\Local\Temp\cciBlm4n.s 			page 22


 1080 0030 3E       		.uleb128 0x3e
 1081 0031 0B       		.uleb128 0xb
 1082 0032 03       		.uleb128 0x3
 1083 0033 08       		.uleb128 0x8
 1084 0034 00       		.byte	0
 1085 0035 00       		.byte	0
 1086 0036 05       		.uleb128 0x5
 1087 0037 04       		.uleb128 0x4
 1088 0038 01       		.byte	0x1
 1089 0039 0B       		.uleb128 0xb
 1090 003a 0B       		.uleb128 0xb
 1091 003b 49       		.uleb128 0x49
 1092 003c 13       		.uleb128 0x13
 1093 003d 3A       		.uleb128 0x3a
 1094 003e 0B       		.uleb128 0xb
 1095 003f 3B       		.uleb128 0x3b
 1096 0040 0B       		.uleb128 0xb
 1097 0041 01       		.uleb128 0x1
 1098 0042 13       		.uleb128 0x13
 1099 0043 00       		.byte	0
 1100 0044 00       		.byte	0
 1101 0045 06       		.uleb128 0x6
 1102 0046 28       		.uleb128 0x28
 1103 0047 00       		.byte	0
 1104 0048 03       		.uleb128 0x3
 1105 0049 0E       		.uleb128 0xe
 1106 004a 1C       		.uleb128 0x1c
 1107 004b 0B       		.uleb128 0xb
 1108 004c 00       		.byte	0
 1109 004d 00       		.byte	0
 1110 004e 07       		.uleb128 0x7
 1111 004f 13       		.uleb128 0x13
 1112 0050 01       		.byte	0x1
 1113 0051 0B       		.uleb128 0xb
 1114 0052 0B       		.uleb128 0xb
 1115 0053 3A       		.uleb128 0x3a
 1116 0054 0B       		.uleb128 0xb
 1117 0055 3B       		.uleb128 0x3b
 1118 0056 0B       		.uleb128 0xb
 1119 0057 01       		.uleb128 0x1
 1120 0058 13       		.uleb128 0x13
 1121 0059 00       		.byte	0
 1122 005a 00       		.byte	0
 1123 005b 08       		.uleb128 0x8
 1124 005c 0D       		.uleb128 0xd
 1125 005d 00       		.byte	0
 1126 005e 03       		.uleb128 0x3
 1127 005f 0E       		.uleb128 0xe
 1128 0060 3A       		.uleb128 0x3a
 1129 0061 0B       		.uleb128 0xb
 1130 0062 3B       		.uleb128 0x3b
 1131 0063 0B       		.uleb128 0xb
 1132 0064 49       		.uleb128 0x49
 1133 0065 13       		.uleb128 0x13
 1134 0066 38       		.uleb128 0x38
 1135 0067 0B       		.uleb128 0xb
 1136 0068 00       		.byte	0
ARM GAS  C:\Users\Xwx47\AppData\Local\Temp\cciBlm4n.s 			page 23


 1137 0069 00       		.byte	0
 1138 006a 09       		.uleb128 0x9
 1139 006b 0F       		.uleb128 0xf
 1140 006c 00       		.byte	0
 1141 006d 0B       		.uleb128 0xb
 1142 006e 0B       		.uleb128 0xb
 1143 006f 49       		.uleb128 0x49
 1144 0070 13       		.uleb128 0x13
 1145 0071 00       		.byte	0
 1146 0072 00       		.byte	0
 1147 0073 0A       		.uleb128 0xa
 1148 0074 04       		.uleb128 0x4
 1149 0075 01       		.byte	0x1
 1150 0076 03       		.uleb128 0x3
 1151 0077 0E       		.uleb128 0xe
 1152 0078 0B       		.uleb128 0xb
 1153 0079 0B       		.uleb128 0xb
 1154 007a 49       		.uleb128 0x49
 1155 007b 13       		.uleb128 0x13
 1156 007c 3A       		.uleb128 0x3a
 1157 007d 0B       		.uleb128 0xb
 1158 007e 3B       		.uleb128 0x3b
 1159 007f 0B       		.uleb128 0xb
 1160 0080 01       		.uleb128 0x1
 1161 0081 13       		.uleb128 0x13
 1162 0082 00       		.byte	0
 1163 0083 00       		.byte	0
 1164 0084 0B       		.uleb128 0xb
 1165 0085 15       		.uleb128 0x15
 1166 0086 01       		.byte	0x1
 1167 0087 27       		.uleb128 0x27
 1168 0088 19       		.uleb128 0x19
 1169 0089 49       		.uleb128 0x49
 1170 008a 13       		.uleb128 0x13
 1171 008b 01       		.uleb128 0x1
 1172 008c 13       		.uleb128 0x13
 1173 008d 00       		.byte	0
 1174 008e 00       		.byte	0
 1175 008f 0C       		.uleb128 0xc
 1176 0090 05       		.uleb128 0x5
 1177 0091 00       		.byte	0
 1178 0092 49       		.uleb128 0x49
 1179 0093 13       		.uleb128 0x13
 1180 0094 00       		.byte	0
 1181 0095 00       		.byte	0
 1182 0096 0D       		.uleb128 0xd
 1183 0097 2E       		.uleb128 0x2e
 1184 0098 00       		.byte	0
 1185 0099 3F       		.uleb128 0x3f
 1186 009a 19       		.uleb128 0x19
 1187 009b 03       		.uleb128 0x3
 1188 009c 0E       		.uleb128 0xe
 1189 009d 3A       		.uleb128 0x3a
 1190 009e 0B       		.uleb128 0xb
 1191 009f 3B       		.uleb128 0x3b
 1192 00a0 0B       		.uleb128 0xb
 1193 00a1 27       		.uleb128 0x27
ARM GAS  C:\Users\Xwx47\AppData\Local\Temp\cciBlm4n.s 			page 24


 1194 00a2 19       		.uleb128 0x19
 1195 00a3 49       		.uleb128 0x49
 1196 00a4 13       		.uleb128 0x13
 1197 00a5 11       		.uleb128 0x11
 1198 00a6 01       		.uleb128 0x1
 1199 00a7 12       		.uleb128 0x12
 1200 00a8 06       		.uleb128 0x6
 1201 00a9 40       		.uleb128 0x40
 1202 00aa 18       		.uleb128 0x18
 1203 00ab 9742     		.uleb128 0x2117
 1204 00ad 19       		.uleb128 0x19
 1205 00ae 00       		.byte	0
 1206 00af 00       		.byte	0
 1207 00b0 0E       		.uleb128 0xe
 1208 00b1 2E       		.uleb128 0x2e
 1209 00b2 01       		.byte	0x1
 1210 00b3 3F       		.uleb128 0x3f
 1211 00b4 19       		.uleb128 0x19
 1212 00b5 03       		.uleb128 0x3
 1213 00b6 0E       		.uleb128 0xe
 1214 00b7 3A       		.uleb128 0x3a
 1215 00b8 0B       		.uleb128 0xb
 1216 00b9 3B       		.uleb128 0x3b
 1217 00ba 0B       		.uleb128 0xb
 1218 00bb 27       		.uleb128 0x27
 1219 00bc 19       		.uleb128 0x19
 1220 00bd 49       		.uleb128 0x49
 1221 00be 13       		.uleb128 0x13
 1222 00bf 11       		.uleb128 0x11
 1223 00c0 01       		.uleb128 0x1
 1224 00c1 12       		.uleb128 0x12
 1225 00c2 06       		.uleb128 0x6
 1226 00c3 40       		.uleb128 0x40
 1227 00c4 18       		.uleb128 0x18
 1228 00c5 9742     		.uleb128 0x2117
 1229 00c7 19       		.uleb128 0x19
 1230 00c8 01       		.uleb128 0x1
 1231 00c9 13       		.uleb128 0x13
 1232 00ca 00       		.byte	0
 1233 00cb 00       		.byte	0
 1234 00cc 0F       		.uleb128 0xf
 1235 00cd 05       		.uleb128 0x5
 1236 00ce 00       		.byte	0
 1237 00cf 03       		.uleb128 0x3
 1238 00d0 0E       		.uleb128 0xe
 1239 00d1 3A       		.uleb128 0x3a
 1240 00d2 0B       		.uleb128 0xb
 1241 00d3 3B       		.uleb128 0x3b
 1242 00d4 0B       		.uleb128 0xb
 1243 00d5 49       		.uleb128 0x49
 1244 00d6 13       		.uleb128 0x13
 1245 00d7 02       		.uleb128 0x2
 1246 00d8 17       		.uleb128 0x17
 1247 00d9 00       		.byte	0
 1248 00da 00       		.byte	0
 1249 00db 10       		.uleb128 0x10
 1250 00dc 05       		.uleb128 0x5
ARM GAS  C:\Users\Xwx47\AppData\Local\Temp\cciBlm4n.s 			page 25


 1251 00dd 00       		.byte	0
 1252 00de 03       		.uleb128 0x3
 1253 00df 08       		.uleb128 0x8
 1254 00e0 3A       		.uleb128 0x3a
 1255 00e1 0B       		.uleb128 0xb
 1256 00e2 3B       		.uleb128 0x3b
 1257 00e3 0B       		.uleb128 0xb
 1258 00e4 49       		.uleb128 0x49
 1259 00e5 13       		.uleb128 0x13
 1260 00e6 02       		.uleb128 0x2
 1261 00e7 17       		.uleb128 0x17
 1262 00e8 00       		.byte	0
 1263 00e9 00       		.byte	0
 1264 00ea 11       		.uleb128 0x11
 1265 00eb 34       		.uleb128 0x34
 1266 00ec 00       		.byte	0
 1267 00ed 03       		.uleb128 0x3
 1268 00ee 0E       		.uleb128 0xe
 1269 00ef 3A       		.uleb128 0x3a
 1270 00f0 0B       		.uleb128 0xb
 1271 00f1 3B       		.uleb128 0x3b
 1272 00f2 0B       		.uleb128 0xb
 1273 00f3 49       		.uleb128 0x49
 1274 00f4 13       		.uleb128 0x13
 1275 00f5 02       		.uleb128 0x2
 1276 00f6 17       		.uleb128 0x17
 1277 00f7 00       		.byte	0
 1278 00f8 00       		.byte	0
 1279 00f9 12       		.uleb128 0x12
 1280 00fa 898201   		.uleb128 0x4109
 1281 00fd 00       		.byte	0
 1282 00fe 11       		.uleb128 0x11
 1283 00ff 01       		.uleb128 0x1
 1284 0100 31       		.uleb128 0x31
 1285 0101 13       		.uleb128 0x13
 1286 0102 00       		.byte	0
 1287 0103 00       		.byte	0
 1288 0104 13       		.uleb128 0x13
 1289 0105 898201   		.uleb128 0x4109
 1290 0108 01       		.byte	0x1
 1291 0109 11       		.uleb128 0x11
 1292 010a 01       		.uleb128 0x1
 1293 010b 31       		.uleb128 0x31
 1294 010c 13       		.uleb128 0x13
 1295 010d 00       		.byte	0
 1296 010e 00       		.byte	0
 1297 010f 14       		.uleb128 0x14
 1298 0110 8A8201   		.uleb128 0x410a
 1299 0113 00       		.byte	0
 1300 0114 02       		.uleb128 0x2
 1301 0115 18       		.uleb128 0x18
 1302 0116 9142     		.uleb128 0x2111
 1303 0118 18       		.uleb128 0x18
 1304 0119 00       		.byte	0
 1305 011a 00       		.byte	0
 1306 011b 15       		.uleb128 0x15
 1307 011c 34       		.uleb128 0x34
ARM GAS  C:\Users\Xwx47\AppData\Local\Temp\cciBlm4n.s 			page 26


 1308 011d 00       		.byte	0
 1309 011e 03       		.uleb128 0x3
 1310 011f 08       		.uleb128 0x8
 1311 0120 3A       		.uleb128 0x3a
 1312 0121 0B       		.uleb128 0xb
 1313 0122 3B       		.uleb128 0x3b
 1314 0123 0B       		.uleb128 0xb
 1315 0124 49       		.uleb128 0x49
 1316 0125 13       		.uleb128 0x13
 1317 0126 02       		.uleb128 0x2
 1318 0127 18       		.uleb128 0x18
 1319 0128 00       		.byte	0
 1320 0129 00       		.byte	0
 1321 012a 16       		.uleb128 0x16
 1322 012b 34       		.uleb128 0x34
 1323 012c 00       		.byte	0
 1324 012d 03       		.uleb128 0x3
 1325 012e 0E       		.uleb128 0xe
 1326 012f 3A       		.uleb128 0x3a
 1327 0130 0B       		.uleb128 0xb
 1328 0131 3B       		.uleb128 0x3b
 1329 0132 0B       		.uleb128 0xb
 1330 0133 49       		.uleb128 0x49
 1331 0134 13       		.uleb128 0x13
 1332 0135 02       		.uleb128 0x2
 1333 0136 18       		.uleb128 0x18
 1334 0137 00       		.byte	0
 1335 0138 00       		.byte	0
 1336 0139 17       		.uleb128 0x17
 1337 013a 01       		.uleb128 0x1
 1338 013b 01       		.byte	0x1
 1339 013c 49       		.uleb128 0x49
 1340 013d 13       		.uleb128 0x13
 1341 013e 01       		.uleb128 0x1
 1342 013f 13       		.uleb128 0x13
 1343 0140 00       		.byte	0
 1344 0141 00       		.byte	0
 1345 0142 18       		.uleb128 0x18
 1346 0143 21       		.uleb128 0x21
 1347 0144 00       		.byte	0
 1348 0145 49       		.uleb128 0x49
 1349 0146 13       		.uleb128 0x13
 1350 0147 2F       		.uleb128 0x2f
 1351 0148 0B       		.uleb128 0xb
 1352 0149 00       		.byte	0
 1353 014a 00       		.byte	0
 1354 014b 19       		.uleb128 0x19
 1355 014c 898201   		.uleb128 0x4109
 1356 014f 01       		.byte	0x1
 1357 0150 11       		.uleb128 0x11
 1358 0151 01       		.uleb128 0x1
 1359 0152 31       		.uleb128 0x31
 1360 0153 13       		.uleb128 0x13
 1361 0154 01       		.uleb128 0x1
 1362 0155 13       		.uleb128 0x13
 1363 0156 00       		.byte	0
 1364 0157 00       		.byte	0
ARM GAS  C:\Users\Xwx47\AppData\Local\Temp\cciBlm4n.s 			page 27


 1365 0158 1A       		.uleb128 0x1a
 1366 0159 898201   		.uleb128 0x4109
 1367 015c 01       		.byte	0x1
 1368 015d 11       		.uleb128 0x11
 1369 015e 01       		.uleb128 0x1
 1370 015f 00       		.byte	0
 1371 0160 00       		.byte	0
 1372 0161 1B       		.uleb128 0x1b
 1373 0162 2E       		.uleb128 0x2e
 1374 0163 01       		.byte	0x1
 1375 0164 3F       		.uleb128 0x3f
 1376 0165 19       		.uleb128 0x19
 1377 0166 03       		.uleb128 0x3
 1378 0167 0E       		.uleb128 0xe
 1379 0168 3A       		.uleb128 0x3a
 1380 0169 0B       		.uleb128 0xb
 1381 016a 3B       		.uleb128 0x3b
 1382 016b 0B       		.uleb128 0xb
 1383 016c 27       		.uleb128 0x27
 1384 016d 19       		.uleb128 0x19
 1385 016e 11       		.uleb128 0x11
 1386 016f 01       		.uleb128 0x1
 1387 0170 12       		.uleb128 0x12
 1388 0171 06       		.uleb128 0x6
 1389 0172 40       		.uleb128 0x40
 1390 0173 18       		.uleb128 0x18
 1391 0174 9742     		.uleb128 0x2117
 1392 0176 19       		.uleb128 0x19
 1393 0177 01       		.uleb128 0x1
 1394 0178 13       		.uleb128 0x13
 1395 0179 00       		.byte	0
 1396 017a 00       		.byte	0
 1397 017b 1C       		.uleb128 0x1c
 1398 017c 2E       		.uleb128 0x2e
 1399 017d 00       		.byte	0
 1400 017e 3F       		.uleb128 0x3f
 1401 017f 19       		.uleb128 0x19
 1402 0180 03       		.uleb128 0x3
 1403 0181 0E       		.uleb128 0xe
 1404 0182 3A       		.uleb128 0x3a
 1405 0183 0B       		.uleb128 0xb
 1406 0184 3B       		.uleb128 0x3b
 1407 0185 0B       		.uleb128 0xb
 1408 0186 27       		.uleb128 0x27
 1409 0187 19       		.uleb128 0x19
 1410 0188 11       		.uleb128 0x11
 1411 0189 01       		.uleb128 0x1
 1412 018a 12       		.uleb128 0x12
 1413 018b 06       		.uleb128 0x6
 1414 018c 40       		.uleb128 0x40
 1415 018d 18       		.uleb128 0x18
 1416 018e 9742     		.uleb128 0x2117
 1417 0190 19       		.uleb128 0x19
 1418 0191 00       		.byte	0
 1419 0192 00       		.byte	0
 1420 0193 1D       		.uleb128 0x1d
 1421 0194 2E       		.uleb128 0x2e
ARM GAS  C:\Users\Xwx47\AppData\Local\Temp\cciBlm4n.s 			page 28


 1422 0195 00       		.byte	0
 1423 0196 3F       		.uleb128 0x3f
 1424 0197 19       		.uleb128 0x19
 1425 0198 3C       		.uleb128 0x3c
 1426 0199 19       		.uleb128 0x19
 1427 019a 6E       		.uleb128 0x6e
 1428 019b 0E       		.uleb128 0xe
 1429 019c 03       		.uleb128 0x3
 1430 019d 0E       		.uleb128 0xe
 1431 019e 3A       		.uleb128 0x3a
 1432 019f 0B       		.uleb128 0xb
 1433 01a0 3B       		.uleb128 0x3b
 1434 01a1 0B       		.uleb128 0xb
 1435 01a2 00       		.byte	0
 1436 01a3 00       		.byte	0
 1437 01a4 00       		.byte	0
 1438              		.section	.debug_loc,"",%progbits
 1439              	.Ldebug_loc0:
 1440              	.LLST0:
 1441 0000 00000000 		.4byte	.LVL0
 1442 0004 06000000 		.4byte	.LVL1
 1443 0008 0100     		.2byte	0x1
 1444 000a 50       		.byte	0x50
 1445 000b 06000000 		.4byte	.LVL1
 1446 000f 0C000000 		.4byte	.LFE1
 1447 0013 0500     		.2byte	0x5
 1448 0015 03       		.byte	0x3
 1449 0016 00000000 		.4byte	RNWK_ThisNodeAddr
 1450 001a 00000000 		.4byte	0
 1451 001e 00000000 		.4byte	0
 1452              	.LLST1:
 1453 0022 00000000 		.4byte	.LVL2
 1454 0026 06000000 		.4byte	.LVL3
 1455 002a 0100     		.2byte	0x1
 1456 002c 50       		.byte	0x50
 1457 002d 06000000 		.4byte	.LVL3
 1458 0031 0C000000 		.4byte	.LFE2
 1459 0035 0500     		.2byte	0x5
 1460 0037 03       		.byte	0x3
 1461 0038 00000000 		.4byte	RNWK_AppOnRxCallback
 1462 003c 00000000 		.4byte	0
 1463 0040 00000000 		.4byte	0
 1464              	.LLST2:
 1465 0044 00000000 		.4byte	.LVL4
 1466 0048 13000000 		.4byte	.LVL6-1
 1467 004c 0100     		.2byte	0x1
 1468 004e 50       		.byte	0x50
 1469 004f 13000000 		.4byte	.LVL6-1
 1470 0053 28000000 		.4byte	.LVL9
 1471 0057 0100     		.2byte	0x1
 1472 0059 56       		.byte	0x56
 1473 005a 28000000 		.4byte	.LVL9
 1474 005e 2A000000 		.4byte	.LFE3
 1475 0062 0400     		.2byte	0x4
 1476 0064 F3       		.byte	0xf3
 1477 0065 01       		.uleb128 0x1
 1478 0066 50       		.byte	0x50
ARM GAS  C:\Users\Xwx47\AppData\Local\Temp\cciBlm4n.s 			page 29


 1479 0067 9F       		.byte	0x9f
 1480 0068 00000000 		.4byte	0
 1481 006c 00000000 		.4byte	0
 1482              	.LLST3:
 1483 0070 00000000 		.4byte	.LVL4
 1484 0074 13000000 		.4byte	.LVL6-1
 1485 0078 0100     		.2byte	0x1
 1486 007a 51       		.byte	0x51
 1487 007b 13000000 		.4byte	.LVL6-1
 1488 007f 2A000000 		.4byte	.LFE3
 1489 0083 0200     		.2byte	0x2
 1490 0085 91       		.byte	0x91
 1491 0086 64       		.sleb128 -28
 1492 0087 00000000 		.4byte	0
 1493 008b 00000000 		.4byte	0
 1494              	.LLST4:
 1495 008f 00000000 		.4byte	.LVL4
 1496 0093 13000000 		.4byte	.LVL6-1
 1497 0097 0100     		.2byte	0x1
 1498 0099 52       		.byte	0x52
 1499 009a 13000000 		.4byte	.LVL6-1
 1500 009e 2A000000 		.4byte	.LFE3
 1501 00a2 0400     		.2byte	0x4
 1502 00a4 F3       		.byte	0xf3
 1503 00a5 01       		.uleb128 0x1
 1504 00a6 52       		.byte	0x52
 1505 00a7 9F       		.byte	0x9f
 1506 00a8 00000000 		.4byte	0
 1507 00ac 00000000 		.4byte	0
 1508              	.LLST5:
 1509 00b0 00000000 		.4byte	.LVL4
 1510 00b4 0E000000 		.4byte	.LVL5
 1511 00b8 0100     		.2byte	0x1
 1512 00ba 53       		.byte	0x53
 1513 00bb 0E000000 		.4byte	.LVL5
 1514 00bf 2A000000 		.4byte	.LFE3
 1515 00c3 0400     		.2byte	0x4
 1516 00c5 F3       		.byte	0xf3
 1517 00c6 01       		.uleb128 0x1
 1518 00c7 53       		.byte	0x53
 1519 00c8 9F       		.byte	0x9f
 1520 00c9 00000000 		.4byte	0
 1521 00cd 00000000 		.4byte	0
 1522              	.LLST6:
 1523 00d1 00000000 		.4byte	.LVL4
 1524 00d5 0E000000 		.4byte	.LVL5
 1525 00d9 0200     		.2byte	0x2
 1526 00db 91       		.byte	0x91
 1527 00dc 00       		.sleb128 0
 1528 00dd 0E000000 		.4byte	.LVL5
 1529 00e1 13000000 		.4byte	.LVL6-1
 1530 00e5 0200     		.2byte	0x2
 1531 00e7 73       		.byte	0x73
 1532 00e8 00       		.sleb128 0
 1533 00e9 13000000 		.4byte	.LVL6-1
 1534 00ed 2A000000 		.4byte	.LFE3
 1535 00f1 0200     		.2byte	0x2
ARM GAS  C:\Users\Xwx47\AppData\Local\Temp\cciBlm4n.s 			page 30


 1536 00f3 91       		.byte	0x91
 1537 00f4 00       		.sleb128 0
 1538 00f5 00000000 		.4byte	0
 1539 00f9 00000000 		.4byte	0
 1540              	.LLST7:
 1541 00fd 14000000 		.4byte	.LVL6
 1542 0101 22000000 		.4byte	.LVL7
 1543 0105 0100     		.2byte	0x1
 1544 0107 50       		.byte	0x50
 1545 0108 22000000 		.4byte	.LVL7
 1546 010c 25000000 		.4byte	.LVL8-1
 1547 0110 0200     		.2byte	0x2
 1548 0112 76       		.byte	0x76
 1549 0113 04       		.sleb128 4
 1550 0114 00000000 		.4byte	0
 1551 0118 00000000 		.4byte	0
 1552              	.LLST8:
 1553 011c 00000000 		.4byte	.LVL10
 1554 0120 21000000 		.4byte	.LVL13-1
 1555 0124 0100     		.2byte	0x1
 1556 0126 50       		.byte	0x50
 1557 0127 21000000 		.4byte	.LVL13-1
 1558 012b 26000000 		.4byte	.LFE4
 1559 012f 0400     		.2byte	0x4
 1560 0131 F3       		.byte	0xf3
 1561 0132 01       		.uleb128 0x1
 1562 0133 50       		.byte	0x50
 1563 0134 9F       		.byte	0x9f
 1564 0135 00000000 		.4byte	0
 1565 0139 00000000 		.4byte	0
 1566              	.LLST9:
 1567 013d 00000000 		.4byte	.LVL10
 1568 0141 1E000000 		.4byte	.LVL12
 1569 0145 0100     		.2byte	0x1
 1570 0147 51       		.byte	0x51
 1571 0148 1E000000 		.4byte	.LVL12
 1572 014c 21000000 		.4byte	.LVL13-1
 1573 0150 0200     		.2byte	0x2
 1574 0152 73       		.byte	0x73
 1575 0153 04       		.sleb128 4
 1576 0154 21000000 		.4byte	.LVL13-1
 1577 0158 26000000 		.4byte	.LFE4
 1578 015c 0400     		.2byte	0x4
 1579 015e F3       		.byte	0xf3
 1580 015f 01       		.uleb128 0x1
 1581 0160 51       		.byte	0x51
 1582 0161 9F       		.byte	0x9f
 1583 0162 00000000 		.4byte	0
 1584 0166 00000000 		.4byte	0
 1585              	.LLST10:
 1586 016a 18000000 		.4byte	.LVL11
 1587 016e 21000000 		.4byte	.LVL13-1
 1588 0172 0100     		.2byte	0x1
 1589 0174 52       		.byte	0x52
 1590 0175 00000000 		.4byte	0
 1591 0179 00000000 		.4byte	0
 1592              	.LLST11:
ARM GAS  C:\Users\Xwx47\AppData\Local\Temp\cciBlm4n.s 			page 31


 1593 017d 00000000 		.4byte	.LVL14
 1594 0181 0F000000 		.4byte	.LVL16-1
 1595 0185 0100     		.2byte	0x1
 1596 0187 50       		.byte	0x50
 1597 0188 0F000000 		.4byte	.LVL16-1
 1598 018c 6A000000 		.4byte	.LVL26
 1599 0190 0100     		.2byte	0x1
 1600 0192 55       		.byte	0x55
 1601 0193 6A000000 		.4byte	.LVL26
 1602 0197 70000000 		.4byte	.LFE5
 1603 019b 0400     		.2byte	0x4
 1604 019d F3       		.byte	0xf3
 1605 019e 01       		.uleb128 0x1
 1606 019f 50       		.byte	0x50
 1607 01a0 9F       		.byte	0x9f
 1608 01a1 00000000 		.4byte	0
 1609 01a5 00000000 		.4byte	0
 1610              	.LLST12:
 1611 01a9 08000000 		.4byte	.LVL15
 1612 01ad 1E000000 		.4byte	.LVL18
 1613 01b1 0100     		.2byte	0x1
 1614 01b3 54       		.byte	0x54
 1615 01b4 60000000 		.4byte	.LVL24
 1616 01b8 64000000 		.4byte	.LVL25
 1617 01bc 0100     		.2byte	0x1
 1618 01be 54       		.byte	0x54
 1619 01bf 00000000 		.4byte	0
 1620 01c3 00000000 		.4byte	0
 1621              	.LLST13:
 1622 01c7 1E000000 		.4byte	.LVL18
 1623 01cb 26000000 		.4byte	.LVL19
 1624 01cf 0100     		.2byte	0x1
 1625 01d1 50       		.byte	0x50
 1626 01d2 00000000 		.4byte	0
 1627 01d6 00000000 		.4byte	0
 1628              	.LLST14:
 1629 01da 00000000 		.4byte	.LVL27
 1630 01de 05000000 		.4byte	.LVL28-1
 1631 01e2 0100     		.2byte	0x1
 1632 01e4 50       		.byte	0x50
 1633 01e5 05000000 		.4byte	.LVL28-1
 1634 01e9 08000000 		.4byte	.LFE6
 1635 01ed 0400     		.2byte	0x4
 1636 01ef F3       		.byte	0xf3
 1637 01f0 01       		.uleb128 0x1
 1638 01f1 50       		.byte	0x50
 1639 01f2 9F       		.byte	0x9f
 1640 01f3 00000000 		.4byte	0
 1641 01f7 00000000 		.4byte	0
 1642              	.LLST15:
 1643 01fb 00000000 		.4byte	.LVL27
 1644 01ff 05000000 		.4byte	.LVL28-1
 1645 0203 0100     		.2byte	0x1
 1646 0205 51       		.byte	0x51
 1647 0206 05000000 		.4byte	.LVL28-1
 1648 020a 08000000 		.4byte	.LFE6
 1649 020e 0400     		.2byte	0x4
ARM GAS  C:\Users\Xwx47\AppData\Local\Temp\cciBlm4n.s 			page 32


 1650 0210 F3       		.byte	0xf3
 1651 0211 01       		.uleb128 0x1
 1652 0212 51       		.byte	0x51
 1653 0213 9F       		.byte	0x9f
 1654 0214 00000000 		.4byte	0
 1655 0218 00000000 		.4byte	0
 1656              		.section	.debug_aranges,"",%progbits
 1657 0000 5C000000 		.4byte	0x5c
 1658 0004 0200     		.2byte	0x2
 1659 0006 00000000 		.4byte	.Ldebug_info0
 1660 000a 04       		.byte	0x4
 1661 000b 00       		.byte	0
 1662 000c 0000     		.2byte	0
 1663 000e 0000     		.2byte	0
 1664 0010 00000000 		.4byte	.LFB0
 1665 0014 0C000000 		.4byte	.LFE0-.LFB0
 1666 0018 00000000 		.4byte	.LFB1
 1667 001c 0C000000 		.4byte	.LFE1-.LFB1
 1668 0020 00000000 		.4byte	.LFB2
 1669 0024 0C000000 		.4byte	.LFE2-.LFB2
 1670 0028 00000000 		.4byte	.LFB3
 1671 002c 2A000000 		.4byte	.LFE3-.LFB3
 1672 0030 00000000 		.4byte	.LFB4
 1673 0034 26000000 		.4byte	.LFE4-.LFB4
 1674 0038 00000000 		.4byte	.LFB5
 1675 003c 70000000 		.4byte	.LFE5-.LFB5
 1676 0040 00000000 		.4byte	.LFB6
 1677 0044 08000000 		.4byte	.LFE6-.LFB6
 1678 0048 00000000 		.4byte	.LFB7
 1679 004c 02000000 		.4byte	.LFE7-.LFB7
 1680 0050 00000000 		.4byte	.LFB8
 1681 0054 18000000 		.4byte	.LFE8-.LFB8
 1682 0058 00000000 		.4byte	0
 1683 005c 00000000 		.4byte	0
 1684              		.section	.debug_ranges,"",%progbits
 1685              	.Ldebug_ranges0:
 1686 0000 00000000 		.4byte	.LFB0
 1687 0004 0C000000 		.4byte	.LFE0
 1688 0008 00000000 		.4byte	.LFB1
 1689 000c 0C000000 		.4byte	.LFE1
 1690 0010 00000000 		.4byte	.LFB2
 1691 0014 0C000000 		.4byte	.LFE2
 1692 0018 00000000 		.4byte	.LFB3
 1693 001c 2A000000 		.4byte	.LFE3
 1694 0020 00000000 		.4byte	.LFB4
 1695 0024 26000000 		.4byte	.LFE4
 1696 0028 00000000 		.4byte	.LFB5
 1697 002c 70000000 		.4byte	.LFE5
 1698 0030 00000000 		.4byte	.LFB6
 1699 0034 08000000 		.4byte	.LFE6
 1700 0038 00000000 		.4byte	.LFB7
 1701 003c 02000000 		.4byte	.LFE7
 1702 0040 00000000 		.4byte	.LFB8
 1703 0044 18000000 		.4byte	.LFE8
 1704 0048 00000000 		.4byte	0
 1705 004c 00000000 		.4byte	0
 1706              		.section	.debug_line,"",%progbits
ARM GAS  C:\Users\Xwx47\AppData\Local\Temp\cciBlm4n.s 			page 33


 1707              	.Ldebug_line0:
 1708 0000 BE020000 		.section	.debug_str,"MS",%progbits,1
 1708      0200F101 
 1708      00000201 
 1708      FB0E0D00 
 1708      01010101 
 1709              	.LASF45:
 1710 0000 524D4143 		.ascii	"RMAC_MSG_TYPE_INIT\000"
 1710      5F4D5347 
 1710      5F545950 
 1710      455F494E 
 1710      495400
 1711              	.LASF82:
 1712 0013 2E2E5C52 		.ascii	"..\\RNET\\RNWK.c\000"
 1712      4E45545C 
 1712      524E574B 
 1712      2E6300
 1713              	.LASF21:
 1714 0022 4E52465F 		.ascii	"NRF_OBSERVE_TX_REG\000"
 1714      4F425345 
 1714      5256455F 
 1714      54585F52 
 1714      454700
 1715              	.LASF11:
 1716 0035 73697A65 		.ascii	"size_t\000"
 1716      5F7400
 1717              	.LASF43:
 1718 003c 72787478 		.ascii	"rxtx\000"
 1718      00
 1719              	.LASF31:
 1720 0041 4E52465F 		.ascii	"NRF_RX_PW_P1_REG\000"
 1720      52585F50 
 1720      575F5031 
 1720      5F524547 
 1720      00
 1721              	.LASF9:
 1722 0052 5F5F7569 		.ascii	"__uint8_t\000"
 1722      6E74385F 
 1722      7400
 1723              	.LASF25:
 1724 005c 4E52465F 		.ascii	"NRF_RX_ADDR_P2_REG\000"
 1724      52585F41 
 1724      4444525F 
 1724      50325F52 
 1724      454700
 1725              	.LASF61:
 1726 006f 64737441 		.ascii	"dstAddr\000"
 1726      64647200 
 1727              	.LASF70:
 1728 0077 74797065 		.ascii	"type\000"
 1728      00
 1729              	.LASF81:
 1730 007c 474E5520 		.ascii	"GNU C11 5.4.1 20160609 (release) [ARM/embedded-5-br"
 1730      43313120 
 1730      352E342E 
 1730      31203230 
 1730      31363036 
ARM GAS  C:\Users\Xwx47\AppData\Local\Temp\cciBlm4n.s 			page 34


 1731 00af 616E6368 		.ascii	"anch revision 237715] -mcpu=cortex-m0 -mthumb -g -O"
 1731      20726576 
 1731      6973696F 
 1731      6E203233 
 1731      37373135 
 1732 00e2 67202D66 		.ascii	"g -ffunction-sections -ffat-lto-objects\000"
 1732      66756E63 
 1732      74696F6E 
 1732      2D736563 
 1732      74696F6E 
 1733              	.LASF49:
 1734 010a 524D4143 		.ascii	"RMAC_MSG_TYPE_REQ_ACK\000"
 1734      5F4D5347 
 1734      5F545950 
 1734      455F5245 
 1734      515F4143 
 1735              	.LASF73:
 1736 0120 524E574B 		.ascii	"RNWK_Init\000"
 1736      5F496E69 
 1736      7400
 1737              	.LASF7:
 1738 012a 6C6F6E67 		.ascii	"long long unsigned int\000"
 1738      206C6F6E 
 1738      6720756E 
 1738      7369676E 
 1738      65642069 
 1739              	.LASF56:
 1740 0141 61646472 		.ascii	"addr\000"
 1740      00
 1741              	.LASF6:
 1742 0146 6C6F6E67 		.ascii	"long long int\000"
 1742      206C6F6E 
 1742      6720696E 
 1742      7400
 1743              	.LASF0:
 1744 0154 7369676E 		.ascii	"signed char\000"
 1744      65642063 
 1744      68617200 
 1745              	.LASF15:
 1746 0160 4E52465F 		.ascii	"NRF_EN_RXADDR_REG\000"
 1746      454E5F52 
 1746      58414444 
 1746      525F5245 
 1746      4700
 1747              	.LASF4:
 1748 0172 6C6F6E67 		.ascii	"long int\000"
 1748      20696E74 
 1748      00
 1749              	.LASF74:
 1750 017b 524E574B 		.ascii	"RNWK_ThisNodeAddr\000"
 1750      5F546869 
 1750      734E6F64 
 1750      65416464 
 1750      7200
 1751              	.LASF75:
 1752 018d 524E574B 		.ascii	"RNWK_AppOnRxCallback\000"
 1752      5F417070 
ARM GAS  C:\Users\Xwx47\AppData\Local\Temp\cciBlm4n.s 			page 35


 1752      4F6E5278 
 1752      43616C6C 
 1752      6261636B 
 1753              	.LASF52:
 1754 01a2 524E574B 		.ascii	"RNWK_AppOnRxCallbackType\000"
 1754      5F417070 
 1754      4F6E5278 
 1754      43616C6C 
 1754      6261636B 
 1755              	.LASF36:
 1756 01bb 4E52465F 		.ascii	"NRF_FIFO_STATUS_REG\000"
 1756      4649464F 
 1756      5F535441 
 1756      5455535F 
 1756      52454700 
 1757              	.LASF63:
 1758 01cf 72785061 		.ascii	"rxPacket\000"
 1758      636B6574 
 1758      00
 1759              	.LASF65:
 1760 01d8 73726341 		.ascii	"srcAddr\000"
 1760      64647200 
 1761              	.LASF33:
 1762 01e0 4E52465F 		.ascii	"NRF_RX_PW_P3_REG\000"
 1762      52585F50 
 1762      575F5033 
 1762      5F524547 
 1762      00
 1763              	.LASF78:
 1764 01f1 524D4143 		.ascii	"RMAC_GetType\000"
 1764      5F476574 
 1764      54797065 
 1764      00
 1765              	.LASF27:
 1766 01fe 4E52465F 		.ascii	"NRF_RX_ADDR_P4_REG\000"
 1766      52585F41 
 1766      4444525F 
 1766      50345F52 
 1766      454700
 1767              	.LASF37:
 1768 0211 4E52465F 		.ascii	"NRF_DYNPD_REG\000"
 1768      44594E50 
 1768      445F5245 
 1768      4700
 1769              	.LASF14:
 1770 021f 4E52465F 		.ascii	"NRF_EN_AA_REG\000"
 1770      454E5F41 
 1770      415F5245 
 1770      4700
 1771              	.LASF46:
 1772 022d 524D4143 		.ascii	"RMAC_MSG_TYPE_DATA\000"
 1772      5F4D5347 
 1772      5F545950 
 1772      455F4441 
 1772      544100
 1773              	.LASF18:
 1774 0240 4E52465F 		.ascii	"NRF_RF_CH_REG\000"
ARM GAS  C:\Users\Xwx47\AppData\Local\Temp\cciBlm4n.s 			page 36


 1774      52465F43 
 1774      485F5245 
 1774      4700
 1775              	.LASF8:
 1776 024e 756E7369 		.ascii	"unsigned int\000"
 1776      676E6564 
 1776      20696E74 
 1776      00
 1777              	.LASF85:
 1778 025b 524E574B 		.ascii	"RNWK_SniffPacket\000"
 1778      5F536E69 
 1778      66665061 
 1778      636B6574 
 1778      00
 1779              	.LASF59:
 1780 026c 62756653 		.ascii	"bufSize\000"
 1780      697A6500 
 1781              	.LASF5:
 1782 0274 6C6F6E67 		.ascii	"long unsigned int\000"
 1782      20756E73 
 1782      69676E65 
 1782      6420696E 
 1782      7400
 1783              	.LASF3:
 1784 0286 73686F72 		.ascii	"short unsigned int\000"
 1784      7420756E 
 1784      7369676E 
 1784      65642069 
 1784      6E7400
 1785              	.LASF77:
 1786 0299 524D4143 		.ascii	"RMAC_SendACK\000"
 1786      5F53656E 
 1786      6441434B 
 1786      00
 1787              	.LASF13:
 1788 02a6 4E52465F 		.ascii	"NRF_CONFIG_REG\000"
 1788      434F4E46 
 1788      49475F52 
 1788      454700
 1789              	.LASF84:
 1790 02b5 524E574B 		.ascii	"RNWK_GetThisNodeAddr\000"
 1790      5F476574 
 1790      54686973 
 1790      4E6F6465 
 1790      41646472 
 1791              	.LASF30:
 1792 02ca 4E52465F 		.ascii	"NRF_RX_PW_P0_REG\000"
 1792      52585F50 
 1792      575F5030 
 1792      5F524547 
 1792      00
 1793              	.LASF41:
 1794 02db 70687953 		.ascii	"phySize\000"
 1794      697A6500 
 1795              	.LASF57:
 1796 02e3 63616C6C 		.ascii	"callback\000"
 1796      6261636B 
ARM GAS  C:\Users\Xwx47\AppData\Local\Temp\cciBlm4n.s 			page 37


 1796      00
 1797              	.LASF24:
 1798 02ec 4E52465F 		.ascii	"NRF_RX_ADDR_P1_REG\000"
 1798      52585F41 
 1798      4444525F 
 1798      50315F52 
 1798      454700
 1799              	.LASF79:
 1800 02ff 524D4143 		.ascii	"RMAC_IsExpectedACK\000"
 1800      5F497345 
 1800      78706563 
 1800      74656441 
 1800      434B00
 1801              	.LASF17:
 1802 0312 4E52465F 		.ascii	"NRF_SETUP_RETR_REG\000"
 1802      53455455 
 1802      505F5245 
 1802      54525F52 
 1802      454700
 1803              	.LASF60:
 1804 0325 7061796C 		.ascii	"payloadSize\000"
 1804      6F616453 
 1804      697A6500 
 1805              	.LASF71:
 1806 0331 69735478 		.ascii	"isTx\000"
 1806      00
 1807              	.LASF19:
 1808 0336 4E52465F 		.ascii	"NRF_RF_SETUP_REG\000"
 1808      52465F53 
 1808      45545550 
 1808      5F524547 
 1808      00
 1809              	.LASF67:
 1810 0347 73697A65 		.ascii	"sizetype\000"
 1810      74797065 
 1810      00
 1811              	.LASF72:
 1812 0350 524E574B 		.ascii	"RNWK_Deinit\000"
 1812      5F446569 
 1812      6E697400 
 1813              	.LASF44:
 1814 035c 52504859 		.ascii	"RPHY_PacketDesc\000"
 1814      5F506163 
 1814      6B657444 
 1814      65736300 
 1815              	.LASF12:
 1816 036c 6C6F6E67 		.ascii	"long double\000"
 1816      20646F75 
 1816      626C6500 
 1817              	.LASF62:
 1818 0378 524E574B 		.ascii	"RNWK_SendACK\000"
 1818      5F53656E 
 1818      6441434B 
 1818      00
 1819              	.LASF50:
 1820 0385 524D4143 		.ascii	"RMAC_MsgType\000"
 1820      5F4D7367 
ARM GAS  C:\Users\Xwx47\AppData\Local\Temp\cciBlm4n.s 			page 38


 1820      54797065 
 1820      00
 1821              	.LASF48:
 1822 0392 524D4143 		.ascii	"RMAC_MSG_TYPE_CMD\000"
 1822      5F4D5347 
 1822      5F545950 
 1822      455F434D 
 1822      4400
 1823              	.LASF38:
 1824 03a4 4E52465F 		.ascii	"NRF_FEATURE_REG\000"
 1824      46454154 
 1824      5552455F 
 1824      52454700 
 1825              	.LASF35:
 1826 03b4 4E52465F 		.ascii	"NRF_RX_PW_P5_REG\000"
 1826      52585F50 
 1826      575F5035 
 1826      5F524547 
 1826      00
 1827              	.LASF69:
 1828 03c5 7061636B 		.ascii	"packet\000"
 1828      657400
 1829              	.LASF80:
 1830 03cc 52415050 		.ascii	"RAPP_SniffPacket\000"
 1830      5F536E69 
 1830      66665061 
 1830      636B6574 
 1830      00
 1831              	.LASF47:
 1832 03dd 524D4143 		.ascii	"RMAC_MSG_TYPE_ACK\000"
 1832      5F4D5347 
 1832      5F545950 
 1832      455F4143 
 1832      4B00
 1833              	.LASF55:
 1834 03ef 524E574B 		.ascii	"RNWK_SetAppOnPacketRxCallback\000"
 1834      5F536574 
 1834      4170704F 
 1834      6E506163 
 1834      6B657452 
 1835              	.LASF53:
 1836 040d 5F426F6F 		.ascii	"_Bool\000"
 1836      6C00
 1837              	.LASF1:
 1838 0413 756E7369 		.ascii	"unsigned char\000"
 1838      676E6564 
 1838      20636861 
 1838      7200
 1839              	.LASF64:
 1840 0421 73616464 		.ascii	"saddr\000"
 1840      7200
 1841              	.LASF2:
 1842 0427 73686F72 		.ascii	"short int\000"
 1842      7420696E 
 1842      7400
 1843              	.LASF32:
 1844 0431 4E52465F 		.ascii	"NRF_RX_PW_P2_REG\000"
ARM GAS  C:\Users\Xwx47\AppData\Local\Temp\cciBlm4n.s 			page 39


 1844      52585F50 
 1844      575F5032 
 1844      5F524547 
 1844      00
 1845              	.LASF26:
 1846 0442 4E52465F 		.ascii	"NRF_RX_ADDR_P3_REG\000"
 1846      52585F41 
 1846      4444525F 
 1846      50335F52 
 1846      454700
 1847              	.LASF22:
 1848 0455 4E52465F 		.ascii	"NRF_RPD_REG\000"
 1848      5250445F 
 1848      52454700 
 1849              	.LASF83:
 1850 0461 433A5C55 		.ascii	"C:\\Users\\Xwx47\\Documents\\Creator\\RNET\\v01.cyd"
 1850      73657273 
 1850      5C587778 
 1850      34375C44 
 1850      6F63756D 
 1851 048e 736E00   		.ascii	"sn\000"
 1852              	.LASF42:
 1853 0491 70687944 		.ascii	"phyData\000"
 1853      61746100 
 1854              	.LASF16:
 1855 0499 4E52465F 		.ascii	"NRF_SETUP_AW_REG\000"
 1855      53455455 
 1855      505F4157 
 1855      5F524547 
 1855      00
 1856              	.LASF29:
 1857 04aa 4E52465F 		.ascii	"NRF_TX_ADDR_REG\000"
 1857      54585F41 
 1857      4444525F 
 1857      52454700 
 1858              	.LASF51:
 1859 04ba 524E574B 		.ascii	"RNWK_ShortAddrType\000"
 1859      5F53686F 
 1859      72744164 
 1859      64725479 
 1859      706500
 1860              	.LASF23:
 1861 04cd 4E52465F 		.ascii	"NRF_RX_ADDR_P0_REG\000"
 1861      52585F41 
 1861      4444525F 
 1861      50305F52 
 1861      454700
 1862              	.LASF76:
 1863 04e0 524D4143 		.ascii	"RMAC_PutPayload\000"
 1863      5F507574 
 1863      5061796C 
 1863      6F616400 
 1864              	.LASF39:
 1865 04f0 52504859 		.ascii	"RPHY_FlagsType\000"
 1865      5F466C61 
 1865      67735479 
 1865      706500
ARM GAS  C:\Users\Xwx47\AppData\Local\Temp\cciBlm4n.s 			page 40


 1866              	.LASF58:
 1867 04ff 524E574B 		.ascii	"RNWK_PutPayload\000"
 1867      5F507574 
 1867      5061796C 
 1867      6F616400 
 1868              	.LASF54:
 1869 050f 524E574B 		.ascii	"RNWK_SetThisNodeAddr\000"
 1869      5F536574 
 1869      54686973 
 1869      4E6F6465 
 1869      41646472 
 1870              	.LASF10:
 1871 0524 75696E74 		.ascii	"uint8_t\000"
 1871      385F7400 
 1872              	.LASF40:
 1873 052c 666C6167 		.ascii	"flags\000"
 1873      7300
 1874              	.LASF68:
 1875 0532 524E574B 		.ascii	"RNWK_OnPacketRx\000"
 1875      5F4F6E50 
 1875      61636B65 
 1875      74527800 
 1876              	.LASF34:
 1877 0542 4E52465F 		.ascii	"NRF_RX_PW_P4_REG\000"
 1877      52585F50 
 1877      575F5034 
 1877      5F524547 
 1877      00
 1878              	.LASF66:
 1879 0553 61636B50 		.ascii	"ackPacket\000"
 1879      61636B65 
 1879      7400
 1880              	.LASF28:
 1881 055d 4E52465F 		.ascii	"NRF_RX_ADDR_P5_REG\000"
 1881      52585F41 
 1881      4444525F 
 1881      50355F52 
 1881      454700
 1882              	.LASF20:
 1883 0570 4E52465F 		.ascii	"NRF_STATUS_REG\000"
 1883      53544154 
 1883      55535F52 
 1883      454700
 1884              		.ident	"GCC: (GNU Tools for ARM Embedded Processors) 5.4.1 20160609 (release) [ARM/embedded-5-bran
