ARM GAS  C:\Users\Xwx47\AppData\Local\Temp\ccbTHu0I.s 			page 1


   1              		.syntax unified
   2              		.cpu cortex-m0
   3              		.fpu softvfp
   4              		.eabi_attribute 20, 1
   5              		.eabi_attribute 21, 1
   6              		.eabi_attribute 23, 3
   7              		.eabi_attribute 24, 1
   8              		.eabi_attribute 25, 1
   9              		.eabi_attribute 26, 1
  10              		.eabi_attribute 30, 1
  11              		.eabi_attribute 34, 0
  12              		.eabi_attribute 18, 4
  13              		.thumb
  14              		.syntax unified
  15              		.file	"RPHY.c"
  16              		.text
  17              	.Ltext0:
  18              		.cfi_sections	.debug_frame
  19              		.section	.text.RPHY_FlushRxQueue,"ax",%progbits
  20              		.align	2
  21              		.global	RPHY_FlushRxQueue
  22              		.code	16
  23              		.thumb_func
  24              		.type	RPHY_FlushRxQueue, %function
  25              	RPHY_FlushRxQueue:
  26              	.LFB0:
  27              		.file 1 "..\\RNET\\RPHY.c"
   1:..\RNET/RPHY.c **** /**
   2:..\RNET/RPHY.c ****  * \file
   3:..\RNET/RPHY.c ****  * \brief This implements the PHY layer of the network stack.
   4:..\RNET/RPHY.c ****  * \author (c) 2013-2014 Erich Styger, http://mcuoneclipse.com/
   5:..\RNET/RPHY.c ****  * \note MIT License (http://opensource.org/licenses/mit-license.html), see
   6:..\RNET/RPHY.c ****  * 'RNet_License.txt'
   7:..\RNET/RPHY.c ****  *
   8:..\RNET/RPHY.c ****  * This module is used to process the raw payload packets.
   9:..\RNET/RPHY.c ****  */
  10:..\RNET/RPHY.c **** 
  11:..\RNET/RPHY.c **** #include "RPHY.h"
  12:..\RNET/RPHY.c **** #include "RMAC.h"
  13:..\RNET/RPHY.c **** #include "RMSG.h"
  14:..\RNET/RPHY.c **** #include "RNetConf.h"
  15:..\RNET/RPHY.c **** 
  16:..\RNET/RPHY.c **** uint8_t RPHY_FlushRxQueue(void)
  17:..\RNET/RPHY.c **** {
  28              		.loc 1 17 0
  29              		.cfi_startproc
  30              		@ args = 0, pretend = 0, frame = 0
  31              		@ frame_needed = 0, uses_anonymous_args = 0
  32 0000 10B5     		push	{r4, lr}
  33              		.cfi_def_cfa_offset 8
  34              		.cfi_offset 4, -8
  35              		.cfi_offset 14, -4
  18:..\RNET/RPHY.c ****     return RMSG_FlushRxQueue();
  36              		.loc 1 18 0
  37 0002 FFF7FEFF 		bl	RMSG_FlushRxQueue
  38              	.LVL0:
  19:..\RNET/RPHY.c **** }
ARM GAS  C:\Users\Xwx47\AppData\Local\Temp\ccbTHu0I.s 			page 2


  39              		.loc 1 19 0
  40              		@ sp needed
  41 0006 10BD     		pop	{r4, pc}
  42              		.cfi_endproc
  43              	.LFE0:
  44              		.size	RPHY_FlushRxQueue, .-RPHY_FlushRxQueue
  45              		.section	.text.RPHY_FlushTxQueue,"ax",%progbits
  46              		.align	2
  47              		.global	RPHY_FlushTxQueue
  48              		.code	16
  49              		.thumb_func
  50              		.type	RPHY_FlushTxQueue, %function
  51              	RPHY_FlushTxQueue:
  52              	.LFB1:
  20:..\RNET/RPHY.c **** 
  21:..\RNET/RPHY.c **** uint8_t RPHY_FlushTxQueue(void)
  22:..\RNET/RPHY.c **** {
  53              		.loc 1 22 0
  54              		.cfi_startproc
  55              		@ args = 0, pretend = 0, frame = 0
  56              		@ frame_needed = 0, uses_anonymous_args = 0
  57 0000 10B5     		push	{r4, lr}
  58              		.cfi_def_cfa_offset 8
  59              		.cfi_offset 4, -8
  60              		.cfi_offset 14, -4
  23:..\RNET/RPHY.c ****     return RMSG_FlushTxQueue();
  61              		.loc 1 23 0
  62 0002 FFF7FEFF 		bl	RMSG_FlushTxQueue
  63              	.LVL1:
  24:..\RNET/RPHY.c **** }
  64              		.loc 1 24 0
  65              		@ sp needed
  66 0006 10BD     		pop	{r4, pc}
  67              		.cfi_endproc
  68              	.LFE1:
  69              		.size	RPHY_FlushTxQueue, .-RPHY_FlushTxQueue
  70              		.section	.text.RPHY_GetPayload,"ax",%progbits
  71              		.align	2
  72              		.global	RPHY_GetPayload
  73              		.code	16
  74              		.thumb_func
  75              		.type	RPHY_GetPayload, %function
  76              	RPHY_GetPayload:
  77              	.LFB2:
  25:..\RNET/RPHY.c **** 
  26:..\RNET/RPHY.c **** uint8_t RPHY_GetPayload(RPHY_PacketDesc *packet)
  27:..\RNET/RPHY.c **** {
  78              		.loc 1 27 0
  79              		.cfi_startproc
  80              		@ args = 0, pretend = 0, frame = 0
  81              		@ frame_needed = 0, uses_anonymous_args = 0
  82              	.LVL2:
  83 0000 10B5     		push	{r4, lr}
  84              		.cfi_def_cfa_offset 8
  85              		.cfi_offset 4, -8
  86              		.cfi_offset 14, -4
  28:..\RNET/RPHY.c ****     packet->flags = RPHY_PACKET_FLAGS_NONE;
ARM GAS  C:\Users\Xwx47\AppData\Local\Temp\ccbTHu0I.s 			page 3


  87              		.loc 1 28 0
  88 0002 0023     		movs	r3, #0
  89 0004 0370     		strb	r3, [r0]
  29:..\RNET/RPHY.c ****     
  30:..\RNET/RPHY.c ****     /* ERR_OK, ERR_OVERFLOW or ERR_RXEMPTY */
  31:..\RNET/RPHY.c ****     return RMSG_GetRxMsg(packet->phyData, packet->phySize);
  90              		.loc 1 31 0
  91 0006 4178     		ldrb	r1, [r0, #1]
  92 0008 4068     		ldr	r0, [r0, #4]
  93              	.LVL3:
  94 000a FFF7FEFF 		bl	RMSG_GetRxMsg
  95              	.LVL4:
  32:..\RNET/RPHY.c **** }
  96              		.loc 1 32 0
  97              		@ sp needed
  98 000e 10BD     		pop	{r4, pc}
  99              		.cfi_endproc
 100              	.LFE2:
 101              		.size	RPHY_GetPayload, .-RPHY_GetPayload
 102              		.section	.text.RPHY_OnPacketRx,"ax",%progbits
 103              		.align	2
 104              		.global	RPHY_OnPacketRx
 105              		.code	16
 106              		.thumb_func
 107              		.type	RPHY_OnPacketRx, %function
 108              	RPHY_OnPacketRx:
 109              	.LFB3:
  33:..\RNET/RPHY.c **** 
  34:..\RNET/RPHY.c **** uint8_t RPHY_OnPacketRx(RPHY_PacketDesc *packet)
  35:..\RNET/RPHY.c **** {
 110              		.loc 1 35 0
 111              		.cfi_startproc
 112              		@ args = 0, pretend = 0, frame = 0
 113              		@ frame_needed = 0, uses_anonymous_args = 0
 114              	.LVL5:
 115 0000 10B5     		push	{r4, lr}
 116              		.cfi_def_cfa_offset 8
 117              		.cfi_offset 4, -8
 118              		.cfi_offset 14, -4
  36:..\RNET/RPHY.c ****     /* pass message up the stack */
  37:..\RNET/RPHY.c ****     return RMAC_OnPacketRx(packet);
 119              		.loc 1 37 0
 120 0002 FFF7FEFF 		bl	RMAC_OnPacketRx
 121              	.LVL6:
  38:..\RNET/RPHY.c **** }
 122              		.loc 1 38 0
 123              		@ sp needed
 124 0006 10BD     		pop	{r4, pc}
 125              		.cfi_endproc
 126              	.LFE3:
 127              		.size	RPHY_OnPacketRx, .-RPHY_OnPacketRx
 128              		.section	.text.RPHY_PutPayload,"ax",%progbits
 129              		.align	2
 130              		.global	RPHY_PutPayload
 131              		.code	16
 132              		.thumb_func
 133              		.type	RPHY_PutPayload, %function
ARM GAS  C:\Users\Xwx47\AppData\Local\Temp\ccbTHu0I.s 			page 4


 134              	RPHY_PutPayload:
 135              	.LFB4:
  39:..\RNET/RPHY.c **** 
  40:..\RNET/RPHY.c **** uint8_t RPHY_PutPayload(uint8_t *buf, size_t bufSize, uint8_t payloadSize,
  41:..\RNET/RPHY.c ****                         RPHY_FlagsType flags)
  42:..\RNET/RPHY.c **** {
 136              		.loc 1 42 0
 137              		.cfi_startproc
 138              		@ args = 0, pretend = 0, frame = 0
 139              		@ frame_needed = 0, uses_anonymous_args = 0
 140              	.LVL7:
 141 0000 10B5     		push	{r4, lr}
 142              		.cfi_def_cfa_offset 8
 143              		.cfi_offset 4, -8
 144              		.cfi_offset 14, -4
  43:..\RNET/RPHY.c ****     return RMSG_QueueTxMsg(buf, bufSize, payloadSize, flags);
 145              		.loc 1 43 0
 146 0002 FFF7FEFF 		bl	RMSG_QueueTxMsg
 147              	.LVL8:
  44:..\RNET/RPHY.c **** }
 148              		.loc 1 44 0
 149              		@ sp needed
 150 0006 10BD     		pop	{r4, pc}
 151              		.cfi_endproc
 152              	.LFE4:
 153              		.size	RPHY_PutPayload, .-RPHY_PutPayload
 154              		.section	.text.RPHY_SniffPacket,"ax",%progbits
 155              		.align	2
 156              		.global	RPHY_SniffPacket
 157              		.code	16
 158              		.thumb_func
 159              		.type	RPHY_SniffPacket, %function
 160              	RPHY_SniffPacket:
 161              	.LFB5:
  45:..\RNET/RPHY.c **** 
  46:..\RNET/RPHY.c **** void RPHY_SniffPacket(RPHY_PacketDesc *packet, bool isTx)
  47:..\RNET/RPHY.c **** {
 162              		.loc 1 47 0
 163              		.cfi_startproc
 164              		@ args = 0, pretend = 0, frame = 0
 165              		@ frame_needed = 0, uses_anonymous_args = 0
 166              	.LVL9:
 167 0000 10B5     		push	{r4, lr}
 168              		.cfi_def_cfa_offset 8
 169              		.cfi_offset 4, -8
 170              		.cfi_offset 14, -4
  48:..\RNET/RPHY.c ****     RMAC_SniffPacket(packet, isTx);
 171              		.loc 1 48 0
 172 0002 FFF7FEFF 		bl	RMAC_SniffPacket
 173              	.LVL10:
  49:..\RNET/RPHY.c **** }
 174              		.loc 1 49 0
 175              		@ sp needed
 176 0006 10BD     		pop	{r4, pc}
 177              		.cfi_endproc
 178              	.LFE5:
 179              		.size	RPHY_SniffPacket, .-RPHY_SniffPacket
ARM GAS  C:\Users\Xwx47\AppData\Local\Temp\ccbTHu0I.s 			page 5


 180              		.section	.text.RPHY_Deinit,"ax",%progbits
 181              		.align	2
 182              		.global	RPHY_Deinit
 183              		.code	16
 184              		.thumb_func
 185              		.type	RPHY_Deinit, %function
 186              	RPHY_Deinit:
 187              	.LFB6:
  50:..\RNET/RPHY.c **** 
  51:..\RNET/RPHY.c **** void RPHY_Deinit(void)
  52:..\RNET/RPHY.c **** {
 188              		.loc 1 52 0
 189              		.cfi_startproc
 190              		@ args = 0, pretend = 0, frame = 0
 191              		@ frame_needed = 0, uses_anonymous_args = 0
 192              		@ link register save eliminated.
  53:..\RNET/RPHY.c ****     /* nothing needed */
  54:..\RNET/RPHY.c **** }
 193              		.loc 1 54 0
 194              		@ sp needed
 195 0000 7047     		bx	lr
 196              		.cfi_endproc
 197              	.LFE6:
 198              		.size	RPHY_Deinit, .-RPHY_Deinit
 199 0002 C046     		.section	.text.RPHY_Init,"ax",%progbits
 200              		.align	2
 201              		.global	RPHY_Init
 202              		.code	16
 203              		.thumb_func
 204              		.type	RPHY_Init, %function
 205              	RPHY_Init:
 206              	.LFB7:
  55:..\RNET/RPHY.c **** 
  56:..\RNET/RPHY.c **** void RPHY_Init(void)
  57:..\RNET/RPHY.c **** {
 207              		.loc 1 57 0
 208              		.cfi_startproc
 209              		@ args = 0, pretend = 0, frame = 0
 210              		@ frame_needed = 0, uses_anonymous_args = 0
 211              		@ link register save eliminated.
  58:..\RNET/RPHY.c ****     /* nothing needed */
  59:..\RNET/RPHY.c **** }
 212              		.loc 1 59 0
 213              		@ sp needed
 214 0000 7047     		bx	lr
 215              		.cfi_endproc
 216              	.LFE7:
 217              		.size	RPHY_Init, .-RPHY_Init
 218 0002 C046     		.text
 219              	.Letext0:
 220              		.file 2 "c:\\program files (x86)\\cypress\\psoc creator\\4.1\\psoc creator\\import\\gnu\\arm\\5.4.
 221              		.file 3 "c:\\program files (x86)\\cypress\\psoc creator\\4.1\\psoc creator\\import\\gnu\\arm\\5.4.
 222              		.file 4 "c:\\program files (x86)\\cypress\\psoc creator\\4.1\\psoc creator\\import\\gnu\\arm\\5.4.
 223              		.file 5 "..\\RNET\\RPHY.h"
 224              		.file 6 "..\\RNET\\RMSG.h"
 225              		.file 7 "..\\RNET\\RMAC.h"
 226              		.section	.debug_info,"",%progbits
ARM GAS  C:\Users\Xwx47\AppData\Local\Temp\ccbTHu0I.s 			page 6


 227              	.Ldebug_info0:
 228 0000 BB020000 		.4byte	0x2bb
 229 0004 0400     		.2byte	0x4
 230 0006 00000000 		.4byte	.Ldebug_abbrev0
 231 000a 04       		.byte	0x4
 232 000b 01       		.uleb128 0x1
 233 000c 60010000 		.4byte	.LASF37
 234 0010 0C       		.byte	0xc
 235 0011 00000000 		.4byte	.LASF38
 236 0015 F9000000 		.4byte	.LASF39
 237 0019 00000000 		.4byte	.Ldebug_ranges0+0
 238 001d 00000000 		.4byte	0
 239 0021 00000000 		.4byte	.Ldebug_line0
 240 0025 02       		.uleb128 0x2
 241 0026 01       		.byte	0x1
 242 0027 06       		.byte	0x6
 243 0028 61020000 		.4byte	.LASF0
 244 002c 03       		.uleb128 0x3
 245 002d 1F000000 		.4byte	.LASF9
 246 0031 02       		.byte	0x2
 247 0032 1D       		.byte	0x1d
 248 0033 37000000 		.4byte	0x37
 249 0037 02       		.uleb128 0x2
 250 0038 01       		.byte	0x1
 251 0039 08       		.byte	0x8
 252 003a 65000000 		.4byte	.LASF1
 253 003e 02       		.uleb128 0x2
 254 003f 02       		.byte	0x2
 255 0040 05       		.byte	0x5
 256 0041 24020000 		.4byte	.LASF2
 257 0045 02       		.uleb128 0x2
 258 0046 02       		.byte	0x2
 259 0047 07       		.byte	0x7
 260 0048 A2000000 		.4byte	.LASF3
 261 004c 02       		.uleb128 0x2
 262 004d 04       		.byte	0x4
 263 004e 05       		.byte	0x5
 264 004f 3C020000 		.4byte	.LASF4
 265 0053 02       		.uleb128 0x2
 266 0054 04       		.byte	0x4
 267 0055 07       		.byte	0x7
 268 0056 7F000000 		.4byte	.LASF5
 269 005a 02       		.uleb128 0x2
 270 005b 08       		.byte	0x8
 271 005c 05       		.byte	0x5
 272 005d FF010000 		.4byte	.LASF6
 273 0061 02       		.uleb128 0x2
 274 0062 08       		.byte	0x8
 275 0063 07       		.byte	0x7
 276 0064 29010000 		.4byte	.LASF7
 277 0068 04       		.uleb128 0x4
 278 0069 04       		.byte	0x4
 279 006a 05       		.byte	0x5
 280 006b 696E7400 		.ascii	"int\000"
 281 006f 02       		.uleb128 0x2
 282 0070 04       		.byte	0x4
 283 0071 07       		.byte	0x7
ARM GAS  C:\Users\Xwx47\AppData\Local\Temp\ccbTHu0I.s 			page 7


 284 0072 EC000000 		.4byte	.LASF8
 285 0076 03       		.uleb128 0x3
 286 0077 3A000000 		.4byte	.LASF10
 287 007b 03       		.byte	0x3
 288 007c 18       		.byte	0x18
 289 007d 2C000000 		.4byte	0x2c
 290 0081 03       		.uleb128 0x3
 291 0082 29000000 		.4byte	.LASF11
 292 0086 04       		.byte	0x4
 293 0087 D8       		.byte	0xd8
 294 0088 6F000000 		.4byte	0x6f
 295 008c 02       		.uleb128 0x2
 296 008d 08       		.byte	0x8
 297 008e 04       		.byte	0x4
 298 008f 55020000 		.4byte	.LASF12
 299 0093 03       		.uleb128 0x3
 300 0094 7D020000 		.4byte	.LASF13
 301 0098 05       		.byte	0x5
 302 0099 25       		.byte	0x25
 303 009a 76000000 		.4byte	0x76
 304 009e 05       		.uleb128 0x5
 305 009f 0C       		.byte	0xc
 306 00a0 05       		.byte	0x5
 307 00a1 30       		.byte	0x30
 308 00a2 D7000000 		.4byte	0xd7
 309 00a6 06       		.uleb128 0x6
 310 00a7 36020000 		.4byte	.LASF14
 311 00ab 05       		.byte	0x5
 312 00ac 31       		.byte	0x31
 313 00ad 93000000 		.4byte	0x93
 314 00b1 00       		.byte	0
 315 00b2 06       		.uleb128 0x6
 316 00b3 E4000000 		.4byte	.LASF15
 317 00b7 05       		.byte	0x5
 318 00b8 32       		.byte	0x32
 319 00b9 76000000 		.4byte	0x76
 320 00bd 01       		.byte	0x1
 321 00be 06       		.uleb128 0x6
 322 00bf B5000000 		.4byte	.LASF16
 323 00c3 05       		.byte	0x5
 324 00c4 33       		.byte	0x33
 325 00c5 D7000000 		.4byte	0xd7
 326 00c9 04       		.byte	0x4
 327 00ca 06       		.uleb128 0x6
 328 00cb 60000000 		.4byte	.LASF17
 329 00cf 05       		.byte	0x5
 330 00d0 34       		.byte	0x34
 331 00d1 D7000000 		.4byte	0xd7
 332 00d5 08       		.byte	0x8
 333 00d6 00       		.byte	0
 334 00d7 07       		.uleb128 0x7
 335 00d8 04       		.byte	0x4
 336 00d9 76000000 		.4byte	0x76
 337 00dd 03       		.uleb128 0x3
 338 00de 92020000 		.4byte	.LASF18
 339 00e2 05       		.byte	0x5
 340 00e3 35       		.byte	0x35
ARM GAS  C:\Users\Xwx47\AppData\Local\Temp\ccbTHu0I.s 			page 8


 341 00e4 9E000000 		.4byte	0x9e
 342 00e8 08       		.uleb128 0x8
 343 00e9 0D020000 		.4byte	.LASF19
 344 00ed 01       		.byte	0x1
 345 00ee 10       		.byte	0x10
 346 00ef 76000000 		.4byte	0x76
 347 00f3 00000000 		.4byte	.LFB0
 348 00f7 08000000 		.4byte	.LFE0-.LFB0
 349 00fb 01       		.uleb128 0x1
 350 00fc 9C       		.byte	0x9c
 351 00fd 0B010000 		.4byte	0x10b
 352 0101 09       		.uleb128 0x9
 353 0102 06000000 		.4byte	.LVL0
 354 0106 7C020000 		.4byte	0x27c
 355 010a 00       		.byte	0
 356 010b 08       		.uleb128 0x8
 357 010c D2000000 		.4byte	.LASF20
 358 0110 01       		.byte	0x1
 359 0111 15       		.byte	0x15
 360 0112 76000000 		.4byte	0x76
 361 0116 00000000 		.4byte	.LFB1
 362 011a 08000000 		.4byte	.LFE1-.LFB1
 363 011e 01       		.uleb128 0x1
 364 011f 9C       		.byte	0x9c
 365 0120 2E010000 		.4byte	0x12e
 366 0124 09       		.uleb128 0x9
 367 0125 06000000 		.4byte	.LVL1
 368 0129 87020000 		.4byte	0x287
 369 012d 00       		.byte	0
 370 012e 08       		.uleb128 0x8
 371 012f 50010000 		.4byte	.LASF21
 372 0133 01       		.byte	0x1
 373 0134 1A       		.byte	0x1a
 374 0135 76000000 		.4byte	0x76
 375 0139 00000000 		.4byte	.LFB2
 376 013d 10000000 		.4byte	.LFE2-.LFB2
 377 0141 01       		.uleb128 0x1
 378 0142 9C       		.byte	0x9c
 379 0143 60010000 		.4byte	0x160
 380 0147 0A       		.uleb128 0xa
 381 0148 CB000000 		.4byte	.LASF23
 382 014c 01       		.byte	0x1
 383 014d 1A       		.byte	0x1a
 384 014e 60010000 		.4byte	0x160
 385 0152 00000000 		.4byte	.LLST0
 386 0156 09       		.uleb128 0x9
 387 0157 0E000000 		.4byte	.LVL4
 388 015b 92020000 		.4byte	0x292
 389 015f 00       		.byte	0
 390 0160 07       		.uleb128 0x7
 391 0161 04       		.byte	0x4
 392 0162 DD000000 		.4byte	0xdd
 393 0166 08       		.uleb128 0x8
 394 0167 6D020000 		.4byte	.LASF22
 395 016b 01       		.byte	0x1
 396 016c 22       		.byte	0x22
 397 016d 76000000 		.4byte	0x76
ARM GAS  C:\Users\Xwx47\AppData\Local\Temp\ccbTHu0I.s 			page 9


 398 0171 00000000 		.4byte	.LFB3
 399 0175 08000000 		.4byte	.LFE3-.LFB3
 400 0179 01       		.uleb128 0x1
 401 017a 9C       		.byte	0x9c
 402 017b A0010000 		.4byte	0x1a0
 403 017f 0A       		.uleb128 0xa
 404 0180 CB000000 		.4byte	.LASF23
 405 0184 01       		.byte	0x1
 406 0185 22       		.byte	0x22
 407 0186 60010000 		.4byte	0x160
 408 018a 21000000 		.4byte	.LLST1
 409 018e 0B       		.uleb128 0xb
 410 018f 06000000 		.4byte	.LVL6
 411 0193 9D020000 		.4byte	0x29d
 412 0197 0C       		.uleb128 0xc
 413 0198 01       		.uleb128 0x1
 414 0199 50       		.byte	0x50
 415 019a 03       		.uleb128 0x3
 416 019b F3       		.byte	0xf3
 417 019c 01       		.uleb128 0x1
 418 019d 50       		.byte	0x50
 419 019e 00       		.byte	0
 420 019f 00       		.byte	0
 421 01a0 08       		.uleb128 0x8
 422 01a1 40010000 		.4byte	.LASF24
 423 01a5 01       		.byte	0x1
 424 01a6 28       		.byte	0x28
 425 01a7 76000000 		.4byte	0x76
 426 01ab 00000000 		.4byte	.LFB4
 427 01af 08000000 		.4byte	.LFE4-.LFB4
 428 01b3 01       		.uleb128 0x1
 429 01b4 9C       		.byte	0x9c
 430 01b5 0E020000 		.4byte	0x20e
 431 01b9 0D       		.uleb128 0xd
 432 01ba 62756600 		.ascii	"buf\000"
 433 01be 01       		.byte	0x1
 434 01bf 28       		.byte	0x28
 435 01c0 D7000000 		.4byte	0xd7
 436 01c4 42000000 		.4byte	.LLST2
 437 01c8 0A       		.uleb128 0xa
 438 01c9 2E020000 		.4byte	.LASF25
 439 01cd 01       		.byte	0x1
 440 01ce 28       		.byte	0x28
 441 01cf 81000000 		.4byte	0x81
 442 01d3 63000000 		.4byte	.LLST3
 443 01d7 0A       		.uleb128 0xa
 444 01d8 73000000 		.4byte	.LASF26
 445 01dc 01       		.byte	0x1
 446 01dd 28       		.byte	0x28
 447 01de 76000000 		.4byte	0x76
 448 01e2 84000000 		.4byte	.LLST4
 449 01e6 0A       		.uleb128 0xa
 450 01e7 36020000 		.4byte	.LASF14
 451 01eb 01       		.byte	0x1
 452 01ec 29       		.byte	0x29
 453 01ed 93000000 		.4byte	0x93
 454 01f1 A5000000 		.4byte	.LLST5
ARM GAS  C:\Users\Xwx47\AppData\Local\Temp\ccbTHu0I.s 			page 10


 455 01f5 0B       		.uleb128 0xb
 456 01f6 06000000 		.4byte	.LVL8
 457 01fa A8020000 		.4byte	0x2a8
 458 01fe 0C       		.uleb128 0xc
 459 01ff 01       		.uleb128 0x1
 460 0200 50       		.byte	0x50
 461 0201 03       		.uleb128 0x3
 462 0202 F3       		.byte	0xf3
 463 0203 01       		.uleb128 0x1
 464 0204 50       		.byte	0x50
 465 0205 0C       		.uleb128 0xc
 466 0206 01       		.uleb128 0x1
 467 0207 51       		.byte	0x51
 468 0208 03       		.uleb128 0x3
 469 0209 F3       		.byte	0xf3
 470 020a 01       		.uleb128 0x1
 471 020b 51       		.byte	0x51
 472 020c 00       		.byte	0
 473 020d 00       		.byte	0
 474 020e 0E       		.uleb128 0xe
 475 020f 91000000 		.4byte	.LASF40
 476 0213 01       		.byte	0x1
 477 0214 2E       		.byte	0x2e
 478 0215 00000000 		.4byte	.LFB5
 479 0219 08000000 		.4byte	.LFE5-.LFB5
 480 021d 01       		.uleb128 0x1
 481 021e 9C       		.byte	0x9c
 482 021f 53020000 		.4byte	0x253
 483 0223 0A       		.uleb128 0xa
 484 0224 CB000000 		.4byte	.LASF23
 485 0228 01       		.byte	0x1
 486 0229 2E       		.byte	0x2e
 487 022a 60010000 		.4byte	0x160
 488 022e C6000000 		.4byte	.LLST6
 489 0232 0A       		.uleb128 0xa
 490 0233 1F020000 		.4byte	.LASF27
 491 0237 01       		.byte	0x1
 492 0238 2E       		.byte	0x2e
 493 0239 53020000 		.4byte	0x253
 494 023d E7000000 		.4byte	.LLST7
 495 0241 0B       		.uleb128 0xb
 496 0242 06000000 		.4byte	.LVL10
 497 0246 B3020000 		.4byte	0x2b3
 498 024a 0C       		.uleb128 0xc
 499 024b 01       		.uleb128 0x1
 500 024c 50       		.byte	0x50
 501 024d 03       		.uleb128 0x3
 502 024e F3       		.byte	0xf3
 503 024f 01       		.uleb128 0x1
 504 0250 50       		.byte	0x50
 505 0251 00       		.byte	0
 506 0252 00       		.byte	0
 507 0253 02       		.uleb128 0x2
 508 0254 01       		.byte	0x1
 509 0255 02       		.byte	0x2
 510 0256 8C020000 		.4byte	.LASF28
 511 025a 0F       		.uleb128 0xf
ARM GAS  C:\Users\Xwx47\AppData\Local\Temp\ccbTHu0I.s 			page 11


 512 025b 54000000 		.4byte	.LASF29
 513 025f 01       		.byte	0x1
 514 0260 33       		.byte	0x33
 515 0261 00000000 		.4byte	.LFB6
 516 0265 02000000 		.4byte	.LFE6-.LFB6
 517 0269 01       		.uleb128 0x1
 518 026a 9C       		.byte	0x9c
 519 026b 0F       		.uleb128 0xf
 520 026c 30000000 		.4byte	.LASF30
 521 0270 01       		.byte	0x1
 522 0271 38       		.byte	0x38
 523 0272 00000000 		.4byte	.LFB7
 524 0276 02000000 		.4byte	.LFE7-.LFB7
 525 027a 01       		.uleb128 0x1
 526 027b 9C       		.byte	0x9c
 527 027c 10       		.uleb128 0x10
 528 027d A2020000 		.4byte	.LASF31
 529 0281 A2020000 		.4byte	.LASF31
 530 0285 06       		.byte	0x6
 531 0286 21       		.byte	0x21
 532 0287 10       		.uleb128 0x10
 533 0288 42000000 		.4byte	.LASF32
 534 028c 42000000 		.4byte	.LASF32
 535 0290 06       		.byte	0x6
 536 0291 27       		.byte	0x27
 537 0292 10       		.uleb128 0x10
 538 0293 BD000000 		.4byte	.LASF33
 539 0297 BD000000 		.4byte	.LASF33
 540 029b 06       		.byte	0x6
 541 029c 46       		.byte	0x46
 542 029d 10       		.uleb128 0x10
 543 029e 0F000000 		.4byte	.LASF34
 544 02a2 0F000000 		.4byte	.LASF34
 545 02a6 07       		.byte	0x7
 546 02a7 31       		.byte	0x31
 547 02a8 10       		.uleb128 0x10
 548 02a9 45020000 		.4byte	.LASF35
 549 02ad 45020000 		.4byte	.LASF35
 550 02b1 06       		.byte	0x6
 551 02b2 58       		.byte	0x58
 552 02b3 10       		.uleb128 0x10
 553 02b4 EE010000 		.4byte	.LASF36
 554 02b8 EE010000 		.4byte	.LASF36
 555 02bc 07       		.byte	0x7
 556 02bd 5A       		.byte	0x5a
 557 02be 00       		.byte	0
 558              		.section	.debug_abbrev,"",%progbits
 559              	.Ldebug_abbrev0:
 560 0000 01       		.uleb128 0x1
 561 0001 11       		.uleb128 0x11
 562 0002 01       		.byte	0x1
 563 0003 25       		.uleb128 0x25
 564 0004 0E       		.uleb128 0xe
 565 0005 13       		.uleb128 0x13
 566 0006 0B       		.uleb128 0xb
 567 0007 03       		.uleb128 0x3
 568 0008 0E       		.uleb128 0xe
ARM GAS  C:\Users\Xwx47\AppData\Local\Temp\ccbTHu0I.s 			page 12


 569 0009 1B       		.uleb128 0x1b
 570 000a 0E       		.uleb128 0xe
 571 000b 55       		.uleb128 0x55
 572 000c 17       		.uleb128 0x17
 573 000d 11       		.uleb128 0x11
 574 000e 01       		.uleb128 0x1
 575 000f 10       		.uleb128 0x10
 576 0010 17       		.uleb128 0x17
 577 0011 00       		.byte	0
 578 0012 00       		.byte	0
 579 0013 02       		.uleb128 0x2
 580 0014 24       		.uleb128 0x24
 581 0015 00       		.byte	0
 582 0016 0B       		.uleb128 0xb
 583 0017 0B       		.uleb128 0xb
 584 0018 3E       		.uleb128 0x3e
 585 0019 0B       		.uleb128 0xb
 586 001a 03       		.uleb128 0x3
 587 001b 0E       		.uleb128 0xe
 588 001c 00       		.byte	0
 589 001d 00       		.byte	0
 590 001e 03       		.uleb128 0x3
 591 001f 16       		.uleb128 0x16
 592 0020 00       		.byte	0
 593 0021 03       		.uleb128 0x3
 594 0022 0E       		.uleb128 0xe
 595 0023 3A       		.uleb128 0x3a
 596 0024 0B       		.uleb128 0xb
 597 0025 3B       		.uleb128 0x3b
 598 0026 0B       		.uleb128 0xb
 599 0027 49       		.uleb128 0x49
 600 0028 13       		.uleb128 0x13
 601 0029 00       		.byte	0
 602 002a 00       		.byte	0
 603 002b 04       		.uleb128 0x4
 604 002c 24       		.uleb128 0x24
 605 002d 00       		.byte	0
 606 002e 0B       		.uleb128 0xb
 607 002f 0B       		.uleb128 0xb
 608 0030 3E       		.uleb128 0x3e
 609 0031 0B       		.uleb128 0xb
 610 0032 03       		.uleb128 0x3
 611 0033 08       		.uleb128 0x8
 612 0034 00       		.byte	0
 613 0035 00       		.byte	0
 614 0036 05       		.uleb128 0x5
 615 0037 13       		.uleb128 0x13
 616 0038 01       		.byte	0x1
 617 0039 0B       		.uleb128 0xb
 618 003a 0B       		.uleb128 0xb
 619 003b 3A       		.uleb128 0x3a
 620 003c 0B       		.uleb128 0xb
 621 003d 3B       		.uleb128 0x3b
 622 003e 0B       		.uleb128 0xb
 623 003f 01       		.uleb128 0x1
 624 0040 13       		.uleb128 0x13
 625 0041 00       		.byte	0
ARM GAS  C:\Users\Xwx47\AppData\Local\Temp\ccbTHu0I.s 			page 13


 626 0042 00       		.byte	0
 627 0043 06       		.uleb128 0x6
 628 0044 0D       		.uleb128 0xd
 629 0045 00       		.byte	0
 630 0046 03       		.uleb128 0x3
 631 0047 0E       		.uleb128 0xe
 632 0048 3A       		.uleb128 0x3a
 633 0049 0B       		.uleb128 0xb
 634 004a 3B       		.uleb128 0x3b
 635 004b 0B       		.uleb128 0xb
 636 004c 49       		.uleb128 0x49
 637 004d 13       		.uleb128 0x13
 638 004e 38       		.uleb128 0x38
 639 004f 0B       		.uleb128 0xb
 640 0050 00       		.byte	0
 641 0051 00       		.byte	0
 642 0052 07       		.uleb128 0x7
 643 0053 0F       		.uleb128 0xf
 644 0054 00       		.byte	0
 645 0055 0B       		.uleb128 0xb
 646 0056 0B       		.uleb128 0xb
 647 0057 49       		.uleb128 0x49
 648 0058 13       		.uleb128 0x13
 649 0059 00       		.byte	0
 650 005a 00       		.byte	0
 651 005b 08       		.uleb128 0x8
 652 005c 2E       		.uleb128 0x2e
 653 005d 01       		.byte	0x1
 654 005e 3F       		.uleb128 0x3f
 655 005f 19       		.uleb128 0x19
 656 0060 03       		.uleb128 0x3
 657 0061 0E       		.uleb128 0xe
 658 0062 3A       		.uleb128 0x3a
 659 0063 0B       		.uleb128 0xb
 660 0064 3B       		.uleb128 0x3b
 661 0065 0B       		.uleb128 0xb
 662 0066 27       		.uleb128 0x27
 663 0067 19       		.uleb128 0x19
 664 0068 49       		.uleb128 0x49
 665 0069 13       		.uleb128 0x13
 666 006a 11       		.uleb128 0x11
 667 006b 01       		.uleb128 0x1
 668 006c 12       		.uleb128 0x12
 669 006d 06       		.uleb128 0x6
 670 006e 40       		.uleb128 0x40
 671 006f 18       		.uleb128 0x18
 672 0070 9742     		.uleb128 0x2117
 673 0072 19       		.uleb128 0x19
 674 0073 01       		.uleb128 0x1
 675 0074 13       		.uleb128 0x13
 676 0075 00       		.byte	0
 677 0076 00       		.byte	0
 678 0077 09       		.uleb128 0x9
 679 0078 898201   		.uleb128 0x4109
 680 007b 00       		.byte	0
 681 007c 11       		.uleb128 0x11
 682 007d 01       		.uleb128 0x1
ARM GAS  C:\Users\Xwx47\AppData\Local\Temp\ccbTHu0I.s 			page 14


 683 007e 31       		.uleb128 0x31
 684 007f 13       		.uleb128 0x13
 685 0080 00       		.byte	0
 686 0081 00       		.byte	0
 687 0082 0A       		.uleb128 0xa
 688 0083 05       		.uleb128 0x5
 689 0084 00       		.byte	0
 690 0085 03       		.uleb128 0x3
 691 0086 0E       		.uleb128 0xe
 692 0087 3A       		.uleb128 0x3a
 693 0088 0B       		.uleb128 0xb
 694 0089 3B       		.uleb128 0x3b
 695 008a 0B       		.uleb128 0xb
 696 008b 49       		.uleb128 0x49
 697 008c 13       		.uleb128 0x13
 698 008d 02       		.uleb128 0x2
 699 008e 17       		.uleb128 0x17
 700 008f 00       		.byte	0
 701 0090 00       		.byte	0
 702 0091 0B       		.uleb128 0xb
 703 0092 898201   		.uleb128 0x4109
 704 0095 01       		.byte	0x1
 705 0096 11       		.uleb128 0x11
 706 0097 01       		.uleb128 0x1
 707 0098 31       		.uleb128 0x31
 708 0099 13       		.uleb128 0x13
 709 009a 00       		.byte	0
 710 009b 00       		.byte	0
 711 009c 0C       		.uleb128 0xc
 712 009d 8A8201   		.uleb128 0x410a
 713 00a0 00       		.byte	0
 714 00a1 02       		.uleb128 0x2
 715 00a2 18       		.uleb128 0x18
 716 00a3 9142     		.uleb128 0x2111
 717 00a5 18       		.uleb128 0x18
 718 00a6 00       		.byte	0
 719 00a7 00       		.byte	0
 720 00a8 0D       		.uleb128 0xd
 721 00a9 05       		.uleb128 0x5
 722 00aa 00       		.byte	0
 723 00ab 03       		.uleb128 0x3
 724 00ac 08       		.uleb128 0x8
 725 00ad 3A       		.uleb128 0x3a
 726 00ae 0B       		.uleb128 0xb
 727 00af 3B       		.uleb128 0x3b
 728 00b0 0B       		.uleb128 0xb
 729 00b1 49       		.uleb128 0x49
 730 00b2 13       		.uleb128 0x13
 731 00b3 02       		.uleb128 0x2
 732 00b4 17       		.uleb128 0x17
 733 00b5 00       		.byte	0
 734 00b6 00       		.byte	0
 735 00b7 0E       		.uleb128 0xe
 736 00b8 2E       		.uleb128 0x2e
 737 00b9 01       		.byte	0x1
 738 00ba 3F       		.uleb128 0x3f
 739 00bb 19       		.uleb128 0x19
ARM GAS  C:\Users\Xwx47\AppData\Local\Temp\ccbTHu0I.s 			page 15


 740 00bc 03       		.uleb128 0x3
 741 00bd 0E       		.uleb128 0xe
 742 00be 3A       		.uleb128 0x3a
 743 00bf 0B       		.uleb128 0xb
 744 00c0 3B       		.uleb128 0x3b
 745 00c1 0B       		.uleb128 0xb
 746 00c2 27       		.uleb128 0x27
 747 00c3 19       		.uleb128 0x19
 748 00c4 11       		.uleb128 0x11
 749 00c5 01       		.uleb128 0x1
 750 00c6 12       		.uleb128 0x12
 751 00c7 06       		.uleb128 0x6
 752 00c8 40       		.uleb128 0x40
 753 00c9 18       		.uleb128 0x18
 754 00ca 9742     		.uleb128 0x2117
 755 00cc 19       		.uleb128 0x19
 756 00cd 01       		.uleb128 0x1
 757 00ce 13       		.uleb128 0x13
 758 00cf 00       		.byte	0
 759 00d0 00       		.byte	0
 760 00d1 0F       		.uleb128 0xf
 761 00d2 2E       		.uleb128 0x2e
 762 00d3 00       		.byte	0
 763 00d4 3F       		.uleb128 0x3f
 764 00d5 19       		.uleb128 0x19
 765 00d6 03       		.uleb128 0x3
 766 00d7 0E       		.uleb128 0xe
 767 00d8 3A       		.uleb128 0x3a
 768 00d9 0B       		.uleb128 0xb
 769 00da 3B       		.uleb128 0x3b
 770 00db 0B       		.uleb128 0xb
 771 00dc 27       		.uleb128 0x27
 772 00dd 19       		.uleb128 0x19
 773 00de 11       		.uleb128 0x11
 774 00df 01       		.uleb128 0x1
 775 00e0 12       		.uleb128 0x12
 776 00e1 06       		.uleb128 0x6
 777 00e2 40       		.uleb128 0x40
 778 00e3 18       		.uleb128 0x18
 779 00e4 9742     		.uleb128 0x2117
 780 00e6 19       		.uleb128 0x19
 781 00e7 00       		.byte	0
 782 00e8 00       		.byte	0
 783 00e9 10       		.uleb128 0x10
 784 00ea 2E       		.uleb128 0x2e
 785 00eb 00       		.byte	0
 786 00ec 3F       		.uleb128 0x3f
 787 00ed 19       		.uleb128 0x19
 788 00ee 3C       		.uleb128 0x3c
 789 00ef 19       		.uleb128 0x19
 790 00f0 6E       		.uleb128 0x6e
 791 00f1 0E       		.uleb128 0xe
 792 00f2 03       		.uleb128 0x3
 793 00f3 0E       		.uleb128 0xe
 794 00f4 3A       		.uleb128 0x3a
 795 00f5 0B       		.uleb128 0xb
 796 00f6 3B       		.uleb128 0x3b
ARM GAS  C:\Users\Xwx47\AppData\Local\Temp\ccbTHu0I.s 			page 16


 797 00f7 0B       		.uleb128 0xb
 798 00f8 00       		.byte	0
 799 00f9 00       		.byte	0
 800 00fa 00       		.byte	0
 801              		.section	.debug_loc,"",%progbits
 802              	.Ldebug_loc0:
 803              	.LLST0:
 804 0000 00000000 		.4byte	.LVL2
 805 0004 0A000000 		.4byte	.LVL3
 806 0008 0100     		.2byte	0x1
 807 000a 50       		.byte	0x50
 808 000b 0A000000 		.4byte	.LVL3
 809 000f 10000000 		.4byte	.LFE2
 810 0013 0400     		.2byte	0x4
 811 0015 F3       		.byte	0xf3
 812 0016 01       		.uleb128 0x1
 813 0017 50       		.byte	0x50
 814 0018 9F       		.byte	0x9f
 815 0019 00000000 		.4byte	0
 816 001d 00000000 		.4byte	0
 817              	.LLST1:
 818 0021 00000000 		.4byte	.LVL5
 819 0025 05000000 		.4byte	.LVL6-1
 820 0029 0100     		.2byte	0x1
 821 002b 50       		.byte	0x50
 822 002c 05000000 		.4byte	.LVL6-1
 823 0030 08000000 		.4byte	.LFE3
 824 0034 0400     		.2byte	0x4
 825 0036 F3       		.byte	0xf3
 826 0037 01       		.uleb128 0x1
 827 0038 50       		.byte	0x50
 828 0039 9F       		.byte	0x9f
 829 003a 00000000 		.4byte	0
 830 003e 00000000 		.4byte	0
 831              	.LLST2:
 832 0042 00000000 		.4byte	.LVL7
 833 0046 05000000 		.4byte	.LVL8-1
 834 004a 0100     		.2byte	0x1
 835 004c 50       		.byte	0x50
 836 004d 05000000 		.4byte	.LVL8-1
 837 0051 08000000 		.4byte	.LFE4
 838 0055 0400     		.2byte	0x4
 839 0057 F3       		.byte	0xf3
 840 0058 01       		.uleb128 0x1
 841 0059 50       		.byte	0x50
 842 005a 9F       		.byte	0x9f
 843 005b 00000000 		.4byte	0
 844 005f 00000000 		.4byte	0
 845              	.LLST3:
 846 0063 00000000 		.4byte	.LVL7
 847 0067 05000000 		.4byte	.LVL8-1
 848 006b 0100     		.2byte	0x1
 849 006d 51       		.byte	0x51
 850 006e 05000000 		.4byte	.LVL8-1
 851 0072 08000000 		.4byte	.LFE4
 852 0076 0400     		.2byte	0x4
 853 0078 F3       		.byte	0xf3
ARM GAS  C:\Users\Xwx47\AppData\Local\Temp\ccbTHu0I.s 			page 17


 854 0079 01       		.uleb128 0x1
 855 007a 51       		.byte	0x51
 856 007b 9F       		.byte	0x9f
 857 007c 00000000 		.4byte	0
 858 0080 00000000 		.4byte	0
 859              	.LLST4:
 860 0084 00000000 		.4byte	.LVL7
 861 0088 05000000 		.4byte	.LVL8-1
 862 008c 0100     		.2byte	0x1
 863 008e 52       		.byte	0x52
 864 008f 05000000 		.4byte	.LVL8-1
 865 0093 08000000 		.4byte	.LFE4
 866 0097 0400     		.2byte	0x4
 867 0099 F3       		.byte	0xf3
 868 009a 01       		.uleb128 0x1
 869 009b 52       		.byte	0x52
 870 009c 9F       		.byte	0x9f
 871 009d 00000000 		.4byte	0
 872 00a1 00000000 		.4byte	0
 873              	.LLST5:
 874 00a5 00000000 		.4byte	.LVL7
 875 00a9 05000000 		.4byte	.LVL8-1
 876 00ad 0100     		.2byte	0x1
 877 00af 53       		.byte	0x53
 878 00b0 05000000 		.4byte	.LVL8-1
 879 00b4 08000000 		.4byte	.LFE4
 880 00b8 0400     		.2byte	0x4
 881 00ba F3       		.byte	0xf3
 882 00bb 01       		.uleb128 0x1
 883 00bc 53       		.byte	0x53
 884 00bd 9F       		.byte	0x9f
 885 00be 00000000 		.4byte	0
 886 00c2 00000000 		.4byte	0
 887              	.LLST6:
 888 00c6 00000000 		.4byte	.LVL9
 889 00ca 05000000 		.4byte	.LVL10-1
 890 00ce 0100     		.2byte	0x1
 891 00d0 50       		.byte	0x50
 892 00d1 05000000 		.4byte	.LVL10-1
 893 00d5 08000000 		.4byte	.LFE5
 894 00d9 0400     		.2byte	0x4
 895 00db F3       		.byte	0xf3
 896 00dc 01       		.uleb128 0x1
 897 00dd 50       		.byte	0x50
 898 00de 9F       		.byte	0x9f
 899 00df 00000000 		.4byte	0
 900 00e3 00000000 		.4byte	0
 901              	.LLST7:
 902 00e7 00000000 		.4byte	.LVL9
 903 00eb 05000000 		.4byte	.LVL10-1
 904 00ef 0100     		.2byte	0x1
 905 00f1 51       		.byte	0x51
 906 00f2 05000000 		.4byte	.LVL10-1
 907 00f6 08000000 		.4byte	.LFE5
 908 00fa 0400     		.2byte	0x4
 909 00fc F3       		.byte	0xf3
 910 00fd 01       		.uleb128 0x1
ARM GAS  C:\Users\Xwx47\AppData\Local\Temp\ccbTHu0I.s 			page 18


 911 00fe 51       		.byte	0x51
 912 00ff 9F       		.byte	0x9f
 913 0100 00000000 		.4byte	0
 914 0104 00000000 		.4byte	0
 915              		.section	.debug_aranges,"",%progbits
 916 0000 54000000 		.4byte	0x54
 917 0004 0200     		.2byte	0x2
 918 0006 00000000 		.4byte	.Ldebug_info0
 919 000a 04       		.byte	0x4
 920 000b 00       		.byte	0
 921 000c 0000     		.2byte	0
 922 000e 0000     		.2byte	0
 923 0010 00000000 		.4byte	.LFB0
 924 0014 08000000 		.4byte	.LFE0-.LFB0
 925 0018 00000000 		.4byte	.LFB1
 926 001c 08000000 		.4byte	.LFE1-.LFB1
 927 0020 00000000 		.4byte	.LFB2
 928 0024 10000000 		.4byte	.LFE2-.LFB2
 929 0028 00000000 		.4byte	.LFB3
 930 002c 08000000 		.4byte	.LFE3-.LFB3
 931 0030 00000000 		.4byte	.LFB4
 932 0034 08000000 		.4byte	.LFE4-.LFB4
 933 0038 00000000 		.4byte	.LFB5
 934 003c 08000000 		.4byte	.LFE5-.LFB5
 935 0040 00000000 		.4byte	.LFB6
 936 0044 02000000 		.4byte	.LFE6-.LFB6
 937 0048 00000000 		.4byte	.LFB7
 938 004c 02000000 		.4byte	.LFE7-.LFB7
 939 0050 00000000 		.4byte	0
 940 0054 00000000 		.4byte	0
 941              		.section	.debug_ranges,"",%progbits
 942              	.Ldebug_ranges0:
 943 0000 00000000 		.4byte	.LFB0
 944 0004 08000000 		.4byte	.LFE0
 945 0008 00000000 		.4byte	.LFB1
 946 000c 08000000 		.4byte	.LFE1
 947 0010 00000000 		.4byte	.LFB2
 948 0014 10000000 		.4byte	.LFE2
 949 0018 00000000 		.4byte	.LFB3
 950 001c 08000000 		.4byte	.LFE3
 951 0020 00000000 		.4byte	.LFB4
 952 0024 08000000 		.4byte	.LFE4
 953 0028 00000000 		.4byte	.LFB5
 954 002c 08000000 		.4byte	.LFE5
 955 0030 00000000 		.4byte	.LFB6
 956 0034 02000000 		.4byte	.LFE6
 957 0038 00000000 		.4byte	.LFB7
 958 003c 02000000 		.4byte	.LFE7
 959 0040 00000000 		.4byte	0
 960 0044 00000000 		.4byte	0
 961              		.section	.debug_line,"",%progbits
 962              	.Ldebug_line0:
 963 0000 4F020000 		.section	.debug_str,"MS",%progbits,1
 963      0200C201 
 963      00000201 
 963      FB0E0D00 
 963      01010101 
ARM GAS  C:\Users\Xwx47\AppData\Local\Temp\ccbTHu0I.s 			page 19


 964              	.LASF38:
 965 0000 2E2E5C52 		.ascii	"..\\RNET\\RPHY.c\000"
 965      4E45545C 
 965      52504859 
 965      2E6300
 966              	.LASF34:
 967 000f 524D4143 		.ascii	"RMAC_OnPacketRx\000"
 967      5F4F6E50 
 967      61636B65 
 967      74527800 
 968              	.LASF9:
 969 001f 5F5F7569 		.ascii	"__uint8_t\000"
 969      6E74385F 
 969      7400
 970              	.LASF11:
 971 0029 73697A65 		.ascii	"size_t\000"
 971      5F7400
 972              	.LASF30:
 973 0030 52504859 		.ascii	"RPHY_Init\000"
 973      5F496E69 
 973      7400
 974              	.LASF10:
 975 003a 75696E74 		.ascii	"uint8_t\000"
 975      385F7400 
 976              	.LASF32:
 977 0042 524D5347 		.ascii	"RMSG_FlushTxQueue\000"
 977      5F466C75 
 977      73685478 
 977      51756575 
 977      6500
 978              	.LASF29:
 979 0054 52504859 		.ascii	"RPHY_Deinit\000"
 979      5F446569 
 979      6E697400 
 980              	.LASF17:
 981 0060 72787478 		.ascii	"rxtx\000"
 981      00
 982              	.LASF1:
 983 0065 756E7369 		.ascii	"unsigned char\000"
 983      676E6564 
 983      20636861 
 983      7200
 984              	.LASF26:
 985 0073 7061796C 		.ascii	"payloadSize\000"
 985      6F616453 
 985      697A6500 
 986              	.LASF5:
 987 007f 6C6F6E67 		.ascii	"long unsigned int\000"
 987      20756E73 
 987      69676E65 
 987      6420696E 
 987      7400
 988              	.LASF40:
 989 0091 52504859 		.ascii	"RPHY_SniffPacket\000"
 989      5F536E69 
 989      66665061 
 989      636B6574 
ARM GAS  C:\Users\Xwx47\AppData\Local\Temp\ccbTHu0I.s 			page 20


 989      00
 990              	.LASF3:
 991 00a2 73686F72 		.ascii	"short unsigned int\000"
 991      7420756E 
 991      7369676E 
 991      65642069 
 991      6E7400
 992              	.LASF16:
 993 00b5 70687944 		.ascii	"phyData\000"
 993      61746100 
 994              	.LASF33:
 995 00bd 524D5347 		.ascii	"RMSG_GetRxMsg\000"
 995      5F476574 
 995      52784D73 
 995      6700
 996              	.LASF23:
 997 00cb 7061636B 		.ascii	"packet\000"
 997      657400
 998              	.LASF20:
 999 00d2 52504859 		.ascii	"RPHY_FlushTxQueue\000"
 999      5F466C75 
 999      73685478 
 999      51756575 
 999      6500
 1000              	.LASF15:
 1001 00e4 70687953 		.ascii	"phySize\000"
 1001      697A6500 
 1002              	.LASF8:
 1003 00ec 756E7369 		.ascii	"unsigned int\000"
 1003      676E6564 
 1003      20696E74 
 1003      00
 1004              	.LASF39:
 1005 00f9 433A5C55 		.ascii	"C:\\Users\\Xwx47\\Documents\\Creator\\RNET\\v01.cyd"
 1005      73657273 
 1005      5C587778 
 1005      34375C44 
 1005      6F63756D 
 1006 0126 736E00   		.ascii	"sn\000"
 1007              	.LASF7:
 1008 0129 6C6F6E67 		.ascii	"long long unsigned int\000"
 1008      206C6F6E 
 1008      6720756E 
 1008      7369676E 
 1008      65642069 
 1009              	.LASF24:
 1010 0140 52504859 		.ascii	"RPHY_PutPayload\000"
 1010      5F507574 
 1010      5061796C 
 1010      6F616400 
 1011              	.LASF21:
 1012 0150 52504859 		.ascii	"RPHY_GetPayload\000"
 1012      5F476574 
 1012      5061796C 
 1012      6F616400 
 1013              	.LASF37:
 1014 0160 474E5520 		.ascii	"GNU C11 5.4.1 20160609 (release) [ARM/embedded-5-br"
ARM GAS  C:\Users\Xwx47\AppData\Local\Temp\ccbTHu0I.s 			page 21


 1014      43313120 
 1014      352E342E 
 1014      31203230 
 1014      31363036 
 1015 0193 616E6368 		.ascii	"anch revision 237715] -mcpu=cortex-m0 -mthumb -g -O"
 1015      20726576 
 1015      6973696F 
 1015      6E203233 
 1015      37373135 
 1016 01c6 67202D66 		.ascii	"g -ffunction-sections -ffat-lto-objects\000"
 1016      66756E63 
 1016      74696F6E 
 1016      2D736563 
 1016      74696F6E 
 1017              	.LASF36:
 1018 01ee 524D4143 		.ascii	"RMAC_SniffPacket\000"
 1018      5F536E69 
 1018      66665061 
 1018      636B6574 
 1018      00
 1019              	.LASF6:
 1020 01ff 6C6F6E67 		.ascii	"long long int\000"
 1020      206C6F6E 
 1020      6720696E 
 1020      7400
 1021              	.LASF19:
 1022 020d 52504859 		.ascii	"RPHY_FlushRxQueue\000"
 1022      5F466C75 
 1022      73685278 
 1022      51756575 
 1022      6500
 1023              	.LASF27:
 1024 021f 69735478 		.ascii	"isTx\000"
 1024      00
 1025              	.LASF2:
 1026 0224 73686F72 		.ascii	"short int\000"
 1026      7420696E 
 1026      7400
 1027              	.LASF25:
 1028 022e 62756653 		.ascii	"bufSize\000"
 1028      697A6500 
 1029              	.LASF14:
 1030 0236 666C6167 		.ascii	"flags\000"
 1030      7300
 1031              	.LASF4:
 1032 023c 6C6F6E67 		.ascii	"long int\000"
 1032      20696E74 
 1032      00
 1033              	.LASF35:
 1034 0245 524D5347 		.ascii	"RMSG_QueueTxMsg\000"
 1034      5F517565 
 1034      75655478 
 1034      4D736700 
 1035              	.LASF12:
 1036 0255 6C6F6E67 		.ascii	"long double\000"
 1036      20646F75 
 1036      626C6500 
ARM GAS  C:\Users\Xwx47\AppData\Local\Temp\ccbTHu0I.s 			page 22


 1037              	.LASF0:
 1038 0261 7369676E 		.ascii	"signed char\000"
 1038      65642063 
 1038      68617200 
 1039              	.LASF22:
 1040 026d 52504859 		.ascii	"RPHY_OnPacketRx\000"
 1040      5F4F6E50 
 1040      61636B65 
 1040      74527800 
 1041              	.LASF13:
 1042 027d 52504859 		.ascii	"RPHY_FlagsType\000"
 1042      5F466C61 
 1042      67735479 
 1042      706500
 1043              	.LASF28:
 1044 028c 5F426F6F 		.ascii	"_Bool\000"
 1044      6C00
 1045              	.LASF18:
 1046 0292 52504859 		.ascii	"RPHY_PacketDesc\000"
 1046      5F506163 
 1046      6B657444 
 1046      65736300 
 1047              	.LASF31:
 1048 02a2 524D5347 		.ascii	"RMSG_FlushRxQueue\000"
 1048      5F466C75 
 1048      73685278 
 1048      51756575 
 1048      6500
 1049              		.ident	"GCC: (GNU Tools for ARM Embedded Processors) 5.4.1 20160609 (release) [ARM/embedded-5-bran
