ARM GAS  C:\Users\Xwx47\AppData\Local\Temp\ccY176LM.s 			page 1


   1              		.syntax unified
   2              		.cpu cortex-m0
   3              		.fpu softvfp
   4              		.eabi_attribute 20, 1
   5              		.eabi_attribute 21, 1
   6              		.eabi_attribute 23, 3
   7              		.eabi_attribute 24, 1
   8              		.eabi_attribute 25, 1
   9              		.eabi_attribute 26, 1
  10              		.eabi_attribute 30, 1
  11              		.eabi_attribute 34, 0
  12              		.eabi_attribute 18, 4
  13              		.thumb
  14              		.syntax unified
  15              		.file	"RStack.c"
  16              		.text
  17              	.Ltext0:
  18              		.cfi_sections	.debug_frame
  19              		.section	.text.RSTACK_Init,"ax",%progbits
  20              		.align	2
  21              		.global	RSTACK_Init
  22              		.code	16
  23              		.thumb_func
  24              		.type	RSTACK_Init, %function
  25              	RSTACK_Init:
  26              	.LFB0:
  27              		.file 1 "..\\RNET\\RStack.c"
   1:..\RNET/RStack.c **** /**
   2:..\RNET/RStack.c ****  * \file
   3:..\RNET/RStack.c ****  * \brief This main init module for the stack.
   4:..\RNET/RStack.c ****  * \author (c) 2013-2014 Erich Styger, http://mcuoneclipse.com/
   5:..\RNET/RStack.c ****  * \note MIT License (http://opensource.org/licenses/mit-license.html), see
   6:..\RNET/RStack.c ****  * 'RNet_License.txt'
   7:..\RNET/RStack.c ****  *
   8:..\RNET/RStack.c ****  * This module is used to simplify stack initialization.
   9:..\RNET/RStack.c ****  */
  10:..\RNET/RStack.c **** 
  11:..\RNET/RStack.c **** #include "RStack.h"
  12:..\RNET/RStack.c **** #include "RApp.h"
  13:..\RNET/RStack.c **** #include "RMAC.h"
  14:..\RNET/RStack.c **** #include "RMSG.h"
  15:..\RNET/RStack.c **** #include "RNWK.h"
  16:..\RNET/RStack.c **** #include "RNetConf.h"
  17:..\RNET/RStack.c **** #include "RPHY.h"
  18:..\RNET/RStack.c **** #include "Radio.h"
  19:..\RNET/RStack.c **** 
  20:..\RNET/RStack.c **** void RSTACK_Init(void)
  21:..\RNET/RStack.c **** {
  28              		.loc 1 21 0
  29              		.cfi_startproc
  30              		@ args = 0, pretend = 0, frame = 0
  31              		@ frame_needed = 0, uses_anonymous_args = 0
  32 0000 10B5     		push	{r4, lr}
  33              		.cfi_def_cfa_offset 8
  34              		.cfi_offset 4, -8
  35              		.cfi_offset 14, -4
  22:..\RNET/RStack.c ****     RADIO_Init();
ARM GAS  C:\Users\Xwx47\AppData\Local\Temp\ccY176LM.s 			page 2


  36              		.loc 1 22 0
  37 0002 FFF7FEFF 		bl	RADIO_Init
  38              	.LVL0:
  23:..\RNET/RStack.c ****     RMSG_Init();
  39              		.loc 1 23 0
  40 0006 FFF7FEFF 		bl	RMSG_Init
  41              	.LVL1:
  24:..\RNET/RStack.c ****     RPHY_Init();
  42              		.loc 1 24 0
  43 000a FFF7FEFF 		bl	RPHY_Init
  44              	.LVL2:
  25:..\RNET/RStack.c ****     RMAC_Init();
  45              		.loc 1 25 0
  46 000e FFF7FEFF 		bl	RMAC_Init
  47              	.LVL3:
  26:..\RNET/RStack.c ****     RNWK_Init();
  48              		.loc 1 26 0
  49 0012 FFF7FEFF 		bl	RNWK_Init
  50              	.LVL4:
  27:..\RNET/RStack.c ****     RAPP_Init();
  51              		.loc 1 27 0
  52 0016 FFF7FEFF 		bl	RAPP_Init
  53              	.LVL5:
  28:..\RNET/RStack.c **** }
  54              		.loc 1 28 0
  55              		@ sp needed
  56 001a 10BD     		pop	{r4, pc}
  57              		.cfi_endproc
  58              	.LFE0:
  59              		.size	RSTACK_Init, .-RSTACK_Init
  60              		.section	.text.RSTACK_Deinit,"ax",%progbits
  61              		.align	2
  62              		.global	RSTACK_Deinit
  63              		.code	16
  64              		.thumb_func
  65              		.type	RSTACK_Deinit, %function
  66              	RSTACK_Deinit:
  67              	.LFB1:
  29:..\RNET/RStack.c **** 
  30:..\RNET/RStack.c **** void RSTACK_Deinit(void)
  31:..\RNET/RStack.c **** {
  68              		.loc 1 31 0
  69              		.cfi_startproc
  70              		@ args = 0, pretend = 0, frame = 0
  71              		@ frame_needed = 0, uses_anonymous_args = 0
  72 0000 10B5     		push	{r4, lr}
  73              		.cfi_def_cfa_offset 8
  74              		.cfi_offset 4, -8
  75              		.cfi_offset 14, -4
  32:..\RNET/RStack.c ****     RAPP_Deinit();
  76              		.loc 1 32 0
  77 0002 FFF7FEFF 		bl	RAPP_Deinit
  78              	.LVL6:
  33:..\RNET/RStack.c ****     RNWK_Deinit();
  79              		.loc 1 33 0
  80 0006 FFF7FEFF 		bl	RNWK_Deinit
  81              	.LVL7:
ARM GAS  C:\Users\Xwx47\AppData\Local\Temp\ccY176LM.s 			page 3


  34:..\RNET/RStack.c ****     RMAC_Deinit();
  82              		.loc 1 34 0
  83 000a FFF7FEFF 		bl	RMAC_Deinit
  84              	.LVL8:
  35:..\RNET/RStack.c ****     RPHY_Deinit();
  85              		.loc 1 35 0
  86 000e FFF7FEFF 		bl	RPHY_Deinit
  87              	.LVL9:
  36:..\RNET/RStack.c ****     RMSG_Deinit();
  88              		.loc 1 36 0
  89 0012 FFF7FEFF 		bl	RMSG_Deinit
  90              	.LVL10:
  37:..\RNET/RStack.c ****     RADIO_Deinit();
  91              		.loc 1 37 0
  92 0016 FFF7FEFF 		bl	RADIO_Deinit
  93              	.LVL11:
  38:..\RNET/RStack.c **** }
  94              		.loc 1 38 0
  95              		@ sp needed
  96 001a 10BD     		pop	{r4, pc}
  97              		.cfi_endproc
  98              	.LFE1:
  99              		.size	RSTACK_Deinit, .-RSTACK_Deinit
 100              		.text
 101              	.Letext0:
 102              		.file 2 "..\\RNET\\Radio.h"
 103              		.file 3 "..\\RNET\\RMSG.h"
 104              		.file 4 "..\\RNET\\RPHY.h"
 105              		.file 5 "..\\RNET\\RMAC.h"
 106              		.file 6 "..\\RNET\\RNWK.h"
 107              		.file 7 "..\\RNET\\RApp.h"
 108              		.section	.debug_info,"",%progbits
 109              	.Ldebug_info0:
 110 0000 92010000 		.4byte	0x192
 111 0004 0400     		.2byte	0x4
 112 0006 00000000 		.4byte	.Ldebug_abbrev0
 113 000a 04       		.byte	0x4
 114 000b 01       		.uleb128 0x1
 115 000c 05010000 		.4byte	.LASF25
 116 0010 0C       		.byte	0xc
 117 0011 6C000000 		.4byte	.LASF26
 118 0015 1C000000 		.4byte	.LASF27
 119 0019 00000000 		.4byte	.Ldebug_ranges0+0
 120 001d 00000000 		.4byte	0
 121 0021 00000000 		.4byte	.Ldebug_line0
 122 0025 02       		.uleb128 0x2
 123 0026 01       		.byte	0x1
 124 0027 06       		.byte	0x6
 125 0028 A6010000 		.4byte	.LASF0
 126 002c 02       		.uleb128 0x2
 127 002d 01       		.byte	0x1
 128 002e 08       		.byte	0x8
 129 002f C8000000 		.4byte	.LASF1
 130 0033 02       		.uleb128 0x2
 131 0034 02       		.byte	0x2
 132 0035 05       		.byte	0x5
 133 0036 DF000000 		.4byte	.LASF2
ARM GAS  C:\Users\Xwx47\AppData\Local\Temp\ccY176LM.s 			page 4


 134 003a 02       		.uleb128 0x2
 135 003b 02       		.byte	0x2
 136 003c 07       		.byte	0x7
 137 003d 93010000 		.4byte	.LASF3
 138 0041 02       		.uleb128 0x2
 139 0042 04       		.byte	0x4
 140 0043 05       		.byte	0x5
 141 0044 D6000000 		.4byte	.LASF4
 142 0048 02       		.uleb128 0x2
 143 0049 04       		.byte	0x4
 144 004a 07       		.byte	0x7
 145 004b 95000000 		.4byte	.LASF5
 146 004f 02       		.uleb128 0x2
 147 0050 08       		.byte	0x8
 148 0051 05       		.byte	0x5
 149 0052 00000000 		.4byte	.LASF6
 150 0056 02       		.uleb128 0x2
 151 0057 08       		.byte	0x8
 152 0058 07       		.byte	0x7
 153 0059 A7000000 		.4byte	.LASF7
 154 005d 03       		.uleb128 0x3
 155 005e 04       		.byte	0x4
 156 005f 05       		.byte	0x5
 157 0060 696E7400 		.ascii	"int\000"
 158 0064 02       		.uleb128 0x2
 159 0065 04       		.byte	0x4
 160 0066 07       		.byte	0x7
 161 0067 DF010000 		.4byte	.LASF8
 162 006b 02       		.uleb128 0x2
 163 006c 08       		.byte	0x8
 164 006d 04       		.byte	0x4
 165 006e BC010000 		.4byte	.LASF9
 166 0072 02       		.uleb128 0x2
 167 0073 01       		.byte	0x1
 168 0074 02       		.byte	0x2
 169 0075 F5000000 		.4byte	.LASF10
 170 0079 04       		.uleb128 0x4
 171 007a E9000000 		.4byte	.LASF11
 172 007e 01       		.byte	0x1
 173 007f 14       		.byte	0x14
 174 0080 00000000 		.4byte	.LFB0
 175 0084 1C000000 		.4byte	.LFE0-.LFB0
 176 0088 01       		.uleb128 0x1
 177 0089 9C       		.byte	0x9c
 178 008a C5000000 		.4byte	0xc5
 179 008e 05       		.uleb128 0x5
 180 008f 06000000 		.4byte	.LVL0
 181 0093 11010000 		.4byte	0x111
 182 0097 05       		.uleb128 0x5
 183 0098 0A000000 		.4byte	.LVL1
 184 009c 1C010000 		.4byte	0x11c
 185 00a0 05       		.uleb128 0x5
 186 00a1 0E000000 		.4byte	.LVL2
 187 00a5 27010000 		.4byte	0x127
 188 00a9 05       		.uleb128 0x5
 189 00aa 12000000 		.4byte	.LVL3
 190 00ae 32010000 		.4byte	0x132
ARM GAS  C:\Users\Xwx47\AppData\Local\Temp\ccY176LM.s 			page 5


 191 00b2 05       		.uleb128 0x5
 192 00b3 16000000 		.4byte	.LVL4
 193 00b7 3D010000 		.4byte	0x13d
 194 00bb 05       		.uleb128 0x5
 195 00bc 1A000000 		.4byte	.LVL5
 196 00c0 48010000 		.4byte	0x148
 197 00c4 00       		.byte	0
 198 00c5 04       		.uleb128 0x4
 199 00c6 0E000000 		.4byte	.LASF12
 200 00ca 01       		.byte	0x1
 201 00cb 1E       		.byte	0x1e
 202 00cc 00000000 		.4byte	.LFB1
 203 00d0 1C000000 		.4byte	.LFE1-.LFB1
 204 00d4 01       		.uleb128 0x1
 205 00d5 9C       		.byte	0x9c
 206 00d6 11010000 		.4byte	0x111
 207 00da 05       		.uleb128 0x5
 208 00db 06000000 		.4byte	.LVL6
 209 00df 53010000 		.4byte	0x153
 210 00e3 05       		.uleb128 0x5
 211 00e4 0A000000 		.4byte	.LVL7
 212 00e8 5E010000 		.4byte	0x15e
 213 00ec 05       		.uleb128 0x5
 214 00ed 0E000000 		.4byte	.LVL8
 215 00f1 69010000 		.4byte	0x169
 216 00f5 05       		.uleb128 0x5
 217 00f6 12000000 		.4byte	.LVL9
 218 00fa 74010000 		.4byte	0x174
 219 00fe 05       		.uleb128 0x5
 220 00ff 16000000 		.4byte	.LVL10
 221 0103 7F010000 		.4byte	0x17f
 222 0107 05       		.uleb128 0x5
 223 0108 1A000000 		.4byte	.LVL11
 224 010c 8A010000 		.4byte	0x18a
 225 0110 00       		.byte	0
 226 0111 06       		.uleb128 0x6
 227 0112 C8010000 		.4byte	.LASF13
 228 0116 C8010000 		.4byte	.LASF13
 229 011a 02       		.byte	0x2
 230 011b 38       		.byte	0x38
 231 011c 06       		.uleb128 0x6
 232 011d 58000000 		.4byte	.LASF14
 233 0121 58000000 		.4byte	.LASF14
 234 0125 03       		.byte	0x3
 235 0126 65       		.byte	0x65
 236 0127 06       		.uleb128 0x6
 237 0128 BE000000 		.4byte	.LASF15
 238 012c BE000000 		.4byte	.LASF15
 239 0130 04       		.byte	0x4
 240 0131 63       		.byte	0x63
 241 0132 06       		.uleb128 0x6
 242 0133 62000000 		.4byte	.LASF16
 243 0137 62000000 		.4byte	.LASF16
 244 013b 05       		.byte	0x5
 245 013c 65       		.byte	0x65
 246 013d 06       		.uleb128 0x6
 247 013e FB000000 		.4byte	.LASF17
ARM GAS  C:\Users\Xwx47\AppData\Local\Temp\ccY176LM.s 			page 6


 248 0142 FB000000 		.4byte	.LASF17
 249 0146 06       		.byte	0x6
 250 0147 72       		.byte	0x72
 251 0148 06       		.uleb128 0x6
 252 0149 B2010000 		.4byte	.LASF18
 253 014d B2010000 		.4byte	.LASF18
 254 0151 07       		.byte	0x7
 255 0152 57       		.byte	0x57
 256 0153 06       		.uleb128 0x6
 257 0154 D3010000 		.4byte	.LASF19
 258 0158 D3010000 		.4byte	.LASF19
 259 015c 07       		.byte	0x7
 260 015d 5A       		.byte	0x5a
 261 015e 06       		.uleb128 0x6
 262 015f 7D000000 		.4byte	.LASF20
 263 0163 7D000000 		.4byte	.LASF20
 264 0167 06       		.byte	0x6
 265 0168 75       		.byte	0x75
 266 0169 06       		.uleb128 0x6
 267 016a EC010000 		.4byte	.LASF21
 268 016e EC010000 		.4byte	.LASF21
 269 0172 05       		.byte	0x5
 270 0173 68       		.byte	0x68
 271 0174 06       		.uleb128 0x6
 272 0175 89000000 		.4byte	.LASF22
 273 0179 89000000 		.4byte	.LASF22
 274 017d 04       		.byte	0x4
 275 017e 66       		.byte	0x66
 276 017f 06       		.uleb128 0x6
 277 0180 4C000000 		.4byte	.LASF23
 278 0184 4C000000 		.4byte	.LASF23
 279 0188 03       		.byte	0x3
 280 0189 68       		.byte	0x68
 281 018a 06       		.uleb128 0x6
 282 018b F8010000 		.4byte	.LASF24
 283 018f F8010000 		.4byte	.LASF24
 284 0193 02       		.byte	0x2
 285 0194 3B       		.byte	0x3b
 286 0195 00       		.byte	0
 287              		.section	.debug_abbrev,"",%progbits
 288              	.Ldebug_abbrev0:
 289 0000 01       		.uleb128 0x1
 290 0001 11       		.uleb128 0x11
 291 0002 01       		.byte	0x1
 292 0003 25       		.uleb128 0x25
 293 0004 0E       		.uleb128 0xe
 294 0005 13       		.uleb128 0x13
 295 0006 0B       		.uleb128 0xb
 296 0007 03       		.uleb128 0x3
 297 0008 0E       		.uleb128 0xe
 298 0009 1B       		.uleb128 0x1b
 299 000a 0E       		.uleb128 0xe
 300 000b 55       		.uleb128 0x55
 301 000c 17       		.uleb128 0x17
 302 000d 11       		.uleb128 0x11
 303 000e 01       		.uleb128 0x1
 304 000f 10       		.uleb128 0x10
ARM GAS  C:\Users\Xwx47\AppData\Local\Temp\ccY176LM.s 			page 7


 305 0010 17       		.uleb128 0x17
 306 0011 00       		.byte	0
 307 0012 00       		.byte	0
 308 0013 02       		.uleb128 0x2
 309 0014 24       		.uleb128 0x24
 310 0015 00       		.byte	0
 311 0016 0B       		.uleb128 0xb
 312 0017 0B       		.uleb128 0xb
 313 0018 3E       		.uleb128 0x3e
 314 0019 0B       		.uleb128 0xb
 315 001a 03       		.uleb128 0x3
 316 001b 0E       		.uleb128 0xe
 317 001c 00       		.byte	0
 318 001d 00       		.byte	0
 319 001e 03       		.uleb128 0x3
 320 001f 24       		.uleb128 0x24
 321 0020 00       		.byte	0
 322 0021 0B       		.uleb128 0xb
 323 0022 0B       		.uleb128 0xb
 324 0023 3E       		.uleb128 0x3e
 325 0024 0B       		.uleb128 0xb
 326 0025 03       		.uleb128 0x3
 327 0026 08       		.uleb128 0x8
 328 0027 00       		.byte	0
 329 0028 00       		.byte	0
 330 0029 04       		.uleb128 0x4
 331 002a 2E       		.uleb128 0x2e
 332 002b 01       		.byte	0x1
 333 002c 3F       		.uleb128 0x3f
 334 002d 19       		.uleb128 0x19
 335 002e 03       		.uleb128 0x3
 336 002f 0E       		.uleb128 0xe
 337 0030 3A       		.uleb128 0x3a
 338 0031 0B       		.uleb128 0xb
 339 0032 3B       		.uleb128 0x3b
 340 0033 0B       		.uleb128 0xb
 341 0034 27       		.uleb128 0x27
 342 0035 19       		.uleb128 0x19
 343 0036 11       		.uleb128 0x11
 344 0037 01       		.uleb128 0x1
 345 0038 12       		.uleb128 0x12
 346 0039 06       		.uleb128 0x6
 347 003a 40       		.uleb128 0x40
 348 003b 18       		.uleb128 0x18
 349 003c 9742     		.uleb128 0x2117
 350 003e 19       		.uleb128 0x19
 351 003f 01       		.uleb128 0x1
 352 0040 13       		.uleb128 0x13
 353 0041 00       		.byte	0
 354 0042 00       		.byte	0
 355 0043 05       		.uleb128 0x5
 356 0044 898201   		.uleb128 0x4109
 357 0047 00       		.byte	0
 358 0048 11       		.uleb128 0x11
 359 0049 01       		.uleb128 0x1
 360 004a 31       		.uleb128 0x31
 361 004b 13       		.uleb128 0x13
ARM GAS  C:\Users\Xwx47\AppData\Local\Temp\ccY176LM.s 			page 8


 362 004c 00       		.byte	0
 363 004d 00       		.byte	0
 364 004e 06       		.uleb128 0x6
 365 004f 2E       		.uleb128 0x2e
 366 0050 00       		.byte	0
 367 0051 3F       		.uleb128 0x3f
 368 0052 19       		.uleb128 0x19
 369 0053 3C       		.uleb128 0x3c
 370 0054 19       		.uleb128 0x19
 371 0055 6E       		.uleb128 0x6e
 372 0056 0E       		.uleb128 0xe
 373 0057 03       		.uleb128 0x3
 374 0058 0E       		.uleb128 0xe
 375 0059 3A       		.uleb128 0x3a
 376 005a 0B       		.uleb128 0xb
 377 005b 3B       		.uleb128 0x3b
 378 005c 0B       		.uleb128 0xb
 379 005d 00       		.byte	0
 380 005e 00       		.byte	0
 381 005f 00       		.byte	0
 382              		.section	.debug_aranges,"",%progbits
 383 0000 24000000 		.4byte	0x24
 384 0004 0200     		.2byte	0x2
 385 0006 00000000 		.4byte	.Ldebug_info0
 386 000a 04       		.byte	0x4
 387 000b 00       		.byte	0
 388 000c 0000     		.2byte	0
 389 000e 0000     		.2byte	0
 390 0010 00000000 		.4byte	.LFB0
 391 0014 1C000000 		.4byte	.LFE0-.LFB0
 392 0018 00000000 		.4byte	.LFB1
 393 001c 1C000000 		.4byte	.LFE1-.LFB1
 394 0020 00000000 		.4byte	0
 395 0024 00000000 		.4byte	0
 396              		.section	.debug_ranges,"",%progbits
 397              	.Ldebug_ranges0:
 398 0000 00000000 		.4byte	.LFB0
 399 0004 1C000000 		.4byte	.LFE0
 400 0008 00000000 		.4byte	.LFB1
 401 000c 1C000000 		.4byte	.LFE1
 402 0010 00000000 		.4byte	0
 403 0014 00000000 		.4byte	0
 404              		.section	.debug_line,"",%progbits
 405              	.Ldebug_line0:
 406 0000 96000000 		.section	.debug_str,"MS",%progbits,1
 406      02006400 
 406      00000201 
 406      FB0E0D00 
 406      01010101 
 407              	.LASF6:
 408 0000 6C6F6E67 		.ascii	"long long int\000"
 408      206C6F6E 
 408      6720696E 
 408      7400
 409              	.LASF12:
 410 000e 52535441 		.ascii	"RSTACK_Deinit\000"
 410      434B5F44 
ARM GAS  C:\Users\Xwx47\AppData\Local\Temp\ccY176LM.s 			page 9


 410      65696E69 
 410      7400
 411              	.LASF27:
 412 001c 433A5C55 		.ascii	"C:\\Users\\Xwx47\\Documents\\Creator\\RNET\\v01.cyd"
 412      73657273 
 412      5C587778 
 412      34375C44 
 412      6F63756D 
 413 0049 736E00   		.ascii	"sn\000"
 414              	.LASF23:
 415 004c 524D5347 		.ascii	"RMSG_Deinit\000"
 415      5F446569 
 415      6E697400 
 416              	.LASF14:
 417 0058 524D5347 		.ascii	"RMSG_Init\000"
 417      5F496E69 
 417      7400
 418              	.LASF16:
 419 0062 524D4143 		.ascii	"RMAC_Init\000"
 419      5F496E69 
 419      7400
 420              	.LASF26:
 421 006c 2E2E5C52 		.ascii	"..\\RNET\\RStack.c\000"
 421      4E45545C 
 421      52537461 
 421      636B2E63 
 421      00
 422              	.LASF20:
 423 007d 524E574B 		.ascii	"RNWK_Deinit\000"
 423      5F446569 
 423      6E697400 
 424              	.LASF22:
 425 0089 52504859 		.ascii	"RPHY_Deinit\000"
 425      5F446569 
 425      6E697400 
 426              	.LASF5:
 427 0095 6C6F6E67 		.ascii	"long unsigned int\000"
 427      20756E73 
 427      69676E65 
 427      6420696E 
 427      7400
 428              	.LASF7:
 429 00a7 6C6F6E67 		.ascii	"long long unsigned int\000"
 429      206C6F6E 
 429      6720756E 
 429      7369676E 
 429      65642069 
 430              	.LASF15:
 431 00be 52504859 		.ascii	"RPHY_Init\000"
 431      5F496E69 
 431      7400
 432              	.LASF1:
 433 00c8 756E7369 		.ascii	"unsigned char\000"
 433      676E6564 
 433      20636861 
 433      7200
 434              	.LASF4:
ARM GAS  C:\Users\Xwx47\AppData\Local\Temp\ccY176LM.s 			page 10


 435 00d6 6C6F6E67 		.ascii	"long int\000"
 435      20696E74 
 435      00
 436              	.LASF2:
 437 00df 73686F72 		.ascii	"short int\000"
 437      7420696E 
 437      7400
 438              	.LASF11:
 439 00e9 52535441 		.ascii	"RSTACK_Init\000"
 439      434B5F49 
 439      6E697400 
 440              	.LASF10:
 441 00f5 5F426F6F 		.ascii	"_Bool\000"
 441      6C00
 442              	.LASF17:
 443 00fb 524E574B 		.ascii	"RNWK_Init\000"
 443      5F496E69 
 443      7400
 444              	.LASF25:
 445 0105 474E5520 		.ascii	"GNU C11 5.4.1 20160609 (release) [ARM/embedded-5-br"
 445      43313120 
 445      352E342E 
 445      31203230 
 445      31363036 
 446 0138 616E6368 		.ascii	"anch revision 237715] -mcpu=cortex-m0 -mthumb -g -O"
 446      20726576 
 446      6973696F 
 446      6E203233 
 446      37373135 
 447 016b 67202D66 		.ascii	"g -ffunction-sections -ffat-lto-objects\000"
 447      66756E63 
 447      74696F6E 
 447      2D736563 
 447      74696F6E 
 448              	.LASF3:
 449 0193 73686F72 		.ascii	"short unsigned int\000"
 449      7420756E 
 449      7369676E 
 449      65642069 
 449      6E7400
 450              	.LASF0:
 451 01a6 7369676E 		.ascii	"signed char\000"
 451      65642063 
 451      68617200 
 452              	.LASF18:
 453 01b2 52415050 		.ascii	"RAPP_Init\000"
 453      5F496E69 
 453      7400
 454              	.LASF9:
 455 01bc 6C6F6E67 		.ascii	"long double\000"
 455      20646F75 
 455      626C6500 
 456              	.LASF13:
 457 01c8 52414449 		.ascii	"RADIO_Init\000"
 457      4F5F496E 
 457      697400
 458              	.LASF19:
ARM GAS  C:\Users\Xwx47\AppData\Local\Temp\ccY176LM.s 			page 11


 459 01d3 52415050 		.ascii	"RAPP_Deinit\000"
 459      5F446569 
 459      6E697400 
 460              	.LASF8:
 461 01df 756E7369 		.ascii	"unsigned int\000"
 461      676E6564 
 461      20696E74 
 461      00
 462              	.LASF21:
 463 01ec 524D4143 		.ascii	"RMAC_Deinit\000"
 463      5F446569 
 463      6E697400 
 464              	.LASF24:
 465 01f8 52414449 		.ascii	"RADIO_Deinit\000"
 465      4F5F4465 
 465      696E6974 
 465      00
 466              		.ident	"GCC: (GNU Tools for ARM Embedded Processors) 5.4.1 20160609 (release) [ARM/embedded-5-bran
